2024-04-21 05:49:57.723 [info] Log level: Info
2024-04-21 05:49:57.749 [info] VSCODE_MACHINE_ID: e3c2e92c-4d1b-4437-9a42-e50c17e7064f
2024-04-21 05:49:57.749 [info] VSCODE_SESSION_ID: 7fe685ac-ef93-4ae8-aab5-52a8c675bd931713678593813
2024-04-21 05:49:57.749 [info] VSCODE_VERSION: 1.88.0
2024-04-21 05:49:57.749 [info] VSCODE_APP_NAME: Gitpod Code
2024-04-21 05:49:57.749 [info] VSCODE_APP_HOST: Gitpod
2024-04-21 05:49:57.749 [info] VSCODE_UI_KIND: web
2024-04-21 05:49:57.749 [info] GITPOD_WORKSPACE_CONTEXT_URL: https://github.com/uwidcit/flaskmvc
2024-04-21 05:49:57.749 [info] GITPOD_INSTANCE_ID: c80839d9-ac8c-4c9b-9d7b-5f79c49f0a9e
2024-04-21 05:49:57.749 [info] GITPOD_WORKSPACE_URL: https://uwidcit-flaskmvc-zxsa26j1o46.ws-us110.gitpod.io
2024-04-21 05:49:57.758 [info] Gitpod Web 4e069a6
2024-04-21 05:49:57.758 [info] Reading sessions from keychain...
2024-04-21 05:49:57.946 [info] Getting sessions for all scopes...
2024-04-21 05:49:57.946 [info] Getting GitHub sessions for all scopes...
2024-04-21 05:49:57.947 [info] Got stored sessions!
2024-04-21 05:49:57.947 [info] Verified session with the following scopes: function:accessCodeSyncStorage function:closePort function:controlAdmission function:deleteEnvVar function:generateNewGitpodToken function:getDefaultWorkspaceImage function:getEnvVars function:getGitpodTokenScopes function:getIDToken function:getLoggedInUser function:getOpenPorts function:getSupportedWorkspaceClasses function:getTeams function:getToken function:getWorkspace function:getWorkspaceEnvVars function:getWorkspaceOwner function:getWorkspaceTimeout function:getWorkspaceUsers function:guessGitTokenScopes function:isWorkspaceOwner function:openPort function:sendHeartBeat function:setEnvVar function:setWorkspaceTimeout function:stopWorkspace function:takeSnapshot function:trackEvent function:updateGitStatus function:waitForSnapshot resource:contentBlob::*::create/get resource:envVar::uwidcit/flaskmvc::create/get/update/delete resource:gitpodToken::*::create resource:snapshot::ws-uwidcit-flaskmvc-zxsa26j1o46::create resource:token::*::get resource:userStorage::*::create/get/update resource:workspace::uwidcit-flaskmvc-zxsa26j1o46::get/update resource:workspaceInstance::c80839d9-ac8c-4c9b-9d7b-5f79c49f0a9e::get/update/delete
2024-04-21 05:49:57.947 [info] Got 1 verified sessions.
2024-04-21 05:49:57.947 [info] Got 1 sessions for all scopes...
2024-04-21 05:49:58.018 [info] Got 1 GitHub sessions for all scopes...
2024-04-21 05:49:58.057 [info] Getting GitHub sessions for all scopes...
2024-04-21 05:49:58.057 [info] Got 1 GitHub sessions for all scopes...
2024-04-21 05:49:58.612 [info] Getting sessions for all scopes...
2024-04-21 05:49:58.612 [info] Got 1 sessions for all scopes...
2024-04-21 05:49:58.696 [info] Getting GitHub sessions for all scopes...
2024-04-21 05:49:58.696 [info] Got 1 GitHub sessions for all scopes...
2024-04-21 05:49:59.477 [info] Getting GitHub sessions for read:user,repo,user:email,workflow...
2024-04-21 05:49:59.477 [info] Got 1 GitHub sessions for read:user,repo,user:email,workflow...
2024-04-21 05:49:59.942 [info] Getting GitHub sessions for project,read:org,read:user,repo,user:email,workflow...
2024-04-21 05:49:59.942 [info] Got 0 GitHub sessions for project,read:org,read:user,repo,user:email,workflow...
2024-04-21 05:50:00.079 [info] Getting sessions for function:accessCodeSyncStorage...
2024-04-21 05:50:00.085 [info] Got 1 sessions for function:accessCodeSyncStorage...
2024-04-21 05:50:00.537 [info] Getting GitHub sessions for read:user,repo,user:email,workflow...
2024-04-21 05:50:00.537 [info] Got 1 GitHub sessions for read:user,repo,user:email,workflow...
