2024-04-20 06:06:02.568 [info] Log level: Info
2024-04-20 06:06:02.568 [info] VSCODE_MACHINE_ID: e3c2e92c-4d1b-4437-9a42-e50c17e7064f
2024-04-20 06:06:02.568 [info] VSCODE_SESSION_ID: 04da5b7d-dd75-4fe7-beed-3eb6ec943ebb1713593156757
2024-04-20 06:06:02.568 [info] VSCODE_VERSION: 1.88.0
2024-04-20 06:06:02.568 [info] VSCODE_APP_NAME: Gitpod Code
2024-04-20 06:06:02.568 [info] VSCODE_APP_HOST: Gitpod
2024-04-20 06:06:02.568 [info] VSCODE_UI_KIND: web
2024-04-20 06:06:02.568 [info] GITPOD_WORKSPACE_CONTEXT_URL: https://github.com/uwidcit/flaskmvc
2024-04-20 06:06:02.568 [info] GITPOD_INSTANCE_ID: 913d47cd-61fe-4833-b530-cc382d6d872f
2024-04-20 06:06:02.568 [info] GITPOD_WORKSPACE_URL: https://uwidcit-flaskmvc-zxsa26j1o46.ws-us110.gitpod.io
2024-04-20 06:06:02.568 [info] Gitpod Web 4e069a6
2024-04-20 06:06:02.568 [info] Reading sessions from keychain...
2024-04-20 06:06:02.664 [info] Getting sessions for all scopes...
2024-04-20 06:06:02.664 [info] Getting GitHub sessions for all scopes...
2024-04-20 06:06:02.665 [info] Got stored sessions!
2024-04-20 06:06:02.665 [info] Verified session with the following scopes: function:accessCodeSyncStorage function:closePort function:controlAdmission function:deleteEnvVar function:generateNewGitpodToken function:getDefaultWorkspaceImage function:getEnvVars function:getGitpodTokenScopes function:getIDToken function:getLoggedInUser function:getOpenPorts function:getSupportedWorkspaceClasses function:getTeams function:getToken function:getWorkspace function:getWorkspaceEnvVars function:getWorkspaceOwner function:getWorkspaceTimeout function:getWorkspaceUsers function:guessGitTokenScopes function:isWorkspaceOwner function:openPort function:sendHeartBeat function:setEnvVar function:setWorkspaceTimeout function:stopWorkspace function:takeSnapshot function:trackEvent function:updateGitStatus function:waitForSnapshot resource:contentBlob::*::create/get resource:envVar::uwidcit/flaskmvc::create/get/update/delete resource:gitpodToken::*::create resource:snapshot::ws-uwidcit-flaskmvc-zxsa26j1o46::create resource:token::*::get resource:userStorage::*::create/get/update resource:workspace::uwidcit-flaskmvc-zxsa26j1o46::get/update resource:workspaceInstance::913d47cd-61fe-4833-b530-cc382d6d872f::get/update/delete
2024-04-20 06:06:02.666 [info] Got 1 verified sessions.
2024-04-20 06:06:02.666 [info] Got 1 sessions for all scopes...
2024-04-20 06:06:02.779 [info] Got 1 GitHub sessions for all scopes...
2024-04-20 06:06:03.487 [info] Getting sessions for all scopes...
2024-04-20 06:06:03.487 [info] Got 1 sessions for all scopes...
2024-04-20 06:06:03.867 [info] Getting GitHub sessions for all scopes...
2024-04-20 06:06:03.867 [info] Got 1 GitHub sessions for all scopes...
2024-04-20 06:06:05.177 [info] Getting GitHub sessions for read:user,repo,user:email,workflow...
2024-04-20 06:06:05.177 [info] Got 0 GitHub sessions for read:user,repo,user:email,workflow...
2024-04-20 06:06:05.579 [info] Getting GitHub sessions for project,read:org,read:user,repo,user:email,workflow...
2024-04-20 06:06:05.579 [info] Got 0 GitHub sessions for project,read:org,read:user,repo,user:email,workflow...
2024-04-20 06:06:06.018 [info] Getting GitHub sessions for read:user,repo,user:email,workflow...
2024-04-20 06:06:06.018 [info] Got 0 GitHub sessions for read:user,repo,user:email,workflow...
2024-04-20 06:06:06.439 [info] Getting GitHub sessions for read:user,repo,user:email...
2024-04-20 06:06:06.439 [info] Got 0 GitHub sessions for read:user,repo,user:email...
2024-04-20 06:06:06.847 [info] Getting GitHub sessions for read:user,repo,user:email,workflow...
2024-04-20 06:06:06.847 [info] Got 0 GitHub sessions for read:user,repo,user:email,workflow...
