2024-04-21 07:06:33.562 [info] Log level: Info
2024-04-21 07:06:33.562 [info] Validating found git in: "git"
2024-04-21 07:06:33.562 [info] Using git "2.43.2" from "git"
2024-04-21 07:06:33.562 [info] > git rev-parse --show-toplevel [2ms]
2024-04-21 07:06:33.562 [info] > git rev-parse --git-dir --git-common-dir [1ms]
2024-04-21 07:06:33.562 [info] Open repository: /workspace/flaskmvc
2024-04-21 07:06:33.562 [info] > git config --get commit.template [5ms]
2024-04-21 07:06:33.562 [info] > git rev-parse --show-toplevel [3ms]
2024-04-21 07:06:33.562 [info] > git for-each-ref --format=%(refname)%00%(upstream:short)%00%(objectname)%00%(upstream:track)%00%(upstream:remotename)%00%(upstream:remoteref) refs/heads/main refs/remotes/main [6ms]
2024-04-21 07:06:33.562 [warning] ENOENT: no such file or directory, open '/workspace/flaskmvc/.git/refs/remotes/origin/main'
2024-04-21 07:06:33.562 [info] > git rev-parse --show-toplevel [7ms]
2024-04-21 07:06:33.562 [info] > git rev-parse refs/remotes/origin/main [16ms]
2024-04-21 07:06:33.562 [info] > git rev-parse --show-toplevel [18ms]
2024-04-21 07:06:33.562 [info] > git status -z -uall [10ms]
2024-04-21 07:06:33.562 [info] > git merge-base refs/heads/main refs/remotes/origin/main [14ms]
2024-04-21 07:06:33.562 [info] > git rev-parse --show-toplevel [33ms]
2024-04-21 07:06:33.562 [info] > git config --get commit.template [20ms]
2024-04-21 07:06:33.562 [info] > git rev-parse --show-toplevel [2ms]
2024-04-21 07:06:33.562 [info] > git rev-list --count --left-right refs/heads/main...refs/remotes/origin/main [12ms]
2024-04-21 07:06:33.562 [info] > git for-each-ref --format=%(refname)%00%(upstream:short)%00%(objectname)%00%(upstream:track)%00%(upstream:remotename)%00%(upstream:remoteref) refs/heads/main refs/remotes/main [10ms]
2024-04-21 07:06:33.562 [info] > git diff --name-status -z --diff-filter=ADMR 67c8bcb543bbafc4462bb8fedf7dc22085389c55...refs/remotes/origin/main [19ms]
2024-04-21 07:06:33.562 [warning] ENOENT: no such file or directory, open '/workspace/flaskmvc/.git/refs/remotes/origin/main'
2024-04-21 07:06:33.562 [info] > git rev-parse --show-toplevel [11ms]
2024-04-21 07:06:33.562 [info] > git rev-parse refs/remotes/origin/main [10ms]
2024-04-21 07:06:33.562 [info] > git rev-parse --show-toplevel [10ms]
2024-04-21 07:06:33.562 [info] > git status -z -uall [2ms]
2024-04-21 07:06:34.075 [info] > git check-ignore -v -z --stdin [2ms]
2024-04-21 07:06:35.464 [info] > git config --local branch.main.github-pr-owner-number [1ms]
2024-04-21 07:06:35.464 [warning] git config failed: Failed to execute git
2024-04-21 07:11:35.326 [info] > git config --local branch.main.github-pr-owner-number [1ms]
2024-04-21 07:11:35.326 [warning] git config failed: Failed to execute git
2024-04-21 07:16:35.340 [info] > git config --local branch.main.github-pr-owner-number [1ms]
2024-04-21 07:16:35.340 [warning] git config failed: Failed to execute git
