2024-04-21 03:32:11.120 [info] Log level: Info
2024-04-21 03:32:11.134 [info] VSCODE_MACHINE_ID: e3c2e92c-4d1b-4437-9a42-e50c17e7064f
2024-04-21 03:32:11.134 [info] VSCODE_SESSION_ID: 80419621-1c02-4801-91b7-9a7137ff2b311713670326903
2024-04-21 03:32:11.134 [info] VSCODE_VERSION: 1.88.0
2024-04-21 03:32:11.134 [info] VSCODE_APP_NAME: Gitpod Code
2024-04-21 03:32:11.134 [info] VSCODE_APP_HOST: Gitpod
2024-04-21 03:32:11.134 [info] VSCODE_UI_KIND: web
2024-04-21 03:32:11.134 [info] GITPOD_WORKSPACE_CONTEXT_URL: https://github.com/uwidcit/flaskmvc
2024-04-21 03:32:11.134 [info] GITPOD_INSTANCE_ID: 1c7fae69-6458-4112-9d3f-b4b4f7fd0402
2024-04-21 03:32:11.134 [info] GITPOD_WORKSPACE_URL: https://uwidcit-flaskmvc-zxsa26j1o46.ws-us110.gitpod.io
2024-04-21 03:32:11.140 [info] Gitpod Web 4e069a6
2024-04-21 03:32:11.140 [info] Reading sessions from keychain...
2024-04-21 03:32:11.479 [info] Getting sessions for all scopes...
2024-04-21 03:32:11.479 [info] Getting GitHub sessions for all scopes...
2024-04-21 03:32:11.479 [info] Got 1 GitHub sessions for all scopes...
2024-04-21 03:32:11.480 [info] Got stored sessions!
2024-04-21 03:32:11.480 [info] Verified session with the following scopes: function:accessCodeSyncStorage function:closePort function:controlAdmission function:deleteEnvVar function:generateNewGitpodToken function:getDefaultWorkspaceImage function:getEnvVars function:getGitpodTokenScopes function:getIDToken function:getLoggedInUser function:getOpenPorts function:getSupportedWorkspaceClasses function:getTeams function:getToken function:getWorkspace function:getWorkspaceEnvVars function:getWorkspaceOwner function:getWorkspaceTimeout function:getWorkspaceUsers function:guessGitTokenScopes function:isWorkspaceOwner function:openPort function:sendHeartBeat function:setEnvVar function:setWorkspaceTimeout function:stopWorkspace function:takeSnapshot function:trackEvent function:updateGitStatus function:waitForSnapshot resource:contentBlob::*::create/get resource:envVar::uwidcit/flaskmvc::create/get/update/delete resource:gitpodToken::*::create resource:snapshot::ws-uwidcit-flaskmvc-zxsa26j1o46::create resource:token::*::get resource:userStorage::*::create/get/update resource:workspace::uwidcit-flaskmvc-zxsa26j1o46::get/update resource:workspaceInstance::1c7fae69-6458-4112-9d3f-b4b4f7fd0402::get/update/delete
2024-04-21 03:32:11.480 [info] Got 1 verified sessions.
2024-04-21 03:32:11.480 [info] Got 1 sessions for all scopes...
2024-04-21 03:32:11.577 [info] Getting GitHub sessions for all scopes...
2024-04-21 03:32:11.577 [info] Got 1 GitHub sessions for all scopes...
2024-04-21 03:32:12.004 [info] Getting sessions for function:accessCodeSyncStorage...
2024-04-21 03:32:12.004 [info] Got 1 sessions for function:accessCodeSyncStorage...
2024-04-21 03:32:12.044 [info] Getting GitHub sessions for all scopes...
2024-04-21 03:32:12.044 [info] Getting sessions for all scopes...
2024-04-21 03:32:12.044 [info] Got 1 GitHub sessions for all scopes...
2024-04-21 03:32:12.044 [info] Got 1 sessions for all scopes...
2024-04-21 03:32:12.958 [info] Getting GitHub sessions for read:user,repo,user:email,workflow...
2024-04-21 03:32:12.958 [info] Got 1 GitHub sessions for read:user,repo,user:email,workflow...
2024-04-21 03:32:13.556 [info] Getting GitHub sessions for project,read:org,read:user,repo,user:email,workflow...
2024-04-21 03:32:13.556 [info] Got 0 GitHub sessions for project,read:org,read:user,repo,user:email,workflow...
2024-04-21 03:32:14.092 [info] Getting GitHub sessions for read:user,repo,user:email,workflow...
2024-04-21 03:32:14.093 [info] Got 1 GitHub sessions for read:user,repo,user:email,workflow...
2024-04-21 03:48:34.206 [error] bbc47e91-d13e-4f8e-9b54-87e053a7c916 terminal: listening failed: 13 INTERNAL: waitid: no child processes
