2024-04-21 03:25:31.114 [warning] /home/gitpod/.ssh/config: ENOENT: no such file or directory, open '/home/gitpod/.ssh/config'
2024-04-21 03:25:31.114 [info] Activation> Extension version: 0.86.1
2024-04-21 03:25:32.325 [info] Looking for git repository
2024-04-21 03:25:32.325 [info] Found 0 repositories during activation
2024-04-21 03:25:32.325 [info] Git repository found, initializing review manager and pr tree view.
2024-04-21 03:25:32.329 [info] Registering git provider
2024-04-21 03:25:32.329 [info] Review+0> Validate state in progress
2024-04-21 03:25:32.329 [info] Review+0> Validating state...
2024-04-21 03:25:32.473 [info] Found GitHub remote for folder /workspace/flaskmvc
2024-04-21 03:25:32.713 [info] Trying to use globalState for assignableUsers.
2024-04-21 03:25:32.840 [info] Review+0> No matching pull request metadata found locally for current branch main
2024-04-21 03:25:33.107 [info] Using globalState assignableUsers for 1.
2024-04-21 03:25:33.504 [info] Review+0> No matching pull request metadata found on GitHub for current branch main
2024-04-21 03:43:22.338 [info] Repo state for file:///workspace/flaskmvc changed.
2024-04-21 03:43:22.338 [info] Repo file:///workspace/flaskmvc has already been setup.
2024-04-21 05:29:06.634 [info] Review+0> Validate state in progress
2024-04-21 05:29:06.635 [info] Review+0> Validating state...
2024-04-21 05:29:06.918 [info] Found GitHub remote for folder /workspace/flaskmvc
2024-04-21 05:29:06.921 [info] Using in-memory cached assignable users.
2024-04-21 05:29:06.944 [info] Review+0> No matching pull request metadata found locally for current branch main
2024-04-21 05:29:07.570 [info] Review+0> No matching pull request metadata found on GitHub for current branch main
