2024-04-21 06:30:06.587 [info] Log level: Info
2024-04-21 06:30:06.587 [info] Validating found git in: "git"
2024-04-21 06:30:06.587 [info] Using git "2.43.2" from "git"
2024-04-21 06:30:06.587 [info] > git rev-parse --show-toplevel [1ms]
2024-04-21 06:30:06.587 [info] > git rev-parse --git-dir --git-common-dir [2ms]
2024-04-21 06:30:06.587 [info] Open repository: /workspace/flaskmvc
2024-04-21 06:30:06.587 [info] > git config --get commit.template [6ms]
2024-04-21 06:30:06.587 [info] > git rev-parse --show-toplevel [2ms]
2024-04-21 06:30:06.587 [info] > git for-each-ref --format=%(refname)%00%(upstream:short)%00%(objectname)%00%(upstream:track)%00%(upstream:remotename)%00%(upstream:remoteref) refs/heads/main refs/remotes/main [8ms]
2024-04-21 06:30:06.587 [info] > git rev-parse --show-toplevel [2ms]
2024-04-21 06:30:06.587 [warning] ENOENT: no such file or directory, open '/workspace/flaskmvc/.git/refs/remotes/origin/main'
2024-04-21 06:30:06.587 [info] > git rev-parse --show-toplevel [8ms]
2024-04-21 06:30:06.587 [info] > git rev-parse refs/remotes/origin/main [15ms]
2024-04-21 06:30:06.587 [info] > git status -z -uall [10ms]
2024-04-21 06:30:06.587 [info] > git merge-base refs/heads/main refs/remotes/origin/main [12ms]
2024-04-21 06:30:06.587 [info] > git rev-parse --show-toplevel [30ms]
2024-04-21 06:30:06.587 [info] > git rev-list --count --left-right refs/heads/main...refs/remotes/origin/main [9ms]
2024-04-21 06:30:06.587 [info] > git config --get commit.template [25ms]
2024-04-21 06:30:06.587 [info] > git rev-parse --show-toplevel [9ms]
2024-04-21 06:30:06.587 [info] > git diff --name-status -z --diff-filter=ADMR 67c8bcb543bbafc4462bb8fedf7dc22085389c55...refs/remotes/origin/main [7ms]
2024-04-21 06:30:06.587 [info] > git for-each-ref --format=%(refname)%00%(upstream:short)%00%(objectname)%00%(upstream:track)%00%(upstream:remotename)%00%(upstream:remoteref) refs/heads/main refs/remotes/main [7ms]
2024-04-21 06:30:06.587 [warning] ENOENT: no such file or directory, open '/workspace/flaskmvc/.git/refs/remotes/origin/main'
2024-04-21 06:30:06.587 [info] > git rev-parse --show-toplevel [122ms]
2024-04-21 06:30:06.587 [info] > git rev-parse refs/remotes/origin/main [8ms]
2024-04-21 06:30:06.587 [info] > git rev-parse --show-toplevel [10ms]
2024-04-21 06:30:06.587 [info] > git status -z -uall [3ms]
2024-04-21 06:30:07.099 [info] > git check-ignore -v -z --stdin [1ms]
2024-04-21 06:30:08.524 [info] > git config --local branch.main.github-pr-owner-number [112ms]
2024-04-21 06:30:08.524 [warning] git config failed: Failed to execute git
