2024-04-20 07:31:20.506 [info] Log level: Info
2024-04-20 07:31:20.506 [info] Validating found git in: "git"
2024-04-20 07:31:20.506 [info] Using git "2.43.2" from "git"
2024-04-20 07:31:20.506 [info] > git rev-parse --show-toplevel [1ms]
2024-04-20 07:31:20.506 [info] > git rev-parse --git-dir --git-common-dir [1ms]
2024-04-20 07:31:20.506 [info] Open repository: /workspace/flaskmvc
2024-04-20 07:31:20.506 [info] > git config --get commit.template [8ms]
2024-04-20 07:31:20.506 [info] > git rev-parse --show-toplevel [2ms]
2024-04-20 07:31:20.506 [info] > git rev-parse --show-toplevel [3ms]
2024-04-20 07:31:20.506 [info] > git for-each-ref --format=%(refname)%00%(upstream:short)%00%(objectname)%00%(upstream:track)%00%(upstream:remotename)%00%(upstream:remoteref) refs/heads/main refs/remotes/main [10ms]
2024-04-20 07:31:20.506 [warning] ENOENT: no such file or directory, open '/workspace/flaskmvc/.git/refs/remotes/origin/main'
2024-04-20 07:31:20.506 [info] > git rev-parse --show-toplevel [6ms]
2024-04-20 07:31:20.506 [info] > git rev-parse refs/remotes/origin/main [1ms]
2024-04-20 07:31:20.506 [info] > git status -z -uall [6ms]
2024-04-20 07:31:20.506 [info] > git merge-base refs/heads/main refs/remotes/origin/main [11ms]
2024-04-20 07:31:20.506 [info] > git rev-parse --show-toplevel [23ms]
2024-04-20 07:31:20.506 [info] > git config --get commit.template [12ms]
2024-04-20 07:31:20.506 [info] > git rev-parse --show-toplevel [2ms]
2024-04-20 07:31:20.506 [info] > git rev-list --count --left-right refs/heads/main...refs/remotes/origin/main [7ms]
2024-04-20 07:31:20.506 [info] > git rev-parse --show-toplevel [13ms]
2024-04-20 07:31:20.506 [info] > git for-each-ref --format=%(refname)%00%(upstream:short)%00%(objectname)%00%(upstream:track)%00%(upstream:remotename)%00%(upstream:remoteref) refs/heads/main refs/remotes/main [19ms]
2024-04-20 07:31:20.506 [info] > git diff --name-status -z --diff-filter=ADMR 67c8bcb543bbafc4462bb8fedf7dc22085389c55...refs/remotes/origin/main [23ms]
2024-04-20 07:31:20.506 [warning] ENOENT: no such file or directory, open '/workspace/flaskmvc/.git/refs/remotes/origin/main'
2024-04-20 07:31:20.506 [info] > git rev-parse --show-toplevel [5ms]
2024-04-20 07:31:20.506 [info] > git rev-parse refs/remotes/origin/main [94ms]
2024-04-20 07:31:20.506 [info] > git status -z -uall [5ms]
2024-04-20 07:31:20.506 [info] > git rev-parse --show-toplevel [10ms]
2024-04-20 07:31:20.506 [info] > git rev-parse --show-toplevel [101ms]
2024-04-20 07:31:21.017 [info] > git check-ignore -v -z --stdin [1ms]
2024-04-20 07:31:22.129 [info] > git show --textconv :App/controllers/user.py [29ms]
2024-04-20 07:31:22.129 [info] > git show --textconv :App/controllers/exercise.py [21ms]
2024-04-20 07:31:22.129 [info] > git ls-files --stage -- /workspace/flaskmvc/App/controllers/exercise.py [10ms]
2024-04-20 07:31:22.130 [info] > git ls-files --stage -- /workspace/flaskmvc/App/controllers/user.py [16ms]
2024-04-20 07:31:22.137 [info] > git cat-file -s 4165eb421603307cac0355b72dc5a34d028bef04 [2ms]
2024-04-20 07:31:23.785 [info] > git config --local branch.main.github-pr-owner-number [3ms]
2024-04-20 07:31:23.786 [warning] git config failed: Failed to execute git
2024-04-20 07:31:30.464 [info] > git config --get commit.template [6ms]
2024-04-20 07:31:30.465 [info] > git for-each-ref --format=%(refname)%00%(upstream:short)%00%(objectname)%00%(upstream:track)%00%(upstream:remotename)%00%(upstream:remoteref) refs/heads/main refs/remotes/main [2ms]
2024-04-20 07:31:30.470 [warning] ENOENT: no such file or directory, open '/workspace/flaskmvc/.git/refs/remotes/origin/main'
2024-04-20 07:31:30.471 [info] > git rev-parse refs/remotes/origin/main [1ms]
2024-04-20 07:31:30.477 [info] > git status -z -uall [1ms]
2024-04-20 07:31:35.495 [info] > git config --get commit.template [6ms]
2024-04-20 07:31:35.495 [info] > git for-each-ref --format=%(refname)%00%(upstream:short)%00%(objectname)%00%(upstream:track)%00%(upstream:remotename)%00%(upstream:remoteref) refs/heads/main refs/remotes/main [1ms]
2024-04-20 07:31:35.501 [warning] ENOENT: no such file or directory, open '/workspace/flaskmvc/.git/refs/remotes/origin/main'
2024-04-20 07:31:35.502 [info] > git rev-parse refs/remotes/origin/main [1ms]
2024-04-20 07:31:35.510 [info] > git status -z -uall [2ms]
2024-04-20 07:31:54.672 [info] > git config --get commit.template [11ms]
2024-04-20 07:31:54.673 [info] > git for-each-ref --format=%(refname)%00%(upstream:short)%00%(objectname)%00%(upstream:track)%00%(upstream:remotename)%00%(upstream:remoteref) refs/heads/main refs/remotes/main [2ms]
2024-04-20 07:31:54.682 [warning] ENOENT: no such file or directory, open '/workspace/flaskmvc/.git/refs/remotes/origin/main'
2024-04-20 07:31:54.683 [info] > git rev-parse refs/remotes/origin/main [1ms]
2024-04-20 07:31:54.695 [info] > git status -z -uall [2ms]
2024-04-20 07:31:59.717 [info] > git config --get commit.template [2ms]
2024-04-20 07:31:59.727 [info] > git for-each-ref --format=%(refname)%00%(upstream:short)%00%(objectname)%00%(upstream:track)%00%(upstream:remotename)%00%(upstream:remoteref) refs/heads/main refs/remotes/main [1ms]
2024-04-20 07:31:59.735 [warning] ENOENT: no such file or directory, open '/workspace/flaskmvc/.git/refs/remotes/origin/main'
2024-04-20 07:31:59.737 [info] > git rev-parse refs/remotes/origin/main [1ms]
2024-04-20 07:31:59.746 [info] > git status -z -uall [2ms]
2024-04-20 07:32:04.766 [info] > git config --get commit.template [7ms]
2024-04-20 07:32:04.767 [info] > git for-each-ref --format=%(refname)%00%(upstream:short)%00%(objectname)%00%(upstream:track)%00%(upstream:remotename)%00%(upstream:remoteref) refs/heads/main refs/remotes/main [2ms]
2024-04-20 07:32:04.772 [warning] ENOENT: no such file or directory, open '/workspace/flaskmvc/.git/refs/remotes/origin/main'
2024-04-20 07:32:04.773 [info] > git rev-parse refs/remotes/origin/main [1ms]
2024-04-20 07:32:04.779 [info] > git status -z -uall [1ms]
2024-04-20 07:32:22.668 [info] > git show --textconv :App/main.py [7ms]
2024-04-20 07:32:22.669 [info] > git ls-files --stage -- /workspace/flaskmvc/App/main.py [1ms]
2024-04-20 07:32:22.676 [info] > git cat-file -s c4f66de2357b19b88e4bdb1902e07b405c1f954e [1ms]
2024-04-20 07:32:24.719 [info] > git show --textconv :App/controllers/initialize.py [6ms]
2024-04-20 07:32:24.719 [info] > git ls-files --stage -- /workspace/flaskmvc/App/controllers/initialize.py [1ms]
2024-04-20 07:32:24.726 [info] > git cat-file -s 9194d3aba7a4b359facc97a5a1b5b66ac05e75fb [1ms]
2024-04-20 07:32:25.194 [info] > git show --textconv :App/main.py [6ms]
2024-04-20 07:32:25.195 [info] > git ls-files --stage -- /workspace/flaskmvc/App/main.py [2ms]
2024-04-20 07:32:25.201 [info] > git cat-file -s c4f66de2357b19b88e4bdb1902e07b405c1f954e [1ms]
2024-04-20 07:32:28.969 [info] > git show --textconv :App/models/exercise.py [11ms]
2024-04-20 07:32:28.970 [info] > git ls-files --stage -- /workspace/flaskmvc/App/models/exercise.py [2ms]
2024-04-20 07:32:29.691 [info] > git check-ignore -v -z --stdin [1ms]
2024-04-20 07:32:30.806 [info] > git show --textconv :App/main.py [7ms]
2024-04-20 07:32:30.807 [info] > git ls-files --stage -- /workspace/flaskmvc/App/main.py [2ms]
2024-04-20 07:32:30.813 [info] > git cat-file -s c4f66de2357b19b88e4bdb1902e07b405c1f954e [1ms]
2024-04-20 07:32:33.130 [info] > git show --textconv :App/views/index.py [7ms]
2024-04-20 07:32:33.131 [info] > git ls-files --stage -- /workspace/flaskmvc/App/views/index.py [1ms]
2024-04-20 07:32:33.136 [info] > git cat-file -s 7e5820190a34afeb124a2d268079a36993fc175f [1ms]
2024-04-20 07:32:35.744 [info] > git show --textconv :App/main.py [11ms]
2024-04-20 07:32:35.745 [info] > git ls-files --stage -- /workspace/flaskmvc/App/main.py [2ms]
2024-04-20 07:32:35.756 [info] > git cat-file -s c4f66de2357b19b88e4bdb1902e07b405c1f954e [1ms]
2024-04-20 07:32:43.906 [info] > git show --textconv :App/controllers/__init__.py [9ms]
2024-04-20 07:32:43.906 [info] > git ls-files --stage -- /workspace/flaskmvc/App/controllers/__init__.py [1ms]
2024-04-20 07:32:43.913 [info] > git cat-file -s 98fb3b9d64f3e208a40fbe330c68cd7b7233102c [1ms]
2024-04-20 07:32:48.868 [info] > git config --get commit.template [10ms]
2024-04-20 07:32:48.868 [info] > git for-each-ref --format=%(refname)%00%(upstream:short)%00%(objectname)%00%(upstream:track)%00%(upstream:remotename)%00%(upstream:remoteref) refs/heads/main refs/remotes/main [1ms]
2024-04-20 07:32:48.878 [warning] ENOENT: no such file or directory, open '/workspace/flaskmvc/.git/refs/remotes/origin/main'
2024-04-20 07:32:48.879 [info] > git rev-parse refs/remotes/origin/main [1ms]
2024-04-20 07:32:48.890 [info] > git status -z -uall [2ms]
2024-04-20 07:32:53.602 [info] > git show --textconv :App/controllers/initialize.py [6ms]
2024-04-20 07:32:53.602 [info] > git ls-files --stage -- /workspace/flaskmvc/App/controllers/initialize.py [1ms]
2024-04-20 07:32:53.608 [info] > git cat-file -s 9194d3aba7a4b359facc97a5a1b5b66ac05e75fb [1ms]
2024-04-20 07:32:54.686 [info] > git config --get commit.template [10ms]
2024-04-20 07:32:54.686 [info] > git for-each-ref --format=%(refname)%00%(upstream:short)%00%(objectname)%00%(upstream:track)%00%(upstream:remotename)%00%(upstream:remoteref) refs/heads/main refs/remotes/main [1ms]
2024-04-20 07:32:54.695 [warning] ENOENT: no such file or directory, open '/workspace/flaskmvc/.git/refs/remotes/origin/main'
2024-04-20 07:32:54.696 [info] > git rev-parse refs/remotes/origin/main [1ms]
2024-04-20 07:32:54.707 [info] > git status -z -uall [2ms]
2024-04-20 07:32:59.504 [info] > git show --textconv :App/main.py [7ms]
2024-04-20 07:32:59.504 [info] > git ls-files --stage -- /workspace/flaskmvc/App/main.py [1ms]
2024-04-20 07:32:59.512 [info] > git cat-file -s c4f66de2357b19b88e4bdb1902e07b405c1f954e [1ms]
2024-04-20 07:33:05.864 [info] > git config --get commit.template [6ms]
2024-04-20 07:33:05.865 [info] > git for-each-ref --format=%(refname)%00%(upstream:short)%00%(objectname)%00%(upstream:track)%00%(upstream:remotename)%00%(upstream:remoteref) refs/heads/main refs/remotes/main [1ms]
2024-04-20 07:33:05.870 [warning] ENOENT: no such file or directory, open '/workspace/flaskmvc/.git/refs/remotes/origin/main'
2024-04-20 07:33:05.871 [info] > git rev-parse refs/remotes/origin/main [1ms]
2024-04-20 07:33:05.878 [info] > git status -z -uall [2ms]
2024-04-20 07:33:10.894 [info] > git config --get commit.template [6ms]
2024-04-20 07:33:10.895 [info] > git for-each-ref --format=%(refname)%00%(upstream:short)%00%(objectname)%00%(upstream:track)%00%(upstream:remotename)%00%(upstream:remoteref) refs/heads/main refs/remotes/main [1ms]
2024-04-20 07:33:10.900 [warning] ENOENT: no such file or directory, open '/workspace/flaskmvc/.git/refs/remotes/origin/main'
2024-04-20 07:33:10.901 [info] > git rev-parse refs/remotes/origin/main [1ms]
2024-04-20 07:33:10.907 [info] > git status -z -uall [2ms]
2024-04-20 07:34:36.896 [info] > git config --get commit.template [6ms]
2024-04-20 07:34:36.896 [info] > git for-each-ref --format=%(refname)%00%(upstream:short)%00%(objectname)%00%(upstream:track)%00%(upstream:remotename)%00%(upstream:remoteref) refs/heads/main refs/remotes/main [1ms]
2024-04-20 07:34:36.901 [warning] ENOENT: no such file or directory, open '/workspace/flaskmvc/.git/refs/remotes/origin/main'
2024-04-20 07:34:36.902 [info] > git rev-parse refs/remotes/origin/main [1ms]
2024-04-20 07:34:36.909 [info] > git status -z -uall [2ms]
2024-04-20 07:34:41.925 [info] > git config --get commit.template [6ms]
2024-04-20 07:34:41.926 [info] > git for-each-ref --format=%(refname)%00%(upstream:short)%00%(objectname)%00%(upstream:track)%00%(upstream:remotename)%00%(upstream:remoteref) refs/heads/main refs/remotes/main [1ms]
2024-04-20 07:34:41.931 [warning] ENOENT: no such file or directory, open '/workspace/flaskmvc/.git/refs/remotes/origin/main'
2024-04-20 07:34:41.931 [info] > git rev-parse refs/remotes/origin/main [1ms]
2024-04-20 07:34:41.938 [info] > git status -z -uall [2ms]
2024-04-20 07:34:45.765 [info] > git check-ignore -v -z --stdin [1ms]
2024-04-20 07:34:47.869 [info] > git show --textconv :App/templates/temp.html [7ms]
2024-04-20 07:34:47.870 [info] > git ls-files --stage -- /workspace/flaskmvc/App/templates/temp.html [2ms]
2024-04-20 07:35:04.740 [info] > git check-ignore -v -z --stdin [1ms]
2024-04-20 07:35:05.793 [info] > git show --textconv :App/static/main.js [10ms]
2024-04-20 07:35:05.794 [info] > git ls-files --stage -- /workspace/flaskmvc/App/static/main.js [1ms]
2024-04-20 07:35:05.801 [info] > git cat-file -s 8e195636816519f94a174c523cf4134a0d5fb58a [2ms]
2024-04-20 07:35:10.817 [info] > git show --textconv :App/main.py [6ms]
2024-04-20 07:35:10.818 [info] > git ls-files --stage -- /workspace/flaskmvc/App/main.py [2ms]
2024-04-20 07:35:10.825 [info] > git cat-file -s c4f66de2357b19b88e4bdb1902e07b405c1f954e [1ms]
2024-04-20 07:35:11.098 [info] > git check-ignore -v -z --stdin [1ms]
2024-04-20 07:35:11.711 [info] > git show --textconv :App/models/workout.py [11ms]
2024-04-20 07:35:11.712 [info] > git ls-files --stage -- /workspace/flaskmvc/App/models/workout.py [1ms]
2024-04-20 07:35:12.240 [info] > git show --textconv :App/main.py [7ms]
2024-04-20 07:35:12.241 [info] > git ls-files --stage -- /workspace/flaskmvc/App/main.py [2ms]
2024-04-20 07:35:12.247 [info] > git cat-file -s c4f66de2357b19b88e4bdb1902e07b405c1f954e [1ms]
2024-04-20 07:35:38.817 [info] > git check-ignore -v -z --stdin [2ms]
2024-04-20 07:35:52.989 [info] > git show --textconv :App/static/signup.css [11ms]
2024-04-20 07:35:52.989 [info] > git ls-files --stage -- /workspace/flaskmvc/App/static/signup.css [1ms]
2024-04-20 07:36:06.344 [info] > git show --textconv :App/static/login.css [6ms]
2024-04-20 07:36:06.345 [info] > git ls-files --stage -- /workspace/flaskmvc/App/static/login.css [1ms]
2024-04-20 07:36:08.493 [info] > git show --textconv :App/static/signup.css [11ms]
2024-04-20 07:36:08.494 [info] > git ls-files --stage -- /workspace/flaskmvc/App/static/signup.css [2ms]
2024-04-20 07:36:10.385 [info] > git show --textconv :App/static/login.css [9ms]
2024-04-20 07:36:10.385 [info] > git ls-files --stage -- /workspace/flaskmvc/App/static/login.css [1ms]
2024-04-20 07:36:13.324 [info] > git show --textconv :App/static/signup.css [7ms]
2024-04-20 07:36:13.325 [info] > git ls-files --stage -- /workspace/flaskmvc/App/static/signup.css [2ms]
2024-04-20 07:36:16.253 [info] > git show --textconv :App/main.py [6ms]
2024-04-20 07:36:16.254 [info] > git ls-files --stage -- /workspace/flaskmvc/App/main.py [1ms]
2024-04-20 07:36:16.260 [info] > git cat-file -s c4f66de2357b19b88e4bdb1902e07b405c1f954e [1ms]
2024-04-20 07:36:23.606 [info] > git config --local branch.main.github-pr-owner-number [1ms]
2024-04-20 07:36:23.606 [warning] git config failed: Failed to execute git
2024-04-20 07:41:23.616 [info] > git config --local branch.main.github-pr-owner-number [1ms]
2024-04-20 07:41:23.616 [warning] git config failed: Failed to execute git
