2024-04-20 07:31:19.609 [info] Log level: Info
2024-04-20 07:31:19.609 [info] VSCODE_MACHINE_ID: 992b1111-5530-4478-94f1-ed894ff40742
2024-04-20 07:31:19.609 [info] VSCODE_SESSION_ID: e6c49dc8-5dcb-4e40-93d6-404fa11ed77d1713598276649
2024-04-20 07:31:19.609 [info] VSCODE_VERSION: 1.88.0
2024-04-20 07:31:19.609 [info] VSCODE_APP_NAME: Gitpod Code
2024-04-20 07:31:19.609 [info] VSCODE_APP_HOST: Gitpod
2024-04-20 07:31:19.609 [info] VSCODE_UI_KIND: web
2024-04-20 07:31:19.609 [info] GITPOD_WORKSPACE_CONTEXT_URL: https://github.com/uwidcit/flaskmvc
2024-04-20 07:31:19.609 [info] GITPOD_INSTANCE_ID: 913d47cd-61fe-4833-b530-cc382d6d872f
2024-04-20 07:31:19.609 [info] GITPOD_WORKSPACE_URL: https://uwidcit-flaskmvc-zxsa26j1o46.ws-us110.gitpod.io
2024-04-20 07:31:19.609 [info] Gitpod Web 4e069a6
2024-04-20 07:31:19.609 [info] Reading sessions from keychain...
2024-04-20 07:31:19.716 [info] Getting sessions for all scopes...
2024-04-20 07:31:19.716 [info] Getting GitHub sessions for all scopes...
2024-04-20 07:31:19.716 [info] Getting sessions for function:accessCodeSyncStorage...
2024-04-20 07:31:19.716 [info] Got stored sessions!
2024-04-20 07:31:19.717 [info] Verified session with the following scopes: function:accessCodeSyncStorage function:closePort function:controlAdmission function:deleteEnvVar function:generateNewGitpodToken function:getDefaultWorkspaceImage function:getEnvVars function:getGitpodTokenScopes function:getIDToken function:getLoggedInUser function:getOpenPorts function:getSupportedWorkspaceClasses function:getTeams function:getToken function:getWorkspace function:getWorkspaceEnvVars function:getWorkspaceOwner function:getWorkspaceTimeout function:getWorkspaceUsers function:guessGitTokenScopes function:isWorkspaceOwner function:openPort function:sendHeartBeat function:setEnvVar function:setWorkspaceTimeout function:stopWorkspace function:takeSnapshot function:trackEvent function:updateGitStatus function:waitForSnapshot resource:contentBlob::*::create/get resource:envVar::uwidcit/flaskmvc::create/get/update/delete resource:gitpodToken::*::create resource:snapshot::ws-uwidcit-flaskmvc-zxsa26j1o46::create resource:token::*::get resource:userStorage::*::create/get/update resource:workspace::uwidcit-flaskmvc-zxsa26j1o46::get/update resource:workspaceInstance::913d47cd-61fe-4833-b530-cc382d6d872f::get/update/delete
2024-04-20 07:31:19.717 [info] Got 1 verified sessions.
2024-04-20 07:31:19.717 [info] Got 1 sessions for all scopes...
2024-04-20 07:31:19.717 [info] Got 1 sessions for function:accessCodeSyncStorage...
2024-04-20 07:31:19.799 [info] Got 1 GitHub sessions for all scopes...
2024-04-20 07:31:19.800 [info] Getting GitHub sessions for all scopes...
2024-04-20 07:31:19.800 [info] Got 1 GitHub sessions for all scopes...
2024-04-20 07:31:20.075 [info] Getting sessions for all scopes...
2024-04-20 07:31:20.075 [info] Got 1 sessions for all scopes...
2024-04-20 07:31:20.137 [info] Getting GitHub sessions for all scopes...
2024-04-20 07:31:20.137 [info] Got 1 GitHub sessions for all scopes...
2024-04-20 07:31:20.672 [info] Getting GitHub sessions for read:user,repo,user:email,workflow...
2024-04-20 07:31:20.672 [info] Got 0 GitHub sessions for read:user,repo,user:email,workflow...
2024-04-20 07:31:22.265 [info] Getting GitHub sessions for project,read:org,read:user,repo,user:email,workflow...
2024-04-20 07:31:22.265 [info] Got 0 GitHub sessions for project,read:org,read:user,repo,user:email,workflow...
2024-04-20 07:31:22.737 [info] Getting GitHub sessions for read:user,repo,user:email,workflow...
2024-04-20 07:31:22.737 [info] Got 0 GitHub sessions for read:user,repo,user:email,workflow...
2024-04-20 07:31:23.104 [info] Getting GitHub sessions for read:user,repo,user:email...
2024-04-20 07:31:23.104 [info] Got 0 GitHub sessions for read:user,repo,user:email...
2024-04-20 07:31:23.468 [info] Getting GitHub sessions for read:user,repo,user:email,workflow...
2024-04-20 07:31:23.468 [info] Got 0 GitHub sessions for read:user,repo,user:email,workflow...
