2024-04-20 16:31:09.813 [info] Log level: Info
2024-04-20 16:31:09.813 [info] Validating found git in: "git"
2024-04-20 16:31:09.813 [info] Using git "2.43.2" from "git"
2024-04-20 16:31:09.813 [info] > git rev-parse --show-toplevel [2ms]
2024-04-20 16:31:09.813 [info] > git rev-parse --git-dir --git-common-dir [1ms]
2024-04-20 16:31:09.813 [info] Open repository: /workspace/flaskmvc
2024-04-20 16:31:09.813 [info] > git config --get commit.template [7ms]
2024-04-20 16:31:09.813 [info] > git rev-parse --show-toplevel [3ms]
2024-04-20 16:31:09.813 [info] > git rev-parse --show-toplevel [2ms]
2024-04-20 16:31:09.813 [info] > git for-each-ref --format=%(refname)%00%(upstream:short)%00%(objectname)%00%(upstream:track)%00%(upstream:remotename)%00%(upstream:remoteref) refs/heads/main refs/remotes/main [8ms]
2024-04-20 16:31:09.813 [warning] ENOENT: no such file or directory, open '/workspace/flaskmvc/.git/refs/remotes/origin/main'
2024-04-20 16:31:09.813 [info] > git rev-parse --show-toplevel [6ms]
2024-04-20 16:31:09.813 [info] > git rev-parse refs/remotes/origin/main [1ms]
2024-04-20 16:31:09.813 [info] > git status -z -uall [12ms]
2024-04-20 16:31:09.813 [info] > git rev-parse --show-toplevel [6ms]
2024-04-20 16:31:09.813 [info] > git merge-base refs/heads/main refs/remotes/origin/main [40ms]
2024-04-20 16:31:09.813 [info] > git config --get commit.template [129ms]
2024-04-20 16:31:09.813 [info] > git rev-parse --show-toplevel [135ms]
2024-04-20 16:31:09.813 [info] > git rev-list --count --left-right refs/heads/main...refs/remotes/origin/main [133ms]
2024-04-20 16:31:09.813 [info] > git rev-parse --show-toplevel [13ms]
2024-04-20 16:31:09.813 [info] > git for-each-ref --format=%(refname)%00%(upstream:short)%00%(objectname)%00%(upstream:track)%00%(upstream:remotename)%00%(upstream:remoteref) refs/heads/main refs/remotes/main [2ms]
2024-04-20 16:31:09.813 [info] > git diff --name-status -z --diff-filter=ADMR 67c8bcb543bbafc4462bb8fedf7dc22085389c55...refs/remotes/origin/main [7ms]
2024-04-20 16:31:09.813 [warning] ENOENT: no such file or directory, open '/workspace/flaskmvc/.git/refs/remotes/origin/main'
2024-04-20 16:31:09.813 [info] > git rev-parse --show-toplevel [6ms]
2024-04-20 16:31:09.813 [info] > git rev-parse refs/remotes/origin/main [2ms]
2024-04-20 16:31:09.813 [info] > git status -z -uall [2ms]
2024-04-20 16:31:10.325 [info] > git check-ignore -v -z --stdin [1ms]
2024-04-20 16:31:10.834 [info] > git config --get commit.template [7ms]
2024-04-20 16:31:10.834 [info] > git for-each-ref --format=%(refname)%00%(upstream:short)%00%(objectname)%00%(upstream:track)%00%(upstream:remotename)%00%(upstream:remoteref) refs/heads/main refs/remotes/main [1ms]
2024-04-20 16:31:10.840 [warning] ENOENT: no such file or directory, open '/workspace/flaskmvc/.git/refs/remotes/origin/main'
2024-04-20 16:31:10.841 [info] > git rev-parse refs/remotes/origin/main [1ms]
2024-04-20 16:31:10.848 [info] > git status -z -uall [2ms]
2024-04-20 16:31:11.787 [info] > git config --local branch.main.github-pr-owner-number [115ms]
2024-04-20 16:31:11.787 [warning] git config failed: Failed to execute git
2024-04-20 16:31:56.033 [info] > git config --get commit.template [7ms]
2024-04-20 16:31:56.034 [info] > git for-each-ref --format=%(refname)%00%(upstream:short)%00%(objectname)%00%(upstream:track)%00%(upstream:remotename)%00%(upstream:remoteref) refs/heads/main refs/remotes/main [2ms]
2024-04-20 16:31:56.042 [warning] ENOENT: no such file or directory, open '/workspace/flaskmvc/.git/refs/remotes/origin/main'
2024-04-20 16:31:56.043 [info] > git rev-parse refs/remotes/origin/main [1ms]
2024-04-20 16:31:56.052 [info] > git status -z -uall [2ms]
2024-04-20 16:32:23.821 [info] > git check-ignore -v -z --stdin [1ms]
2024-04-20 16:32:41.137 [info] > git show --textconv :App/database.py [9ms]
2024-04-20 16:32:41.138 [info] > git ls-files --stage -- /workspace/flaskmvc/App/database.py [1ms]
2024-04-20 16:32:41.147 [info] > git cat-file -s 291dbac9354ec6b12431bb4a6ff0f766d7d825f1 [2ms]
2024-04-20 16:32:42.801 [info] > git show --textconv :App/default_config.py [6ms]
2024-04-20 16:32:42.802 [info] > git ls-files --stage -- /workspace/flaskmvc/App/default_config.py [1ms]
2024-04-20 16:32:42.809 [info] > git cat-file -s cc14a54c208b85cb9009feafe5f69d39c6cc90d3 [1ms]
2024-04-20 16:32:44.921 [info] > git show --textconv :App/main.py [8ms]
2024-04-20 16:32:44.922 [info] > git ls-files --stage -- /workspace/flaskmvc/App/main.py [2ms]
2024-04-20 16:32:44.930 [info] > git cat-file -s 08344ad2808c63579aa968230c6afe6489b77b13 [1ms]
2024-04-20 16:32:53.714 [info] > git check-ignore -v -z --stdin [1ms]
2024-04-20 16:33:26.271 [info] > git config --get commit.template [8ms]
2024-04-20 16:33:26.272 [info] > git for-each-ref --format=%(refname)%00%(upstream:short)%00%(objectname)%00%(upstream:track)%00%(upstream:remotename)%00%(upstream:remoteref) refs/heads/main refs/remotes/main [1ms]
2024-04-20 16:33:26.277 [warning] ENOENT: no such file or directory, open '/workspace/flaskmvc/.git/refs/remotes/origin/main'
2024-04-20 16:33:26.278 [info] > git rev-parse refs/remotes/origin/main [1ms]
2024-04-20 16:33:26.289 [info] > git status -z -uall [1ms]
2024-04-20 16:33:41.970 [info] > git show --textconv :App/templates/temp.html [6ms]
2024-04-20 16:33:41.971 [info] > git ls-files --stage -- /workspace/flaskmvc/App/templates/temp.html [1ms]
2024-04-20 16:33:41.978 [info] > git cat-file -s 166ad2db736fbbc1d0113c8bac39df4638a155d8 [2ms]
2024-04-20 16:33:51.829 [info] > git show --textconv :App/templates/layout.html [6ms]
2024-04-20 16:33:51.830 [info] > git ls-files --stage -- /workspace/flaskmvc/App/templates/layout.html [1ms]
2024-04-20 16:33:51.837 [info] > git cat-file -s 149d32901a2b1ff97f3fe1417a254616d5891749 [1ms]
2024-04-20 16:34:09.624 [info] > git show --textconv :App/templates/index.html [11ms]
2024-04-20 16:34:09.626 [info] > git ls-files --stage -- /workspace/flaskmvc/App/templates/index.html [2ms]
2024-04-20 16:34:09.638 [info] > git cat-file -s 6289597b1c462dced3d180fc5a4b419fc54c32b4 [2ms]
2024-04-20 16:36:01.095 [info] > git config --get commit.template [11ms]
2024-04-20 16:36:01.095 [info] > git for-each-ref --format=%(refname)%00%(upstream:short)%00%(objectname)%00%(upstream:track)%00%(upstream:remotename)%00%(upstream:remoteref) refs/heads/main refs/remotes/main [1ms]
2024-04-20 16:36:01.104 [warning] ENOENT: no such file or directory, open '/workspace/flaskmvc/.git/refs/remotes/origin/main'
2024-04-20 16:36:01.105 [info] > git rev-parse refs/remotes/origin/main [1ms]
2024-04-20 16:36:01.114 [info] > git status -z -uall [2ms]
2024-04-20 16:36:11.249 [info] > git config --local branch.main.github-pr-owner-number [1ms]
2024-04-20 16:36:11.249 [warning] git config failed: Failed to execute git
2024-04-20 16:38:47.313 [info] > git show --textconv :App/templates/routine.html [7ms]
2024-04-20 16:38:47.313 [info] > git ls-files --stage -- /workspace/flaskmvc/App/templates/routine.html [1ms]
2024-04-20 16:38:47.320 [info] > git cat-file -s 06b04abdadd21757a40e93691fa7dbbf9d1ffd6a [1ms]
2024-04-20 16:39:01.117 [info] > git show --textconv :App/templates/temp.html [6ms]
2024-04-20 16:39:01.118 [info] > git ls-files --stage -- /workspace/flaskmvc/App/templates/temp.html [2ms]
2024-04-20 16:39:01.124 [info] > git cat-file -s 166ad2db736fbbc1d0113c8bac39df4638a155d8 [1ms]
2024-04-20 16:39:12.070 [info] > git config --get commit.template [6ms]
2024-04-20 16:39:12.071 [info] > git for-each-ref --format=%(refname)%00%(upstream:short)%00%(objectname)%00%(upstream:track)%00%(upstream:remotename)%00%(upstream:remoteref) refs/heads/main refs/remotes/main [1ms]
2024-04-20 16:39:12.080 [warning] ENOENT: no such file or directory, open '/workspace/flaskmvc/.git/refs/remotes/origin/main'
2024-04-20 16:39:12.081 [info] > git rev-parse refs/remotes/origin/main [1ms]
2024-04-20 16:39:12.093 [info] > git status -z -uall [2ms]
2024-04-20 16:39:18.679 [info] > git config --get commit.template [7ms]
2024-04-20 16:39:18.680 [info] > git for-each-ref --format=%(refname)%00%(upstream:short)%00%(objectname)%00%(upstream:track)%00%(upstream:remotename)%00%(upstream:remoteref) refs/heads/main refs/remotes/main [2ms]
2024-04-20 16:39:18.685 [warning] ENOENT: no such file or directory, open '/workspace/flaskmvc/.git/refs/remotes/origin/main'
2024-04-20 16:39:18.686 [info] > git rev-parse refs/remotes/origin/main [1ms]
2024-04-20 16:39:18.693 [info] > git status -z -uall [2ms]
2024-04-20 16:39:47.621 [info] > git check-ignore -v -z --stdin [1ms]
2024-04-20 16:39:54.188 [info] > git show --textconv :App/static/temp.css [6ms]
2024-04-20 16:39:54.189 [info] > git ls-files --stage -- /workspace/flaskmvc/App/static/temp.css [1ms]
2024-04-20 16:39:54.207 [info] > git check-ignore -v -z --stdin [1ms]
2024-04-20 16:39:54.492 [info] > git config --get commit.template [7ms]
2024-04-20 16:39:54.493 [info] > git for-each-ref --format=%(refname)%00%(upstream:short)%00%(objectname)%00%(upstream:track)%00%(upstream:remotename)%00%(upstream:remoteref) refs/heads/main refs/remotes/main [1ms]
2024-04-20 16:39:54.498 [warning] ENOENT: no such file or directory, open '/workspace/flaskmvc/.git/refs/remotes/origin/main'
2024-04-20 16:39:54.499 [info] > git rev-parse refs/remotes/origin/main [1ms]
2024-04-20 16:39:54.506 [info] > git status -z -uall [2ms]
2024-04-20 16:40:03.979 [info] > git config --get commit.template [7ms]
2024-04-20 16:40:03.980 [info] > git for-each-ref --format=%(refname)%00%(upstream:short)%00%(objectname)%00%(upstream:track)%00%(upstream:remotename)%00%(upstream:remoteref) refs/heads/main refs/remotes/main [1ms]
2024-04-20 16:40:03.985 [warning] ENOENT: no such file or directory, open '/workspace/flaskmvc/.git/refs/remotes/origin/main'
2024-04-20 16:40:03.986 [info] > git rev-parse refs/remotes/origin/main [1ms]
2024-04-20 16:40:03.993 [info] > git status -z -uall [2ms]
2024-04-20 16:41:10.086 [info] > git config --get commit.template [6ms]
2024-04-20 16:41:10.086 [info] > git for-each-ref --format=%(refname)%00%(upstream:short)%00%(objectname)%00%(upstream:track)%00%(upstream:remotename)%00%(upstream:remoteref) refs/heads/main refs/remotes/main [1ms]
2024-04-20 16:41:10.093 [warning] ENOENT: no such file or directory, open '/workspace/flaskmvc/.git/refs/remotes/origin/main'
2024-04-20 16:41:10.094 [info] > git rev-parse refs/remotes/origin/main [1ms]
2024-04-20 16:41:10.107 [info] > git status -z -uall [1ms]
2024-04-20 16:41:11.259 [info] > git config --local branch.main.github-pr-owner-number [1ms]
2024-04-20 16:41:11.259 [warning] git config failed: Failed to execute git
2024-04-20 16:41:19.391 [info] > git config --get commit.template [7ms]
2024-04-20 16:41:19.392 [info] > git for-each-ref --format=%(refname)%00%(upstream:short)%00%(objectname)%00%(upstream:track)%00%(upstream:remotename)%00%(upstream:remoteref) refs/heads/main refs/remotes/main [1ms]
2024-04-20 16:41:19.398 [warning] ENOENT: no such file or directory, open '/workspace/flaskmvc/.git/refs/remotes/origin/main'
2024-04-20 16:41:19.399 [info] > git rev-parse refs/remotes/origin/main [1ms]
2024-04-20 16:41:19.406 [info] > git status -z -uall [2ms]
2024-04-20 16:42:15.590 [info] > git config --get commit.template [6ms]
2024-04-20 16:42:15.591 [info] > git for-each-ref --format=%(refname)%00%(upstream:short)%00%(objectname)%00%(upstream:track)%00%(upstream:remotename)%00%(upstream:remoteref) refs/heads/main refs/remotes/main [1ms]
2024-04-20 16:42:15.597 [warning] ENOENT: no such file or directory, open '/workspace/flaskmvc/.git/refs/remotes/origin/main'
2024-04-20 16:42:15.598 [info] > git rev-parse refs/remotes/origin/main [1ms]
2024-04-20 16:42:15.605 [info] > git status -z -uall [2ms]
2024-04-20 16:42:15.810 [info] > git ls-files --stage -- /workspace/flaskmvc/App/static/temp.css [2ms]
2024-04-20 16:42:15.810 [info] > git ls-files --stage -- /workspace/flaskmvc/App/templates/temp.html [7ms]
2024-04-20 16:42:15.817 [info] > git cat-file -s 166ad2db736fbbc1d0113c8bac39df4638a155d8 [1ms]
2024-04-20 16:42:15.951 [info] > git show --textconv :App/static/temp.css [6ms]
2024-04-20 16:42:15.952 [info] > git show --textconv :App/templates/temp.html [1ms]
2024-04-20 16:42:35.785 [info] > git show --textconv :App/templates/temp.html [5ms]
2024-04-20 16:42:35.786 [info] > git ls-files --stage -- /workspace/flaskmvc/App/templates/temp.html [1ms]
2024-04-20 16:42:35.793 [info] > git cat-file -s 166ad2db736fbbc1d0113c8bac39df4638a155d8 [1ms]
2024-04-20 16:42:36.497 [info] > git config --get commit.template [6ms]
2024-04-20 16:42:36.498 [info] > git for-each-ref --format=%(refname)%00%(upstream:short)%00%(objectname)%00%(upstream:track)%00%(upstream:remotename)%00%(upstream:remoteref) refs/heads/main refs/remotes/main [2ms]
2024-04-20 16:42:36.503 [warning] ENOENT: no such file or directory, open '/workspace/flaskmvc/.git/refs/remotes/origin/main'
2024-04-20 16:42:36.504 [info] > git rev-parse refs/remotes/origin/main [1ms]
2024-04-20 16:42:36.511 [info] > git status -z -uall [2ms]
2024-04-20 16:44:53.413 [info] > git config --get commit.template [7ms]
2024-04-20 16:44:53.413 [info] > git for-each-ref --format=%(refname)%00%(upstream:short)%00%(objectname)%00%(upstream:track)%00%(upstream:remotename)%00%(upstream:remoteref) refs/heads/main refs/remotes/main [1ms]
2024-04-20 16:44:53.419 [warning] ENOENT: no such file or directory, open '/workspace/flaskmvc/.git/refs/remotes/origin/main'
2024-04-20 16:44:53.420 [info] > git rev-parse refs/remotes/origin/main [1ms]
2024-04-20 16:44:53.427 [info] > git status -z -uall [2ms]
2024-04-20 16:45:30.595 [info] > git config --get commit.template [11ms]
2024-04-20 16:45:30.596 [info] > git for-each-ref --format=%(refname)%00%(upstream:short)%00%(objectname)%00%(upstream:track)%00%(upstream:remotename)%00%(upstream:remoteref) refs/heads/main refs/remotes/main [1ms]
2024-04-20 16:45:30.607 [warning] ENOENT: no such file or directory, open '/workspace/flaskmvc/.git/refs/remotes/origin/main'
2024-04-20 16:45:30.608 [info] > git rev-parse refs/remotes/origin/main [1ms]
2024-04-20 16:45:30.620 [info] > git status -z -uall [2ms]
2024-04-20 16:45:30.807 [info] > git ls-files --stage -- /workspace/flaskmvc/App/templates/temp.html [1ms]
2024-04-20 16:45:30.814 [info] > git cat-file -s 166ad2db736fbbc1d0113c8bac39df4638a155d8 [2ms]
2024-04-20 16:45:30.944 [info] > git show --textconv :App/templates/temp.html [1ms]
2024-04-20 16:46:11.269 [info] > git config --local branch.main.github-pr-owner-number [1ms]
2024-04-20 16:46:11.269 [warning] git config failed: Failed to execute git
2024-04-20 16:46:59.445 [info] > git config --get commit.template [8ms]
2024-04-20 16:46:59.445 [info] > git for-each-ref --format=%(refname)%00%(upstream:short)%00%(objectname)%00%(upstream:track)%00%(upstream:remotename)%00%(upstream:remoteref) refs/heads/main refs/remotes/main [1ms]
2024-04-20 16:46:59.451 [warning] ENOENT: no such file or directory, open '/workspace/flaskmvc/.git/refs/remotes/origin/main'
2024-04-20 16:46:59.452 [info] > git rev-parse refs/remotes/origin/main [1ms]
2024-04-20 16:46:59.460 [info] > git status -z -uall [2ms]
2024-04-20 16:47:33.437 [info] > git config --get commit.template [7ms]
2024-04-20 16:47:33.437 [info] > git for-each-ref --format=%(refname)%00%(upstream:short)%00%(objectname)%00%(upstream:track)%00%(upstream:remotename)%00%(upstream:remoteref) refs/heads/main refs/remotes/main [1ms]
2024-04-20 16:47:33.443 [warning] ENOENT: no such file or directory, open '/workspace/flaskmvc/.git/refs/remotes/origin/main'
2024-04-20 16:47:33.444 [info] > git rev-parse refs/remotes/origin/main [1ms]
2024-04-20 16:47:33.451 [info] > git status -z -uall [2ms]
2024-04-20 16:47:46.935 [info] > git config --get commit.template [6ms]
2024-04-20 16:47:46.935 [info] > git for-each-ref --format=%(refname)%00%(upstream:short)%00%(objectname)%00%(upstream:track)%00%(upstream:remotename)%00%(upstream:remoteref) refs/heads/main refs/remotes/main [1ms]
2024-04-20 16:47:46.942 [warning] ENOENT: no such file or directory, open '/workspace/flaskmvc/.git/refs/remotes/origin/main'
2024-04-20 16:47:46.943 [info] > git rev-parse refs/remotes/origin/main [1ms]
2024-04-20 16:47:46.950 [info] > git status -z -uall [1ms]
2024-04-20 16:48:28.228 [info] > git config --get commit.template [9ms]
2024-04-20 16:48:28.229 [info] > git for-each-ref --format=%(refname)%00%(upstream:short)%00%(objectname)%00%(upstream:track)%00%(upstream:remotename)%00%(upstream:remoteref) refs/heads/main refs/remotes/main [1ms]
2024-04-20 16:48:28.238 [warning] ENOENT: no such file or directory, open '/workspace/flaskmvc/.git/refs/remotes/origin/main'
2024-04-20 16:48:28.239 [info] > git rev-parse refs/remotes/origin/main [1ms]
2024-04-20 16:48:28.251 [info] > git status -z -uall [1ms]
2024-04-20 16:48:28.428 [info] > git ls-files --stage -- /workspace/flaskmvc/App/templates/temp.html [1ms]
2024-04-20 16:48:28.435 [info] > git cat-file -s 166ad2db736fbbc1d0113c8bac39df4638a155d8 [2ms]
2024-04-20 16:48:28.567 [info] > git show --textconv :App/templates/temp.html [2ms]
2024-04-20 16:48:33.269 [info] > git config --get commit.template [6ms]
2024-04-20 16:48:33.269 [info] > git for-each-ref --format=%(refname)%00%(upstream:short)%00%(objectname)%00%(upstream:track)%00%(upstream:remotename)%00%(upstream:remoteref) refs/heads/main refs/remotes/main [2ms]
2024-04-20 16:48:33.275 [warning] ENOENT: no such file or directory, open '/workspace/flaskmvc/.git/refs/remotes/origin/main'
2024-04-20 16:48:33.276 [info] > git rev-parse refs/remotes/origin/main [1ms]
2024-04-20 16:48:33.284 [info] > git status -z -uall [2ms]
2024-04-20 16:49:52.280 [info] > git config --get commit.template [7ms]
2024-04-20 16:49:52.281 [info] > git for-each-ref --format=%(refname)%00%(upstream:short)%00%(objectname)%00%(upstream:track)%00%(upstream:remotename)%00%(upstream:remoteref) refs/heads/main refs/remotes/main [2ms]
2024-04-20 16:49:52.286 [warning] ENOENT: no such file or directory, open '/workspace/flaskmvc/.git/refs/remotes/origin/main'
2024-04-20 16:49:52.286 [info] > git rev-parse refs/remotes/origin/main [0ms]
2024-04-20 16:49:52.294 [info] > git status -z -uall [2ms]
2024-04-20 16:51:11.279 [info] > git config --local branch.main.github-pr-owner-number [1ms]
2024-04-20 16:51:11.279 [warning] git config failed: Failed to execute git
2024-04-20 16:51:27.980 [info] > git config --get commit.template [1ms]
2024-04-20 16:51:27.993 [info] > git for-each-ref --format=%(refname)%00%(upstream:short)%00%(objectname)%00%(upstream:track)%00%(upstream:remotename)%00%(upstream:remoteref) refs/heads/main refs/remotes/main [1ms]
2024-04-20 16:51:28.005 [warning] ENOENT: no such file or directory, open '/workspace/flaskmvc/.git/refs/remotes/origin/main'
2024-04-20 16:51:28.006 [info] > git rev-parse refs/remotes/origin/main [1ms]
2024-04-20 16:51:28.018 [info] > git status -z -uall [2ms]
2024-04-20 16:51:37.077 [info] > git config --get commit.template [12ms]
2024-04-20 16:51:37.077 [info] > git for-each-ref --format=%(refname)%00%(upstream:short)%00%(objectname)%00%(upstream:track)%00%(upstream:remotename)%00%(upstream:remoteref) refs/heads/main refs/remotes/main [1ms]
2024-04-20 16:51:37.085 [warning] ENOENT: no such file or directory, open '/workspace/flaskmvc/.git/refs/remotes/origin/main'
2024-04-20 16:51:37.086 [info] > git rev-parse refs/remotes/origin/main [1ms]
2024-04-20 16:51:37.096 [info] > git status -z -uall [1ms]
2024-04-20 16:51:46.837 [info] > git config --get commit.template [11ms]
2024-04-20 16:51:46.837 [info] > git for-each-ref --format=%(refname)%00%(upstream:short)%00%(objectname)%00%(upstream:track)%00%(upstream:remotename)%00%(upstream:remoteref) refs/heads/main refs/remotes/main [1ms]
2024-04-20 16:51:46.847 [warning] ENOENT: no such file or directory, open '/workspace/flaskmvc/.git/refs/remotes/origin/main'
2024-04-20 16:51:46.848 [info] > git rev-parse refs/remotes/origin/main [1ms]
2024-04-20 16:51:46.860 [info] > git status -z -uall [1ms]
2024-04-20 16:52:21.854 [info] > git config --get commit.template [9ms]
2024-04-20 16:52:21.855 [info] > git for-each-ref --format=%(refname)%00%(upstream:short)%00%(objectname)%00%(upstream:track)%00%(upstream:remotename)%00%(upstream:remoteref) refs/heads/main refs/remotes/main [2ms]
2024-04-20 16:52:21.861 [warning] ENOENT: no such file or directory, open '/workspace/flaskmvc/.git/refs/remotes/origin/main'
2024-04-20 16:52:21.861 [info] > git rev-parse refs/remotes/origin/main [1ms]
2024-04-20 16:52:21.872 [info] > git status -z -uall [2ms]
2024-04-20 16:52:26.897 [info] > git config --get commit.template [12ms]
2024-04-20 16:52:26.897 [info] > git for-each-ref --format=%(refname)%00%(upstream:short)%00%(objectname)%00%(upstream:track)%00%(upstream:remotename)%00%(upstream:remoteref) refs/heads/main refs/remotes/main [1ms]
2024-04-20 16:52:26.909 [warning] ENOENT: no such file or directory, open '/workspace/flaskmvc/.git/refs/remotes/origin/main'
2024-04-20 16:52:26.910 [info] > git rev-parse refs/remotes/origin/main [1ms]
2024-04-20 16:52:26.918 [info] > git status -z -uall [2ms]
2024-04-20 16:52:31.935 [info] > git config --get commit.template [6ms]
2024-04-20 16:52:31.935 [info] > git for-each-ref --format=%(refname)%00%(upstream:short)%00%(objectname)%00%(upstream:track)%00%(upstream:remotename)%00%(upstream:remoteref) refs/heads/main refs/remotes/main [1ms]
2024-04-20 16:52:31.941 [warning] ENOENT: no such file or directory, open '/workspace/flaskmvc/.git/refs/remotes/origin/main'
2024-04-20 16:52:31.942 [info] > git rev-parse refs/remotes/origin/main [1ms]
2024-04-20 16:52:31.949 [info] > git status -z -uall [2ms]
2024-04-20 16:53:52.380 [info] > git config --get commit.template [11ms]
2024-04-20 16:53:52.381 [info] > git for-each-ref --format=%(refname)%00%(upstream:short)%00%(objectname)%00%(upstream:track)%00%(upstream:remotename)%00%(upstream:remoteref) refs/heads/main refs/remotes/main [1ms]
2024-04-20 16:53:52.392 [warning] ENOENT: no such file or directory, open '/workspace/flaskmvc/.git/refs/remotes/origin/main'
2024-04-20 16:53:52.392 [info] > git rev-parse refs/remotes/origin/main [1ms]
2024-04-20 16:53:52.405 [info] > git status -z -uall [2ms]
2024-04-20 16:54:38.982 [info] > git config --get commit.template [7ms]
2024-04-20 16:54:38.983 [info] > git for-each-ref --format=%(refname)%00%(upstream:short)%00%(objectname)%00%(upstream:track)%00%(upstream:remotename)%00%(upstream:remoteref) refs/heads/main refs/remotes/main [1ms]
2024-04-20 16:54:38.989 [warning] ENOENT: no such file or directory, open '/workspace/flaskmvc/.git/refs/remotes/origin/main'
2024-04-20 16:54:38.990 [info] > git rev-parse refs/remotes/origin/main [1ms]
2024-04-20 16:54:38.996 [info] > git status -z -uall [1ms]
2024-04-20 16:56:11.288 [info] > git config --local branch.main.github-pr-owner-number [1ms]
2024-04-20 16:56:11.289 [warning] git config failed: Failed to execute git
2024-04-20 16:58:42.302 [info] > git config --get commit.template [2ms]
2024-04-20 16:58:42.311 [info] > git for-each-ref --format=%(refname)%00%(upstream:short)%00%(objectname)%00%(upstream:track)%00%(upstream:remotename)%00%(upstream:remoteref) refs/heads/main refs/remotes/main [1ms]
2024-04-20 16:58:42.317 [warning] ENOENT: no such file or directory, open '/workspace/flaskmvc/.git/refs/remotes/origin/main'
2024-04-20 16:58:42.318 [info] > git rev-parse refs/remotes/origin/main [1ms]
2024-04-20 16:58:42.326 [info] > git status -z -uall [2ms]
2024-04-20 16:58:51.533 [info] > git config --get commit.template [13ms]
2024-04-20 16:58:51.534 [info] > git for-each-ref --format=%(refname)%00%(upstream:short)%00%(objectname)%00%(upstream:track)%00%(upstream:remotename)%00%(upstream:remoteref) refs/heads/main refs/remotes/main [1ms]
2024-04-20 16:58:51.545 [warning] ENOENT: no such file or directory, open '/workspace/flaskmvc/.git/refs/remotes/origin/main'
2024-04-20 16:58:51.546 [info] > git rev-parse refs/remotes/origin/main [0ms]
2024-04-20 16:58:51.558 [info] > git status -z -uall [1ms]
2024-04-20 16:58:56.575 [info] > git config --get commit.template [6ms]
2024-04-20 16:58:56.575 [info] > git for-each-ref --format=%(refname)%00%(upstream:short)%00%(objectname)%00%(upstream:track)%00%(upstream:remotename)%00%(upstream:remoteref) refs/heads/main refs/remotes/main [1ms]
2024-04-20 16:58:56.581 [warning] ENOENT: no such file or directory, open '/workspace/flaskmvc/.git/refs/remotes/origin/main'
2024-04-20 16:58:56.581 [info] > git rev-parse refs/remotes/origin/main [0ms]
2024-04-20 16:58:56.588 [info] > git status -z -uall [1ms]
2024-04-20 16:59:10.468 [info] > git config --get commit.template [6ms]
2024-04-20 16:59:10.469 [info] > git for-each-ref --format=%(refname)%00%(upstream:short)%00%(objectname)%00%(upstream:track)%00%(upstream:remotename)%00%(upstream:remoteref) refs/heads/main refs/remotes/main [1ms]
2024-04-20 16:59:10.474 [warning] ENOENT: no such file or directory, open '/workspace/flaskmvc/.git/refs/remotes/origin/main'
2024-04-20 16:59:10.475 [info] > git rev-parse refs/remotes/origin/main [1ms]
2024-04-20 16:59:10.486 [info] > git status -z -uall [2ms]
2024-04-20 16:59:15.503 [info] > git config --get commit.template [6ms]
2024-04-20 16:59:15.504 [info] > git for-each-ref --format=%(refname)%00%(upstream:short)%00%(objectname)%00%(upstream:track)%00%(upstream:remotename)%00%(upstream:remoteref) refs/heads/main refs/remotes/main [1ms]
2024-04-20 16:59:15.511 [warning] ENOENT: no such file or directory, open '/workspace/flaskmvc/.git/refs/remotes/origin/main'
2024-04-20 16:59:15.512 [info] > git rev-parse refs/remotes/origin/main [1ms]
2024-04-20 16:59:15.519 [info] > git status -z -uall [1ms]
2024-04-20 16:59:20.536 [info] > git config --get commit.template [6ms]
2024-04-20 16:59:20.537 [info] > git for-each-ref --format=%(refname)%00%(upstream:short)%00%(objectname)%00%(upstream:track)%00%(upstream:remotename)%00%(upstream:remoteref) refs/heads/main refs/remotes/main [1ms]
2024-04-20 16:59:20.543 [warning] ENOENT: no such file or directory, open '/workspace/flaskmvc/.git/refs/remotes/origin/main'
2024-04-20 16:59:20.544 [info] > git rev-parse refs/remotes/origin/main [1ms]
2024-04-20 16:59:20.551 [info] > git status -z -uall [2ms]
2024-04-20 16:59:25.757 [info] > git config --get commit.template [6ms]
2024-04-20 16:59:25.758 [info] > git for-each-ref --format=%(refname)%00%(upstream:short)%00%(objectname)%00%(upstream:track)%00%(upstream:remotename)%00%(upstream:remoteref) refs/heads/main refs/remotes/main [1ms]
2024-04-20 16:59:25.765 [warning] ENOENT: no such file or directory, open '/workspace/flaskmvc/.git/refs/remotes/origin/main'
2024-04-20 16:59:25.766 [info] > git rev-parse refs/remotes/origin/main [1ms]
2024-04-20 16:59:25.772 [info] > git status -z -uall [1ms]
2024-04-20 17:00:01.404 [info] > git config --get commit.template [1ms]
2024-04-20 17:00:01.411 [info] > git for-each-ref --format=%(refname)%00%(upstream:short)%00%(objectname)%00%(upstream:track)%00%(upstream:remotename)%00%(upstream:remoteref) refs/heads/main refs/remotes/main [1ms]
2024-04-20 17:00:01.421 [warning] ENOENT: no such file or directory, open '/workspace/flaskmvc/.git/refs/remotes/origin/main'
2024-04-20 17:00:01.422 [info] > git rev-parse refs/remotes/origin/main [1ms]
2024-04-20 17:00:01.431 [info] > git status -z -uall [2ms]
2024-04-20 17:00:09.859 [info] > git config --get commit.template [7ms]
2024-04-20 17:00:09.860 [info] > git for-each-ref --format=%(refname)%00%(upstream:short)%00%(objectname)%00%(upstream:track)%00%(upstream:remotename)%00%(upstream:remoteref) refs/heads/main refs/remotes/main [2ms]
2024-04-20 17:00:09.866 [warning] ENOENT: no such file or directory, open '/workspace/flaskmvc/.git/refs/remotes/origin/main'
2024-04-20 17:00:09.867 [info] > git rev-parse refs/remotes/origin/main [1ms]
2024-04-20 17:00:09.874 [info] > git status -z -uall [2ms]
2024-04-20 17:00:24.118 [info] > git config --get commit.template [1ms]
2024-04-20 17:00:24.127 [info] > git for-each-ref --format=%(refname)%00%(upstream:short)%00%(objectname)%00%(upstream:track)%00%(upstream:remotename)%00%(upstream:remoteref) refs/heads/main refs/remotes/main [2ms]
2024-04-20 17:00:24.136 [warning] ENOENT: no such file or directory, open '/workspace/flaskmvc/.git/refs/remotes/origin/main'
2024-04-20 17:00:24.137 [info] > git rev-parse refs/remotes/origin/main [1ms]
2024-04-20 17:00:24.147 [info] > git status -z -uall [1ms]
2024-04-20 17:00:29.165 [info] > git config --get commit.template [6ms]
2024-04-20 17:00:29.165 [info] > git for-each-ref --format=%(refname)%00%(upstream:short)%00%(objectname)%00%(upstream:track)%00%(upstream:remotename)%00%(upstream:remoteref) refs/heads/main refs/remotes/main [1ms]
2024-04-20 17:00:29.171 [warning] ENOENT: no such file or directory, open '/workspace/flaskmvc/.git/refs/remotes/origin/main'
2024-04-20 17:00:29.172 [info] > git rev-parse refs/remotes/origin/main [1ms]
2024-04-20 17:00:29.179 [info] > git status -z -uall [2ms]
2024-04-20 17:00:34.196 [info] > git config --get commit.template [7ms]
2024-04-20 17:00:34.197 [info] > git for-each-ref --format=%(refname)%00%(upstream:short)%00%(objectname)%00%(upstream:track)%00%(upstream:remotename)%00%(upstream:remoteref) refs/heads/main refs/remotes/main [2ms]
2024-04-20 17:00:34.203 [warning] ENOENT: no such file or directory, open '/workspace/flaskmvc/.git/refs/remotes/origin/main'
2024-04-20 17:00:34.204 [info] > git rev-parse refs/remotes/origin/main [1ms]
2024-04-20 17:00:34.211 [info] > git status -z -uall [2ms]
2024-04-20 17:00:39.227 [info] > git config --get commit.template [6ms]
2024-04-20 17:00:39.228 [info] > git for-each-ref --format=%(refname)%00%(upstream:short)%00%(objectname)%00%(upstream:track)%00%(upstream:remotename)%00%(upstream:remoteref) refs/heads/main refs/remotes/main [1ms]
2024-04-20 17:00:39.233 [warning] ENOENT: no such file or directory, open '/workspace/flaskmvc/.git/refs/remotes/origin/main'
2024-04-20 17:00:39.234 [info] > git rev-parse refs/remotes/origin/main [1ms]
2024-04-20 17:00:39.242 [info] > git status -z -uall [1ms]
2024-04-20 17:00:55.646 [info] > git show --textconv :App/templates/routine.html [6ms]
2024-04-20 17:00:55.647 [info] > git ls-files --stage -- /workspace/flaskmvc/App/templates/routine.html [1ms]
2024-04-20 17:00:55.653 [info] > git cat-file -s 06b04abdadd21757a40e93691fa7dbbf9d1ffd6a [1ms]
2024-04-20 17:00:58.089 [info] > git show --textconv :App/templates/temp.html [6ms]
2024-04-20 17:00:58.090 [info] > git ls-files --stage -- /workspace/flaskmvc/App/templates/temp.html [1ms]
2024-04-20 17:00:58.098 [info] > git cat-file -s 166ad2db736fbbc1d0113c8bac39df4638a155d8 [1ms]
2024-04-20 17:01:11.298 [info] > git config --local branch.main.github-pr-owner-number [2ms]
2024-04-20 17:01:11.298 [warning] git config failed: Failed to execute git
2024-04-20 17:01:11.612 [info] > git config --get commit.template [6ms]
2024-04-20 17:01:11.613 [info] > git for-each-ref --format=%(refname)%00%(upstream:short)%00%(objectname)%00%(upstream:track)%00%(upstream:remotename)%00%(upstream:remoteref) refs/heads/main refs/remotes/main [1ms]
2024-04-20 17:01:11.619 [warning] ENOENT: no such file or directory, open '/workspace/flaskmvc/.git/refs/remotes/origin/main'
2024-04-20 17:01:11.620 [info] > git rev-parse refs/remotes/origin/main [1ms]
2024-04-20 17:01:11.627 [info] > git status -z -uall [2ms]
2024-04-20 17:01:25.182 [info] > git config --get commit.template [7ms]
2024-04-20 17:01:25.183 [info] > git for-each-ref --format=%(refname)%00%(upstream:short)%00%(objectname)%00%(upstream:track)%00%(upstream:remotename)%00%(upstream:remoteref) refs/heads/main refs/remotes/main [2ms]
2024-04-20 17:01:25.190 [warning] ENOENT: no such file or directory, open '/workspace/flaskmvc/.git/refs/remotes/origin/main'
2024-04-20 17:01:25.191 [info] > git rev-parse refs/remotes/origin/main [1ms]
2024-04-20 17:01:25.199 [info] > git status -z -uall [1ms]
2024-04-20 17:04:41.250 [info] > git config --get commit.template [7ms]
2024-04-20 17:04:41.250 [info] > git for-each-ref --format=%(refname)%00%(upstream:short)%00%(objectname)%00%(upstream:track)%00%(upstream:remotename)%00%(upstream:remoteref) refs/heads/main refs/remotes/main [1ms]
2024-04-20 17:04:41.256 [warning] ENOENT: no such file or directory, open '/workspace/flaskmvc/.git/refs/remotes/origin/main'
2024-04-20 17:04:41.256 [info] > git rev-parse refs/remotes/origin/main [0ms]
2024-04-20 17:04:41.263 [info] > git status -z -uall [1ms]
2024-04-20 17:04:46.283 [info] > git config --get commit.template [7ms]
2024-04-20 17:04:46.284 [info] > git for-each-ref --format=%(refname)%00%(upstream:short)%00%(objectname)%00%(upstream:track)%00%(upstream:remotename)%00%(upstream:remoteref) refs/heads/main refs/remotes/main [2ms]
2024-04-20 17:04:46.289 [warning] ENOENT: no such file or directory, open '/workspace/flaskmvc/.git/refs/remotes/origin/main'
2024-04-20 17:04:46.290 [info] > git rev-parse refs/remotes/origin/main [1ms]
2024-04-20 17:04:46.298 [info] > git status -z -uall [2ms]
2024-04-20 17:06:11.308 [info] > git config --local branch.main.github-pr-owner-number [1ms]
2024-04-20 17:06:11.308 [warning] git config failed: Failed to execute git
2024-04-20 17:07:14.928 [info] > git config --get commit.template [11ms]
2024-04-20 17:07:14.929 [info] > git for-each-ref --format=%(refname)%00%(upstream:short)%00%(objectname)%00%(upstream:track)%00%(upstream:remotename)%00%(upstream:remoteref) refs/heads/main refs/remotes/main [2ms]
2024-04-20 17:07:14.939 [warning] ENOENT: no such file or directory, open '/workspace/flaskmvc/.git/refs/remotes/origin/main'
2024-04-20 17:07:14.940 [info] > git rev-parse refs/remotes/origin/main [1ms]
2024-04-20 17:07:14.952 [info] > git status -z -uall [2ms]
2024-04-20 17:08:04.562 [info] > git config --get commit.template [8ms]
2024-04-20 17:08:04.562 [info] > git for-each-ref --format=%(refname)%00%(upstream:short)%00%(objectname)%00%(upstream:track)%00%(upstream:remotename)%00%(upstream:remoteref) refs/heads/main refs/remotes/main [2ms]
2024-04-20 17:08:04.567 [warning] ENOENT: no such file or directory, open '/workspace/flaskmvc/.git/refs/remotes/origin/main'
2024-04-20 17:08:04.568 [info] > git rev-parse refs/remotes/origin/main [1ms]
2024-04-20 17:08:04.575 [info] > git status -z -uall [2ms]
2024-04-20 17:09:13.150 [info] > git config --get commit.template [9ms]
2024-04-20 17:09:13.151 [info] > git for-each-ref --format=%(refname)%00%(upstream:short)%00%(objectname)%00%(upstream:track)%00%(upstream:remotename)%00%(upstream:remoteref) refs/heads/main refs/remotes/main [2ms]
2024-04-20 17:09:13.157 [warning] ENOENT: no such file or directory, open '/workspace/flaskmvc/.git/refs/remotes/origin/main'
2024-04-20 17:09:13.158 [info] > git rev-parse refs/remotes/origin/main [1ms]
2024-04-20 17:09:13.169 [info] > git status -z -uall [2ms]
2024-04-20 17:10:44.305 [info] > git config --get commit.template [6ms]
2024-04-20 17:10:44.305 [info] > git for-each-ref --format=%(refname)%00%(upstream:short)%00%(objectname)%00%(upstream:track)%00%(upstream:remotename)%00%(upstream:remoteref) refs/heads/main refs/remotes/main [1ms]
2024-04-20 17:10:44.311 [warning] ENOENT: no such file or directory, open '/workspace/flaskmvc/.git/refs/remotes/origin/main'
2024-04-20 17:10:44.311 [info] > git rev-parse refs/remotes/origin/main [0ms]
2024-04-20 17:10:44.320 [info] > git status -z -uall [2ms]
2024-04-20 17:11:11.318 [info] > git config --local branch.main.github-pr-owner-number [1ms]
2024-04-20 17:11:11.318 [warning] git config failed: Failed to execute git
2024-04-20 17:11:11.358 [info] > git config --get commit.template [7ms]
2024-04-20 17:11:11.359 [info] > git for-each-ref --format=%(refname)%00%(upstream:short)%00%(objectname)%00%(upstream:track)%00%(upstream:remotename)%00%(upstream:remoteref) refs/heads/main refs/remotes/main [1ms]
2024-04-20 17:11:11.364 [warning] ENOENT: no such file or directory, open '/workspace/flaskmvc/.git/refs/remotes/origin/main'
2024-04-20 17:11:11.364 [info] > git rev-parse refs/remotes/origin/main [1ms]
2024-04-20 17:11:11.371 [info] > git status -z -uall [1ms]
2024-04-20 17:16:11.328 [info] > git config --local branch.main.github-pr-owner-number [1ms]
2024-04-20 17:16:11.328 [warning] git config failed: Failed to execute git
2024-04-20 17:20:25.406 [info] > git show --textconv :App/templates/index.html [6ms]
2024-04-20 17:20:25.407 [info] > git ls-files --stage -- /workspace/flaskmvc/App/templates/index.html [1ms]
2024-04-20 17:20:25.413 [info] > git cat-file -s 6289597b1c462dced3d180fc5a4b419fc54c32b4 [1ms]
2024-04-20 17:20:31.808 [info] > git show --textconv :App/templates/layout.html [7ms]
2024-04-20 17:20:31.809 [info] > git ls-files --stage -- /workspace/flaskmvc/App/templates/layout.html [2ms]
2024-04-20 17:20:31.815 [info] > git cat-file -s 149d32901a2b1ff97f3fe1417a254616d5891749 [1ms]
2024-04-20 17:20:50.770 [info] > git config --get commit.template [6ms]
2024-04-20 17:20:50.771 [info] > git for-each-ref --format=%(refname)%00%(upstream:short)%00%(objectname)%00%(upstream:track)%00%(upstream:remotename)%00%(upstream:remoteref) refs/heads/main refs/remotes/main [1ms]
2024-04-20 17:20:50.776 [warning] ENOENT: no such file or directory, open '/workspace/flaskmvc/.git/refs/remotes/origin/main'
2024-04-20 17:20:50.777 [info] > git rev-parse refs/remotes/origin/main [1ms]
2024-04-20 17:20:50.784 [info] > git status -z -uall [2ms]
2024-04-20 17:20:52.987 [info] > git show --textconv :App/templates/login.html [7ms]
2024-04-20 17:20:52.988 [info] > git ls-files --stage -- /workspace/flaskmvc/App/templates/login.html [2ms]
2024-04-20 17:20:52.995 [info] > git cat-file -s 57e860fa0cc5a84c2326dbb756196f2254f285d3 [2ms]
2024-04-20 17:20:55.593 [info] > git show --textconv :App/templates/routine.html [6ms]
2024-04-20 17:20:55.594 [info] > git ls-files --stage -- /workspace/flaskmvc/App/templates/routine.html [1ms]
2024-04-20 17:20:55.600 [info] > git cat-file -s 06b04abdadd21757a40e93691fa7dbbf9d1ffd6a [1ms]
2024-04-20 17:21:07.449 [info] > git show --textconv :App/templates/routineview.html [6ms]
2024-04-20 17:21:07.449 [info] > git ls-files --stage -- /workspace/flaskmvc/App/templates/routineview.html [1ms]
2024-04-20 17:21:07.460 [info] > git cat-file -s 232850f512d4df879917046c428263bd07cd226f [2ms]
2024-04-20 17:21:07.975 [info] > git config --get commit.template [7ms]
2024-04-20 17:21:07.975 [info] > git for-each-ref --format=%(refname)%00%(upstream:short)%00%(objectname)%00%(upstream:track)%00%(upstream:remotename)%00%(upstream:remoteref) refs/heads/main refs/remotes/main [1ms]
2024-04-20 17:21:07.981 [warning] ENOENT: no such file or directory, open '/workspace/flaskmvc/.git/refs/remotes/origin/main'
2024-04-20 17:21:07.982 [info] > git rev-parse refs/remotes/origin/main [1ms]
2024-04-20 17:21:07.993 [info] > git status -z -uall [2ms]
2024-04-20 17:21:11.340 [info] > git config --local branch.main.github-pr-owner-number [1ms]
2024-04-20 17:21:11.340 [warning] git config failed: Failed to execute git
2024-04-20 17:21:17.594 [info] > git show --textconv :App/templates/temp.html [7ms]
2024-04-20 17:21:17.594 [info] > git ls-files --stage -- /workspace/flaskmvc/App/templates/temp.html [1ms]
2024-04-20 17:21:17.600 [info] > git cat-file -s 166ad2db736fbbc1d0113c8bac39df4638a155d8 [1ms]
2024-04-20 17:21:17.814 [info] > git config --get commit.template [6ms]
2024-04-20 17:21:17.815 [info] > git for-each-ref --format=%(refname)%00%(upstream:short)%00%(objectname)%00%(upstream:track)%00%(upstream:remotename)%00%(upstream:remoteref) refs/heads/main refs/remotes/main [1ms]
2024-04-20 17:21:17.820 [warning] ENOENT: no such file or directory, open '/workspace/flaskmvc/.git/refs/remotes/origin/main'
2024-04-20 17:21:17.821 [info] > git rev-parse refs/remotes/origin/main [1ms]
2024-04-20 17:21:17.827 [info] > git status -z -uall [1ms]
2024-04-20 17:21:50.357 [info] > git config --get commit.template [6ms]
2024-04-20 17:21:50.358 [info] > git for-each-ref --format=%(refname)%00%(upstream:short)%00%(objectname)%00%(upstream:track)%00%(upstream:remotename)%00%(upstream:remoteref) refs/heads/main refs/remotes/main [2ms]
2024-04-20 17:21:50.363 [warning] ENOENT: no such file or directory, open '/workspace/flaskmvc/.git/refs/remotes/origin/main'
2024-04-20 17:21:50.364 [info] > git rev-parse refs/remotes/origin/main [1ms]
2024-04-20 17:21:50.371 [info] > git status -z -uall [2ms]
2024-04-20 17:21:55.397 [info] > git config --get commit.template [9ms]
2024-04-20 17:21:55.398 [info] > git for-each-ref --format=%(refname)%00%(upstream:short)%00%(objectname)%00%(upstream:track)%00%(upstream:remotename)%00%(upstream:remoteref) refs/heads/main refs/remotes/main [2ms]
2024-04-20 17:21:55.404 [warning] ENOENT: no such file or directory, open '/workspace/flaskmvc/.git/refs/remotes/origin/main'
2024-04-20 17:21:55.405 [info] > git rev-parse refs/remotes/origin/main [1ms]
2024-04-20 17:21:55.412 [info] > git status -z -uall [1ms]
2024-04-20 17:22:00.439 [info] > git config --get commit.template [13ms]
2024-04-20 17:22:00.439 [info] > git for-each-ref --format=%(refname)%00%(upstream:short)%00%(objectname)%00%(upstream:track)%00%(upstream:remotename)%00%(upstream:remoteref) refs/heads/main refs/remotes/main [3ms]
2024-04-20 17:22:00.450 [warning] ENOENT: no such file or directory, open '/workspace/flaskmvc/.git/refs/remotes/origin/main'
2024-04-20 17:22:00.451 [info] > git rev-parse refs/remotes/origin/main [1ms]
2024-04-20 17:22:00.464 [info] > git status -z -uall [2ms]
2024-04-20 17:22:11.870 [info] > git config --get commit.template [7ms]
2024-04-20 17:22:11.870 [info] > git for-each-ref --format=%(refname)%00%(upstream:short)%00%(objectname)%00%(upstream:track)%00%(upstream:remotename)%00%(upstream:remoteref) refs/heads/main refs/remotes/main [1ms]
2024-04-20 17:22:11.876 [warning] ENOENT: no such file or directory, open '/workspace/flaskmvc/.git/refs/remotes/origin/main'
2024-04-20 17:22:11.877 [info] > git rev-parse refs/remotes/origin/main [1ms]
2024-04-20 17:22:11.887 [info] > git status -z -uall [1ms]
2024-04-20 17:22:16.908 [info] > git config --get commit.template [10ms]
2024-04-20 17:22:16.908 [info] > git for-each-ref --format=%(refname)%00%(upstream:short)%00%(objectname)%00%(upstream:track)%00%(upstream:remotename)%00%(upstream:remoteref) refs/heads/main refs/remotes/main [1ms]
2024-04-20 17:22:16.916 [warning] ENOENT: no such file or directory, open '/workspace/flaskmvc/.git/refs/remotes/origin/main'
2024-04-20 17:22:16.917 [info] > git rev-parse refs/remotes/origin/main [1ms]
2024-04-20 17:22:16.924 [info] > git status -z -uall [2ms]
2024-04-20 17:22:23.902 [info] > git config --get commit.template [12ms]
2024-04-20 17:22:23.902 [info] > git for-each-ref --format=%(refname)%00%(upstream:short)%00%(objectname)%00%(upstream:track)%00%(upstream:remotename)%00%(upstream:remoteref) refs/heads/main refs/remotes/main [1ms]
2024-04-20 17:22:23.913 [warning] ENOENT: no such file or directory, open '/workspace/flaskmvc/.git/refs/remotes/origin/main'
2024-04-20 17:22:23.914 [info] > git rev-parse refs/remotes/origin/main [0ms]
2024-04-20 17:22:23.925 [info] > git status -z -uall [1ms]
2024-04-20 17:22:29.584 [info] > git config --get commit.template [7ms]
2024-04-20 17:22:29.585 [info] > git for-each-ref --format=%(refname)%00%(upstream:short)%00%(objectname)%00%(upstream:track)%00%(upstream:remotename)%00%(upstream:remoteref) refs/heads/main refs/remotes/main [1ms]
2024-04-20 17:22:29.591 [warning] ENOENT: no such file or directory, open '/workspace/flaskmvc/.git/refs/remotes/origin/main'
2024-04-20 17:22:29.592 [info] > git rev-parse refs/remotes/origin/main [1ms]
2024-04-20 17:22:29.598 [info] > git status -z -uall [1ms]
2024-04-20 17:22:40.074 [info] > git config --get commit.template [6ms]
2024-04-20 17:22:40.075 [info] > git for-each-ref --format=%(refname)%00%(upstream:short)%00%(objectname)%00%(upstream:track)%00%(upstream:remotename)%00%(upstream:remoteref) refs/heads/main refs/remotes/main [2ms]
2024-04-20 17:22:40.080 [warning] ENOENT: no such file or directory, open '/workspace/flaskmvc/.git/refs/remotes/origin/main'
2024-04-20 17:22:40.081 [info] > git rev-parse refs/remotes/origin/main [1ms]
2024-04-20 17:22:40.087 [info] > git status -z -uall [2ms]
2024-04-20 17:23:53.668 [info] > git config --get commit.template [7ms]
2024-04-20 17:23:53.668 [info] > git for-each-ref --format=%(refname)%00%(upstream:short)%00%(objectname)%00%(upstream:track)%00%(upstream:remotename)%00%(upstream:remoteref) refs/heads/main refs/remotes/main [1ms]
2024-04-20 17:23:53.674 [warning] ENOENT: no such file or directory, open '/workspace/flaskmvc/.git/refs/remotes/origin/main'
2024-04-20 17:23:53.675 [info] > git rev-parse refs/remotes/origin/main [1ms]
2024-04-20 17:23:53.684 [info] > git status -z -uall [2ms]
2024-04-20 17:24:05.767 [info] > git config --get commit.template [11ms]
2024-04-20 17:24:05.768 [info] > git for-each-ref --format=%(refname)%00%(upstream:short)%00%(objectname)%00%(upstream:track)%00%(upstream:remotename)%00%(upstream:remoteref) refs/heads/main refs/remotes/main [1ms]
2024-04-20 17:24:05.778 [warning] ENOENT: no such file or directory, open '/workspace/flaskmvc/.git/refs/remotes/origin/main'
2024-04-20 17:24:05.779 [info] > git rev-parse refs/remotes/origin/main [1ms]
2024-04-20 17:24:05.791 [info] > git status -z -uall [2ms]
2024-04-20 17:24:16.352 [info] > git config --get commit.template [6ms]
2024-04-20 17:24:16.352 [info] > git for-each-ref --format=%(refname)%00%(upstream:short)%00%(objectname)%00%(upstream:track)%00%(upstream:remotename)%00%(upstream:remoteref) refs/heads/main refs/remotes/main [1ms]
2024-04-20 17:24:16.358 [warning] ENOENT: no such file or directory, open '/workspace/flaskmvc/.git/refs/remotes/origin/main'
2024-04-20 17:24:16.358 [info] > git rev-parse refs/remotes/origin/main [0ms]
2024-04-20 17:24:16.365 [info] > git status -z -uall [2ms]
2024-04-20 17:24:21.383 [info] > git config --get commit.template [6ms]
2024-04-20 17:24:21.383 [info] > git for-each-ref --format=%(refname)%00%(upstream:short)%00%(objectname)%00%(upstream:track)%00%(upstream:remotename)%00%(upstream:remoteref) refs/heads/main refs/remotes/main [1ms]
2024-04-20 17:24:21.389 [warning] ENOENT: no such file or directory, open '/workspace/flaskmvc/.git/refs/remotes/origin/main'
2024-04-20 17:24:21.390 [info] > git rev-parse refs/remotes/origin/main [0ms]
2024-04-20 17:24:21.397 [info] > git status -z -uall [2ms]
2024-04-20 17:24:26.421 [info] > git config --get commit.template [11ms]
2024-04-20 17:24:26.421 [info] > git for-each-ref --format=%(refname)%00%(upstream:short)%00%(objectname)%00%(upstream:track)%00%(upstream:remotename)%00%(upstream:remoteref) refs/heads/main refs/remotes/main [1ms]
2024-04-20 17:24:26.431 [warning] ENOENT: no such file or directory, open '/workspace/flaskmvc/.git/refs/remotes/origin/main'
2024-04-20 17:24:26.432 [info] > git rev-parse refs/remotes/origin/main [1ms]
2024-04-20 17:24:26.444 [info] > git status -z -uall [2ms]
2024-04-20 17:24:33.930 [info] > git config --get commit.template [10ms]
2024-04-20 17:24:33.931 [info] > git for-each-ref --format=%(refname)%00%(upstream:short)%00%(objectname)%00%(upstream:track)%00%(upstream:remotename)%00%(upstream:remoteref) refs/heads/main refs/remotes/main [1ms]
2024-04-20 17:24:33.938 [warning] ENOENT: no such file or directory, open '/workspace/flaskmvc/.git/refs/remotes/origin/main'
2024-04-20 17:24:33.939 [info] > git rev-parse refs/remotes/origin/main [1ms]
2024-04-20 17:24:33.946 [info] > git status -z -uall [1ms]
2024-04-20 17:24:35.205 [info] > git show --textconv :App/templates/routine.html [11ms]
2024-04-20 17:24:35.206 [info] > git ls-files --stage -- /workspace/flaskmvc/App/templates/routine.html [1ms]
2024-04-20 17:24:35.219 [info] > git cat-file -s 06b04abdadd21757a40e93691fa7dbbf9d1ffd6a [1ms]
2024-04-20 17:24:50.674 [info] > git config --get commit.template [7ms]
2024-04-20 17:24:50.674 [info] > git for-each-ref --format=%(refname)%00%(upstream:short)%00%(objectname)%00%(upstream:track)%00%(upstream:remotename)%00%(upstream:remoteref) refs/heads/main refs/remotes/main [1ms]
2024-04-20 17:24:50.680 [warning] ENOENT: no such file or directory, open '/workspace/flaskmvc/.git/refs/remotes/origin/main'
2024-04-20 17:24:50.681 [info] > git rev-parse refs/remotes/origin/main [1ms]
2024-04-20 17:24:50.690 [info] > git status -z -uall [2ms]
2024-04-20 17:24:57.247 [info] > git show --textconv :App/templates/routineview.html [6ms]
2024-04-20 17:24:57.247 [info] > git ls-files --stage -- /workspace/flaskmvc/App/templates/routineview.html [1ms]
2024-04-20 17:24:57.254 [info] > git cat-file -s 232850f512d4df879917046c428263bd07cd226f [2ms]
2024-04-20 17:25:02.501 [info] > git show --textconv :App/templates/layout.html [6ms]
2024-04-20 17:25:02.502 [info] > git ls-files --stage -- /workspace/flaskmvc/App/templates/layout.html [1ms]
2024-04-20 17:25:02.508 [info] > git cat-file -s 149d32901a2b1ff97f3fe1417a254616d5891749 [1ms]
2024-04-20 17:25:02.596 [info] > git config --get commit.template [6ms]
2024-04-20 17:25:02.597 [info] > git for-each-ref --format=%(refname)%00%(upstream:short)%00%(objectname)%00%(upstream:track)%00%(upstream:remotename)%00%(upstream:remoteref) refs/heads/main refs/remotes/main [2ms]
2024-04-20 17:25:02.603 [warning] ENOENT: no such file or directory, open '/workspace/flaskmvc/.git/refs/remotes/origin/main'
2024-04-20 17:25:02.604 [info] > git rev-parse refs/remotes/origin/main [1ms]
2024-04-20 17:25:02.611 [info] > git status -z -uall [2ms]
2024-04-20 17:26:11.350 [info] > git config --local branch.main.github-pr-owner-number [1ms]
2024-04-20 17:26:11.350 [warning] git config failed: Failed to execute git
2024-04-20 17:26:13.182 [info] > git check-ignore -v -z --stdin [1ms]
2024-04-20 17:26:32.250 [info] > git check-ignore -v -z --stdin [1ms]
2024-04-20 17:26:35.909 [info] > git show --textconv :App/views/workout.py [12ms]
2024-04-20 17:26:35.910 [info] > git ls-files --stage -- /workspace/flaskmvc/App/views/workout.py [1ms]
2024-04-20 17:26:35.922 [info] > git cat-file -s 45db965f0404098389d2dc26aefaac791631c1cb [2ms]
2024-04-20 17:26:53.138 [info] > git check-ignore -v -z --stdin [1ms]
2024-04-20 17:26:53.158 [info] > git show --textconv :App/views/routine.py [5ms]
2024-04-20 17:26:53.159 [info] > git ls-files --stage -- /workspace/flaskmvc/App/views/routine.py [1ms]
2024-04-20 17:26:53.421 [info] > git config --get commit.template [7ms]
2024-04-20 17:26:53.422 [info] > git for-each-ref --format=%(refname)%00%(upstream:short)%00%(objectname)%00%(upstream:track)%00%(upstream:remotename)%00%(upstream:remoteref) refs/heads/main refs/remotes/main [1ms]
2024-04-20 17:26:53.427 [warning] ENOENT: no such file or directory, open '/workspace/flaskmvc/.git/refs/remotes/origin/main'
2024-04-20 17:26:53.428 [info] > git rev-parse refs/remotes/origin/main [1ms]
2024-04-20 17:26:53.437 [info] > git status -z -uall [2ms]
2024-04-20 17:26:57.080 [info] > git show --textconv :App/views/index.py [6ms]
2024-04-20 17:26:57.081 [info] > git ls-files --stage -- /workspace/flaskmvc/App/views/index.py [1ms]
2024-04-20 17:26:57.087 [info] > git cat-file -s 872ead21279dc8de8edde71009a1a2cf612693eb [1ms]
2024-04-20 17:26:58.987 [info] > git show --textconv :App/views/exercise.py [10ms]
2024-04-20 17:26:58.988 [info] > git ls-files --stage -- /workspace/flaskmvc/App/views/exercise.py [2ms]
2024-04-20 17:26:58.999 [info] > git cat-file -s 941200d0b9724819987bd7f1c64231da18a87f28 [1ms]
2024-04-20 17:27:08.102 [info] > git config --get commit.template [7ms]
2024-04-20 17:27:08.102 [info] > git for-each-ref --format=%(refname)%00%(upstream:short)%00%(objectname)%00%(upstream:track)%00%(upstream:remotename)%00%(upstream:remoteref) refs/heads/main refs/remotes/main [1ms]
2024-04-20 17:27:08.107 [warning] ENOENT: no such file or directory, open '/workspace/flaskmvc/.git/refs/remotes/origin/main'
2024-04-20 17:27:08.108 [info] > git rev-parse refs/remotes/origin/main [1ms]
2024-04-20 17:27:08.115 [info] > git status -z -uall [2ms]
2024-04-20 17:27:16.606 [info] > git config --get commit.template [9ms]
2024-04-20 17:27:16.607 [info] > git for-each-ref --format=%(refname)%00%(upstream:short)%00%(objectname)%00%(upstream:track)%00%(upstream:remotename)%00%(upstream:remoteref) refs/heads/main refs/remotes/main [2ms]
2024-04-20 17:27:16.612 [warning] ENOENT: no such file or directory, open '/workspace/flaskmvc/.git/refs/remotes/origin/main'
2024-04-20 17:27:16.613 [info] > git rev-parse refs/remotes/origin/main [1ms]
2024-04-20 17:27:16.623 [info] > git status -z -uall [1ms]
2024-04-20 17:27:24.058 [info] > git config --get commit.template [9ms]
2024-04-20 17:27:24.059 [info] > git for-each-ref --format=%(refname)%00%(upstream:short)%00%(objectname)%00%(upstream:track)%00%(upstream:remotename)%00%(upstream:remoteref) refs/heads/main refs/remotes/main [1ms]
2024-04-20 17:27:24.067 [warning] ENOENT: no such file or directory, open '/workspace/flaskmvc/.git/refs/remotes/origin/main'
2024-04-20 17:27:24.068 [info] > git rev-parse refs/remotes/origin/main [1ms]
2024-04-20 17:27:24.079 [info] > git status -z -uall [2ms]
2024-04-20 17:27:35.886 [info] > git show --textconv :App/views/auth.py [6ms]
2024-04-20 17:27:35.886 [info] > git ls-files --stage -- /workspace/flaskmvc/App/views/auth.py [1ms]
2024-04-20 17:27:35.893 [info] > git cat-file -s ffff3b0c8448b5c4f233391e340333843852f170 [1ms]
2024-04-20 17:28:44.221 [info] > git show --textconv :App/main.py [6ms]
2024-04-20 17:28:44.222 [info] > git ls-files --stage -- /workspace/flaskmvc/App/main.py [1ms]
2024-04-20 17:28:44.228 [info] > git cat-file -s 08344ad2808c63579aa968230c6afe6489b77b13 [1ms]
2024-04-20 17:29:34.183 [info] > git config --get commit.template [7ms]
2024-04-20 17:29:34.184 [info] > git for-each-ref --format=%(refname)%00%(upstream:short)%00%(objectname)%00%(upstream:track)%00%(upstream:remotename)%00%(upstream:remoteref) refs/heads/main refs/remotes/main [1ms]
2024-04-20 17:29:34.189 [warning] ENOENT: no such file or directory, open '/workspace/flaskmvc/.git/refs/remotes/origin/main'
2024-04-20 17:29:34.190 [info] > git rev-parse refs/remotes/origin/main [1ms]
2024-04-20 17:29:34.197 [info] > git status -z -uall [1ms]
2024-04-20 17:29:39.222 [info] > git config --get commit.template [12ms]
2024-04-20 17:29:39.222 [info] > git for-each-ref --format=%(refname)%00%(upstream:short)%00%(objectname)%00%(upstream:track)%00%(upstream:remotename)%00%(upstream:remoteref) refs/heads/main refs/remotes/main [2ms]
2024-04-20 17:29:39.233 [warning] ENOENT: no such file or directory, open '/workspace/flaskmvc/.git/refs/remotes/origin/main'
2024-04-20 17:29:39.233 [info] > git rev-parse refs/remotes/origin/main [1ms]
2024-04-20 17:29:39.245 [info] > git status -z -uall [2ms]
2024-04-20 17:29:44.262 [info] > git config --get commit.template [7ms]
2024-04-20 17:29:44.262 [info] > git for-each-ref --format=%(refname)%00%(upstream:short)%00%(objectname)%00%(upstream:track)%00%(upstream:remotename)%00%(upstream:remoteref) refs/heads/main refs/remotes/main [2ms]
2024-04-20 17:29:44.268 [warning] ENOENT: no such file or directory, open '/workspace/flaskmvc/.git/refs/remotes/origin/main'
2024-04-20 17:29:44.269 [info] > git rev-parse refs/remotes/origin/main [0ms]
2024-04-20 17:29:44.275 [info] > git status -z -uall [1ms]
2024-04-20 17:29:49.291 [info] > git config --get commit.template [6ms]
2024-04-20 17:29:49.292 [info] > git for-each-ref --format=%(refname)%00%(upstream:short)%00%(objectname)%00%(upstream:track)%00%(upstream:remotename)%00%(upstream:remoteref) refs/heads/main refs/remotes/main [2ms]
2024-04-20 17:29:49.297 [warning] ENOENT: no such file or directory, open '/workspace/flaskmvc/.git/refs/remotes/origin/main'
2024-04-20 17:29:49.298 [info] > git rev-parse refs/remotes/origin/main [1ms]
2024-04-20 17:29:49.304 [info] > git status -z -uall [1ms]
2024-04-20 17:29:59.503 [info] > git config --get commit.template [7ms]
2024-04-20 17:29:59.504 [info] > git for-each-ref --format=%(refname)%00%(upstream:short)%00%(objectname)%00%(upstream:track)%00%(upstream:remotename)%00%(upstream:remoteref) refs/heads/main refs/remotes/main [2ms]
2024-04-20 17:29:59.509 [warning] ENOENT: no such file or directory, open '/workspace/flaskmvc/.git/refs/remotes/origin/main'
2024-04-20 17:29:59.510 [info] > git rev-parse refs/remotes/origin/main [1ms]
2024-04-20 17:29:59.517 [info] > git status -z -uall [2ms]
2024-04-20 17:30:32.672 [info] > git show --textconv :App/views/exercise.py [6ms]
2024-04-20 17:30:32.673 [info] > git ls-files --stage -- /workspace/flaskmvc/App/views/exercise.py [1ms]
2024-04-20 17:30:32.679 [info] > git cat-file -s 941200d0b9724819987bd7f1c64231da18a87f28 [1ms]
2024-04-20 17:30:32.892 [info] > git config --get commit.template [6ms]
2024-04-20 17:30:32.892 [info] > git for-each-ref --format=%(refname)%00%(upstream:short)%00%(objectname)%00%(upstream:track)%00%(upstream:remotename)%00%(upstream:remoteref) refs/heads/main refs/remotes/main [1ms]
2024-04-20 17:30:32.898 [warning] ENOENT: no such file or directory, open '/workspace/flaskmvc/.git/refs/remotes/origin/main'
2024-04-20 17:30:32.899 [info] > git rev-parse refs/remotes/origin/main [0ms]
2024-04-20 17:30:32.906 [info] > git status -z -uall [2ms]
2024-04-20 17:30:48.823 [info] > git config --get commit.template [12ms]
2024-04-20 17:30:48.824 [info] > git for-each-ref --format=%(refname)%00%(upstream:short)%00%(objectname)%00%(upstream:track)%00%(upstream:remotename)%00%(upstream:remoteref) refs/heads/main refs/remotes/main [2ms]
2024-04-20 17:30:48.834 [warning] ENOENT: no such file or directory, open '/workspace/flaskmvc/.git/refs/remotes/origin/main'
2024-04-20 17:30:48.835 [info] > git rev-parse refs/remotes/origin/main [1ms]
2024-04-20 17:30:48.847 [info] > git status -z -uall [1ms]
2024-04-20 17:31:03.103 [info] > git config --get commit.template [6ms]
2024-04-20 17:31:03.103 [info] > git for-each-ref --format=%(refname)%00%(upstream:short)%00%(objectname)%00%(upstream:track)%00%(upstream:remotename)%00%(upstream:remoteref) refs/heads/main refs/remotes/main [1ms]
2024-04-20 17:31:03.109 [warning] ENOENT: no such file or directory, open '/workspace/flaskmvc/.git/refs/remotes/origin/main'
2024-04-20 17:31:03.110 [info] > git rev-parse refs/remotes/origin/main [1ms]
2024-04-20 17:31:03.116 [info] > git status -z -uall [1ms]
2024-04-20 17:31:11.362 [info] > git config --local branch.main.github-pr-owner-number [1ms]
2024-04-20 17:31:11.362 [warning] git config failed: Failed to execute git
2024-04-20 17:31:18.080 [info] > git config --get commit.template [6ms]
2024-04-20 17:31:18.080 [info] > git for-each-ref --format=%(refname)%00%(upstream:short)%00%(objectname)%00%(upstream:track)%00%(upstream:remotename)%00%(upstream:remoteref) refs/heads/main refs/remotes/main [1ms]
2024-04-20 17:31:18.086 [warning] ENOENT: no such file or directory, open '/workspace/flaskmvc/.git/refs/remotes/origin/main'
2024-04-20 17:31:18.087 [info] > git rev-parse refs/remotes/origin/main [1ms]
2024-04-20 17:31:18.095 [info] > git status -z -uall [2ms]
2024-04-20 17:31:23.111 [info] > git config --get commit.template [6ms]
2024-04-20 17:31:23.111 [info] > git for-each-ref --format=%(refname)%00%(upstream:short)%00%(objectname)%00%(upstream:track)%00%(upstream:remotename)%00%(upstream:remoteref) refs/heads/main refs/remotes/main [1ms]
2024-04-20 17:31:23.118 [warning] ENOENT: no such file or directory, open '/workspace/flaskmvc/.git/refs/remotes/origin/main'
2024-04-20 17:31:23.119 [info] > git rev-parse refs/remotes/origin/main [1ms]
2024-04-20 17:31:23.127 [info] > git status -z -uall [1ms]
2024-04-20 17:31:38.927 [info] > git config --get commit.template [7ms]
2024-04-20 17:31:38.927 [info] > git for-each-ref --format=%(refname)%00%(upstream:short)%00%(objectname)%00%(upstream:track)%00%(upstream:remotename)%00%(upstream:remoteref) refs/heads/main refs/remotes/main [1ms]
2024-04-20 17:31:38.933 [warning] ENOENT: no such file or directory, open '/workspace/flaskmvc/.git/refs/remotes/origin/main'
2024-04-20 17:31:38.934 [info] > git rev-parse refs/remotes/origin/main [1ms]
2024-04-20 17:31:38.942 [info] > git status -z -uall [1ms]
2024-04-20 17:32:16.202 [info] > git show --textconv :App/main.py [6ms]
2024-04-20 17:32:16.203 [info] > git ls-files --stage -- /workspace/flaskmvc/App/main.py [1ms]
2024-04-20 17:32:16.209 [info] > git cat-file -s 08344ad2808c63579aa968230c6afe6489b77b13 [1ms]
2024-04-20 17:32:19.590 [info] > git config --get commit.template [6ms]
2024-04-20 17:32:19.591 [info] > git for-each-ref --format=%(refname)%00%(upstream:short)%00%(objectname)%00%(upstream:track)%00%(upstream:remotename)%00%(upstream:remoteref) refs/heads/main refs/remotes/main [1ms]
2024-04-20 17:32:19.597 [warning] ENOENT: no such file or directory, open '/workspace/flaskmvc/.git/refs/remotes/origin/main'
2024-04-20 17:32:19.597 [info] > git rev-parse refs/remotes/origin/main [0ms]
2024-04-20 17:32:19.604 [info] > git status -z -uall [2ms]
2024-04-20 17:32:27.935 [info] > git config --get commit.template [11ms]
2024-04-20 17:32:27.935 [info] > git for-each-ref --format=%(refname)%00%(upstream:short)%00%(objectname)%00%(upstream:track)%00%(upstream:remotename)%00%(upstream:remoteref) refs/heads/main refs/remotes/main [1ms]
2024-04-20 17:32:27.946 [warning] ENOENT: no such file or directory, open '/workspace/flaskmvc/.git/refs/remotes/origin/main'
2024-04-20 17:32:27.947 [info] > git rev-parse refs/remotes/origin/main [1ms]
2024-04-20 17:32:27.960 [info] > git status -z -uall [2ms]
2024-04-20 17:32:30.345 [info] > git show --textconv :App/views/workout.py [6ms]
2024-04-20 17:32:30.346 [info] > git ls-files --stage -- /workspace/flaskmvc/App/views/workout.py [1ms]
2024-04-20 17:32:30.352 [info] > git cat-file -s 45db965f0404098389d2dc26aefaac791631c1cb [1ms]
2024-04-20 17:32:32.977 [info] > git config --get commit.template [6ms]
2024-04-20 17:32:32.977 [info] > git for-each-ref --format=%(refname)%00%(upstream:short)%00%(objectname)%00%(upstream:track)%00%(upstream:remotename)%00%(upstream:remoteref) refs/heads/main refs/remotes/main [1ms]
2024-04-20 17:32:32.983 [warning] ENOENT: no such file or directory, open '/workspace/flaskmvc/.git/refs/remotes/origin/main'
2024-04-20 17:32:32.984 [info] > git rev-parse refs/remotes/origin/main [0ms]
2024-04-20 17:32:32.990 [info] > git status -z -uall [2ms]
2024-04-20 17:32:38.010 [info] > git config --get commit.template [10ms]
2024-04-20 17:32:38.011 [info] > git for-each-ref --format=%(refname)%00%(upstream:short)%00%(objectname)%00%(upstream:track)%00%(upstream:remotename)%00%(upstream:remoteref) refs/heads/main refs/remotes/main [2ms]
2024-04-20 17:32:38.021 [warning] ENOENT: no such file or directory, open '/workspace/flaskmvc/.git/refs/remotes/origin/main'
2024-04-20 17:32:38.022 [info] > git rev-parse refs/remotes/origin/main [1ms]
2024-04-20 17:32:38.034 [info] > git status -z -uall [2ms]
2024-04-20 17:32:43.059 [info] > git config --get commit.template [11ms]
2024-04-20 17:32:43.059 [info] > git for-each-ref --format=%(refname)%00%(upstream:short)%00%(objectname)%00%(upstream:track)%00%(upstream:remotename)%00%(upstream:remoteref) refs/heads/main refs/remotes/main [1ms]
2024-04-20 17:32:43.070 [warning] ENOENT: no such file or directory, open '/workspace/flaskmvc/.git/refs/remotes/origin/main'
2024-04-20 17:32:43.072 [info] > git rev-parse refs/remotes/origin/main [2ms]
2024-04-20 17:32:43.084 [info] > git status -z -uall [2ms]
2024-04-20 17:32:48.100 [info] > git config --get commit.template [6ms]
2024-04-20 17:32:48.101 [info] > git for-each-ref --format=%(refname)%00%(upstream:short)%00%(objectname)%00%(upstream:track)%00%(upstream:remotename)%00%(upstream:remoteref) refs/heads/main refs/remotes/main [1ms]
2024-04-20 17:32:48.106 [warning] ENOENT: no such file or directory, open '/workspace/flaskmvc/.git/refs/remotes/origin/main'
2024-04-20 17:32:48.107 [info] > git rev-parse refs/remotes/origin/main [1ms]
2024-04-20 17:32:48.114 [info] > git status -z -uall [2ms]
2024-04-20 17:32:53.192 [info] > git config --get commit.template [1ms]
2024-04-20 17:32:53.199 [info] > git for-each-ref --format=%(refname)%00%(upstream:short)%00%(objectname)%00%(upstream:track)%00%(upstream:remotename)%00%(upstream:remoteref) refs/heads/main refs/remotes/main [2ms]
2024-04-20 17:32:53.204 [warning] ENOENT: no such file or directory, open '/workspace/flaskmvc/.git/refs/remotes/origin/main'
2024-04-20 17:32:53.205 [info] > git rev-parse refs/remotes/origin/main [1ms]
2024-04-20 17:32:53.212 [info] > git status -z -uall [2ms]
2024-04-20 17:32:58.229 [info] > git config --get commit.template [7ms]
2024-04-20 17:32:58.230 [info] > git for-each-ref --format=%(refname)%00%(upstream:short)%00%(objectname)%00%(upstream:track)%00%(upstream:remotename)%00%(upstream:remoteref) refs/heads/main refs/remotes/main [2ms]
2024-04-20 17:32:58.235 [warning] ENOENT: no such file or directory, open '/workspace/flaskmvc/.git/refs/remotes/origin/main'
2024-04-20 17:32:58.236 [info] > git rev-parse refs/remotes/origin/main [1ms]
2024-04-20 17:32:58.244 [info] > git status -z -uall [2ms]
2024-04-20 17:33:03.260 [info] > git config --get commit.template [6ms]
2024-04-20 17:33:03.261 [info] > git for-each-ref --format=%(refname)%00%(upstream:short)%00%(objectname)%00%(upstream:track)%00%(upstream:remotename)%00%(upstream:remoteref) refs/heads/main refs/remotes/main [2ms]
2024-04-20 17:33:03.266 [warning] ENOENT: no such file or directory, open '/workspace/flaskmvc/.git/refs/remotes/origin/main'
2024-04-20 17:33:03.267 [info] > git rev-parse refs/remotes/origin/main [1ms]
2024-04-20 17:33:03.274 [info] > git status -z -uall [1ms]
2024-04-20 17:33:05.863 [info] > git ls-files --stage -- /workspace/flaskmvc/App/main.py [9ms]
2024-04-20 17:33:05.873 [info] > git ls-files --stage -- /workspace/flaskmvc/App/views/exercise.py [25ms]
2024-04-20 17:33:05.882 [info] > git cat-file -s 08344ad2808c63579aa968230c6afe6489b77b13 [9ms]
2024-04-20 17:33:05.882 [info] > git ls-files --stage -- /workspace/flaskmvc/App/views/workout.py [20ms]
2024-04-20 17:33:05.888 [info] > git cat-file -s 941200d0b9724819987bd7f1c64231da18a87f28 [7ms]
2024-04-20 17:33:05.888 [info] > git cat-file -s 45db965f0404098389d2dc26aefaac791631c1cb [1ms]
2024-04-20 17:33:06.028 [info] > git show --textconv :App/main.py [12ms]
2024-04-20 17:33:06.028 [info] > git show --textconv :App/views/exercise.py [6ms]
2024-04-20 17:33:06.029 [info] > git show --textconv :App/views/workout.py [2ms]
2024-04-20 17:33:09.009 [info] > git config --get commit.template [10ms]
2024-04-20 17:33:09.010 [info] > git for-each-ref --format=%(refname)%00%(upstream:short)%00%(objectname)%00%(upstream:track)%00%(upstream:remotename)%00%(upstream:remoteref) refs/heads/main refs/remotes/main [1ms]
2024-04-20 17:33:09.020 [warning] ENOENT: no such file or directory, open '/workspace/flaskmvc/.git/refs/remotes/origin/main'
2024-04-20 17:33:09.021 [info] > git rev-parse refs/remotes/origin/main [1ms]
2024-04-20 17:33:09.033 [info] > git status -z -uall [2ms]
2024-04-20 17:33:38.975 [info] > git show --textconv :App/views/exercise.py [10ms]
2024-04-20 17:33:38.976 [info] > git ls-files --stage -- /workspace/flaskmvc/App/views/exercise.py [1ms]
2024-04-20 17:33:38.987 [info] > git cat-file -s 941200d0b9724819987bd7f1c64231da18a87f28 [1ms]
2024-04-20 17:33:41.081 [info] > git show --textconv :App/templates/routine.html [6ms]
2024-04-20 17:33:41.082 [info] > git ls-files --stage -- /workspace/flaskmvc/App/templates/routine.html [1ms]
2024-04-20 17:33:41.088 [info] > git cat-file -s 06b04abdadd21757a40e93691fa7dbbf9d1ffd6a [1ms]
2024-04-20 17:33:43.628 [info] > git show --textconv :App/templates/temp.html [6ms]
2024-04-20 17:33:43.629 [info] > git ls-files --stage -- /workspace/flaskmvc/App/templates/temp.html [1ms]
2024-04-20 17:33:43.636 [info] > git cat-file -s 166ad2db736fbbc1d0113c8bac39df4638a155d8 [2ms]
2024-04-20 17:34:36.720 [info] > git config --get commit.template [6ms]
2024-04-20 17:34:36.720 [info] > git for-each-ref --format=%(refname)%00%(upstream:short)%00%(objectname)%00%(upstream:track)%00%(upstream:remotename)%00%(upstream:remoteref) refs/heads/main refs/remotes/main [1ms]
2024-04-20 17:34:36.726 [warning] ENOENT: no such file or directory, open '/workspace/flaskmvc/.git/refs/remotes/origin/main'
2024-04-20 17:34:36.727 [info] > git rev-parse refs/remotes/origin/main [1ms]
2024-04-20 17:34:36.734 [info] > git status -z -uall [1ms]
2024-04-20 17:34:45.479 [info] > git check-ignore -v -z --stdin [1ms]
2024-04-20 17:34:58.330 [info] > git check-ignore -v -z --stdin [1ms]
2024-04-20 17:35:05.755 [info] > git check-ignore -v -z --stdin [2ms]
2024-04-20 17:35:15.637 [info] > git check-ignore -v -z --stdin [1ms]
2024-04-20 17:35:30.744 [info] > git show --textconv :App/static/main.js [12ms]
2024-04-20 17:35:30.744 [info] > git ls-files --stage -- /workspace/flaskmvc/App/static/main.js [1ms]
2024-04-20 17:35:30.756 [info] > git cat-file -s 8e195636816519f94a174c523cf4134a0d5fb58a [1ms]
2024-04-20 17:35:42.447 [info] > git for-each-ref --format=%(refname)%00%(upstream:short)%00%(objectname)%00%(upstream:track)%00%(upstream:remotename)%00%(upstream:remoteref) refs/heads/main refs/remotes/main [2ms]
2024-04-20 17:35:42.447 [info] > git config --get commit.template [7ms]
2024-04-20 17:35:42.454 [warning] ENOENT: no such file or directory, open '/workspace/flaskmvc/.git/refs/remotes/origin/main'
2024-04-20 17:35:42.455 [info] > git rev-parse refs/remotes/origin/main [0ms]
2024-04-20 17:35:42.461 [info] > git status -z -uall [1ms]
2024-04-20 17:35:47.486 [info] > git config --get commit.template [11ms]
2024-04-20 17:35:47.487 [info] > git for-each-ref --format=%(refname)%00%(upstream:short)%00%(objectname)%00%(upstream:track)%00%(upstream:remotename)%00%(upstream:remoteref) refs/heads/main refs/remotes/main [1ms]
2024-04-20 17:35:47.497 [warning] ENOENT: no such file or directory, open '/workspace/flaskmvc/.git/refs/remotes/origin/main'
2024-04-20 17:35:47.498 [info] > git rev-parse refs/remotes/origin/main [1ms]
2024-04-20 17:35:47.510 [info] > git status -z -uall [1ms]
2024-04-20 17:35:58.290 [info] > git config --get commit.template [6ms]
2024-04-20 17:35:58.290 [info] > git for-each-ref --format=%(refname)%00%(upstream:short)%00%(objectname)%00%(upstream:track)%00%(upstream:remotename)%00%(upstream:remoteref) refs/heads/main refs/remotes/main [1ms]
2024-04-20 17:35:58.295 [warning] ENOENT: no such file or directory, open '/workspace/flaskmvc/.git/refs/remotes/origin/main'
2024-04-20 17:35:58.296 [info] > git rev-parse refs/remotes/origin/main [1ms]
2024-04-20 17:35:58.303 [info] > git status -z -uall [1ms]
2024-04-20 17:36:11.374 [info] > git config --local branch.main.github-pr-owner-number [1ms]
2024-04-20 17:36:11.375 [warning] git config failed: Failed to execute git
2024-04-20 17:36:15.687 [info] > git config --get commit.template [11ms]
2024-04-20 17:36:15.688 [info] > git for-each-ref --format=%(refname)%00%(upstream:short)%00%(objectname)%00%(upstream:track)%00%(upstream:remotename)%00%(upstream:remoteref) refs/heads/main refs/remotes/main [1ms]
2024-04-20 17:36:15.698 [warning] ENOENT: no such file or directory, open '/workspace/flaskmvc/.git/refs/remotes/origin/main'
2024-04-20 17:36:15.699 [info] > git rev-parse refs/remotes/origin/main [1ms]
2024-04-20 17:36:15.711 [info] > git status -z -uall [2ms]
2024-04-20 17:36:20.777 [info] > git config --get commit.template [9ms]
2024-04-20 17:36:20.778 [info] > git for-each-ref --format=%(refname)%00%(upstream:short)%00%(objectname)%00%(upstream:track)%00%(upstream:remotename)%00%(upstream:remoteref) refs/heads/main refs/remotes/main [2ms]
2024-04-20 17:36:20.788 [warning] ENOENT: no such file or directory, open '/workspace/flaskmvc/.git/refs/remotes/origin/main'
2024-04-20 17:36:20.789 [info] > git rev-parse refs/remotes/origin/main [1ms]
2024-04-20 17:36:20.801 [info] > git status -z -uall [2ms]
2024-04-20 17:36:25.823 [info] > git config --get commit.template [11ms]
2024-04-20 17:36:25.824 [info] > git for-each-ref --format=%(refname)%00%(upstream:short)%00%(objectname)%00%(upstream:track)%00%(upstream:remotename)%00%(upstream:remoteref) refs/heads/main refs/remotes/main [2ms]
2024-04-20 17:36:25.834 [warning] ENOENT: no such file or directory, open '/workspace/flaskmvc/.git/refs/remotes/origin/main'
2024-04-20 17:36:25.835 [info] > git rev-parse refs/remotes/origin/main [1ms]
2024-04-20 17:36:25.847 [info] > git status -z -uall [2ms]
2024-04-20 17:36:48.281 [info] > git show --textconv :App/main.py [14ms]
2024-04-20 17:36:48.281 [info] > git ls-files --stage -- /workspace/flaskmvc/App/main.py [1ms]
2024-04-20 17:36:48.293 [info] > git cat-file -s 08344ad2808c63579aa968230c6afe6489b77b13 [1ms]
2024-04-20 17:37:19.685 [info] > git show --textconv :App/templates/routine.html [6ms]
2024-04-20 17:37:19.686 [info] > git ls-files --stage -- /workspace/flaskmvc/App/templates/routine.html [1ms]
2024-04-20 17:37:19.693 [info] > git cat-file -s 06b04abdadd21757a40e93691fa7dbbf9d1ffd6a [2ms]
2024-04-20 17:39:06.456 [info] > git config --get commit.template [10ms]
2024-04-20 17:39:06.457 [info] > git for-each-ref --format=%(refname)%00%(upstream:short)%00%(objectname)%00%(upstream:track)%00%(upstream:remotename)%00%(upstream:remoteref) refs/heads/main refs/remotes/main [2ms]
2024-04-20 17:39:06.463 [warning] ENOENT: no such file or directory, open '/workspace/flaskmvc/.git/refs/remotes/origin/main'
2024-04-20 17:39:06.464 [info] > git rev-parse refs/remotes/origin/main [2ms]
2024-04-20 17:39:06.472 [info] > git status -z -uall [2ms]
2024-04-20 17:41:11.387 [info] > git config --local branch.main.github-pr-owner-number [1ms]
2024-04-20 17:41:11.387 [warning] git config failed: Failed to execute git
2024-04-20 17:41:49.644 [info] > git config --get commit.template [6ms]
2024-04-20 17:41:49.645 [info] > git for-each-ref --format=%(refname)%00%(upstream:short)%00%(objectname)%00%(upstream:track)%00%(upstream:remotename)%00%(upstream:remoteref) refs/heads/main refs/remotes/main [1ms]
2024-04-20 17:41:49.650 [warning] ENOENT: no such file or directory, open '/workspace/flaskmvc/.git/refs/remotes/origin/main'
2024-04-20 17:41:49.651 [info] > git rev-parse refs/remotes/origin/main [1ms]
2024-04-20 17:41:49.658 [info] > git status -z -uall [1ms]
2024-04-20 17:42:11.938 [info] > git config --get commit.template [7ms]
2024-04-20 17:42:11.939 [info] > git for-each-ref --format=%(refname)%00%(upstream:short)%00%(objectname)%00%(upstream:track)%00%(upstream:remotename)%00%(upstream:remoteref) refs/heads/main refs/remotes/main [1ms]
2024-04-20 17:42:11.947 [warning] ENOENT: no such file or directory, open '/workspace/flaskmvc/.git/refs/remotes/origin/main'
2024-04-20 17:42:11.948 [info] > git rev-parse refs/remotes/origin/main [1ms]
2024-04-20 17:42:11.958 [info] > git status -z -uall [2ms]
2024-04-20 17:42:16.979 [info] > git config --get commit.template [8ms]
2024-04-20 17:42:16.979 [info] > git for-each-ref --format=%(refname)%00%(upstream:short)%00%(objectname)%00%(upstream:track)%00%(upstream:remotename)%00%(upstream:remoteref) refs/heads/main refs/remotes/main [1ms]
2024-04-20 17:42:16.989 [warning] ENOENT: no such file or directory, open '/workspace/flaskmvc/.git/refs/remotes/origin/main'
2024-04-20 17:42:16.990 [info] > git rev-parse refs/remotes/origin/main [1ms]
2024-04-20 17:42:17.001 [info] > git status -z -uall [2ms]
2024-04-20 17:44:04.082 [info] > git config --get commit.template [11ms]
2024-04-20 17:44:04.083 [info] > git for-each-ref --format=%(refname)%00%(upstream:short)%00%(objectname)%00%(upstream:track)%00%(upstream:remotename)%00%(upstream:remoteref) refs/heads/main refs/remotes/main [1ms]
2024-04-20 17:44:04.092 [warning] ENOENT: no such file or directory, open '/workspace/flaskmvc/.git/refs/remotes/origin/main'
2024-04-20 17:44:04.093 [info] > git rev-parse refs/remotes/origin/main [1ms]
2024-04-20 17:44:04.100 [info] > git status -z -uall [2ms]
2024-04-20 17:46:11.397 [info] > git config --local branch.main.github-pr-owner-number [1ms]
2024-04-20 17:46:11.397 [warning] git config failed: Failed to execute git
2024-04-20 17:51:11.407 [info] > git config --local branch.main.github-pr-owner-number [1ms]
2024-04-20 17:51:11.407 [warning] git config failed: Failed to execute git
2024-04-20 17:56:11.420 [info] > git config --local branch.main.github-pr-owner-number [1ms]
2024-04-20 17:56:11.420 [warning] git config failed: Failed to execute git
2024-04-20 18:01:11.431 [info] > git config --local branch.main.github-pr-owner-number [1ms]
2024-04-20 18:01:11.432 [warning] git config failed: Failed to execute git
2024-04-20 18:06:11.442 [info] > git config --local branch.main.github-pr-owner-number [1ms]
2024-04-20 18:06:11.442 [warning] git config failed: Failed to execute git
2024-04-20 18:11:11.455 [info] > git config --local branch.main.github-pr-owner-number [1ms]
2024-04-20 18:11:11.455 [warning] git config failed: Failed to execute git
