2024-04-21 04:07:31.899 [info] Log level: Info
2024-04-21 04:07:31.899 [info] Validating found git in: "git"
2024-04-21 04:07:31.899 [info] Using git "2.43.2" from "git"
2024-04-21 04:07:31.899 [info] > git rev-parse --show-toplevel [3ms]
2024-04-21 04:07:31.899 [info] > git rev-parse --git-dir --git-common-dir [6ms]
2024-04-21 04:07:31.899 [info] Open repository: /workspace/flaskmvc
2024-04-21 04:07:31.899 [info] > git rev-parse --show-toplevel [2ms]
2024-04-21 04:07:31.899 [info] > git config --get commit.template [50ms]
2024-04-21 04:07:31.899 [info] > git rev-parse --show-toplevel [15ms]
2024-04-21 04:07:31.899 [info] > git for-each-ref --format=%(refname)%00%(upstream:short)%00%(objectname)%00%(upstream:track)%00%(upstream:remotename)%00%(upstream:remoteref) refs/heads/main refs/remotes/main [13ms]
2024-04-21 04:07:31.899 [info] > git rev-parse --show-toplevel [2ms]
2024-04-21 04:07:31.899 [warning] ENOENT: no such file or directory, open '/workspace/flaskmvc/.git/refs/remotes/origin/main'
2024-04-21 04:07:31.899 [info] > git rev-parse refs/remotes/origin/main [59ms]
2024-04-21 04:07:31.899 [info] > git rev-parse --show-toplevel [22ms]
2024-04-21 04:07:31.899 [info] > git status -z -uall [83ms]
2024-04-21 04:07:31.899 [info] > git merge-base refs/heads/main refs/remotes/origin/main [99ms]
2024-04-21 04:07:31.899 [info] > git rev-parse --show-toplevel [191ms]
2024-04-21 04:07:31.899 [info] > git rev-list --count --left-right refs/heads/main...refs/remotes/origin/main [71ms]
2024-04-21 04:07:31.899 [info] > git config --get commit.template [174ms]
2024-04-21 04:07:31.899 [info] > git diff --name-status -z --diff-filter=ADMR 67c8bcb543bbafc4462bb8fedf7dc22085389c55...refs/remotes/origin/main [3ms]
2024-04-21 04:07:31.899 [info] > git rev-parse --show-toplevel [28ms]
2024-04-21 04:07:31.899 [info] > git for-each-ref --format=%(refname)%00%(upstream:short)%00%(objectname)%00%(upstream:track)%00%(upstream:remotename)%00%(upstream:remoteref) refs/heads/main refs/remotes/main [288ms]
2024-04-21 04:07:31.899 [info] > git rev-parse --show-toplevel [280ms]
2024-04-21 04:07:31.899 [warning] ENOENT: no such file or directory, open '/workspace/flaskmvc/.git/refs/remotes/origin/main'
2024-04-21 04:07:31.899 [info] > git rev-parse --show-toplevel [89ms]
2024-04-21 04:07:31.899 [info] > git rev-parse refs/remotes/origin/main [176ms]
2024-04-21 04:07:31.925 [info] > git status -z -uall [40ms]
2024-04-21 04:07:32.197 [info] > git show --textconv :App/templates/routine.html [12ms]
2024-04-21 04:07:32.200 [info] > git ls-files --stage -- /workspace/flaskmvc/App/templates/routine.html [4ms]
2024-04-21 04:07:32.267 [info] > git cat-file -s 06b04abdadd21757a40e93691fa7dbbf9d1ffd6a [3ms]
2024-04-21 04:07:32.408 [info] > git check-ignore -v -z --stdin [1ms]
2024-04-21 04:07:34.056 [info] > git config --local branch.main.github-pr-owner-number [122ms]
2024-04-21 04:07:34.056 [warning] git config failed: Failed to execute git
2024-04-21 04:10:51.373 [info] > git config --get commit.template [2ms]
2024-04-21 04:10:51.385 [info] > git for-each-ref --format=%(refname)%00%(upstream:short)%00%(objectname)%00%(upstream:track)%00%(upstream:remotename)%00%(upstream:remoteref) refs/heads/main refs/remotes/main [2ms]
2024-04-21 04:10:51.392 [warning] ENOENT: no such file or directory, open '/workspace/flaskmvc/.git/refs/remotes/origin/main'
2024-04-21 04:10:51.393 [info] > git rev-parse refs/remotes/origin/main [1ms]
2024-04-21 04:10:51.402 [info] > git status -z -uall [2ms]
2024-04-21 04:10:51.928 [info] > git show --textconv :App/templates/temp.html [7ms]
2024-04-21 04:10:51.928 [info] > git ls-files --stage -- /workspace/flaskmvc/App/templates/temp.html [1ms]
2024-04-21 04:10:51.942 [info] > git cat-file -s 166ad2db736fbbc1d0113c8bac39df4638a155d8 [1ms]
2024-04-21 04:10:53.121 [info] > git check-ignore -v -z --stdin [1ms]
2024-04-21 04:12:01.653 [info] > git config --get commit.template [17ms]
2024-04-21 04:12:01.654 [info] > git for-each-ref --format=%(refname)%00%(upstream:short)%00%(objectname)%00%(upstream:track)%00%(upstream:remotename)%00%(upstream:remoteref) refs/heads/main refs/remotes/main [3ms]
2024-04-21 04:12:01.669 [warning] ENOENT: no such file or directory, open '/workspace/flaskmvc/.git/refs/remotes/origin/main'
2024-04-21 04:12:01.673 [info] > git rev-parse refs/remotes/origin/main [4ms]
2024-04-21 04:12:01.684 [info] > git status -z -uall [1ms]
2024-04-21 04:12:33.546 [info] > git config --local branch.main.github-pr-owner-number [1ms]
2024-04-21 04:12:33.546 [warning] git config failed: Failed to execute git
2024-04-21 04:13:29.597 [info] > git config --get commit.template [7ms]
2024-04-21 04:13:29.598 [info] > git for-each-ref --format=%(refname)%00%(upstream:short)%00%(objectname)%00%(upstream:track)%00%(upstream:remotename)%00%(upstream:remoteref) refs/heads/main refs/remotes/main [1ms]
2024-04-21 04:13:29.603 [warning] ENOENT: no such file or directory, open '/workspace/flaskmvc/.git/refs/remotes/origin/main'
2024-04-21 04:13:29.604 [info] > git rev-parse refs/remotes/origin/main [1ms]
2024-04-21 04:13:29.611 [info] > git status -z -uall [2ms]
2024-04-21 04:13:51.683 [info] > git config --get commit.template [10ms]
2024-04-21 04:13:51.684 [info] > git for-each-ref --format=%(refname)%00%(upstream:short)%00%(objectname)%00%(upstream:track)%00%(upstream:remotename)%00%(upstream:remoteref) refs/heads/main refs/remotes/main [1ms]
2024-04-21 04:13:51.694 [warning] ENOENT: no such file or directory, open '/workspace/flaskmvc/.git/refs/remotes/origin/main'
2024-04-21 04:13:51.694 [info] > git rev-parse refs/remotes/origin/main [1ms]
2024-04-21 04:13:51.704 [info] > git status -z -uall [1ms]
2024-04-21 04:15:20.940 [info] > git config --get commit.template [2ms]
2024-04-21 04:15:20.955 [info] > git for-each-ref --format=%(refname)%00%(upstream:short)%00%(objectname)%00%(upstream:track)%00%(upstream:remotename)%00%(upstream:remoteref) refs/heads/main refs/remotes/main [2ms]
2024-04-21 04:15:20.961 [warning] ENOENT: no such file or directory, open '/workspace/flaskmvc/.git/refs/remotes/origin/main'
2024-04-21 04:15:20.962 [info] > git rev-parse refs/remotes/origin/main [1ms]
2024-04-21 04:15:20.974 [info] > git status -z -uall [3ms]
2024-04-21 04:17:33.559 [info] > git config --local branch.main.github-pr-owner-number [1ms]
2024-04-21 04:17:33.561 [warning] git config failed: Failed to execute git
2024-04-21 04:17:52.672 [info] > git config --get commit.template [15ms]
2024-04-21 04:17:52.672 [info] > git for-each-ref --format=%(refname)%00%(upstream:short)%00%(objectname)%00%(upstream:track)%00%(upstream:remotename)%00%(upstream:remoteref) refs/heads/main refs/remotes/main [3ms]
2024-04-21 04:17:52.684 [warning] ENOENT: no such file or directory, open '/workspace/flaskmvc/.git/refs/remotes/origin/main'
2024-04-21 04:17:52.685 [info] > git rev-parse refs/remotes/origin/main [1ms]
2024-04-21 04:17:52.693 [info] > git status -z -uall [1ms]
2024-04-21 04:18:17.132 [info] > git config --get commit.template [12ms]
2024-04-21 04:18:17.132 [info] > git for-each-ref --format=%(refname)%00%(upstream:short)%00%(objectname)%00%(upstream:track)%00%(upstream:remotename)%00%(upstream:remoteref) refs/heads/main refs/remotes/main [1ms]
2024-04-21 04:18:17.149 [warning] ENOENT: no such file or directory, open '/workspace/flaskmvc/.git/refs/remotes/origin/main'
2024-04-21 04:18:17.150 [info] > git rev-parse refs/remotes/origin/main [0ms]
2024-04-21 04:18:17.170 [info] > git status -z -uall [0ms]
2024-04-21 04:18:27.613 [info] > git config --get commit.template [6ms]
2024-04-21 04:18:27.614 [info] > git for-each-ref --format=%(refname)%00%(upstream:short)%00%(objectname)%00%(upstream:track)%00%(upstream:remotename)%00%(upstream:remoteref) refs/heads/main refs/remotes/main [1ms]
2024-04-21 04:18:27.622 [warning] ENOENT: no such file or directory, open '/workspace/flaskmvc/.git/refs/remotes/origin/main'
2024-04-21 04:18:27.624 [info] > git rev-parse refs/remotes/origin/main [2ms]
2024-04-21 04:18:27.635 [info] > git status -z -uall [2ms]
2024-04-21 04:18:32.671 [info] > git config --get commit.template [11ms]
2024-04-21 04:18:32.671 [info] > git for-each-ref --format=%(refname)%00%(upstream:short)%00%(objectname)%00%(upstream:track)%00%(upstream:remotename)%00%(upstream:remoteref) refs/heads/main refs/remotes/main [1ms]
2024-04-21 04:18:32.679 [warning] ENOENT: no such file or directory, open '/workspace/flaskmvc/.git/refs/remotes/origin/main'
2024-04-21 04:18:32.680 [info] > git rev-parse refs/remotes/origin/main [1ms]
2024-04-21 04:18:32.690 [info] > git status -z -uall [2ms]
2024-04-21 04:18:47.842 [info] > git config --get commit.template [0ms]
2024-04-21 04:18:47.866 [info] > git for-each-ref --format=%(refname)%00%(upstream:short)%00%(objectname)%00%(upstream:track)%00%(upstream:remotename)%00%(upstream:remoteref) refs/heads/main refs/remotes/main [3ms]
2024-04-21 04:18:47.879 [warning] ENOENT: no such file or directory, open '/workspace/flaskmvc/.git/refs/remotes/origin/main'
2024-04-21 04:18:47.880 [info] > git rev-parse refs/remotes/origin/main [2ms]
2024-04-21 04:18:47.893 [info] > git status -z -uall [2ms]
2024-04-21 04:18:49.993 [info] > git ls-files --stage -- /workspace/flaskmvc/App/templates/temp.html [1ms]
2024-04-21 04:18:50.000 [info] > git cat-file -s 166ad2db736fbbc1d0113c8bac39df4638a155d8 [1ms]
2024-04-21 04:18:50.138 [info] > git show --textconv :App/templates/temp.html [2ms]
2024-04-21 04:18:52.918 [info] > git config --get commit.template [11ms]
2024-04-21 04:18:52.918 [info] > git for-each-ref --format=%(refname)%00%(upstream:short)%00%(objectname)%00%(upstream:track)%00%(upstream:remotename)%00%(upstream:remoteref) refs/heads/main refs/remotes/main [1ms]
2024-04-21 04:18:52.928 [warning] ENOENT: no such file or directory, open '/workspace/flaskmvc/.git/refs/remotes/origin/main'
2024-04-21 04:18:52.929 [info] > git rev-parse refs/remotes/origin/main [1ms]
2024-04-21 04:18:52.943 [info] > git status -z -uall [3ms]
2024-04-21 04:18:57.969 [info] > git config --get commit.template [10ms]
2024-04-21 04:18:57.970 [info] > git for-each-ref --format=%(refname)%00%(upstream:short)%00%(objectname)%00%(upstream:track)%00%(upstream:remotename)%00%(upstream:remoteref) refs/heads/main refs/remotes/main [1ms]
2024-04-21 04:18:57.978 [warning] ENOENT: no such file or directory, open '/workspace/flaskmvc/.git/refs/remotes/origin/main'
2024-04-21 04:18:57.979 [info] > git rev-parse refs/remotes/origin/main [1ms]
2024-04-21 04:18:57.995 [info] > git status -z -uall [1ms]
2024-04-21 04:18:59.913 [info] > git ls-files --stage -- /workspace/flaskmvc/App/templates/temp.html [1ms]
2024-04-21 04:18:59.924 [info] > git cat-file -s 166ad2db736fbbc1d0113c8bac39df4638a155d8 [1ms]
2024-04-21 04:19:00.257 [info] > git show --textconv :App/templates/temp.html [2ms]
2024-04-21 04:19:03.015 [info] > git config --get commit.template [7ms]
2024-04-21 04:19:03.015 [info] > git for-each-ref --format=%(refname)%00%(upstream:short)%00%(objectname)%00%(upstream:track)%00%(upstream:remotename)%00%(upstream:remoteref) refs/heads/main refs/remotes/main [1ms]
2024-04-21 04:19:03.020 [warning] ENOENT: no such file or directory, open '/workspace/flaskmvc/.git/refs/remotes/origin/main'
2024-04-21 04:19:03.021 [info] > git rev-parse refs/remotes/origin/main [1ms]
2024-04-21 04:19:03.028 [info] > git status -z -uall [2ms]
2024-04-21 04:19:08.061 [info] > git config --get commit.template [11ms]
2024-04-21 04:19:08.062 [info] > git for-each-ref --format=%(refname)%00%(upstream:short)%00%(objectname)%00%(upstream:track)%00%(upstream:remotename)%00%(upstream:remoteref) refs/heads/main refs/remotes/main [1ms]
2024-04-21 04:19:08.072 [warning] ENOENT: no such file or directory, open '/workspace/flaskmvc/.git/refs/remotes/origin/main'
2024-04-21 04:19:08.073 [info] > git rev-parse refs/remotes/origin/main [0ms]
2024-04-21 04:19:08.083 [info] > git status -z -uall [1ms]
2024-04-21 04:19:13.105 [info] > git config --get commit.template [9ms]
2024-04-21 04:19:13.106 [info] > git for-each-ref --format=%(refname)%00%(upstream:short)%00%(objectname)%00%(upstream:track)%00%(upstream:remotename)%00%(upstream:remoteref) refs/heads/main refs/remotes/main [2ms]
2024-04-21 04:19:13.112 [warning] ENOENT: no such file or directory, open '/workspace/flaskmvc/.git/refs/remotes/origin/main'
2024-04-21 04:19:13.113 [info] > git rev-parse refs/remotes/origin/main [1ms]
2024-04-21 04:19:13.121 [info] > git status -z -uall [2ms]
2024-04-21 04:19:18.151 [info] > git config --get commit.template [14ms]
2024-04-21 04:19:18.152 [info] > git for-each-ref --format=%(refname)%00%(upstream:short)%00%(objectname)%00%(upstream:track)%00%(upstream:remotename)%00%(upstream:remoteref) refs/heads/main refs/remotes/main [1ms]
2024-04-21 04:19:18.162 [warning] ENOENT: no such file or directory, open '/workspace/flaskmvc/.git/refs/remotes/origin/main'
2024-04-21 04:19:18.164 [info] > git rev-parse refs/remotes/origin/main [1ms]
2024-04-21 04:19:18.177 [info] > git status -z -uall [2ms]
2024-04-21 04:19:19.904 [info] > git ls-files --stage -- /workspace/flaskmvc/App/templates/temp.html [1ms]
2024-04-21 04:19:19.910 [info] > git cat-file -s 166ad2db736fbbc1d0113c8bac39df4638a155d8 [1ms]
2024-04-21 04:19:20.054 [info] > git show --textconv :App/templates/temp.html [2ms]
2024-04-21 04:19:23.204 [info] > git config --get commit.template [12ms]
2024-04-21 04:19:23.204 [info] > git for-each-ref --format=%(refname)%00%(upstream:short)%00%(objectname)%00%(upstream:track)%00%(upstream:remotename)%00%(upstream:remoteref) refs/heads/main refs/remotes/main [1ms]
2024-04-21 04:19:23.213 [warning] ENOENT: no such file or directory, open '/workspace/flaskmvc/.git/refs/remotes/origin/main'
2024-04-21 04:19:23.215 [info] > git rev-parse refs/remotes/origin/main [2ms]
2024-04-21 04:19:23.229 [info] > git status -z -uall [3ms]
2024-04-21 04:19:29.519 [info] > git config --get commit.template [6ms]
2024-04-21 04:19:29.520 [info] > git for-each-ref --format=%(refname)%00%(upstream:short)%00%(objectname)%00%(upstream:track)%00%(upstream:remotename)%00%(upstream:remoteref) refs/heads/main refs/remotes/main [2ms]
2024-04-21 04:19:29.525 [warning] ENOENT: no such file or directory, open '/workspace/flaskmvc/.git/refs/remotes/origin/main'
2024-04-21 04:19:29.526 [info] > git rev-parse refs/remotes/origin/main [1ms]
2024-04-21 04:19:29.533 [info] > git status -z -uall [1ms]
2024-04-21 04:22:33.577 [info] > git config --local branch.main.github-pr-owner-number [2ms]
2024-04-21 04:22:33.577 [warning] git config failed: Failed to execute git
2024-04-21 04:25:00.382 [info] > git config --get commit.template [9ms]
2024-04-21 04:25:00.383 [info] > git for-each-ref --format=%(refname)%00%(upstream:short)%00%(objectname)%00%(upstream:track)%00%(upstream:remotename)%00%(upstream:remoteref) refs/heads/main refs/remotes/main [2ms]
2024-04-21 04:25:00.392 [warning] ENOENT: no such file or directory, open '/workspace/flaskmvc/.git/refs/remotes/origin/main'
2024-04-21 04:25:00.393 [info] > git rev-parse refs/remotes/origin/main [1ms]
2024-04-21 04:25:00.400 [info] > git status -z -uall [1ms]
2024-04-21 04:25:05.420 [info] > git config --get commit.template [8ms]
2024-04-21 04:25:05.421 [info] > git for-each-ref --format=%(refname)%00%(upstream:short)%00%(objectname)%00%(upstream:track)%00%(upstream:remotename)%00%(upstream:remoteref) refs/heads/main refs/remotes/main [1ms]
2024-04-21 04:25:05.429 [warning] ENOENT: no such file or directory, open '/workspace/flaskmvc/.git/refs/remotes/origin/main'
2024-04-21 04:25:05.430 [info] > git rev-parse refs/remotes/origin/main [1ms]
2024-04-21 04:25:05.446 [info] > git status -z -uall [5ms]
2024-04-21 04:25:14.032 [info] > git config --get commit.template [7ms]
2024-04-21 04:25:14.033 [info] > git for-each-ref --format=%(refname)%00%(upstream:short)%00%(objectname)%00%(upstream:track)%00%(upstream:remotename)%00%(upstream:remoteref) refs/heads/main refs/remotes/main [2ms]
2024-04-21 04:25:14.049 [warning] ENOENT: no such file or directory, open '/workspace/flaskmvc/.git/refs/remotes/origin/main'
2024-04-21 04:25:14.049 [info] > git rev-parse refs/remotes/origin/main [0ms]
2024-04-21 04:25:14.063 [info] > git status -z -uall [2ms]
2024-04-21 04:27:33.590 [info] > git config --local branch.main.github-pr-owner-number [1ms]
2024-04-21 04:27:33.590 [warning] git config failed: Failed to execute git
2024-04-21 04:27:42.344 [info] > git config --get commit.template [2ms]
2024-04-21 04:27:42.362 [info] > git for-each-ref --format=%(refname)%00%(upstream:short)%00%(objectname)%00%(upstream:track)%00%(upstream:remotename)%00%(upstream:remoteref) refs/heads/main refs/remotes/main [2ms]
2024-04-21 04:27:42.369 [warning] ENOENT: no such file or directory, open '/workspace/flaskmvc/.git/refs/remotes/origin/main'
2024-04-21 04:27:42.370 [info] > git rev-parse refs/remotes/origin/main [1ms]
2024-04-21 04:27:42.378 [info] > git status -z -uall [2ms]
2024-04-21 04:32:33.606 [info] > git config --local branch.main.github-pr-owner-number [1ms]
2024-04-21 04:32:33.606 [warning] git config failed: Failed to execute git
2024-04-21 04:35:16.004 [info] > git config --get commit.template [12ms]
2024-04-21 04:35:16.005 [info] > git for-each-ref --format=%(refname)%00%(upstream:short)%00%(objectname)%00%(upstream:track)%00%(upstream:remotename)%00%(upstream:remoteref) refs/heads/main refs/remotes/main [2ms]
2024-04-21 04:35:16.015 [warning] ENOENT: no such file or directory, open '/workspace/flaskmvc/.git/refs/remotes/origin/main'
2024-04-21 04:35:16.016 [info] > git rev-parse refs/remotes/origin/main [1ms]
2024-04-21 04:35:16.026 [info] > git status -z -uall [2ms]
2024-04-21 04:37:33.616 [info] > git config --local branch.main.github-pr-owner-number [1ms]
2024-04-21 04:37:33.616 [warning] git config failed: Failed to execute git
2024-04-21 04:42:33.629 [info] > git config --local branch.main.github-pr-owner-number [1ms]
2024-04-21 04:42:33.629 [warning] git config failed: Failed to execute git
2024-04-21 04:47:33.646 [info] > git config --local branch.main.github-pr-owner-number [2ms]
2024-04-21 04:47:33.646 [warning] git config failed: Failed to execute git
2024-04-21 04:52:33.660 [info] > git config --local branch.main.github-pr-owner-number [2ms]
2024-04-21 04:52:33.661 [warning] git config failed: Failed to execute git
2024-04-21 04:53:16.398 [info] > git config --get commit.template [16ms]
2024-04-21 04:53:16.399 [info] > git for-each-ref --format=%(refname)%00%(upstream:short)%00%(objectname)%00%(upstream:track)%00%(upstream:remotename)%00%(upstream:remoteref) refs/heads/main refs/remotes/main [3ms]
2024-04-21 04:53:16.412 [warning] ENOENT: no such file or directory, open '/workspace/flaskmvc/.git/refs/remotes/origin/main'
2024-04-21 04:53:16.413 [info] > git rev-parse refs/remotes/origin/main [1ms]
2024-04-21 04:53:16.425 [info] > git status -z -uall [1ms]
2024-04-21 04:53:21.454 [info] > git config --get commit.template [15ms]
2024-04-21 04:53:21.454 [info] > git for-each-ref --format=%(refname)%00%(upstream:short)%00%(objectname)%00%(upstream:track)%00%(upstream:remotename)%00%(upstream:remoteref) refs/heads/main refs/remotes/main [1ms]
2024-04-21 04:53:21.468 [warning] ENOENT: no such file or directory, open '/workspace/flaskmvc/.git/refs/remotes/origin/main'
2024-04-21 04:53:21.469 [info] > git rev-parse refs/remotes/origin/main [1ms]
2024-04-21 04:53:21.484 [info] > git status -z -uall [2ms]
2024-04-21 04:57:33.673 [info] > git config --local branch.main.github-pr-owner-number [1ms]
2024-04-21 04:57:33.674 [warning] git config failed: Failed to execute git
2024-04-21 05:02:33.685 [info] > git config --local branch.main.github-pr-owner-number [1ms]
2024-04-21 05:02:33.685 [warning] git config failed: Failed to execute git
2024-04-21 05:07:33.698 [info] > git config --local branch.main.github-pr-owner-number [1ms]
2024-04-21 05:07:33.698 [warning] git config failed: Failed to execute git
2024-04-21 05:12:33.711 [info] > git config --local branch.main.github-pr-owner-number [1ms]
2024-04-21 05:12:33.712 [warning] git config failed: Failed to execute git
2024-04-21 05:14:16.682 [info] > git config --get commit.template [14ms]
2024-04-21 05:14:16.683 [info] > git for-each-ref --format=%(refname)%00%(upstream:short)%00%(objectname)%00%(upstream:track)%00%(upstream:remotename)%00%(upstream:remoteref) refs/heads/main refs/remotes/main [1ms]
2024-04-21 05:14:16.694 [warning] ENOENT: no such file or directory, open '/workspace/flaskmvc/.git/refs/remotes/origin/main'
2024-04-21 05:14:16.695 [info] > git rev-parse refs/remotes/origin/main [2ms]
2024-04-21 05:14:16.707 [info] > git status -z -uall [3ms]
