2024-04-20 22:03:14.053 [info] Log level: Info
2024-04-20 22:03:14.074 [info] VSCODE_MACHINE_ID: e3c2e92c-4d1b-4437-9a42-e50c17e7064f
2024-04-20 22:03:14.074 [info] VSCODE_SESSION_ID: c3040e97-42ae-4cee-abc3-078cb52de3331713650587377
2024-04-20 22:03:14.074 [info] VSCODE_VERSION: 1.88.0
2024-04-20 22:03:14.074 [info] VSCODE_APP_NAME: Gitpod Code
2024-04-20 22:03:14.074 [info] VSCODE_APP_HOST: Gitpod
2024-04-20 22:03:14.074 [info] VSCODE_UI_KIND: web
2024-04-20 22:03:14.074 [info] GITPOD_WORKSPACE_CONTEXT_URL: https://github.com/uwidcit/flaskmvc
2024-04-20 22:03:14.074 [info] GITPOD_INSTANCE_ID: 653d53ab-ac89-4575-a1cc-16512d1a4172
2024-04-20 22:03:14.074 [info] GITPOD_WORKSPACE_URL: https://uwidcit-flaskmvc-zxsa26j1o46.ws-us110.gitpod.io
2024-04-20 22:03:14.081 [info] Gitpod Web 4e069a6
2024-04-20 22:03:14.081 [info] Reading sessions from keychain...
2024-04-20 22:03:14.241 [info] Getting sessions for all scopes...
2024-04-20 22:03:14.241 [info] Getting GitHub sessions for all scopes...
2024-04-20 22:03:14.241 [info] Got stored sessions!
2024-04-20 22:03:14.241 [info] Verified session with the following scopes: function:accessCodeSyncStorage function:closePort function:controlAdmission function:deleteEnvVar function:generateNewGitpodToken function:getDefaultWorkspaceImage function:getEnvVars function:getGitpodTokenScopes function:getIDToken function:getLoggedInUser function:getOpenPorts function:getSupportedWorkspaceClasses function:getTeams function:getToken function:getWorkspace function:getWorkspaceEnvVars function:getWorkspaceOwner function:getWorkspaceTimeout function:getWorkspaceUsers function:guessGitTokenScopes function:isWorkspaceOwner function:openPort function:sendHeartBeat function:setEnvVar function:setWorkspaceTimeout function:stopWorkspace function:takeSnapshot function:trackEvent function:updateGitStatus function:waitForSnapshot resource:contentBlob::*::create/get resource:envVar::uwidcit/flaskmvc::create/get/update/delete resource:gitpodToken::*::create resource:snapshot::ws-uwidcit-flaskmvc-zxsa26j1o46::create resource:token::*::get resource:userStorage::*::create/get/update resource:workspace::uwidcit-flaskmvc-zxsa26j1o46::get/update resource:workspaceInstance::653d53ab-ac89-4575-a1cc-16512d1a4172::get/update/delete
2024-04-20 22:03:14.241 [info] Got 1 verified sessions.
2024-04-20 22:03:14.241 [info] Got 1 sessions for all scopes...
2024-04-20 22:03:14.342 [info] Got 1 GitHub sessions for all scopes...
2024-04-20 22:03:14.527 [info] Getting sessions for all scopes...
2024-04-20 22:03:14.527 [info] Got 1 sessions for all scopes...
2024-04-20 22:03:14.531 [info] Getting GitHub sessions for all scopes...
2024-04-20 22:03:14.531 [info] Got 1 GitHub sessions for all scopes...
2024-04-20 22:03:17.671 [info] Getting GitHub sessions for read:user,repo,user:email,workflow...
2024-04-20 22:03:17.671 [info] Got 1 GitHub sessions for read:user,repo,user:email,workflow...
2024-04-20 22:03:17.971 [info] Getting GitHub sessions for project,read:org,read:user,repo,user:email,workflow...
2024-04-20 22:03:17.971 [info] Got 0 GitHub sessions for project,read:org,read:user,repo,user:email,workflow...
2024-04-20 22:03:19.022 [info] Getting GitHub sessions for read:user,repo,user:email,workflow...
2024-04-20 22:03:19.022 [info] Got 1 GitHub sessions for read:user,repo,user:email,workflow...
