2024-04-20 01:43:53.835 [info] Log level: Info
2024-04-20 01:43:53.852 [info] VSCODE_MACHINE_ID: ee5b184a-8f28-49d8-9047-1b4d5bf18689
2024-04-20 01:43:53.852 [info] VSCODE_SESSION_ID: 5c010af6-89ec-4a38-86bc-b194bd4277de1713577430818
2024-04-20 01:43:53.852 [info] VSCODE_VERSION: 1.88.0
2024-04-20 01:43:53.852 [info] VSCODE_APP_NAME: Gitpod Code
2024-04-20 01:43:53.852 [info] VSCODE_APP_HOST: Gitpod
2024-04-20 01:43:53.852 [info] VSCODE_UI_KIND: web
2024-04-20 01:43:53.852 [info] GITPOD_WORKSPACE_CONTEXT_URL: https://github.com/uwidcit/flaskmvc
2024-04-20 01:43:53.852 [info] GITPOD_INSTANCE_ID: 301ccf76-86ed-426a-8a2a-4a73f9495ce7
2024-04-20 01:43:53.852 [info] GITPOD_WORKSPACE_URL: https://uwidcit-flaskmvc-zxsa26j1o46.ws-us110.gitpod.io
2024-04-20 01:43:53.859 [info] Gitpod Web 4e069a6
2024-04-20 01:43:53.859 [info] Reading sessions from keychain...
2024-04-20 01:43:54.035 [info] Getting sessions for all scopes...
2024-04-20 01:43:54.035 [info] Getting GitHub sessions for all scopes...
2024-04-20 01:43:54.035 [info] Getting sessions for function:accessCodeSyncStorage...
2024-04-20 01:43:54.036 [info] Got stored sessions!
2024-04-20 01:43:54.036 [info] Verified session with the following scopes: function:accessCodeSyncStorage function:closePort function:controlAdmission function:deleteEnvVar function:generateNewGitpodToken function:getDefaultWorkspaceImage function:getEnvVars function:getGitpodTokenScopes function:getIDToken function:getLoggedInUser function:getOpenPorts function:getSupportedWorkspaceClasses function:getTeams function:getToken function:getWorkspace function:getWorkspaceEnvVars function:getWorkspaceOwner function:getWorkspaceTimeout function:getWorkspaceUsers function:guessGitTokenScopes function:isWorkspaceOwner function:openPort function:sendHeartBeat function:setEnvVar function:setWorkspaceTimeout function:stopWorkspace function:takeSnapshot function:trackEvent function:updateGitStatus function:waitForSnapshot resource:contentBlob::*::create/get resource:envVar::uwidcit/flaskmvc::create/get/update/delete resource:gitpodToken::*::create resource:snapshot::ws-uwidcit-flaskmvc-zxsa26j1o46::create resource:token::*::get resource:userStorage::*::create/get/update resource:workspace::uwidcit-flaskmvc-zxsa26j1o46::get/update resource:workspaceInstance::301ccf76-86ed-426a-8a2a-4a73f9495ce7::get/update/delete
2024-04-20 01:43:54.036 [info] Got 1 verified sessions.
2024-04-20 01:43:54.036 [info] Got 1 sessions for all scopes...
2024-04-20 01:43:54.036 [info] Got 1 sessions for function:accessCodeSyncStorage...
2024-04-20 01:43:54.076 [info] Got 1 GitHub sessions for all scopes...
2024-04-20 01:43:54.087 [info] Getting GitHub sessions for all scopes...
2024-04-20 01:43:54.087 [info] Got 1 GitHub sessions for all scopes...
2024-04-20 01:43:54.402 [info] Getting sessions for all scopes...
2024-04-20 01:43:54.402 [info] Got 1 sessions for all scopes...
2024-04-20 01:43:54.403 [info] Getting GitHub sessions for all scopes...
2024-04-20 01:43:54.403 [info] Got 1 GitHub sessions for all scopes...
2024-04-20 01:43:55.204 [info] Getting GitHub sessions for read:user,repo,user:email,workflow...
2024-04-20 01:43:55.204 [info] Got 0 GitHub sessions for read:user,repo,user:email,workflow...
2024-04-20 01:43:55.538 [info] Getting GitHub sessions for project,read:org,read:user,repo,user:email,workflow...
2024-04-20 01:43:55.538 [info] Got 0 GitHub sessions for project,read:org,read:user,repo,user:email,workflow...
2024-04-20 01:43:56.049 [info] Getting GitHub sessions for read:user,repo,user:email,workflow...
2024-04-20 01:43:56.049 [info] Got 0 GitHub sessions for read:user,repo,user:email,workflow...
2024-04-20 01:43:56.397 [info] Getting GitHub sessions for read:user,repo,user:email...
2024-04-20 01:43:56.397 [info] Got 0 GitHub sessions for read:user,repo,user:email...
2024-04-20 01:43:56.748 [info] Getting GitHub sessions for read:user,repo,user:email,workflow...
2024-04-20 01:43:56.748 [info] Got 0 GitHub sessions for read:user,repo,user:email,workflow...
