2024-04-21 05:57:10.063 [info] Log level: Info
2024-04-21 05:57:10.063 [info] Validating found git in: "git"
2024-04-21 05:57:10.063 [info] Using git "2.43.2" from "git"
2024-04-21 05:57:10.063 [info] > git rev-parse --show-toplevel [2ms]
2024-04-21 05:57:10.063 [info] > git rev-parse --git-dir --git-common-dir [3ms]
2024-04-21 05:57:10.063 [info] Open repository: /workspace/flaskmvc
2024-04-21 05:57:10.063 [info] > git config --get commit.template [8ms]
2024-04-21 05:57:10.063 [info] > git rev-parse --show-toplevel [2ms]
2024-04-21 05:57:10.063 [info] > git for-each-ref --format=%(refname)%00%(upstream:short)%00%(objectname)%00%(upstream:track)%00%(upstream:remotename)%00%(upstream:remoteref) refs/heads/main refs/remotes/main [7ms]
2024-04-21 05:57:10.063 [warning] ENOENT: no such file or directory, open '/workspace/flaskmvc/.git/refs/remotes/origin/main'
2024-04-21 05:57:10.063 [info] > git rev-parse --show-toplevel [8ms]
2024-04-21 05:57:10.063 [info] > git rev-parse refs/remotes/origin/main [1ms]
2024-04-21 05:57:10.063 [info] > git status -z -uall [8ms]
2024-04-21 05:57:10.063 [info] > git rev-parse --show-toplevel [1ms]
2024-04-21 05:57:10.063 [info] > git merge-base refs/heads/main refs/remotes/origin/main [28ms]
2024-04-21 05:57:10.063 [info] > git config --get commit.template [17ms]
2024-04-21 05:57:10.063 [info] > git rev-parse --show-toplevel [26ms]
2024-04-21 05:57:10.063 [info] > git rev-list --count --left-right refs/heads/main...refs/remotes/origin/main [4ms]
2024-04-21 05:57:10.063 [info] > git rev-parse --show-toplevel [124ms]
2024-04-21 05:57:10.063 [info] > git diff --name-status -z --diff-filter=ADMR 67c8bcb543bbafc4462bb8fedf7dc22085389c55...refs/remotes/origin/main [143ms]
2024-04-21 05:57:10.063 [info] > git for-each-ref --format=%(refname)%00%(upstream:short)%00%(objectname)%00%(upstream:track)%00%(upstream:remotename)%00%(upstream:remoteref) refs/heads/main refs/remotes/main [128ms]
2024-04-21 05:57:10.063 [info] > git rev-parse --show-toplevel [2ms]
2024-04-21 05:57:10.063 [warning] ENOENT: no such file or directory, open '/workspace/flaskmvc/.git/refs/remotes/origin/main'
2024-04-21 05:57:10.063 [info] > git rev-parse refs/remotes/origin/main [6ms]
2024-04-21 05:57:10.063 [info] > git rev-parse --show-toplevel [7ms]
2024-04-21 05:57:10.063 [info] > git status -z -uall [2ms]
2024-04-21 05:57:10.576 [info] > git check-ignore -v -z --stdin [1ms]
2024-04-21 05:57:12.045 [info] > git config --local branch.main.github-pr-owner-number [120ms]
2024-04-21 05:57:12.045 [warning] git config failed: Failed to execute git
