2024-04-21 07:03:25.769 [info] Log level: Info
2024-04-21 07:03:25.770 [info] Validating found git in: "git"
2024-04-21 07:03:25.770 [info] Using git "2.43.2" from "git"
2024-04-21 07:03:25.770 [info] > git rev-parse --show-toplevel [2ms]
2024-04-21 07:03:25.770 [info] > git rev-parse --git-dir --git-common-dir [2ms]
2024-04-21 07:03:25.770 [info] Open repository: /workspace/flaskmvc
2024-04-21 07:03:25.770 [info] > git config --get commit.template [123ms]
2024-04-21 07:03:25.770 [info] > git rev-parse --show-toplevel [118ms]
2024-04-21 07:03:25.770 [info] > git for-each-ref --format=%(refname)%00%(upstream:short)%00%(objectname)%00%(upstream:track)%00%(upstream:remotename)%00%(upstream:remoteref) refs/heads/main refs/remotes/main [11ms]
2024-04-21 07:03:25.770 [warning] ENOENT: no such file or directory, open '/workspace/flaskmvc/.git/refs/remotes/origin/main'
2024-04-21 07:03:25.770 [info] > git rev-parse --show-toplevel [9ms]
2024-04-21 07:03:25.770 [info] > git rev-parse refs/remotes/origin/main [9ms]
2024-04-21 07:03:25.770 [info] > git rev-parse --show-toplevel [13ms]
2024-04-21 07:03:25.770 [info] > git status -z -uall [13ms]
2024-04-21 07:03:25.770 [info] > git merge-base refs/heads/main refs/remotes/origin/main [14ms]
2024-04-21 07:03:25.770 [info] > git rev-parse --show-toplevel [34ms]
2024-04-21 07:03:25.770 [info] > git config --get commit.template [15ms]
2024-04-21 07:03:25.770 [info] > git rev-parse --show-toplevel [2ms]
2024-04-21 07:03:25.770 [info] > git rev-list --count --left-right refs/heads/main...refs/remotes/origin/main [9ms]
2024-04-21 07:03:25.770 [info] > git for-each-ref --format=%(refname)%00%(upstream:short)%00%(objectname)%00%(upstream:track)%00%(upstream:remotename)%00%(upstream:remoteref) refs/heads/main refs/remotes/main [7ms]
2024-04-21 07:03:25.770 [info] > git diff --name-status -z --diff-filter=ADMR 67c8bcb543bbafc4462bb8fedf7dc22085389c55...refs/remotes/origin/main [13ms]
2024-04-21 07:03:25.770 [warning] ENOENT: no such file or directory, open '/workspace/flaskmvc/.git/refs/remotes/origin/main'
2024-04-21 07:03:25.770 [info] > git rev-parse --show-toplevel [13ms]
2024-04-21 07:03:25.770 [info] > git rev-parse refs/remotes/origin/main [11ms]
2024-04-21 07:03:25.770 [info] > git rev-parse --show-toplevel [11ms]
2024-04-21 07:03:25.770 [info] > git status -z -uall [2ms]
2024-04-21 07:03:26.288 [info] > git check-ignore -v -z --stdin [3ms]
2024-04-21 07:03:27.684 [info] > git config --local branch.main.github-pr-owner-number [123ms]
2024-04-21 07:03:27.684 [warning] git config failed: Failed to execute git
