2024-04-20 06:00:33.739 [info] Log level: Info
2024-04-20 06:00:33.739 [info] Validating found git in: "git"
2024-04-20 06:00:33.739 [info] Using git "2.43.2" from "git"
2024-04-20 06:00:33.739 [info] > git rev-parse --show-toplevel [1ms]
2024-04-20 06:00:33.739 [info] > git rev-parse --git-dir --git-common-dir [2ms]
2024-04-20 06:00:33.739 [info] Open repository: /workspace/flaskmvc
2024-04-20 06:00:33.739 [info] > git config --get commit.template [6ms]
2024-04-20 06:00:33.739 [info] > git rev-parse --show-toplevel [1ms]
2024-04-20 06:00:33.739 [info] > git for-each-ref --format=%(refname)%00%(upstream:short)%00%(objectname)%00%(upstream:track)%00%(upstream:remotename)%00%(upstream:remoteref) refs/heads/main refs/remotes/main [18ms]
2024-04-20 06:00:33.739 [warning] ENOENT: no such file or directory, open '/workspace/flaskmvc/.git/refs/remotes/origin/main'
2024-04-20 06:00:33.739 [info] > git rev-parse --show-toplevel [28ms]
2024-04-20 06:00:33.739 [info] > git rev-parse refs/remotes/origin/main [6ms]
2024-04-20 06:00:33.739 [info] > git rev-parse --show-toplevel [7ms]
2024-04-20 06:00:33.739 [info] > git status -z -uall [7ms]
2024-04-20 06:00:33.739 [info] > git merge-base refs/heads/main refs/remotes/origin/main [11ms]
2024-04-20 06:00:33.739 [info] > git rev-parse --show-toplevel [24ms]
2024-04-20 06:00:33.739 [info] > git rev-list --count --left-right refs/heads/main...refs/remotes/origin/main [16ms]
2024-04-20 06:00:33.739 [info] > git config --get commit.template [29ms]
2024-04-20 06:00:33.739 [info] > git rev-parse --show-toplevel [13ms]
2024-04-20 06:00:33.739 [info] > git diff --name-status -z --diff-filter=ADMR 67c8bcb543bbafc4462bb8fedf7dc22085389c55...refs/remotes/origin/main [7ms]
2024-04-20 06:00:33.739 [info] > git for-each-ref --format=%(refname)%00%(upstream:short)%00%(objectname)%00%(upstream:track)%00%(upstream:remotename)%00%(upstream:remoteref) refs/heads/main refs/remotes/main [10ms]
2024-04-20 06:00:33.739 [warning] ENOENT: no such file or directory, open '/workspace/flaskmvc/.git/refs/remotes/origin/main'
2024-04-20 06:00:33.739 [info] > git rev-parse --show-toplevel [26ms]
2024-04-20 06:00:33.739 [info] > git rev-parse refs/remotes/origin/main [10ms]
2024-04-20 06:00:33.739 [info] > git rev-parse --show-toplevel [10ms]
2024-04-20 06:00:33.739 [info] > git status -z -uall [128ms]
2024-04-20 06:00:33.739 [info] > git rev-parse --show-toplevel [124ms]
2024-04-20 06:00:34.252 [info] > git check-ignore -v -z --stdin [1ms]
2024-04-20 06:00:35.863 [info] > git config --local branch.main.github-pr-owner-number [1ms]
2024-04-20 06:00:35.863 [warning] git config failed: Failed to execute git
2024-04-20 06:02:31.326 [info] > git show --textconv :App/templates/temp.html [9ms]
2024-04-20 06:02:31.327 [info] > git ls-files --stage -- /workspace/flaskmvc/App/templates/temp.html [2ms]
2024-04-20 06:02:57.688 [info] > git config --get commit.template [10ms]
2024-04-20 06:02:57.689 [info] > git for-each-ref --format=%(refname)%00%(upstream:short)%00%(objectname)%00%(upstream:track)%00%(upstream:remotename)%00%(upstream:remoteref) refs/heads/main refs/remotes/main [2ms]
2024-04-20 06:02:57.697 [warning] ENOENT: no such file or directory, open '/workspace/flaskmvc/.git/refs/remotes/origin/main'
2024-04-20 06:02:57.698 [info] > git rev-parse refs/remotes/origin/main [1ms]
2024-04-20 06:02:57.710 [info] > git status -z -uall [2ms]
2024-04-20 06:04:41.949 [info] > git show --textconv :App/templates/exercises.html [10ms]
2024-04-20 06:04:41.950 [info] > git ls-files --stage -- /workspace/flaskmvc/App/templates/exercises.html [1ms]
2024-04-20 06:04:55.121 [info] > git for-each-ref --format=%(refname)%00%(upstream:short)%00%(objectname)%00%(upstream:track)%00%(upstream:remotename)%00%(upstream:remoteref) refs/heads/main refs/remotes/main [2ms]
2024-04-20 06:04:55.122 [info] > git config --get commit.template [9ms]
2024-04-20 06:04:55.131 [warning] ENOENT: no such file or directory, open '/workspace/flaskmvc/.git/refs/remotes/origin/main'
2024-04-20 06:04:55.132 [info] > git rev-parse refs/remotes/origin/main [1ms]
2024-04-20 06:04:55.140 [info] > git status -z -uall [2ms]
2024-04-20 06:04:57.874 [info] > git show --textconv :App/templates/index.html [8ms]
2024-04-20 06:04:57.875 [info] > git ls-files --stage -- /workspace/flaskmvc/App/templates/index.html [1ms]
2024-04-20 06:04:57.882 [info] > git cat-file -s 96ec1967006bb99f9f273f377c0cbd74d2bbb183 [1ms]
2024-04-20 06:05:30.504 [info] > git check-ignore -v -z --stdin [1ms]
2024-04-20 06:05:35.714 [info] > git config --local branch.main.github-pr-owner-number [2ms]
2024-04-20 06:05:35.714 [warning] git config failed: Failed to execute git
2024-04-20 06:08:38.709 [info] > git check-ignore -v -z --stdin [15ms]
2024-04-20 06:10:35.723 [info] > git config --local branch.main.github-pr-owner-number [1ms]
2024-04-20 06:10:35.723 [warning] git config failed: Failed to execute git
2024-04-20 06:12:42.436 [info] > git show --textconv :App/main.py [11ms]
2024-04-20 06:12:42.436 [info] > git ls-files --stage -- /workspace/flaskmvc/App/main.py [1ms]
2024-04-20 06:12:42.447 [info] > git cat-file -s c4f66de2357b19b88e4bdb1902e07b405c1f954e [1ms]
2024-04-20 06:12:57.299 [info] > git show --textconv :App/models.py [6ms]
2024-04-20 06:12:57.300 [info] > git ls-files --stage -- /workspace/flaskmvc/App/models.py [1ms]
2024-04-20 06:13:01.967 [info] > git show --textconv :App/main.py [10ms]
2024-04-20 06:13:01.968 [info] > git ls-files --stage -- /workspace/flaskmvc/App/main.py [1ms]
2024-04-20 06:13:01.979 [info] > git cat-file -s c4f66de2357b19b88e4bdb1902e07b405c1f954e [1ms]
2024-04-20 06:15:05.612 [info] > git check-ignore -v -z --stdin [1ms]
2024-04-20 06:15:35.736 [info] > git config --local branch.main.github-pr-owner-number [1ms]
2024-04-20 06:15:35.736 [warning] git config failed: Failed to execute git
2024-04-20 06:20:35.750 [info] > git config --local branch.main.github-pr-owner-number [1ms]
2024-04-20 06:20:35.750 [warning] git config failed: Failed to execute git
2024-04-20 06:23:45.185 [info] > git config --get commit.template [6ms]
2024-04-20 06:23:45.186 [info] > git for-each-ref --format=%(refname)%00%(upstream:short)%00%(objectname)%00%(upstream:track)%00%(upstream:remotename)%00%(upstream:remoteref) refs/heads/main refs/remotes/main [1ms]
2024-04-20 06:23:45.191 [warning] ENOENT: no such file or directory, open '/workspace/flaskmvc/.git/refs/remotes/origin/main'
2024-04-20 06:23:45.192 [info] > git rev-parse refs/remotes/origin/main [1ms]
2024-04-20 06:23:45.199 [info] > git status -z -uall [2ms]
2024-04-20 06:25:35.759 [info] > git config --local branch.main.github-pr-owner-number [1ms]
2024-04-20 06:25:35.760 [warning] git config failed: Failed to execute git
2024-04-20 06:30:35.804 [info] > git config --local branch.main.github-pr-owner-number [4ms]
2024-04-20 06:30:35.805 [warning] git config failed: Failed to execute git
2024-04-20 06:32:39.420 [info] > git check-ignore -v -z --stdin [1ms]
2024-04-20 06:35:35.817 [info] > git config --local branch.main.github-pr-owner-number [1ms]
2024-04-20 06:35:35.817 [warning] git config failed: Failed to execute git
2024-04-20 06:35:54.430 [info] > git config --get commit.template [2ms]
2024-04-20 06:35:54.442 [info] > git for-each-ref --format=%(refname)%00%(upstream:short)%00%(objectname)%00%(upstream:track)%00%(upstream:remotename)%00%(upstream:remoteref) refs/heads/main refs/remotes/main [1ms]
2024-04-20 06:35:54.452 [warning] ENOENT: no such file or directory, open '/workspace/flaskmvc/.git/refs/remotes/origin/main'
2024-04-20 06:35:54.453 [info] > git rev-parse refs/remotes/origin/main [1ms]
2024-04-20 06:35:54.465 [info] > git status -z -uall [2ms]
2024-04-20 06:35:59.479 [info] > git config --get commit.template [0ms]
2024-04-20 06:35:59.493 [info] > git for-each-ref --format=%(refname)%00%(upstream:short)%00%(objectname)%00%(upstream:track)%00%(upstream:remotename)%00%(upstream:remoteref) refs/heads/main refs/remotes/main [0ms]
2024-04-20 06:35:59.511 [warning] ENOENT: no such file or directory, open '/workspace/flaskmvc/.git/refs/remotes/origin/main'
2024-04-20 06:35:59.512 [info] > git rev-parse refs/remotes/origin/main [1ms]
2024-04-20 06:35:59.524 [info] > git status -z -uall [1ms]
2024-04-20 06:40:35.827 [info] > git config --local branch.main.github-pr-owner-number [1ms]
2024-04-20 06:40:35.827 [warning] git config failed: Failed to execute git
2024-04-20 06:42:51.395 [info] > git config --get commit.template [8ms]
2024-04-20 06:42:51.395 [info] > git for-each-ref --format=%(refname)%00%(upstream:short)%00%(objectname)%00%(upstream:track)%00%(upstream:remotename)%00%(upstream:remoteref) refs/heads/main refs/remotes/main [1ms]
2024-04-20 06:42:51.401 [warning] ENOENT: no such file or directory, open '/workspace/flaskmvc/.git/refs/remotes/origin/main'
2024-04-20 06:42:51.402 [info] > git rev-parse refs/remotes/origin/main [1ms]
2024-04-20 06:42:51.409 [info] > git status -z -uall [2ms]
2024-04-20 06:42:56.426 [info] > git config --get commit.template [6ms]
2024-04-20 06:42:56.426 [info] > git for-each-ref --format=%(refname)%00%(upstream:short)%00%(objectname)%00%(upstream:track)%00%(upstream:remotename)%00%(upstream:remoteref) refs/heads/main refs/remotes/main [1ms]
2024-04-20 06:42:56.432 [warning] ENOENT: no such file or directory, open '/workspace/flaskmvc/.git/refs/remotes/origin/main'
2024-04-20 06:42:56.433 [info] > git rev-parse refs/remotes/origin/main [1ms]
2024-04-20 06:42:56.444 [info] > git status -z -uall [2ms]
2024-04-20 06:45:35.837 [info] > git config --local branch.main.github-pr-owner-number [1ms]
2024-04-20 06:45:35.837 [warning] git config failed: Failed to execute git
2024-04-20 06:49:06.186 [info] > git config --get commit.template [11ms]
2024-04-20 06:49:06.187 [info] > git for-each-ref --format=%(refname)%00%(upstream:short)%00%(objectname)%00%(upstream:track)%00%(upstream:remotename)%00%(upstream:remoteref) refs/heads/main refs/remotes/main [2ms]
2024-04-20 06:49:06.193 [warning] ENOENT: no such file or directory, open '/workspace/flaskmvc/.git/refs/remotes/origin/main'
2024-04-20 06:49:06.195 [info] > git rev-parse refs/remotes/origin/main [2ms]
2024-04-20 06:49:06.202 [info] > git status -z -uall [2ms]
2024-04-20 06:50:35.849 [info] > git config --local branch.main.github-pr-owner-number [1ms]
2024-04-20 06:50:35.849 [warning] git config failed: Failed to execute git
2024-04-20 06:54:35.353 [info] > git config --get commit.template [12ms]
2024-04-20 06:54:35.354 [info] > git for-each-ref --format=%(refname)%00%(upstream:short)%00%(objectname)%00%(upstream:track)%00%(upstream:remotename)%00%(upstream:remoteref) refs/heads/main refs/remotes/main [1ms]
2024-04-20 06:54:35.364 [warning] ENOENT: no such file or directory, open '/workspace/flaskmvc/.git/refs/remotes/origin/main'
2024-04-20 06:54:35.365 [info] > git rev-parse refs/remotes/origin/main [1ms]
2024-04-20 06:54:35.377 [info] > git status -z -uall [1ms]
2024-04-20 06:55:35.863 [info] > git config --local branch.main.github-pr-owner-number [1ms]
2024-04-20 06:55:35.863 [warning] git config failed: Failed to execute git
2024-04-20 06:56:10.991 [info] > git config --get commit.template [8ms]
2024-04-20 06:56:10.991 [info] > git for-each-ref --format=%(refname)%00%(upstream:short)%00%(objectname)%00%(upstream:track)%00%(upstream:remotename)%00%(upstream:remoteref) refs/heads/main refs/remotes/main [1ms]
2024-04-20 06:56:10.997 [warning] ENOENT: no such file or directory, open '/workspace/flaskmvc/.git/refs/remotes/origin/main'
2024-04-20 06:56:10.998 [info] > git rev-parse refs/remotes/origin/main [1ms]
2024-04-20 06:56:11.007 [info] > git status -z -uall [2ms]
2024-04-20 07:00:35.876 [info] > git config --local branch.main.github-pr-owner-number [1ms]
2024-04-20 07:00:35.876 [warning] git config failed: Failed to execute git
2024-04-20 07:05:35.886 [info] > git config --local branch.main.github-pr-owner-number [1ms]
2024-04-20 07:05:35.886 [warning] git config failed: Failed to execute git
2024-04-20 07:09:55.626 [info] > git config --get commit.template [8ms]
2024-04-20 07:09:55.627 [info] > git for-each-ref --format=%(refname)%00%(upstream:short)%00%(objectname)%00%(upstream:track)%00%(upstream:remotename)%00%(upstream:remoteref) refs/heads/main refs/remotes/main [1ms]
2024-04-20 07:09:55.632 [warning] ENOENT: no such file or directory, open '/workspace/flaskmvc/.git/refs/remotes/origin/main'
2024-04-20 07:09:55.633 [info] > git rev-parse refs/remotes/origin/main [0ms]
2024-04-20 07:09:55.639 [info] > git status -z -uall [1ms]
2024-04-20 07:10:00.659 [info] > git config --get commit.template [7ms]
2024-04-20 07:10:00.659 [info] > git for-each-ref --format=%(refname)%00%(upstream:short)%00%(objectname)%00%(upstream:track)%00%(upstream:remotename)%00%(upstream:remoteref) refs/heads/main refs/remotes/main [1ms]
2024-04-20 07:10:00.667 [warning] ENOENT: no such file or directory, open '/workspace/flaskmvc/.git/refs/remotes/origin/main'
2024-04-20 07:10:00.668 [info] > git rev-parse refs/remotes/origin/main [1ms]
2024-04-20 07:10:00.680 [info] > git status -z -uall [1ms]
2024-04-20 07:10:35.899 [info] > git config --local branch.main.github-pr-owner-number [1ms]
2024-04-20 07:10:35.899 [warning] git config failed: Failed to execute git
2024-04-20 07:15:35.911 [info] > git config --local branch.main.github-pr-owner-number [1ms]
2024-04-20 07:15:35.911 [warning] git config failed: Failed to execute git
2024-04-20 07:20:35.921 [info] > git config --local branch.main.github-pr-owner-number [1ms]
2024-04-20 07:20:35.921 [warning] git config failed: Failed to execute git
2024-04-20 07:21:40.472 [info] > git config --get commit.template [8ms]
2024-04-20 07:21:40.472 [info] > git for-each-ref --format=%(refname)%00%(upstream:short)%00%(objectname)%00%(upstream:track)%00%(upstream:remotename)%00%(upstream:remoteref) refs/heads/main refs/remotes/main [1ms]
2024-04-20 07:21:40.478 [warning] ENOENT: no such file or directory, open '/workspace/flaskmvc/.git/refs/remotes/origin/main'
2024-04-20 07:21:40.479 [info] > git rev-parse refs/remotes/origin/main [1ms]
2024-04-20 07:21:40.486 [info] > git status -z -uall [2ms]
2024-04-20 07:21:40.599 [info] > git ls-files --stage -- /workspace/flaskmvc/App/main.py [1ms]
2024-04-20 07:21:40.606 [info] > git cat-file -s c4f66de2357b19b88e4bdb1902e07b405c1f954e [1ms]
2024-04-20 07:21:40.741 [info] > git show --textconv :App/main.py [1ms]
2024-04-20 07:21:44.375 [info] > git show --textconv :App/templates/index.html [6ms]
2024-04-20 07:21:44.376 [info] > git ls-files --stage -- /workspace/flaskmvc/App/templates/index.html [1ms]
2024-04-20 07:21:44.383 [info] > git cat-file -s 96ec1967006bb99f9f273f377c0cbd74d2bbb183 [1ms]
2024-04-20 07:21:45.503 [info] > git config --get commit.template [7ms]
2024-04-20 07:21:45.503 [info] > git for-each-ref --format=%(refname)%00%(upstream:short)%00%(objectname)%00%(upstream:track)%00%(upstream:remotename)%00%(upstream:remoteref) refs/heads/main refs/remotes/main [1ms]
2024-04-20 07:21:45.509 [warning] ENOENT: no such file or directory, open '/workspace/flaskmvc/.git/refs/remotes/origin/main'
2024-04-20 07:21:45.510 [info] > git rev-parse refs/remotes/origin/main [1ms]
2024-04-20 07:21:45.517 [info] > git status -z -uall [2ms]
2024-04-20 07:22:45.075 [info] > git config --get commit.template [6ms]
2024-04-20 07:22:45.076 [info] > git for-each-ref --format=%(refname)%00%(upstream:short)%00%(objectname)%00%(upstream:track)%00%(upstream:remotename)%00%(upstream:remoteref) refs/heads/main refs/remotes/main [1ms]
2024-04-20 07:22:45.081 [warning] ENOENT: no such file or directory, open '/workspace/flaskmvc/.git/refs/remotes/origin/main'
2024-04-20 07:22:45.082 [info] > git rev-parse refs/remotes/origin/main [1ms]
2024-04-20 07:22:45.088 [info] > git status -z -uall [1ms]
2024-04-20 07:22:50.107 [info] > git config --get commit.template [9ms]
2024-04-20 07:22:50.108 [info] > git for-each-ref --format=%(refname)%00%(upstream:short)%00%(objectname)%00%(upstream:track)%00%(upstream:remotename)%00%(upstream:remoteref) refs/heads/main refs/remotes/main [1ms]
2024-04-20 07:22:50.115 [warning] ENOENT: no such file or directory, open '/workspace/flaskmvc/.git/refs/remotes/origin/main'
2024-04-20 07:22:50.116 [info] > git rev-parse refs/remotes/origin/main [1ms]
2024-04-20 07:22:50.127 [info] > git status -z -uall [2ms]
2024-04-20 07:25:35.930 [info] > git config --local branch.main.github-pr-owner-number [1ms]
2024-04-20 07:25:35.930 [warning] git config failed: Failed to execute git
2024-04-20 07:28:23.961 [info] > git config --get commit.template [9ms]
2024-04-20 07:28:23.961 [info] > git for-each-ref --format=%(refname)%00%(upstream:short)%00%(objectname)%00%(upstream:track)%00%(upstream:remotename)%00%(upstream:remoteref) refs/heads/main refs/remotes/main [1ms]
2024-04-20 07:28:23.968 [warning] ENOENT: no such file or directory, open '/workspace/flaskmvc/.git/refs/remotes/origin/main'
2024-04-20 07:28:23.969 [info] > git rev-parse refs/remotes/origin/main [1ms]
2024-04-20 07:28:23.976 [info] > git status -z -uall [2ms]
2024-04-20 07:28:29.011 [info] > git config --get commit.template [20ms]
2024-04-20 07:28:29.012 [info] > git for-each-ref --format=%(refname)%00%(upstream:short)%00%(objectname)%00%(upstream:track)%00%(upstream:remotename)%00%(upstream:remoteref) refs/heads/main refs/remotes/main [1ms]
2024-04-20 07:28:29.023 [warning] ENOENT: no such file or directory, open '/workspace/flaskmvc/.git/refs/remotes/origin/main'
2024-04-20 07:28:29.023 [info] > git rev-parse refs/remotes/origin/main [1ms]
2024-04-20 07:28:29.035 [info] > git status -z -uall [1ms]
2024-04-20 07:30:17.080 [info] > git config --get commit.template [7ms]
2024-04-20 07:30:17.081 [info] > git for-each-ref --format=%(refname)%00%(upstream:short)%00%(objectname)%00%(upstream:track)%00%(upstream:remotename)%00%(upstream:remoteref) refs/heads/main refs/remotes/main [1ms]
2024-04-20 07:30:17.086 [warning] ENOENT: no such file or directory, open '/workspace/flaskmvc/.git/refs/remotes/origin/main'
2024-04-20 07:30:17.087 [info] > git rev-parse refs/remotes/origin/main [1ms]
2024-04-20 07:30:17.094 [info] > git status -z -uall [2ms]
2024-04-20 07:30:35.941 [info] > git config --local branch.main.github-pr-owner-number [1ms]
2024-04-20 07:30:35.941 [warning] git config failed: Failed to execute git
2024-04-20 07:31:03.449 [info] > git config --get commit.template [6ms]
2024-04-20 07:31:03.449 [info] > git for-each-ref --format=%(refname)%00%(upstream:short)%00%(objectname)%00%(upstream:track)%00%(upstream:remotename)%00%(upstream:remoteref) refs/heads/main refs/remotes/main [1ms]
2024-04-20 07:31:03.455 [warning] ENOENT: no such file or directory, open '/workspace/flaskmvc/.git/refs/remotes/origin/main'
2024-04-20 07:31:03.456 [info] > git rev-parse refs/remotes/origin/main [1ms]
2024-04-20 07:31:03.463 [info] > git status -z -uall [2ms]
2024-04-20 07:31:06.886 [info] > git show --textconv :App/templates/layout.html [66ms]
2024-04-20 07:31:06.887 [info] > git ls-files --stage -- /workspace/flaskmvc/App/templates/layout.html [2ms]
2024-04-20 07:31:06.899 [info] > git cat-file -s ae01fe22306c7802c7921ee914cd7a77129ac04a [2ms]
2024-04-20 07:31:12.571 [info] > git show --textconv :App/views/exercise.py [6ms]
2024-04-20 07:31:12.572 [info] > git ls-files --stage -- /workspace/flaskmvc/App/views/exercise.py [1ms]
2024-04-20 07:31:14.272 [info] > git show --textconv :App/views/admin.py [7ms]
2024-04-20 07:31:14.273 [info] > git ls-files --stage -- /workspace/flaskmvc/App/views/admin.py [2ms]
2024-04-20 07:31:14.279 [info] > git cat-file -s 47e9ad5f5e6ea01deb48e96323d2b6f0768b85ea [1ms]
2024-04-20 07:34:42.948 [info] > git config --get commit.template [6ms]
2024-04-20 07:34:42.948 [info] > git for-each-ref --format=%(refname)%00%(upstream:short)%00%(objectname)%00%(upstream:track)%00%(upstream:remotename)%00%(upstream:remoteref) refs/heads/main refs/remotes/main [1ms]
2024-04-20 07:34:42.954 [warning] ENOENT: no such file or directory, open '/workspace/flaskmvc/.git/refs/remotes/origin/main'
2024-04-20 07:34:42.955 [info] > git rev-parse refs/remotes/origin/main [1ms]
2024-04-20 07:34:42.962 [info] > git status -z -uall [2ms]
2024-04-20 07:34:47.979 [info] > git config --get commit.template [7ms]
2024-04-20 07:34:47.980 [info] > git for-each-ref --format=%(refname)%00%(upstream:short)%00%(objectname)%00%(upstream:track)%00%(upstream:remotename)%00%(upstream:remoteref) refs/heads/main refs/remotes/main [2ms]
2024-04-20 07:34:47.985 [warning] ENOENT: no such file or directory, open '/workspace/flaskmvc/.git/refs/remotes/origin/main'
2024-04-20 07:34:47.986 [info] > git rev-parse refs/remotes/origin/main [0ms]
2024-04-20 07:34:47.992 [info] > git status -z -uall [1ms]
2024-04-20 07:34:49.519 [info] > git show --textconv :App/templates/temp.html [6ms]
2024-04-20 07:34:49.519 [info] > git ls-files --stage -- /workspace/flaskmvc/App/templates/temp.html [1ms]
2024-04-20 07:35:35.951 [info] > git config --local branch.main.github-pr-owner-number [1ms]
2024-04-20 07:35:35.951 [warning] git config failed: Failed to execute git
2024-04-20 07:40:35.964 [info] > git config --local branch.main.github-pr-owner-number [1ms]
2024-04-20 07:40:35.964 [warning] git config failed: Failed to execute git
2024-04-20 07:45:16.225 [info] > git show --textconv :App/views/exercise.py [7ms]
2024-04-20 07:45:16.227 [info] > git ls-files --stage -- /workspace/flaskmvc/App/views/exercise.py [2ms]
2024-04-20 07:45:26.893 [info] > git show --textconv :App/views/workout.py [7ms]
2024-04-20 07:45:26.893 [info] > git ls-files --stage -- /workspace/flaskmvc/App/views/workout.py [2ms]
2024-04-20 07:45:35.977 [info] > git config --local branch.main.github-pr-owner-number [1ms]
2024-04-20 07:45:35.977 [warning] git config failed: Failed to execute git
2024-04-20 07:45:41.144 [info] > git check-ignore -v -z --stdin [1ms]
2024-04-20 07:45:44.872 [info] > git show --textconv :App/models/exercise.py [11ms]
2024-04-20 07:45:44.873 [info] > git ls-files --stage -- /workspace/flaskmvc/App/models/exercise.py [2ms]
2024-04-20 07:45:52.803 [info] > git show --textconv :App/models/workout.py [8ms]
2024-04-20 07:45:52.803 [info] > git ls-files --stage -- /workspace/flaskmvc/App/models/workout.py [1ms]
2024-04-20 07:46:00.666 [info] > git show --textconv :App/models/exercise.py [11ms]
2024-04-20 07:46:00.666 [info] > git ls-files --stage -- /workspace/flaskmvc/App/models/exercise.py [1ms]
2024-04-20 07:46:01.712 [info] > git show --textconv :App/models/user.py [11ms]
2024-04-20 07:46:01.712 [info] > git ls-files --stage -- /workspace/flaskmvc/App/models/user.py [1ms]
2024-04-20 07:46:01.723 [info] > git cat-file -s 8efe083abaeb27e79f2d4ff220cd9e475362080f [1ms]
2024-04-20 07:46:05.299 [info] > git show --textconv :App/models/exercise.py [7ms]
2024-04-20 07:46:05.299 [info] > git ls-files --stage -- /workspace/flaskmvc/App/models/exercise.py [1ms]
2024-04-20 07:46:06.142 [info] > git show --textconv :App/models/__init__.py [6ms]
2024-04-20 07:46:06.143 [info] > git ls-files --stage -- /workspace/flaskmvc/App/models/__init__.py [1ms]
2024-04-20 07:46:06.150 [info] > git cat-file -s 82da278c5bdc6d9016f38dcbd8ccaa342dda5f64 [1ms]
2024-04-20 07:46:10.113 [info] > git check-ignore -v -z --stdin [1ms]
2024-04-20 07:46:11.708 [info] > git show --textconv :App/controllers/exercise.py [7ms]
2024-04-20 07:46:11.708 [info] > git ls-files --stage -- /workspace/flaskmvc/App/controllers/exercise.py [1ms]
2024-04-20 07:46:13.430 [info] > git show --textconv :App/controllers/__init__.py [6ms]
2024-04-20 07:46:13.431 [info] > git ls-files --stage -- /workspace/flaskmvc/App/controllers/__init__.py [1ms]
2024-04-20 07:46:13.437 [info] > git cat-file -s 98fb3b9d64f3e208a40fbe330c68cd7b7233102c [1ms]
2024-04-20 07:46:14.989 [info] > git show --textconv :App/controllers/initialize.py [7ms]
2024-04-20 07:46:14.989 [info] > git ls-files --stage -- /workspace/flaskmvc/App/controllers/initialize.py [1ms]
2024-04-20 07:46:14.996 [info] > git cat-file -s 9194d3aba7a4b359facc97a5a1b5b66ac05e75fb [1ms]
2024-04-20 07:46:17.063 [info] > git show --textconv :App/controllers/user.py [11ms]
2024-04-20 07:46:17.064 [info] > git ls-files --stage -- /workspace/flaskmvc/App/controllers/user.py [1ms]
2024-04-20 07:46:17.075 [info] > git cat-file -s 4165eb421603307cac0355b72dc5a34d028bef04 [1ms]
2024-04-20 07:46:40.362 [info] > git check-ignore -v -z --stdin [2ms]
2024-04-20 07:48:14.379 [info] > git show --textconv :App/templates/index.html [7ms]
2024-04-20 07:48:14.380 [info] > git ls-files --stage -- /workspace/flaskmvc/App/templates/index.html [1ms]
2024-04-20 07:48:14.390 [info] > git cat-file -s 96ec1967006bb99f9f273f377c0cbd74d2bbb183 [2ms]
2024-04-20 07:48:16.009 [info] > git show --textconv :App/main.py [11ms]
2024-04-20 07:48:16.010 [info] > git ls-files --stage -- /workspace/flaskmvc/App/main.py [1ms]
2024-04-20 07:48:16.021 [info] > git cat-file -s c4f66de2357b19b88e4bdb1902e07b405c1f954e [1ms]
2024-04-20 07:48:21.795 [info] > git show --textconv :App/templates/temp.html [7ms]
2024-04-20 07:48:21.796 [info] > git ls-files --stage -- /workspace/flaskmvc/App/templates/temp.html [1ms]
2024-04-20 07:48:47.977 [info] > git show --textconv :App/controllers/auth.py [7ms]
2024-04-20 07:48:47.977 [info] > git ls-files --stage -- /workspace/flaskmvc/App/controllers/auth.py [1ms]
2024-04-20 07:48:47.987 [info] > git cat-file -s bf02ca38be6ac98db4423dbfbe5a6b69b12b0124 [1ms]
2024-04-20 07:49:22.717 [info] > git show --textconv :App/main.py [11ms]
2024-04-20 07:49:22.718 [info] > git ls-files --stage -- /workspace/flaskmvc/App/main.py [1ms]
2024-04-20 07:49:22.729 [info] > git cat-file -s c4f66de2357b19b88e4bdb1902e07b405c1f954e [1ms]
2024-04-20 07:50:17.775 [info] > git check-ignore -v -z --stdin [1ms]
2024-04-20 07:50:35.990 [info] > git config --local branch.main.github-pr-owner-number [1ms]
2024-04-20 07:50:35.990 [warning] git config failed: Failed to execute git
2024-04-20 07:55:36.002 [info] > git config --local branch.main.github-pr-owner-number [1ms]
2024-04-20 07:55:36.002 [warning] git config failed: Failed to execute git
2024-04-20 07:55:53.145 [info] > git show --textconv :App/templates/layout.html [7ms]
2024-04-20 07:55:53.146 [info] > git ls-files --stage -- /workspace/flaskmvc/App/templates/layout.html [2ms]
2024-04-20 07:55:53.153 [info] > git cat-file -s ae01fe22306c7802c7921ee914cd7a77129ac04a [1ms]
2024-04-20 07:55:59.757 [info] > git check-ignore -v -z --stdin [1ms]
2024-04-20 07:55:59.851 [info] > git show --textconv :App/templates/routineview [11ms]
2024-04-20 07:55:59.852 [info] > git ls-files --stage -- /workspace/flaskmvc/App/templates/routineview [1ms]
2024-04-20 07:56:00.262 [info] > git config --get commit.template [7ms]
2024-04-20 07:56:00.262 [info] > git for-each-ref --format=%(refname)%00%(upstream:short)%00%(objectname)%00%(upstream:track)%00%(upstream:remotename)%00%(upstream:remoteref) refs/heads/main refs/remotes/main [1ms]
2024-04-20 07:56:00.268 [warning] ENOENT: no such file or directory, open '/workspace/flaskmvc/.git/refs/remotes/origin/main'
2024-04-20 07:56:00.269 [info] > git rev-parse refs/remotes/origin/main [1ms]
2024-04-20 07:56:00.276 [info] > git status -z -uall [2ms]
2024-04-20 07:56:08.632 [info] > git show --textconv :App/templates/routine.html [14ms]
2024-04-20 07:56:08.633 [info] > git ls-files --stage -- /workspace/flaskmvc/App/templates/routine.html [2ms]
2024-04-20 07:56:08.658 [info] > git check-ignore -v -z --stdin [1ms]
2024-04-20 07:56:09.068 [info] > git config --get commit.template [9ms]
2024-04-20 07:56:09.069 [info] > git for-each-ref --format=%(refname)%00%(upstream:short)%00%(objectname)%00%(upstream:track)%00%(upstream:remotename)%00%(upstream:remoteref) refs/heads/main refs/remotes/main [1ms]
2024-04-20 07:56:09.075 [warning] ENOENT: no such file or directory, open '/workspace/flaskmvc/.git/refs/remotes/origin/main'
2024-04-20 07:56:09.076 [info] > git rev-parse refs/remotes/origin/main [1ms]
2024-04-20 07:56:09.084 [info] > git status -z -uall [2ms]
2024-04-20 07:56:12.524 [info] > git show --textconv :App/templates/routineview [7ms]
2024-04-20 07:56:12.525 [info] > git ls-files --stage -- /workspace/flaskmvc/App/templates/routineview [1ms]
2024-04-20 07:56:19.377 [info] > git show --textconv :App/templates/routineview.html [9ms]
2024-04-20 07:56:19.378 [info] > git ls-files --stage -- /workspace/flaskmvc/App/templates/routineview.html [1ms]
2024-04-20 07:56:19.407 [info] > git check-ignore -v -z --stdin [1ms]
2024-04-20 07:56:19.922 [info] > git config --get commit.template [8ms]
2024-04-20 07:56:19.923 [info] > git for-each-ref --format=%(refname)%00%(upstream:short)%00%(objectname)%00%(upstream:track)%00%(upstream:remotename)%00%(upstream:remoteref) refs/heads/main refs/remotes/main [2ms]
2024-04-20 07:56:19.929 [warning] ENOENT: no such file or directory, open '/workspace/flaskmvc/.git/refs/remotes/origin/main'
2024-04-20 07:56:19.929 [info] > git rev-parse refs/remotes/origin/main [0ms]
2024-04-20 07:56:19.937 [info] > git status -z -uall [2ms]
2024-04-20 07:56:57.818 [info] > git show --textconv :App/templates/message.html [6ms]
2024-04-20 07:56:57.818 [info] > git ls-files --stage -- /workspace/flaskmvc/App/templates/message.html [1ms]
2024-04-20 07:56:57.825 [info] > git cat-file -s c66f36143242da04d8009d7ddb7b2a73f0f50ae8 [1ms]
2024-04-20 07:57:33.999 [info] > git show --textconv :App/templates/routineview.html [9ms]
2024-04-20 07:57:33.999 [info] > git ls-files --stage -- /workspace/flaskmvc/App/templates/routineview.html [1ms]
2024-04-20 07:57:41.384 [info] > git config --get commit.template [1ms]
2024-04-20 07:57:41.399 [info] > git for-each-ref --format=%(refname)%00%(upstream:short)%00%(objectname)%00%(upstream:track)%00%(upstream:remotename)%00%(upstream:remoteref) refs/heads/main refs/remotes/main [1ms]
2024-04-20 07:57:41.406 [warning] ENOENT: no such file or directory, open '/workspace/flaskmvc/.git/refs/remotes/origin/main'
2024-04-20 07:57:41.407 [info] > git rev-parse refs/remotes/origin/main [1ms]
2024-04-20 07:57:41.414 [info] > git status -z -uall [2ms]
2024-04-20 07:57:43.106 [info] > git show --textconv :App/templates/message.html [6ms]
2024-04-20 07:57:43.107 [info] > git ls-files --stage -- /workspace/flaskmvc/App/templates/message.html [1ms]
2024-04-20 07:57:43.113 [info] > git cat-file -s c66f36143242da04d8009d7ddb7b2a73f0f50ae8 [1ms]
2024-04-20 07:57:43.950 [info] > git show --textconv :App/templates/routine.html [11ms]
2024-04-20 07:57:43.951 [info] > git ls-files --stage -- /workspace/flaskmvc/App/templates/routine.html [1ms]
2024-04-20 07:57:49.869 [info] > git config --get commit.template [12ms]
2024-04-20 07:57:49.870 [info] > git for-each-ref --format=%(refname)%00%(upstream:short)%00%(objectname)%00%(upstream:track)%00%(upstream:remotename)%00%(upstream:remoteref) refs/heads/main refs/remotes/main [1ms]
2024-04-20 07:57:49.880 [warning] ENOENT: no such file or directory, open '/workspace/flaskmvc/.git/refs/remotes/origin/main'
2024-04-20 07:57:49.884 [info] > git rev-parse refs/remotes/origin/main [4ms]
2024-04-20 07:57:49.912 [info] > git status -z -uall [3ms]
2024-04-20 07:57:59.282 [info] > git show --textconv :App/templates/temp.html [8ms]
2024-04-20 07:57:59.283 [info] > git ls-files --stage -- /workspace/flaskmvc/App/templates/temp.html [1ms]
2024-04-20 07:58:02.739 [info] > git show --textconv :App/templates/login.html [7ms]
2024-04-20 07:58:02.740 [info] > git ls-files --stage -- /workspace/flaskmvc/App/templates/login.html [2ms]
2024-04-20 07:59:00.401 [info] > git show --textconv :App/static/routineview.css [6ms]
2024-04-20 07:59:00.402 [info] > git ls-files --stage -- /workspace/flaskmvc/App/static/routineview.css [2ms]
2024-04-20 07:59:00.439 [info] > git check-ignore -v -z --stdin [2ms]
2024-04-20 07:59:00.875 [info] > git config --get commit.template [7ms]
2024-04-20 07:59:00.875 [info] > git for-each-ref --format=%(refname)%00%(upstream:short)%00%(objectname)%00%(upstream:track)%00%(upstream:remotename)%00%(upstream:remoteref) refs/heads/main refs/remotes/main [1ms]
2024-04-20 07:59:00.881 [warning] ENOENT: no such file or directory, open '/workspace/flaskmvc/.git/refs/remotes/origin/main'
2024-04-20 07:59:00.881 [info] > git rev-parse refs/remotes/origin/main [1ms]
2024-04-20 07:59:00.888 [info] > git status -z -uall [1ms]
2024-04-20 07:59:08.142 [info] > git config --get commit.template [7ms]
2024-04-20 07:59:08.143 [info] > git for-each-ref --format=%(refname)%00%(upstream:short)%00%(objectname)%00%(upstream:track)%00%(upstream:remotename)%00%(upstream:remoteref) refs/heads/main refs/remotes/main [2ms]
2024-04-20 07:59:08.148 [warning] ENOENT: no such file or directory, open '/workspace/flaskmvc/.git/refs/remotes/origin/main'
2024-04-20 07:59:08.149 [info] > git rev-parse refs/remotes/origin/main [1ms]
2024-04-20 07:59:08.157 [info] > git status -z -uall [1ms]
2024-04-20 07:59:16.844 [info] > git show --textconv :App/static/routine.css [9ms]
2024-04-20 07:59:16.845 [info] > git ls-files --stage -- /workspace/flaskmvc/App/static/routine.css [1ms]
2024-04-20 07:59:16.868 [info] > git check-ignore -v -z --stdin [1ms]
2024-04-20 07:59:17.283 [info] > git config --get commit.template [8ms]
2024-04-20 07:59:17.283 [info] > git for-each-ref --format=%(refname)%00%(upstream:short)%00%(objectname)%00%(upstream:track)%00%(upstream:remotename)%00%(upstream:remoteref) refs/heads/main refs/remotes/main [1ms]
2024-04-20 07:59:17.290 [warning] ENOENT: no such file or directory, open '/workspace/flaskmvc/.git/refs/remotes/origin/main'
2024-04-20 07:59:17.291 [info] > git rev-parse refs/remotes/origin/main [1ms]
2024-04-20 07:59:17.297 [info] > git status -z -uall [1ms]
2024-04-20 07:59:27.136 [info] > git config --get commit.template [7ms]
2024-04-20 07:59:27.136 [info] > git for-each-ref --format=%(refname)%00%(upstream:short)%00%(objectname)%00%(upstream:track)%00%(upstream:remotename)%00%(upstream:remoteref) refs/heads/main refs/remotes/main [1ms]
2024-04-20 07:59:27.142 [warning] ENOENT: no such file or directory, open '/workspace/flaskmvc/.git/refs/remotes/origin/main'
2024-04-20 07:59:27.142 [info] > git rev-parse refs/remotes/origin/main [1ms]
2024-04-20 07:59:27.149 [info] > git status -z -uall [2ms]
2024-04-20 07:59:39.649 [info] > git show --textconv :App/templates/login.html [11ms]
2024-04-20 07:59:39.650 [info] > git ls-files --stage -- /workspace/flaskmvc/App/templates/login.html [2ms]
2024-04-20 07:59:40.968 [info] > git show --textconv :App/static/routine.css [6ms]
2024-04-20 07:59:40.969 [info] > git ls-files --stage -- /workspace/flaskmvc/App/static/routine.css [2ms]
2024-04-20 07:59:43.852 [info] > git show --textconv :App/templates/routineview.html [6ms]
2024-04-20 07:59:43.852 [info] > git ls-files --stage -- /workspace/flaskmvc/App/templates/routineview.html [1ms]
2024-04-20 08:00:36.012 [info] > git config --local branch.main.github-pr-owner-number [1ms]
2024-04-20 08:00:36.012 [warning] git config failed: Failed to execute git
2024-04-20 08:02:50.570 [info] > git config --get commit.template [6ms]
2024-04-20 08:02:50.571 [info] > git for-each-ref --format=%(refname)%00%(upstream:short)%00%(objectname)%00%(upstream:track)%00%(upstream:remotename)%00%(upstream:remoteref) refs/heads/main refs/remotes/main [1ms]
2024-04-20 08:02:50.576 [warning] ENOENT: no such file or directory, open '/workspace/flaskmvc/.git/refs/remotes/origin/main'
2024-04-20 08:02:50.577 [info] > git rev-parse refs/remotes/origin/main [1ms]
2024-04-20 08:02:50.583 [info] > git status -z -uall [1ms]
2024-04-20 08:03:01.104 [info] > git config --get commit.template [7ms]
2024-04-20 08:03:01.104 [info] > git for-each-ref --format=%(refname)%00%(upstream:short)%00%(objectname)%00%(upstream:track)%00%(upstream:remotename)%00%(upstream:remoteref) refs/heads/main refs/remotes/main [1ms]
2024-04-20 08:03:01.110 [warning] ENOENT: no such file or directory, open '/workspace/flaskmvc/.git/refs/remotes/origin/main'
2024-04-20 08:03:01.110 [info] > git rev-parse refs/remotes/origin/main [1ms]
2024-04-20 08:03:01.117 [info] > git status -z -uall [1ms]
2024-04-20 08:03:01.126 [info] > git merge-base refs/heads/main refs/remotes/origin/main [3ms]
2024-04-20 08:03:01.132 [info] > git rev-list --count --left-right refs/heads/main...refs/remotes/origin/main [1ms]
2024-04-20 08:03:01.140 [info] > git diff --name-status -z --diff-filter=ADMR 67c8bcb543bbafc4462bb8fedf7dc22085389c55...refs/remotes/origin/main [1ms]
2024-04-20 08:03:01.297 [info] > git config --local branch.main.github-pr-owner-number [1ms]
2024-04-20 08:03:01.297 [warning] git config failed: Failed to execute git
