2024-04-21 05:49:32.445 [info] Log level: Info
2024-04-21 05:49:32.462 [info] VSCODE_MACHINE_ID: ee5b184a-8f28-49d8-9047-1b4d5bf18689
2024-04-21 05:49:32.462 [info] VSCODE_SESSION_ID: 00216232-e6fe-4ff6-a7b3-1e5a722798311713678569385
2024-04-21 05:49:32.462 [info] VSCODE_VERSION: 1.88.0
2024-04-21 05:49:32.462 [info] VSCODE_APP_NAME: Gitpod Code
2024-04-21 05:49:32.462 [info] VSCODE_APP_HOST: Gitpod
2024-04-21 05:49:32.462 [info] VSCODE_UI_KIND: web
2024-04-21 05:49:32.462 [info] GITPOD_WORKSPACE_CONTEXT_URL: https://github.com/uwidcit/flaskmvc
2024-04-21 05:49:32.462 [info] GITPOD_INSTANCE_ID: c80839d9-ac8c-4c9b-9d7b-5f79c49f0a9e
2024-04-21 05:49:32.462 [info] GITPOD_WORKSPACE_URL: https://uwidcit-flaskmvc-zxsa26j1o46.ws-us110.gitpod.io
2024-04-21 05:49:32.470 [info] Gitpod Web 4e069a6
2024-04-21 05:49:32.470 [info] Reading sessions from keychain...
2024-04-21 05:49:32.719 [info] Getting sessions for all scopes...
2024-04-21 05:49:32.719 [info] Getting GitHub sessions for all scopes...
2024-04-21 05:49:32.719 [info] Getting sessions for function:accessCodeSyncStorage...
2024-04-21 05:49:32.720 [info] Got stored sessions!
2024-04-21 05:49:32.720 [info] Verified session with the following scopes: function:accessCodeSyncStorage function:closePort function:controlAdmission function:deleteEnvVar function:generateNewGitpodToken function:getDefaultWorkspaceImage function:getEnvVars function:getGitpodTokenScopes function:getIDToken function:getLoggedInUser function:getOpenPorts function:getSupportedWorkspaceClasses function:getTeams function:getToken function:getWorkspace function:getWorkspaceEnvVars function:getWorkspaceOwner function:getWorkspaceTimeout function:getWorkspaceUsers function:guessGitTokenScopes function:isWorkspaceOwner function:openPort function:sendHeartBeat function:setEnvVar function:setWorkspaceTimeout function:stopWorkspace function:takeSnapshot function:trackEvent function:updateGitStatus function:waitForSnapshot resource:contentBlob::*::create/get resource:envVar::uwidcit/flaskmvc::create/get/update/delete resource:gitpodToken::*::create resource:snapshot::ws-uwidcit-flaskmvc-zxsa26j1o46::create resource:token::*::get resource:userStorage::*::create/get/update resource:workspace::uwidcit-flaskmvc-zxsa26j1o46::get/update resource:workspaceInstance::c80839d9-ac8c-4c9b-9d7b-5f79c49f0a9e::get/update/delete
2024-04-21 05:49:32.720 [info] Got 1 verified sessions.
2024-04-21 05:49:32.720 [info] Got 1 sessions for all scopes...
2024-04-21 05:49:32.720 [info] Got 1 sessions for function:accessCodeSyncStorage...
2024-04-21 05:49:32.812 [info] Got 1 GitHub sessions for all scopes...
2024-04-21 05:49:32.813 [info] Getting GitHub sessions for all scopes...
2024-04-21 05:49:32.813 [info] Got 1 GitHub sessions for all scopes...
2024-04-21 05:49:33.076 [info] Getting sessions for all scopes...
2024-04-21 05:49:33.076 [info] Got 1 sessions for all scopes...
2024-04-21 05:49:33.195 [info] Getting GitHub sessions for all scopes...
2024-04-21 05:49:33.195 [info] Got 1 GitHub sessions for all scopes...
2024-04-21 05:49:33.715 [info] Getting GitHub sessions for read:user,repo,user:email,workflow...
2024-04-21 05:49:33.715 [info] Got 1 GitHub sessions for read:user,repo,user:email,workflow...
2024-04-21 05:49:34.119 [info] Getting GitHub sessions for project,read:org,read:user,repo,user:email,workflow...
2024-04-21 05:49:34.119 [info] Got 0 GitHub sessions for project,read:org,read:user,repo,user:email,workflow...
2024-04-21 05:49:34.618 [info] Getting GitHub sessions for read:user,repo,user:email,workflow...
2024-04-21 05:49:34.618 [info] Got 1 GitHub sessions for read:user,repo,user:email,workflow...
