2024-04-20 06:00:31.984 [info] Extension host with pid 555 started
2024-04-20 06:00:31.985 [error] Error: EEXIST: file already exists, open '/workspace/.vscode-remote/data/User/workspaceStorage/7df2c398/vscode.lock'
2024-04-20 06:00:31.988 [info] Lock '/workspace/.vscode-remote/data/User/workspaceStorage/7df2c398/vscode.lock': Lock acquired.
2024-04-20 06:00:32.195 [info] ExtensionService#_doActivateExtension gitpod.gitpod-web, startup: false, activationEvent: 'onView:gitpod.portsView'
2024-04-20 06:00:32.196 [info] ExtensionService#_doActivateExtension vscode.html-language-features, startup: false, activationEvent: 'onLanguage:html'
2024-04-20 06:00:32.196 [info] ExtensionService#_doActivateExtension vscode.emmet, startup: false, activationEvent: 'onLanguage'
2024-04-20 06:00:32.872 [info] ExtensionService#_doActivateExtension vscode.git-base, startup: true, activationEvent: '*', root cause: vscode.git
2024-04-20 06:00:32.877 [info] ExtensionService#_doActivateExtension vscode.npm, startup: true, activationEvent: 'workspaceContains:package.json'
2024-04-20 06:00:33.055 [info] ExtensionService#_doActivateExtension vscode.git, startup: true, activationEvent: '*'
2024-04-20 06:00:33.055 [info] ExtensionService#_doActivateExtension vscode.github, startup: true, activationEvent: '*'
2024-04-20 06:00:33.221 [info] ExtensionService#_doActivateExtension redhat.vscode-yaml, startup: false, activationEvent: 'onLanguage:yaml'
2024-04-20 06:00:33.379 [info] Eager extensions activated
2024-04-20 06:00:33.380 [info] ExtensionService#_doActivateExtension vscode.debug-auto-launch, startup: false, activationEvent: 'onStartupFinished'
2024-04-20 06:00:33.380 [info] ExtensionService#_doActivateExtension vscode.merge-conflict, startup: false, activationEvent: 'onStartupFinished'
2024-04-20 06:00:33.381 [info] ExtensionService#_doActivateExtension vscode.github-authentication, startup: false, activationEvent: 'onStartupFinished', root cause: GitHub.vscode-pull-request-github
2024-04-20 06:00:33.620 [info] ExtensionService#_doActivateExtension GitHub.vscode-pull-request-github, startup: false, activationEvent: 'onStartupFinished'
2024-04-20 06:00:33.891 [warning] [redhat.vscode-yaml] Accessing a resource scoped configuration without providing a resource is not expected. To get the effective value for '[yaml]', provide the URI of a resource or 'null' for any resource.
2024-04-20 06:00:33.892 [warning] [redhat.vscode-yaml] Accessing a resource scoped configuration without providing a resource is not expected. To get the effective value for '[yaml]', provide the URI of a resource or 'null' for any resource.
2024-04-20 06:00:34.004 [warning] [redhat.vscode-yaml] Accessing a resource scoped configuration without providing a resource is not expected. To get the effective value for '[yaml]', provide the URI of a resource or 'null' for any resource.
2024-04-20 06:02:30.974 [warning] [redhat.vscode-yaml] Accessing a resource scoped configuration without providing a resource is not expected. To get the effective value for '[yaml]', provide the URI of a resource or 'null' for any resource.
2024-04-20 06:02:31.008 [warning] [redhat.vscode-yaml] Accessing a resource scoped configuration without providing a resource is not expected. To get the effective value for '[yaml]', provide the URI of a resource or 'null' for any resource.
2024-04-20 06:02:31.609 [warning] [redhat.vscode-yaml] Accessing a resource scoped configuration without providing a resource is not expected. To get the effective value for '[yaml]', provide the URI of a resource or 'null' for any resource.
2024-04-20 06:02:32.631 [info] ExtensionService#_doActivateExtension vscode.json-language-features, startup: false, activationEvent: 'onLanguage:jsonc'
2024-04-20 06:02:32.632 [info] ExtensionService#_doActivateExtension vscode.typescript-language-features, startup: false, activationEvent: 'onLanguage:jsonc'
2024-04-20 06:10:25.901 [warning] [redhat.vscode-yaml] Accessing a resource scoped configuration without providing a resource is not expected. To get the effective value for '[yaml]', provide the URI of a resource or 'null' for any resource.
2024-04-20 06:10:25.910 [warning] [redhat.vscode-yaml] Accessing a resource scoped configuration without providing a resource is not expected. To get the effective value for '[yaml]', provide the URI of a resource or 'null' for any resource.
2024-04-20 06:12:30.163 [warning] [redhat.vscode-yaml] Accessing a resource scoped configuration without providing a resource is not expected. To get the effective value for '[yaml]', provide the URI of a resource or 'null' for any resource.
2024-04-20 06:12:30.165 [warning] [redhat.vscode-yaml] Accessing a resource scoped configuration without providing a resource is not expected. To get the effective value for '[yaml]', provide the URI of a resource or 'null' for any resource.
2024-04-20 06:12:30.275 [warning] [redhat.vscode-yaml] Accessing a resource scoped configuration without providing a resource is not expected. To get the effective value for '[yaml]', provide the URI of a resource or 'null' for any resource.
2024-04-20 07:59:00.068 [info] ExtensionService#_doActivateExtension vscode.css-language-features, startup: false, activationEvent: 'onLanguage:css'
2024-04-20 08:05:30.246 [info] Extension host terminating: received terminate message from renderer
2024-04-20 08:05:30.247 [info] Lock '/workspace/.vscode-remote/data/User/workspaceStorage/7df2c398/vscode.lock': Marking the lockfile as scheduled to be released in 6000 ms.
2024-04-20 08:05:30.271 [error] Canceled: Canceled
	at new O (/ide/out/vs/workbench/api/node/extensionHostProcess.js:142:46998)
	at h.U (/ide/out/vs/workbench/api/node/extensionHostProcess.js:149:5539)
	at T.<computed>.F.charCodeAt.T.<computed> (/ide/out/vs/workbench/api/node/extensionHostProcess.js:149:2993)
	at M.showMessage (/ide/out/vs/workbench/api/node/extensionHostProcess.js:144:5710)
	at Object.showInformationMessage (/ide/out/vs/workbench/api/node/extensionHostProcess.js:162:33536)
	at i (/ide/extensions/gitpod-web/out/extension.js:2:1032335)
	at async d.h (/ide/out/vs/workbench/api/node/extensionHostProcess.js:152:186866) gitpod.stopSharingWorkspace {"value":"gitpod.gitpod-web","_lower":"gitpod.gitpod-web"}
2024-04-20 08:05:30.272 [error] Canceled: Canceled
	at new O (/ide/out/vs/workbench/api/node/extensionHostProcess.js:142:46998)
	at h.U (/ide/out/vs/workbench/api/node/extensionHostProcess.js:149:5539)
	at T.<computed>.F.charCodeAt.T.<computed> (/ide/out/vs/workbench/api/node/extensionHostProcess.js:149:2993)
	at d.g (/ide/out/vs/workbench/api/node/extensionHostProcess.js:152:186335)
	at d.executeCommand (/ide/out/vs/workbench/api/node/extensionHostProcess.js:152:185773)
	at E.registerCommand.description (/ide/out/vs/workbench/api/node/extensionHostProcess.js:152:185097)
	at d.h (/ide/out/vs/workbench/api/node/extensionHostProcess.js:152:186874)
	at d.g (/ide/out/vs/workbench/api/node/extensionHostProcess.js:152:185866)
	at d.executeCommand (/ide/out/vs/workbench/api/node/extensionHostProcess.js:152:185773)
	at Object.executeCommand (/ide/out/vs/workbench/api/node/extensionHostProcess.js:162:22984)
	at a.O [as value] (/ide/extensions/git/dist/main.js:2:945802)
	at s.y (/ide/out/vs/workbench/api/node/extensionHostProcess.js:82:659)
	at s.z (/ide/out/vs/workbench/api/node/extensionHostProcess.js:82:729)
	at s.fire (/ide/out/vs/workbench/api/node/extensionHostProcess.js:82:945)
	at Object.m [as dispose] (/ide/extensions/git/dist/main.js:2:964886)
	at /ide/extensions/git/dist/main.js:2:970920
	at Array.forEach (<anonymous>)
	at f.dispose (/ide/extensions/git/dist/main.js:2:970906)
	at o.<anonymous> (/ide/out/vs/workbench/api/node/extensionHostProcess.js:150:3830)
	at o.dispose (/ide/out/vs/workbench/api/node/extensionHostProcess.js:150:3927)
	at o.<anonymous> (/ide/extensions/git/dist/main.js:2:948059)
	at o.dispose (/ide/out/vs/workbench/api/node/extensionHostProcess.js:150:3927)
	at a (/ide/out/vs/workbench/api/node/extensionHostProcess.js:30:714)
	at m.eb (/ide/out/vs/workbench/api/node/extensionHostProcess.js:158:9967)
	at /ide/out/vs/workbench/api/node/extensionHostProcess.js:158:7816
	at Array.map (<anonymous>)
	at m.$ (/ide/out/vs/workbench/api/node/extensionHostProcess.js:158:7803)
	at m.terminate (/ide/out/vs/workbench/api/node/extensionHostProcess.js:158:8077)
	at a.terminate (/ide/out/vs/workbench/api/node/extensionHostProcess.js:162:1513)
	at t (/ide/out/vs/workbench/api/node/extensionHostProcess.js:175:9917)
	at a.value (/ide/out/vs/workbench/api/node/extensionHostProcess.js:175:7964)
	at s.y (/ide/out/vs/workbench/api/node/extensionHostProcess.js:82:659)
	at s.fire (/ide/out/vs/workbench/api/node/extensionHostProcess.js:82:876)
	at r.fire (/ide/out/vs/workbench/api/node/extensionHostProcess.js:107:14173)
	at d.z (/ide/out/vs/workbench/api/node/extensionHostProcess.js:107:17238)
	at a.value (/ide/out/vs/workbench/api/node/extensionHostProcess.js:107:15690)
	at s.y (/ide/out/vs/workbench/api/node/extensionHostProcess.js:82:659)
	at s.fire (/ide/out/vs/workbench/api/node/extensionHostProcess.js:82:876)
	at m.acceptChunk (/ide/out/vs/workbench/api/node/extensionHostProcess.js:107:11947)
	at a.value (/ide/out/vs/workbench/api/node/extensionHostProcess.js:107:11234)
	at s.y (/ide/out/vs/workbench/api/node/extensionHostProcess.js:82:659)
	at s.fire (/ide/out/vs/workbench/api/node/extensionHostProcess.js:82:876)
	at i.z (/ide/out/vs/workbench/api/node/extensionHostProcess.js:172:19712) setContext undefined
2024-04-20 08:05:30.273 [error] Canceled: Canceled
	at new O (/ide/out/vs/workbench/api/node/extensionHostProcess.js:142:46998)
	at h.U (/ide/out/vs/workbench/api/node/extensionHostProcess.js:149:5539)
	at T.<computed>.F.charCodeAt.T.<computed> (/ide/out/vs/workbench/api/node/extensionHostProcess.js:149:2993)
	at d.g (/ide/out/vs/workbench/api/node/extensionHostProcess.js:152:186335)
	at d.executeCommand (/ide/out/vs/workbench/api/node/extensionHostProcess.js:152:185773)
	at E.registerCommand.description (/ide/out/vs/workbench/api/node/extensionHostProcess.js:152:185097)
	at d.h (/ide/out/vs/workbench/api/node/extensionHostProcess.js:152:186874)
	at d.g (/ide/out/vs/workbench/api/node/extensionHostProcess.js:152:185866)
	at d.executeCommand (/ide/out/vs/workbench/api/node/extensionHostProcess.js:152:185773)
	at Object.executeCommand (/ide/out/vs/workbench/api/node/extensionHostProcess.js:162:22984)
	at set hasGitHubRepositories [as hasGitHubRepositories] (/ide/extensions/github/dist/extension.js:2:324866)
	at /ide/extensions/github/dist/extension.js:2:325825
	at a.value (/ide/extensions/git/dist/main.js:2:1051703)
	at s.y (/ide/out/vs/workbench/api/node/extensionHostProcess.js:82:659)
	at s.z (/ide/out/vs/workbench/api/node/extensionHostProcess.js:82:729)
	at s.fire (/ide/out/vs/workbench/api/node/extensionHostProcess.js:82:945)
	at Object.m [as dispose] (/ide/extensions/git/dist/main.js:2:964886)
	at /ide/extensions/git/dist/main.js:2:970920
	at Array.forEach (<anonymous>)
	at f.dispose (/ide/extensions/git/dist/main.js:2:970906)
	at o.<anonymous> (/ide/out/vs/workbench/api/node/extensionHostProcess.js:150:3830)
	at o.dispose (/ide/out/vs/workbench/api/node/extensionHostProcess.js:150:3927)
	at o.<anonymous> (/ide/extensions/git/dist/main.js:2:948059)
	at o.dispose (/ide/out/vs/workbench/api/node/extensionHostProcess.js:150:3927)
	at a (/ide/out/vs/workbench/api/node/extensionHostProcess.js:30:714)
	at m.eb (/ide/out/vs/workbench/api/node/extensionHostProcess.js:158:9967)
	at /ide/out/vs/workbench/api/node/extensionHostProcess.js:158:7816
	at Array.map (<anonymous>)
	at m.$ (/ide/out/vs/workbench/api/node/extensionHostProcess.js:158:7803)
	at m.terminate (/ide/out/vs/workbench/api/node/extensionHostProcess.js:158:8077)
	at a.terminate (/ide/out/vs/workbench/api/node/extensionHostProcess.js:162:1513)
	at t (/ide/out/vs/workbench/api/node/extensionHostProcess.js:175:9917)
	at a.value (/ide/out/vs/workbench/api/node/extensionHostProcess.js:175:7964)
	at s.y (/ide/out/vs/workbench/api/node/extensionHostProcess.js:82:659)
	at s.fire (/ide/out/vs/workbench/api/node/extensionHostProcess.js:82:876)
	at r.fire (/ide/out/vs/workbench/api/node/extensionHostProcess.js:107:14173)
	at d.z (/ide/out/vs/workbench/api/node/extensionHostProcess.js:107:17238)
	at a.value (/ide/out/vs/workbench/api/node/extensionHostProcess.js:107:15690)
	at s.y (/ide/out/vs/workbench/api/node/extensionHostProcess.js:82:659)
	at s.fire (/ide/out/vs/workbench/api/node/extensionHostProcess.js:82:876)
	at m.acceptChunk (/ide/out/vs/workbench/api/node/extensionHostProcess.js:107:11947)
	at a.value (/ide/out/vs/workbench/api/node/extensionHostProcess.js:107:11234)
	at s.y (/ide/out/vs/workbench/api/node/extensionHostProcess.js:82:659)
	at s.fire (/ide/out/vs/workbench/api/node/extensionHostProcess.js:82:876)
	at i.z (/ide/out/vs/workbench/api/node/extensionHostProcess.js:172:19712) setContext undefined
2024-04-20 08:05:30.275 [error] Canceled: Canceled
	at new O (/ide/out/vs/workbench/api/node/extensionHostProcess.js:142:46998)
	at h.U (/ide/out/vs/workbench/api/node/extensionHostProcess.js:149:5539)
	at T.<computed>.F.charCodeAt.T.<computed> (/ide/out/vs/workbench/api/node/extensionHostProcess.js:149:2993)
	at d.g (/ide/out/vs/workbench/api/node/extensionHostProcess.js:152:186335)
	at d.executeCommand (/ide/out/vs/workbench/api/node/extensionHostProcess.js:152:185773)
	at E.registerCommand.description (/ide/out/vs/workbench/api/node/extensionHostProcess.js:152:185097)
	at d.h (/ide/out/vs/workbench/api/node/extensionHostProcess.js:152:186874)
	at d.g (/ide/out/vs/workbench/api/node/extensionHostProcess.js:152:185866)
	at d.executeCommand (/ide/out/vs/workbench/api/node/extensionHostProcess.js:152:185773)
	at Object.executeCommand (/ide/out/vs/workbench/api/node/extensionHostProcess.js:162:22984)
	at e (/workspace/.vscode-remote/extensions/github.vscode-pull-request-github-0.86.1-universal/dist/extension.js:1968:1515)
	at Object.n [as setContext] (/workspace/.vscode-remote/extensions/github.vscode-pull-request-github-0.86.1-universal/dist/extension.js:1968:1630)
	at qp.updateActiveReviewCount (/workspace/.vscode-remote/extensions/github.vscode-pull-request-github-0.86.1-universal/dist/extension.js:2031:22905)
	at qp.removeRepo (/workspace/.vscode-remote/extensions/github.vscode-pull-request-github-0.86.1-universal/dist/extension.js:2031:24050)
	at a.value (/workspace/.vscode-remote/extensions/github.vscode-pull-request-github-0.86.1-universal/dist/extension.js:2144:4212)
	at s.y (/ide/out/vs/workbench/api/node/extensionHostProcess.js:82:659)
	at s.z (/ide/out/vs/workbench/api/node/extensionHostProcess.js:82:729)
	at s.fire (/ide/out/vs/workbench/api/node/extensionHostProcess.js:82:945)
	at a.value (/workspace/.vscode-remote/extensions/github.vscode-pull-request-github-0.86.1-universal/dist/extension.js:1936:446993)
	at s.y (/ide/out/vs/workbench/api/node/extensionHostProcess.js:82:659)
	at s.fire (/ide/out/vs/workbench/api/node/extensionHostProcess.js:82:876)
	at /workspace/.vscode-remote/extensions/github.vscode-pull-request-github-0.86.1-universal/dist/extension.js:2031:27766
	at a.value (/ide/extensions/git/dist/main.js:2:1051703)
	at s.y (/ide/out/vs/workbench/api/node/extensionHostProcess.js:82:659)
	at s.z (/ide/out/vs/workbench/api/node/extensionHostProcess.js:82:729)
	at s.fire (/ide/out/vs/workbench/api/node/extensionHostProcess.js:82:945)
	at Object.m [as dispose] (/ide/extensions/git/dist/main.js:2:964886)
	at /ide/extensions/git/dist/main.js:2:970920
	at Array.forEach (<anonymous>)
	at f.dispose (/ide/extensions/git/dist/main.js:2:970906)
	at o.<anonymous> (/ide/out/vs/workbench/api/node/extensionHostProcess.js:150:3830)
	at o.dispose (/ide/out/vs/workbench/api/node/extensionHostProcess.js:150:3927)
	at o.<anonymous> (/ide/extensions/git/dist/main.js:2:948059)
	at o.dispose (/ide/out/vs/workbench/api/node/extensionHostProcess.js:150:3927)
	at a (/ide/out/vs/workbench/api/node/extensionHostProcess.js:30:714)
	at m.eb (/ide/out/vs/workbench/api/node/extensionHostProcess.js:158:9967)
	at /ide/out/vs/workbench/api/node/extensionHostProcess.js:158:7816
	at Array.map (<anonymous>)
	at m.$ (/ide/out/vs/workbench/api/node/extensionHostProcess.js:158:7803)
	at m.terminate (/ide/out/vs/workbench/api/node/extensionHostProcess.js:158:8077)
	at a.terminate (/ide/out/vs/workbench/api/node/extensionHostProcess.js:162:1513)
	at t (/ide/out/vs/workbench/api/node/extensionHostProcess.js:175:9917)
	at a.value (/ide/out/vs/workbench/api/node/extensionHostProcess.js:175:7964)
	at s.y (/ide/out/vs/workbench/api/node/extensionHostProcess.js:82:659)
	at s.fire (/ide/out/vs/workbench/api/node/extensionHostProcess.js:82:876)
	at r.fire (/ide/out/vs/workbench/api/node/extensionHostProcess.js:107:14173)
	at d.z (/ide/out/vs/workbench/api/node/extensionHostProcess.js:107:17238)
	at a.value (/ide/out/vs/workbench/api/node/extensionHostProcess.js:107:15690)
	at s.y (/ide/out/vs/workbench/api/node/extensionHostProcess.js:82:659)
	at s.fire (/ide/out/vs/workbench/api/node/extensionHostProcess.js:82:876)
	at m.acceptChunk (/ide/out/vs/workbench/api/node/extensionHostProcess.js:107:11947)
	at a.value (/ide/out/vs/workbench/api/node/extensionHostProcess.js:107:11234)
	at s.y (/ide/out/vs/workbench/api/node/extensionHostProcess.js:82:659)
	at s.fire (/ide/out/vs/workbench/api/node/extensionHostProcess.js:82:876)
	at i.z (/ide/out/vs/workbench/api/node/extensionHostProcess.js:172:19712) setContext undefined
2024-04-20 08:05:30.275 [error] Canceled: Canceled
	at new O (/ide/out/vs/workbench/api/node/extensionHostProcess.js:142:46998)
	at h.U (/ide/out/vs/workbench/api/node/extensionHostProcess.js:149:5539)
	at T.<computed>.F.charCodeAt.T.<computed> (/ide/out/vs/workbench/api/node/extensionHostProcess.js:149:2993)
	at d.g (/ide/out/vs/workbench/api/node/extensionHostProcess.js:152:186335)
	at d.executeCommand (/ide/out/vs/workbench/api/node/extensionHostProcess.js:152:185773)
	at E.registerCommand.description (/ide/out/vs/workbench/api/node/extensionHostProcess.js:152:185097)
	at d.h (/ide/out/vs/workbench/api/node/extensionHostProcess.js:152:186874)
	at d.g (/ide/out/vs/workbench/api/node/extensionHostProcess.js:152:185866)
	at d.executeCommand (/ide/out/vs/workbench/api/node/extensionHostProcess.js:152:185773)
	at Object.executeCommand (/ide/out/vs/workbench/api/node/extensionHostProcess.js:162:22984)
	at e (/workspace/.vscode-remote/extensions/github.vscode-pull-request-github-0.86.1-universal/dist/extension.js:1968:1515)
	at Object.n [as setContext] (/workspace/.vscode-remote/extensions/github.vscode-pull-request-github-0.86.1-universal/dist/extension.js:1968:1630)
	at Am.setReviewModeContexts (/workspace/.vscode-remote/extensions/github.vscode-pull-request-github-0.86.1-universal/dist/extension.js:2131:15201)
	at Am.removePrFromView (/workspace/.vscode-remote/extensions/github.vscode-pull-request-github-0.86.1-universal/dist/extension.js:2131:15828)
	at zc.clear (/workspace/.vscode-remote/extensions/github.vscode-pull-request-github-0.86.1-universal/dist/extension.js:2012:25748)
	at zc.dispose (/workspace/.vscode-remote/extensions/github.vscode-pull-request-github-0.86.1-universal/dist/extension.js:2014:167)
	at Um.removeReviewManager (/workspace/.vscode-remote/extensions/github.vscode-pull-request-github-0.86.1-universal/dist/extension.js:2131:47206)
	at a.value (/workspace/.vscode-remote/extensions/github.vscode-pull-request-github-0.86.1-universal/dist/extension.js:2144:4229)
	at s.y (/ide/out/vs/workbench/api/node/extensionHostProcess.js:82:659)
	at s.z (/ide/out/vs/workbench/api/node/extensionHostProcess.js:82:729)
	at s.fire (/ide/out/vs/workbench/api/node/extensionHostProcess.js:82:945)
	at a.value (/workspace/.vscode-remote/extensions/github.vscode-pull-request-github-0.86.1-universal/dist/extension.js:1936:446993)
	at s.y (/ide/out/vs/workbench/api/node/extensionHostProcess.js:82:659)
	at s.fire (/ide/out/vs/workbench/api/node/extensionHostProcess.js:82:876)
	at /workspace/.vscode-remote/extensions/github.vscode-pull-request-github-0.86.1-universal/dist/extension.js:2031:27766
	at a.value (/ide/extensions/git/dist/main.js:2:1051703)
	at s.y (/ide/out/vs/workbench/api/node/extensionHostProcess.js:82:659)
	at s.z (/ide/out/vs/workbench/api/node/extensionHostProcess.js:82:729)
	at s.fire (/ide/out/vs/workbench/api/node/extensionHostProcess.js:82:945)
	at Object.m [as dispose] (/ide/extensions/git/dist/main.js:2:964886)
	at /ide/extensions/git/dist/main.js:2:970920
	at Array.forEach (<anonymous>)
	at f.dispose (/ide/extensions/git/dist/main.js:2:970906)
	at o.<anonymous> (/ide/out/vs/workbench/api/node/extensionHostProcess.js:150:3830)
	at o.dispose (/ide/out/vs/workbench/api/node/extensionHostProcess.js:150:3927)
	at o.<anonymous> (/ide/extensions/git/dist/main.js:2:948059)
	at o.dispose (/ide/out/vs/workbench/api/node/extensionHostProcess.js:150:3927)
	at a (/ide/out/vs/workbench/api/node/extensionHostProcess.js:30:714)
	at m.eb (/ide/out/vs/workbench/api/node/extensionHostProcess.js:158:9967)
	at /ide/out/vs/workbench/api/node/extensionHostProcess.js:158:7816
	at Array.map (<anonymous>)
	at m.$ (/ide/out/vs/workbench/api/node/extensionHostProcess.js:158:7803)
	at m.terminate (/ide/out/vs/workbench/api/node/extensionHostProcess.js:158:8077)
	at a.terminate (/ide/out/vs/workbench/api/node/extensionHostProcess.js:162:1513)
	at t (/ide/out/vs/workbench/api/node/extensionHostProcess.js:175:9917)
	at a.value (/ide/out/vs/workbench/api/node/extensionHostProcess.js:175:7964)
	at s.y (/ide/out/vs/workbench/api/node/extensionHostProcess.js:82:659)
	at s.fire (/ide/out/vs/workbench/api/node/extensionHostProcess.js:82:876)
	at r.fire (/ide/out/vs/workbench/api/node/extensionHostProcess.js:107:14173)
	at d.z (/ide/out/vs/workbench/api/node/extensionHostProcess.js:107:17238)
	at a.value (/ide/out/vs/workbench/api/node/extensionHostProcess.js:107:15690)
	at s.y (/ide/out/vs/workbench/api/node/extensionHostProcess.js:82:659)
	at s.fire (/ide/out/vs/workbench/api/node/extensionHostProcess.js:82:876)
	at m.acceptChunk (/ide/out/vs/workbench/api/node/extensionHostProcess.js:107:11947)
	at a.value (/ide/out/vs/workbench/api/node/extensionHostProcess.js:107:11234)
	at s.y (/ide/out/vs/workbench/api/node/extensionHostProcess.js:82:659)
	at s.fire (/ide/out/vs/workbench/api/node/extensionHostProcess.js:82:876)
	at i.z (/ide/out/vs/workbench/api/node/extensionHostProcess.js:172:19712) setContext undefined
2024-04-20 08:05:30.276 [error] Canceled: Canceled
	at new O (/ide/out/vs/workbench/api/node/extensionHostProcess.js:142:46998)
	at h.U (/ide/out/vs/workbench/api/node/extensionHostProcess.js:149:5539)
	at T.<computed>.F.charCodeAt.T.<computed> (/ide/out/vs/workbench/api/node/extensionHostProcess.js:149:2993)
	at d.g (/ide/out/vs/workbench/api/node/extensionHostProcess.js:152:186335)
	at d.executeCommand (/ide/out/vs/workbench/api/node/extensionHostProcess.js:152:185773)
	at E.registerCommand.description (/ide/out/vs/workbench/api/node/extensionHostProcess.js:152:185097)
	at d.h (/ide/out/vs/workbench/api/node/extensionHostProcess.js:152:186874)
	at d.g (/ide/out/vs/workbench/api/node/extensionHostProcess.js:152:185866)
	at d.executeCommand (/ide/out/vs/workbench/api/node/extensionHostProcess.js:152:185773)
	at Object.executeCommand (/ide/out/vs/workbench/api/node/extensionHostProcess.js:162:22984)
	at N2.reset (/workspace/.vscode-remote/extensions/github.vscode-pull-request-github-0.86.1-universal/dist/extension.js:2131:8809)
	at N2.dispose (/workspace/.vscode-remote/extensions/github.vscode-pull-request-github-0.86.1-universal/dist/extension.js:2131:9080)
	at a (/ide/out/vs/workbench/api/node/extensionHostProcess.js:30:714)
	at m.eb (/ide/out/vs/workbench/api/node/extensionHostProcess.js:158:9967)
	at /ide/out/vs/workbench/api/node/extensionHostProcess.js:158:7816
	at Array.map (<anonymous>)
	at m.$ (/ide/out/vs/workbench/api/node/extensionHostProcess.js:158:7803)
	at m.terminate (/ide/out/vs/workbench/api/node/extensionHostProcess.js:158:8077)
	at a.terminate (/ide/out/vs/workbench/api/node/extensionHostProcess.js:162:1513)
	at t (/ide/out/vs/workbench/api/node/extensionHostProcess.js:175:9917)
	at a.value (/ide/out/vs/workbench/api/node/extensionHostProcess.js:175:7964)
	at s.y (/ide/out/vs/workbench/api/node/extensionHostProcess.js:82:659)
	at s.fire (/ide/out/vs/workbench/api/node/extensionHostProcess.js:82:876)
	at r.fire (/ide/out/vs/workbench/api/node/extensionHostProcess.js:107:14173)
	at d.z (/ide/out/vs/workbench/api/node/extensionHostProcess.js:107:17238)
	at a.value (/ide/out/vs/workbench/api/node/extensionHostProcess.js:107:15690)
	at s.y (/ide/out/vs/workbench/api/node/extensionHostProcess.js:82:659)
	at s.fire (/ide/out/vs/workbench/api/node/extensionHostProcess.js:82:876)
	at m.acceptChunk (/ide/out/vs/workbench/api/node/extensionHostProcess.js:107:11947)
	at a.value (/ide/out/vs/workbench/api/node/extensionHostProcess.js:107:11234)
	at s.y (/ide/out/vs/workbench/api/node/extensionHostProcess.js:82:659)
	at s.fire (/ide/out/vs/workbench/api/node/extensionHostProcess.js:82:876)
	at i.z (/ide/out/vs/workbench/api/node/extensionHostProcess.js:172:19712) setContext undefined
2024-04-20 08:05:30.280 [info] Extension host with pid 555 exiting with code 0
