2024-04-20 22:10:10.049 [info] Log level: Info
2024-04-20 22:10:10.049 [info] VSCODE_MACHINE_ID: e3c2e92c-4d1b-4437-9a42-e50c17e7064f
2024-04-20 22:10:10.049 [info] VSCODE_SESSION_ID: 99fa2880-d970-452d-815f-a72f855a1d781713650999872
2024-04-20 22:10:10.049 [info] VSCODE_VERSION: 1.88.0
2024-04-20 22:10:10.049 [info] VSCODE_APP_NAME: Gitpod Code
2024-04-20 22:10:10.049 [info] VSCODE_APP_HOST: Gitpod
2024-04-20 22:10:10.049 [info] VSCODE_UI_KIND: web
2024-04-20 22:10:10.049 [info] GITPOD_WORKSPACE_CONTEXT_URL: https://github.com/uwidcit/flaskmvc
2024-04-20 22:10:10.049 [info] GITPOD_INSTANCE_ID: 653d53ab-ac89-4575-a1cc-16512d1a4172
2024-04-20 22:10:10.049 [info] GITPOD_WORKSPACE_URL: https://uwidcit-flaskmvc-zxsa26j1o46.ws-us110.gitpod.io
2024-04-20 22:10:10.049 [info] Gitpod Web 4e069a6
2024-04-20 22:10:10.049 [info] Reading sessions from keychain...
2024-04-20 22:10:10.284 [info] Getting sessions for all scopes...
2024-04-20 22:10:10.284 [info] Getting GitHub sessions for all scopes...
2024-04-20 22:10:10.284 [info] Got 1 GitHub sessions for all scopes...
2024-04-20 22:10:10.285 [info] Got stored sessions!
2024-04-20 22:10:10.285 [info] Verified session with the following scopes: function:accessCodeSyncStorage function:closePort function:controlAdmission function:deleteEnvVar function:generateNewGitpodToken function:getDefaultWorkspaceImage function:getEnvVars function:getGitpodTokenScopes function:getIDToken function:getLoggedInUser function:getOpenPorts function:getSupportedWorkspaceClasses function:getTeams function:getToken function:getWorkspace function:getWorkspaceEnvVars function:getWorkspaceOwner function:getWorkspaceTimeout function:getWorkspaceUsers function:guessGitTokenScopes function:isWorkspaceOwner function:openPort function:sendHeartBeat function:setEnvVar function:setWorkspaceTimeout function:stopWorkspace function:takeSnapshot function:trackEvent function:updateGitStatus function:waitForSnapshot resource:contentBlob::*::create/get resource:envVar::uwidcit/flaskmvc::create/get/update/delete resource:gitpodToken::*::create resource:snapshot::ws-uwidcit-flaskmvc-zxsa26j1o46::create resource:token::*::get resource:userStorage::*::create/get/update resource:workspace::uwidcit-flaskmvc-zxsa26j1o46::get/update resource:workspaceInstance::653d53ab-ac89-4575-a1cc-16512d1a4172::get/update/delete
2024-04-20 22:10:10.285 [info] Got 1 verified sessions.
2024-04-20 22:10:10.285 [info] Got 1 sessions for all scopes...
2024-04-20 22:10:10.286 [info] Getting GitHub sessions for all scopes...
2024-04-20 22:10:10.286 [info] Got 1 GitHub sessions for all scopes...
2024-04-20 22:10:11.002 [info] Getting GitHub sessions for all scopes...
2024-04-20 22:10:11.002 [info] Getting sessions for all scopes...
2024-04-20 22:10:11.002 [info] Got 1 GitHub sessions for all scopes...
2024-04-20 22:10:11.002 [info] Got 1 sessions for all scopes...
2024-04-20 22:10:11.700 [info] Getting sessions for function:accessCodeSyncStorage...
2024-04-20 22:10:11.704 [info] Got 1 sessions for function:accessCodeSyncStorage...
2024-04-20 22:10:12.543 [info] Getting GitHub sessions for read:user,repo,user:email,workflow...
2024-04-20 22:10:12.547 [info] Got 1 GitHub sessions for read:user,repo,user:email,workflow...
2024-04-20 22:10:12.913 [info] Getting GitHub sessions for project,read:org,read:user,repo,user:email,workflow...
2024-04-20 22:10:12.913 [info] Got 0 GitHub sessions for project,read:org,read:user,repo,user:email,workflow...
2024-04-20 22:10:14.050 [info] Getting GitHub sessions for read:user,repo,user:email,workflow...
2024-04-20 22:10:14.050 [info] Got 1 GitHub sessions for read:user,repo,user:email,workflow...
