2024-04-21 06:32:38.523 [info] Log level: Info
2024-04-21 06:32:39.828 [info] VSCODE_MACHINE_ID: e3c2e92c-4d1b-4437-9a42-e50c17e7064f
2024-04-21 06:32:39.828 [info] VSCODE_SESSION_ID: 1dbaf855-ecdf-4221-b855-ce3a8c31e6f51713681149257
2024-04-21 06:32:39.828 [info] VSCODE_VERSION: 1.88.0
2024-04-21 06:32:39.828 [info] VSCODE_APP_NAME: Gitpod Code
2024-04-21 06:32:39.828 [info] VSCODE_APP_HOST: Gitpod
2024-04-21 06:32:39.828 [info] VSCODE_UI_KIND: web
2024-04-21 06:32:39.828 [info] GITPOD_WORKSPACE_CONTEXT_URL: https://github.com/uwidcit/flaskmvc
2024-04-21 06:32:39.828 [info] GITPOD_INSTANCE_ID: 10189619-e0dd-4690-8ca8-4790e7024c77
2024-04-21 06:32:39.828 [info] GITPOD_WORKSPACE_URL: https://uwidcit-flaskmvc-zxsa26j1o46.ws-us110.gitpod.io
2024-04-21 06:32:39.837 [info] Gitpod Web 4e069a6
2024-04-21 06:32:39.837 [info] Reading sessions from keychain...
2024-04-21 06:32:40.752 [info] Getting sessions for all scopes...
2024-04-21 06:32:40.752 [info] Getting GitHub sessions for all scopes...
2024-04-21 06:32:40.752 [info] Got 1 GitHub sessions for all scopes...
2024-04-21 06:32:40.753 [info] Got stored sessions!
2024-04-21 06:32:40.753 [info] Verified session with the following scopes: function:accessCodeSyncStorage function:closePort function:controlAdmission function:deleteEnvVar function:generateNewGitpodToken function:getDefaultWorkspaceImage function:getEnvVars function:getGitpodTokenScopes function:getIDToken function:getLoggedInUser function:getOpenPorts function:getSupportedWorkspaceClasses function:getTeams function:getToken function:getWorkspace function:getWorkspaceEnvVars function:getWorkspaceOwner function:getWorkspaceTimeout function:getWorkspaceUsers function:guessGitTokenScopes function:isWorkspaceOwner function:openPort function:sendHeartBeat function:setEnvVar function:setWorkspaceTimeout function:stopWorkspace function:takeSnapshot function:trackEvent function:updateGitStatus function:waitForSnapshot resource:contentBlob::*::create/get resource:envVar::uwidcit/flaskmvc::create/get/update/delete resource:gitpodToken::*::create resource:snapshot::ws-uwidcit-flaskmvc-zxsa26j1o46::create resource:token::*::get resource:userStorage::*::create/get/update resource:workspace::uwidcit-flaskmvc-zxsa26j1o46::get/update resource:workspaceInstance::10189619-e0dd-4690-8ca8-4790e7024c77::get/update/delete
2024-04-21 06:32:40.753 [info] Got 1 verified sessions.
2024-04-21 06:32:40.753 [info] Got 1 sessions for all scopes...
2024-04-21 06:32:42.818 [info] Getting GitHub sessions for all scopes...
2024-04-21 06:32:42.818 [info] Getting sessions for all scopes...
2024-04-21 06:32:42.818 [info] Got 1 GitHub sessions for all scopes...
2024-04-21 06:32:42.818 [info] Got 1 sessions for all scopes...
2024-04-21 06:32:43.854 [info] Getting GitHub sessions for read:user,repo,user:email,workflow...
2024-04-21 06:32:43.854 [info] Got 1 GitHub sessions for read:user,repo,user:email,workflow...
2024-04-21 06:32:44.964 [info] Getting GitHub sessions for project,read:org,read:user,repo,user:email,workflow...
2024-04-21 06:32:44.964 [info] Got 0 GitHub sessions for project,read:org,read:user,repo,user:email,workflow...
2024-04-21 06:32:45.349 [info] Getting GitHub sessions for read:user,repo,user:email,workflow...
2024-04-21 06:32:45.349 [info] Got 1 GitHub sessions for read:user,repo,user:email,workflow...
2024-04-21 06:36:11.909 [info] Getting sessions for all scopes...
2024-04-21 06:36:11.909 [info] Getting GitHub sessions for all scopes...
2024-04-21 06:36:11.909 [info] Got 1 sessions for all scopes...
2024-04-21 06:36:11.909 [info] Got 1 GitHub sessions for all scopes...
2024-04-21 06:36:12.148 [info] Getting sessions for all scopes...
2024-04-21 06:36:12.148 [info] Getting GitHub sessions for all scopes...
2024-04-21 06:36:12.148 [info] Got 1 sessions for all scopes...
2024-04-21 06:36:12.148 [info] Got 1 GitHub sessions for all scopes...
2024-04-21 06:36:13.009 [info] Getting GitHub sessions for all scopes...
2024-04-21 06:36:13.009 [info] Got 1 GitHub sessions for all scopes...
2024-04-21 06:36:13.698 [info] Getting sessions for function:accessCodeSyncStorage...
2024-04-21 06:36:13.702 [info] Got 1 sessions for function:accessCodeSyncStorage...
