2024-04-21 05:57:09.138 [info] Log level: Info
2024-04-21 05:57:09.161 [info] VSCODE_MACHINE_ID: ee5b184a-8f28-49d8-9047-1b4d5bf18689
2024-04-21 05:57:09.161 [info] VSCODE_SESSION_ID: 0b88aa86-877f-43d8-82a4-33697435514e1713679026918
2024-04-21 05:57:09.161 [info] VSCODE_VERSION: 1.88.0
2024-04-21 05:57:09.161 [info] VSCODE_APP_NAME: Gitpod Code
2024-04-21 05:57:09.161 [info] VSCODE_APP_HOST: Gitpod
2024-04-21 05:57:09.161 [info] VSCODE_UI_KIND: web
2024-04-21 05:57:09.161 [info] GITPOD_WORKSPACE_CONTEXT_URL: https://github.com/uwidcit/flaskmvc
2024-04-21 05:57:09.161 [info] GITPOD_INSTANCE_ID: c80839d9-ac8c-4c9b-9d7b-5f79c49f0a9e
2024-04-21 05:57:09.161 [info] GITPOD_WORKSPACE_URL: https://uwidcit-flaskmvc-zxsa26j1o46.ws-us110.gitpod.io
2024-04-21 05:57:09.169 [info] Gitpod Web 4e069a6
2024-04-21 05:57:09.169 [info] Reading sessions from keychain...
2024-04-21 05:57:09.336 [info] Getting sessions for all scopes...
2024-04-21 05:57:09.336 [info] Getting GitHub sessions for all scopes...
2024-04-21 05:57:09.336 [info] Getting sessions for function:accessCodeSyncStorage...
2024-04-21 05:57:09.337 [info] Got stored sessions!
2024-04-21 05:57:09.337 [info] Verified session with the following scopes: function:accessCodeSyncStorage function:closePort function:controlAdmission function:deleteEnvVar function:generateNewGitpodToken function:getDefaultWorkspaceImage function:getEnvVars function:getGitpodTokenScopes function:getIDToken function:getLoggedInUser function:getOpenPorts function:getSupportedWorkspaceClasses function:getTeams function:getToken function:getWorkspace function:getWorkspaceEnvVars function:getWorkspaceOwner function:getWorkspaceTimeout function:getWorkspaceUsers function:guessGitTokenScopes function:isWorkspaceOwner function:openPort function:sendHeartBeat function:setEnvVar function:setWorkspaceTimeout function:stopWorkspace function:takeSnapshot function:trackEvent function:updateGitStatus function:waitForSnapshot resource:contentBlob::*::create/get resource:envVar::uwidcit/flaskmvc::create/get/update/delete resource:gitpodToken::*::create resource:snapshot::ws-uwidcit-flaskmvc-zxsa26j1o46::create resource:token::*::get resource:userStorage::*::create/get/update resource:workspace::uwidcit-flaskmvc-zxsa26j1o46::get/update resource:workspaceInstance::c80839d9-ac8c-4c9b-9d7b-5f79c49f0a9e::get/update/delete
2024-04-21 05:57:09.337 [info] Got 1 verified sessions.
2024-04-21 05:57:09.337 [info] Got 1 sessions for all scopes...
2024-04-21 05:57:09.337 [info] Got 1 sessions for function:accessCodeSyncStorage...
2024-04-21 05:57:09.431 [info] Getting GitHub sessions for all scopes...
2024-04-21 05:57:09.574 [info] Getting sessions for all scopes...
2024-04-21 05:57:09.574 [info] Got 1 sessions for all scopes...
2024-04-21 05:57:10.188 [info] Getting GitHub sessions for read:user,repo,user:email,workflow...
2024-04-21 05:57:10.541 [info] Getting GitHub sessions for project,read:org,read:user,repo,user:email,workflow...
2024-04-21 05:57:10.545 [info] Got 1 GitHub sessions for all scopes...
2024-04-21 05:57:10.545 [info] Got 1 GitHub sessions for all scopes...
2024-04-21 05:57:10.545 [info] Got 1 GitHub sessions for read:user,repo,user:email,workflow...
2024-04-21 05:57:10.545 [info] Got 0 GitHub sessions for project,read:org,read:user,repo,user:email,workflow...
2024-04-21 05:57:10.667 [info] Getting GitHub sessions for all scopes...
2024-04-21 05:57:10.667 [info] Got 1 GitHub sessions for all scopes...
2024-04-21 05:57:11.041 [info] Getting GitHub sessions for read:user,repo,user:email,workflow...
2024-04-21 05:57:11.041 [info] Got 1 GitHub sessions for read:user,repo,user:email,workflow...
