2024-04-21 04:07:29.686 [info] Log level: Info
2024-04-21 04:07:29.751 [info] VSCODE_MACHINE_ID: e3c2e92c-4d1b-4437-9a42-e50c17e7064f
2024-04-21 04:07:29.751 [info] VSCODE_SESSION_ID: 34a4bc28-e94b-432b-ae32-9c9a66a3ba711713672445869
2024-04-21 04:07:29.751 [info] VSCODE_VERSION: 1.88.0
2024-04-21 04:07:29.751 [info] VSCODE_APP_NAME: Gitpod Code
2024-04-21 04:07:29.751 [info] VSCODE_APP_HOST: Gitpod
2024-04-21 04:07:29.751 [info] VSCODE_UI_KIND: web
2024-04-21 04:07:29.751 [info] GITPOD_WORKSPACE_CONTEXT_URL: https://github.com/uwidcit/flaskmvc
2024-04-21 04:07:29.751 [info] GITPOD_INSTANCE_ID: 1c7fae69-6458-4112-9d3f-b4b4f7fd0402
2024-04-21 04:07:29.751 [info] GITPOD_WORKSPACE_URL: https://uwidcit-flaskmvc-zxsa26j1o46.ws-us110.gitpod.io
2024-04-21 04:07:29.772 [info] Gitpod Web 4e069a6
2024-04-21 04:07:29.772 [info] Reading sessions from keychain...
2024-04-21 04:07:30.004 [info] Getting sessions for all scopes...
2024-04-21 04:07:30.004 [info] Getting GitHub sessions for all scopes...
2024-04-21 04:07:30.005 [info] Got stored sessions!
2024-04-21 04:07:30.005 [info] Verified session with the following scopes: function:accessCodeSyncStorage function:closePort function:controlAdmission function:deleteEnvVar function:generateNewGitpodToken function:getDefaultWorkspaceImage function:getEnvVars function:getGitpodTokenScopes function:getIDToken function:getLoggedInUser function:getOpenPorts function:getSupportedWorkspaceClasses function:getTeams function:getToken function:getWorkspace function:getWorkspaceEnvVars function:getWorkspaceOwner function:getWorkspaceTimeout function:getWorkspaceUsers function:guessGitTokenScopes function:isWorkspaceOwner function:openPort function:sendHeartBeat function:setEnvVar function:setWorkspaceTimeout function:stopWorkspace function:takeSnapshot function:trackEvent function:updateGitStatus function:waitForSnapshot resource:contentBlob::*::create/get resource:envVar::uwidcit/flaskmvc::create/get/update/delete resource:gitpodToken::*::create resource:snapshot::ws-uwidcit-flaskmvc-zxsa26j1o46::create resource:token::*::get resource:userStorage::*::create/get/update resource:workspace::uwidcit-flaskmvc-zxsa26j1o46::get/update resource:workspaceInstance::1c7fae69-6458-4112-9d3f-b4b4f7fd0402::get/update/delete
2024-04-21 04:07:30.005 [info] Got 1 verified sessions.
2024-04-21 04:07:30.005 [info] Got 1 sessions for all scopes...
2024-04-21 04:07:30.057 [info] Getting GitHub sessions for all scopes...
2024-04-21 04:07:30.375 [info] Got 1 GitHub sessions for all scopes...
2024-04-21 04:07:30.375 [info] Got 1 GitHub sessions for all scopes...
2024-04-21 04:07:30.378 [info] Getting sessions for function:accessCodeSyncStorage...
2024-04-21 04:07:30.378 [info] Got 1 sessions for function:accessCodeSyncStorage...
2024-04-21 04:07:30.379 [info] Getting sessions for all scopes...
2024-04-21 04:07:30.380 [info] Got 1 sessions for all scopes...
2024-04-21 04:07:30.774 [info] Getting GitHub sessions for all scopes...
2024-04-21 04:07:30.774 [info] Got 1 GitHub sessions for all scopes...
2024-04-21 04:07:32.265 [info] Getting GitHub sessions for read:user,repo,user:email,workflow...
2024-04-21 04:07:32.266 [info] Got 1 GitHub sessions for read:user,repo,user:email,workflow...
2024-04-21 04:07:32.682 [info] Getting GitHub sessions for project,read:org,read:user,repo,user:email,workflow...
2024-04-21 04:07:32.682 [info] Got 0 GitHub sessions for project,read:org,read:user,repo,user:email,workflow...
2024-04-21 04:07:33.095 [info] Getting GitHub sessions for read:user,repo,user:email,workflow...
2024-04-21 04:07:33.095 [info] Got 1 GitHub sessions for read:user,repo,user:email,workflow...
