2024-04-21 06:04:05.642 [info] Log level: Info
2024-04-21 06:04:05.642 [info] VSCODE_MACHINE_ID: e3c2e92c-4d1b-4437-9a42-e50c17e7064f
2024-04-21 06:04:05.642 [info] VSCODE_SESSION_ID: d26f44af-e4c8-477e-b662-2f953387fcfa1713679441697
2024-04-21 06:04:05.642 [info] VSCODE_VERSION: 1.88.0
2024-04-21 06:04:05.642 [info] VSCODE_APP_NAME: Gitpod Code
2024-04-21 06:04:05.642 [info] VSCODE_APP_HOST: Gitpod
2024-04-21 06:04:05.642 [info] VSCODE_UI_KIND: web
2024-04-21 06:04:05.642 [info] GITPOD_WORKSPACE_CONTEXT_URL: https://github.com/uwidcit/flaskmvc
2024-04-21 06:04:05.642 [info] GITPOD_INSTANCE_ID: 286a541a-684f-4474-972c-e19973985944
2024-04-21 06:04:05.642 [info] GITPOD_WORKSPACE_URL: https://uwidcit-flaskmvc-zxsa26j1o46.ws-us110.gitpod.io
2024-04-21 06:04:05.642 [info] Gitpod Web 4e069a6
2024-04-21 06:04:05.642 [info] Reading sessions from keychain...
2024-04-21 06:04:05.767 [info] Getting sessions for all scopes...
2024-04-21 06:04:05.767 [info] Getting GitHub sessions for all scopes...
2024-04-21 06:04:05.767 [info] Getting sessions for function:accessCodeSyncStorage...
2024-04-21 06:04:05.767 [info] Got stored sessions!
2024-04-21 06:04:05.767 [info] Verified session with the following scopes: function:accessCodeSyncStorage function:closePort function:controlAdmission function:deleteEnvVar function:generateNewGitpodToken function:getDefaultWorkspaceImage function:getEnvVars function:getGitpodTokenScopes function:getIDToken function:getLoggedInUser function:getOpenPorts function:getSupportedWorkspaceClasses function:getTeams function:getToken function:getWorkspace function:getWorkspaceEnvVars function:getWorkspaceOwner function:getWorkspaceTimeout function:getWorkspaceUsers function:guessGitTokenScopes function:isWorkspaceOwner function:openPort function:sendHeartBeat function:setEnvVar function:setWorkspaceTimeout function:stopWorkspace function:takeSnapshot function:trackEvent function:updateGitStatus function:waitForSnapshot resource:contentBlob::*::create/get resource:envVar::uwidcit/flaskmvc::create/get/update/delete resource:gitpodToken::*::create resource:snapshot::ws-uwidcit-flaskmvc-zxsa26j1o46::create resource:token::*::get resource:userStorage::*::create/get/update resource:workspace::uwidcit-flaskmvc-zxsa26j1o46::get/update resource:workspaceInstance::286a541a-684f-4474-972c-e19973985944::get/update/delete
2024-04-21 06:04:05.767 [info] Got 1 verified sessions.
2024-04-21 06:04:05.768 [info] Got 1 sessions for all scopes...
2024-04-21 06:04:05.768 [info] Got 1 sessions for function:accessCodeSyncStorage...
2024-04-21 06:04:05.773 [info] Getting GitHub sessions for all scopes...
2024-04-21 06:04:05.926 [info] Got 1 GitHub sessions for all scopes...
2024-04-21 06:04:05.927 [info] Got 1 GitHub sessions for all scopes...
2024-04-21 06:04:06.625 [info] Getting sessions for all scopes...
2024-04-21 06:04:06.625 [info] Got 1 sessions for all scopes...
2024-04-21 06:04:06.782 [info] Getting GitHub sessions for all scopes...
2024-04-21 06:04:06.782 [info] Got 1 GitHub sessions for all scopes...
2024-04-21 06:04:07.786 [info] Getting GitHub sessions for read:user,repo,user:email,workflow...
2024-04-21 06:04:07.786 [info] Got 1 GitHub sessions for read:user,repo,user:email,workflow...
2024-04-21 06:04:08.244 [info] Getting GitHub sessions for project,read:org,read:user,repo,user:email,workflow...
2024-04-21 06:04:08.244 [info] Got 0 GitHub sessions for project,read:org,read:user,repo,user:email,workflow...
2024-04-21 06:04:08.886 [info] Getting GitHub sessions for read:user,repo,user:email,workflow...
2024-04-21 06:04:08.886 [info] Got 1 GitHub sessions for read:user,repo,user:email,workflow...
