2024-04-20 08:14:49.323 [info] Log level: Info
2024-04-20 08:14:49.349 [info] VSCODE_MACHINE_ID: ee5b184a-8f28-49d8-9047-1b4d5bf18689
2024-04-20 08:14:49.349 [info] VSCODE_SESSION_ID: 65d4d531-7afa-4e52-b903-c76395734a721713600885713
2024-04-20 08:14:49.349 [info] VSCODE_VERSION: 1.88.0
2024-04-20 08:14:49.349 [info] VSCODE_APP_NAME: Gitpod Code
2024-04-20 08:14:49.349 [info] VSCODE_APP_HOST: Gitpod
2024-04-20 08:14:49.349 [info] VSCODE_UI_KIND: web
2024-04-20 08:14:49.349 [info] GITPOD_WORKSPACE_CONTEXT_URL: https://github.com/uwidcit/flaskmvc
2024-04-20 08:14:49.349 [info] GITPOD_INSTANCE_ID: a4e104d4-efb4-46e7-b827-28844e98675d
2024-04-20 08:14:49.349 [info] GITPOD_WORKSPACE_URL: https://uwidcit-flaskmvc-zxsa26j1o46.ws-us110.gitpod.io
2024-04-20 08:14:49.358 [info] Gitpod Web 4e069a6
2024-04-20 08:14:49.358 [info] Reading sessions from keychain...
2024-04-20 08:14:49.575 [info] Getting sessions for all scopes...
2024-04-20 08:14:49.575 [info] Getting GitHub sessions for all scopes...
2024-04-20 08:14:49.575 [info] Getting sessions for function:accessCodeSyncStorage...
2024-04-20 08:14:49.576 [info] Got stored sessions!
2024-04-20 08:14:49.576 [info] Verified session with the following scopes: function:accessCodeSyncStorage function:closePort function:controlAdmission function:deleteEnvVar function:generateNewGitpodToken function:getDefaultWorkspaceImage function:getEnvVars function:getGitpodTokenScopes function:getIDToken function:getLoggedInUser function:getOpenPorts function:getSupportedWorkspaceClasses function:getTeams function:getToken function:getWorkspace function:getWorkspaceEnvVars function:getWorkspaceOwner function:getWorkspaceTimeout function:getWorkspaceUsers function:guessGitTokenScopes function:isWorkspaceOwner function:openPort function:sendHeartBeat function:setEnvVar function:setWorkspaceTimeout function:stopWorkspace function:takeSnapshot function:trackEvent function:updateGitStatus function:waitForSnapshot resource:contentBlob::*::create/get resource:envVar::uwidcit/flaskmvc::create/get/update/delete resource:gitpodToken::*::create resource:snapshot::ws-uwidcit-flaskmvc-zxsa26j1o46::create resource:token::*::get resource:userStorage::*::create/get/update resource:workspace::uwidcit-flaskmvc-zxsa26j1o46::get/update resource:workspaceInstance::a4e104d4-efb4-46e7-b827-28844e98675d::get/update/delete
2024-04-20 08:14:49.576 [info] Got 1 verified sessions.
2024-04-20 08:14:49.576 [info] Got 1 sessions for all scopes...
2024-04-20 08:14:49.576 [info] Got 1 sessions for function:accessCodeSyncStorage...
2024-04-20 08:14:49.670 [info] Got 1 GitHub sessions for all scopes...
2024-04-20 08:14:49.670 [info] Getting GitHub sessions for all scopes...
2024-04-20 08:14:49.670 [info] Got 1 GitHub sessions for all scopes...
2024-04-20 08:14:49.819 [info] Getting sessions for all scopes...
2024-04-20 08:14:49.819 [info] Got 1 sessions for all scopes...
2024-04-20 08:14:49.896 [info] Getting GitHub sessions for all scopes...
2024-04-20 08:14:49.897 [info] Got 1 GitHub sessions for all scopes...
2024-04-20 08:14:50.591 [info] Getting GitHub sessions for read:user,repo,user:email,workflow...
2024-04-20 08:14:50.591 [info] Got 1 GitHub sessions for read:user,repo,user:email,workflow...
2024-04-20 08:14:50.983 [info] Getting GitHub sessions for project,read:org,read:user,repo,user:email,workflow...
2024-04-20 08:14:50.983 [info] Got 0 GitHub sessions for project,read:org,read:user,repo,user:email,workflow...
2024-04-20 08:14:51.546 [info] Getting GitHub sessions for read:user,repo,user:email,workflow...
2024-04-20 08:14:51.546 [info] Got 1 GitHub sessions for read:user,repo,user:email,workflow...
