2024-04-21 05:49:33.545 [info] Log level: Info
2024-04-21 05:49:33.545 [info] Validating found git in: "git"
2024-04-21 05:49:33.545 [info] Using git "2.43.2" from "git"
2024-04-21 05:49:33.545 [info] > git rev-parse --show-toplevel [2ms]
2024-04-21 05:49:33.545 [info] > git rev-parse --git-dir --git-common-dir [1ms]
2024-04-21 05:49:33.545 [info] Open repository: /workspace/flaskmvc
2024-04-21 05:49:33.545 [info] > git rev-parse --show-toplevel [12ms]
2024-04-21 05:49:33.545 [info] > git config --get commit.template [18ms]
2024-04-21 05:49:33.545 [info] > git rev-parse --show-toplevel [8ms]
2024-04-21 05:49:33.545 [info] > git for-each-ref --format=%(refname)%00%(upstream:short)%00%(objectname)%00%(upstream:track)%00%(upstream:remotename)%00%(upstream:remoteref) refs/heads/main refs/remotes/main [7ms]
2024-04-21 05:49:33.545 [warning] ENOENT: no such file or directory, open '/workspace/flaskmvc/.git/refs/remotes/origin/main'
2024-04-21 05:49:33.545 [info] > git rev-parse --show-toplevel [6ms]
2024-04-21 05:49:33.545 [info] > git rev-parse refs/remotes/origin/main [8ms]
2024-04-21 05:49:33.545 [info] > git rev-parse --show-toplevel [7ms]
2024-04-21 05:49:33.545 [info] > git status -z -uall [7ms]
2024-04-21 05:49:33.545 [info] > git merge-base refs/heads/main refs/remotes/origin/main [10ms]
2024-04-21 05:49:33.545 [info] > git rev-parse --show-toplevel [23ms]
2024-04-21 05:49:33.545 [info] > git rev-list --count --left-right refs/heads/main...refs/remotes/origin/main [7ms]
2024-04-21 05:49:33.545 [info] > git config --get commit.template [20ms]
2024-04-21 05:49:33.545 [info] > git rev-parse --show-toplevel [8ms]
2024-04-21 05:49:33.545 [info] > git diff --name-status -z --diff-filter=ADMR 67c8bcb543bbafc4462bb8fedf7dc22085389c55...refs/remotes/origin/main [124ms]
2024-04-21 05:49:33.545 [info] > git for-each-ref --format=%(refname)%00%(upstream:short)%00%(objectname)%00%(upstream:track)%00%(upstream:remotename)%00%(upstream:remoteref) refs/heads/main refs/remotes/main [129ms]
2024-04-21 05:49:33.545 [info] > git rev-parse --show-toplevel [1ms]
2024-04-21 05:49:33.545 [warning] ENOENT: no such file or directory, open '/workspace/flaskmvc/.git/refs/remotes/origin/main'
2024-04-21 05:49:33.545 [info] > git rev-parse refs/remotes/origin/main [2ms]
2024-04-21 05:49:33.545 [info] > git status -z -uall [2ms]
2024-04-21 05:49:34.097 [info] > git check-ignore -v -z --stdin [1ms]
2024-04-21 05:49:35.696 [info] > git config --local branch.main.github-pr-owner-number [121ms]
2024-04-21 05:49:35.696 [warning] git config failed: Failed to execute git
2024-04-21 05:54:35.159 [info] > git config --local branch.main.github-pr-owner-number [2ms]
2024-04-21 05:54:35.159 [warning] git config failed: Failed to execute git
