2024-04-21 05:59:06.281 [info] Log level: Info
2024-04-21 05:59:06.299 [info] VSCODE_MACHINE_ID: ee5b184a-8f28-49d8-9047-1b4d5bf18689
2024-04-21 05:59:06.299 [info] VSCODE_SESSION_ID: 5d2b4bd1-9bcf-4e4e-aa2e-3a35848b223b1713679143788
2024-04-21 05:59:06.299 [info] VSCODE_VERSION: 1.88.0
2024-04-21 05:59:06.299 [info] VSCODE_APP_NAME: Gitpod Code
2024-04-21 05:59:06.299 [info] VSCODE_APP_HOST: Gitpod
2024-04-21 05:59:06.299 [info] VSCODE_UI_KIND: web
2024-04-21 05:59:06.299 [info] GITPOD_WORKSPACE_CONTEXT_URL: https://github.com/uwidcit/flaskmvc
2024-04-21 05:59:06.299 [info] GITPOD_INSTANCE_ID: 286a541a-684f-4474-972c-e19973985944
2024-04-21 05:59:06.299 [info] GITPOD_WORKSPACE_URL: https://uwidcit-flaskmvc-zxsa26j1o46.ws-us110.gitpod.io
2024-04-21 05:59:06.307 [info] Gitpod Web 4e069a6
2024-04-21 05:59:06.307 [info] Reading sessions from keychain...
2024-04-21 05:59:06.509 [info] Getting sessions for all scopes...
2024-04-21 05:59:06.509 [info] Getting GitHub sessions for all scopes...
2024-04-21 05:59:06.509 [info] Getting sessions for function:accessCodeSyncStorage...
2024-04-21 05:59:06.510 [info] Got stored sessions!
2024-04-21 05:59:06.510 [info] Verified session with the following scopes: function:accessCodeSyncStorage function:closePort function:controlAdmission function:deleteEnvVar function:generateNewGitpodToken function:getDefaultWorkspaceImage function:getEnvVars function:getGitpodTokenScopes function:getIDToken function:getLoggedInUser function:getOpenPorts function:getSupportedWorkspaceClasses function:getTeams function:getToken function:getWorkspace function:getWorkspaceEnvVars function:getWorkspaceOwner function:getWorkspaceTimeout function:getWorkspaceUsers function:guessGitTokenScopes function:isWorkspaceOwner function:openPort function:sendHeartBeat function:setEnvVar function:setWorkspaceTimeout function:stopWorkspace function:takeSnapshot function:trackEvent function:updateGitStatus function:waitForSnapshot resource:contentBlob::*::create/get resource:envVar::uwidcit/flaskmvc::create/get/update/delete resource:gitpodToken::*::create resource:snapshot::ws-uwidcit-flaskmvc-zxsa26j1o46::create resource:token::*::get resource:userStorage::*::create/get/update resource:workspace::uwidcit-flaskmvc-zxsa26j1o46::get/update resource:workspaceInstance::286a541a-684f-4474-972c-e19973985944::get/update/delete
2024-04-21 05:59:06.510 [info] Got 1 verified sessions.
2024-04-21 05:59:06.510 [info] Got 1 sessions for all scopes...
2024-04-21 05:59:06.510 [info] Got 1 sessions for function:accessCodeSyncStorage...
2024-04-21 05:59:06.610 [info] Got 1 GitHub sessions for all scopes...
2024-04-21 05:59:06.612 [info] Getting GitHub sessions for all scopes...
2024-04-21 05:59:06.612 [info] Got 1 GitHub sessions for all scopes...
2024-04-21 05:59:06.760 [info] Getting sessions for all scopes...
2024-04-21 05:59:06.760 [info] Got 1 sessions for all scopes...
2024-04-21 05:59:06.901 [info] Getting GitHub sessions for all scopes...
2024-04-21 05:59:06.901 [info] Got 1 GitHub sessions for all scopes...
2024-04-21 05:59:07.481 [info] Getting GitHub sessions for read:user,repo,user:email,workflow...
2024-04-21 05:59:07.481 [info] Got 1 GitHub sessions for read:user,repo,user:email,workflow...
2024-04-21 05:59:07.824 [info] Getting GitHub sessions for project,read:org,read:user,repo,user:email,workflow...
2024-04-21 05:59:07.824 [info] Got 0 GitHub sessions for project,read:org,read:user,repo,user:email,workflow...
2024-04-21 05:59:08.355 [info] Getting GitHub sessions for read:user,repo,user:email,workflow...
2024-04-21 05:59:08.355 [info] Got 1 GitHub sessions for read:user,repo,user:email,workflow...
