2024-04-21 06:32:43.034 [info] Log level: Info
2024-04-21 06:32:43.034 [info] Validating found git in: "git"
2024-04-21 06:32:43.034 [info] Using git "2.43.2" from "git"
2024-04-21 06:32:43.034 [info] > git rev-parse --show-toplevel [1ms]
2024-04-21 06:32:43.034 [info] > git rev-parse --git-dir --git-common-dir [1ms]
2024-04-21 06:32:43.034 [info] Open repository: /workspace/flaskmvc
2024-04-21 06:32:43.034 [info] > git config --get commit.template [6ms]
2024-04-21 06:32:43.034 [info] > git rev-parse --show-toplevel [2ms]
2024-04-21 06:32:43.034 [info] > git for-each-ref --format=%(refname)%00%(upstream:short)%00%(objectname)%00%(upstream:track)%00%(upstream:remotename)%00%(upstream:remoteref) refs/heads/main refs/remotes/main [6ms]
2024-04-21 06:32:43.034 [info] > git rev-parse --show-toplevel [1ms]
2024-04-21 06:32:43.034 [warning] ENOENT: no such file or directory, open '/workspace/flaskmvc/.git/refs/remotes/origin/main'
2024-04-21 06:32:43.034 [info] > git rev-parse --show-toplevel [5ms]
2024-04-21 06:32:43.034 [info] > git rev-parse refs/remotes/origin/main [9ms]
2024-04-21 06:32:43.034 [info] > git status -z -uall [6ms]
2024-04-21 06:32:43.034 [info] > git merge-base refs/heads/main refs/remotes/origin/main [11ms]
2024-04-21 06:32:43.034 [info] > git rev-parse --show-toplevel [24ms]
2024-04-21 06:32:43.034 [info] > git config --get commit.template [105ms]
2024-04-21 06:32:43.034 [info] > git rev-list --count --left-right refs/heads/main...refs/remotes/origin/main [108ms]
2024-04-21 06:32:43.034 [info] > git rev-parse --show-toplevel [15ms]
2024-04-21 06:32:43.034 [info] > git diff --name-status -z --diff-filter=ADMR 67c8bcb543bbafc4462bb8fedf7dc22085389c55...refs/remotes/origin/main [6ms]
2024-04-21 06:32:43.034 [info] > git for-each-ref --format=%(refname)%00%(upstream:short)%00%(objectname)%00%(upstream:track)%00%(upstream:remotename)%00%(upstream:remoteref) refs/heads/main refs/remotes/main [8ms]
2024-04-21 06:32:43.034 [warning] ENOENT: no such file or directory, open '/workspace/flaskmvc/.git/refs/remotes/origin/main'
2024-04-21 06:32:43.034 [info] > git rev-parse --show-toplevel [7ms]
2024-04-21 06:32:43.034 [info] > git rev-parse refs/remotes/origin/main [11ms]
2024-04-21 06:32:43.034 [info] > git rev-parse --show-toplevel [11ms]
2024-04-21 06:32:43.034 [info] > git status -z -uall [10ms]
2024-04-21 06:32:43.034 [info] > git rev-parse --show-toplevel [4ms]
2024-04-21 06:32:43.661 [info] > git check-ignore -v -z --stdin [1ms]
2024-04-21 06:32:46.327 [info] > git config --local branch.main.github-pr-owner-number [123ms]
2024-04-21 06:32:46.327 [warning] git config failed: Failed to execute git
2024-04-21 06:36:13.891 [info] > git show --textconv :App/templates/temp.html [6ms]
2024-04-21 06:36:13.892 [info] > git ls-files --stage -- /workspace/flaskmvc/App/templates/temp.html [1ms]
2024-04-21 06:36:13.901 [info] > git cat-file -s bd93bc1b2e1148b459ee3b1bcf92d3ab3b2bc3e4 [2ms]
2024-04-21 06:37:45.811 [info] > git config --local branch.main.github-pr-owner-number [2ms]
2024-04-21 06:37:45.812 [warning] git config failed: Failed to execute git
2024-04-21 06:41:08.712 [info] > git check-ignore -v -z --stdin [1ms]
2024-04-21 06:41:10.061 [info] > git check-ignore -v -z --stdin [1ms]
2024-04-21 06:41:44.939 [info] > git check-ignore -v -z --stdin [2ms]
2024-04-21 06:41:47.858 [info] > git check-ignore -v -z --stdin [1ms]
2024-04-21 06:41:50.514 [info] > git ls-tree -l c84f0adfeffb63dc1806b8543b89457db710d022 -- App/controllers/user.py [9ms]
2024-04-21 06:41:50.526 [info] > git ls-tree -l c84f0adfeffb63dc1806b8543b89457db710d022 -- App/controllers/user.py [13ms]
2024-04-21 06:41:50.535 [info] > git show --textconv c84f0adfeffb63dc1806b8543b89457db710d022:App/controllers/user.py [10ms]
2024-04-21 06:41:50.537 [info] > git show --textconv c84f0adfeffb63dc1806b8543b89457db710d022:App/controllers/user.py [2ms]
2024-04-21 06:41:51.050 [info] > git check-ignore -v -z --stdin [2ms]
2024-04-21 06:42:04.445 [info] > git check-ignore -v -z --stdin [1ms]
2024-04-21 06:42:07.619 [info] > git check-ignore -v -z --stdin [1ms]
2024-04-21 06:42:09.371 [info] > git ls-tree -l c84f0adfeffb63dc1806b8543b89457db710d022 -- App/templates/layout.html [10ms]
2024-04-21 06:42:09.378 [info] > git ls-tree -l c84f0adfeffb63dc1806b8543b89457db710d022 -- App/templates/layout.html [9ms]
2024-04-21 06:42:09.388 [info] > git show --textconv c84f0adfeffb63dc1806b8543b89457db710d022:App/templates/layout.html [10ms]
2024-04-21 06:42:09.390 [info] > git show --textconv c84f0adfeffb63dc1806b8543b89457db710d022:App/templates/layout.html [2ms]
2024-04-21 06:42:09.905 [info] > git check-ignore -v -z --stdin [1ms]
2024-04-21 06:42:23.037 [info] > git check-ignore -v -z --stdin [1ms]
2024-04-21 06:42:32.813 [info] > git ls-tree -l c84f0adfeffb63dc1806b8543b89457db710d022 -- App/views/user.py [12ms]
2024-04-21 06:42:32.826 [info] > git ls-tree -l c84f0adfeffb63dc1806b8543b89457db710d022 -- App/views/user.py [14ms]
2024-04-21 06:42:32.838 [info] > git show --textconv c84f0adfeffb63dc1806b8543b89457db710d022:App/views/user.py [13ms]
2024-04-21 06:42:32.839 [info] > git show --textconv c84f0adfeffb63dc1806b8543b89457db710d022:App/views/user.py [1ms]
2024-04-21 06:42:33.353 [info] > git check-ignore -v -z --stdin [1ms]
2024-04-21 06:42:45.826 [info] > git config --local branch.main.github-pr-owner-number [1ms]
2024-04-21 06:42:45.826 [warning] git config failed: Failed to execute git
2024-04-21 06:43:09.160 [info] > git ls-tree -l c84f0adfeffb63dc1806b8543b89457db710d022 -- App/views/index.py [8ms]
2024-04-21 06:43:09.169 [info] > git ls-tree -l c84f0adfeffb63dc1806b8543b89457db710d022 -- App/views/index.py [10ms]
2024-04-21 06:43:09.177 [info] > git show --textconv c84f0adfeffb63dc1806b8543b89457db710d022:App/views/index.py [9ms]
2024-04-21 06:43:09.179 [info] > git show --textconv c84f0adfeffb63dc1806b8543b89457db710d022:App/views/index.py [2ms]
2024-04-21 06:43:09.690 [info] > git check-ignore -v -z --stdin [2ms]
2024-04-21 06:43:45.745 [info] > git for-each-ref --sort -committerdate --format %(refname) %(objectname) %(*objectname) refs/heads/ [2ms]
2024-04-21 06:43:45.757 [info] > git config --local branch.main.github-pr-owner-number [1ms]
2024-04-21 06:43:45.757 [warning] git config failed: Failed to execute git
2024-04-21 06:43:56.276 [info] > git merge-base refs/heads/main refs/remotes/origin/main [1ms]
2024-04-21 06:43:56.284 [info] > git rev-list --count --left-right refs/heads/main...refs/remotes/origin/main [2ms]
2024-04-21 06:44:00.197 [info] > git check-ignore -v -z --stdin [1ms]
2024-04-21 06:44:05.075 [info] > git check-ignore -v -z --stdin [1ms]
2024-04-21 06:45:44.103 [info] > git show --textconv :App/templates/temp.html [9ms]
2024-04-21 06:45:44.103 [info] > git ls-files --stage -- /workspace/flaskmvc/App/templates/temp.html [2ms]
2024-04-21 06:45:44.110 [info] > git cat-file -s bd93bc1b2e1148b459ee3b1bcf92d3ab3b2bc3e4 [1ms]
2024-04-21 06:47:45.840 [info] > git config --local branch.main.github-pr-owner-number [1ms]
2024-04-21 06:47:45.840 [warning] git config failed: Failed to execute git
2024-04-21 06:49:15.816 [info] > git check-ignore -v -z --stdin [1ms]
2024-04-21 06:52:45.854 [info] > git config --local branch.main.github-pr-owner-number [1ms]
2024-04-21 06:52:45.854 [warning] git config failed: Failed to execute git
