2024-04-20 01:47:03.858 [info] Log level: Info
2024-04-20 01:47:03.892 [info] VSCODE_MACHINE_ID: e3c2e92c-4d1b-4437-9a42-e50c17e7064f
2024-04-20 01:47:03.892 [info] VSCODE_SESSION_ID: 6edcd78e-6d6f-4aaf-8c0a-f4f11d23c7f31713577618812
2024-04-20 01:47:03.892 [info] VSCODE_VERSION: 1.88.0
2024-04-20 01:47:03.892 [info] VSCODE_APP_NAME: Gitpod Code
2024-04-20 01:47:03.892 [info] VSCODE_APP_HOST: Gitpod
2024-04-20 01:47:03.892 [info] VSCODE_UI_KIND: web
2024-04-20 01:47:03.892 [info] GITPOD_WORKSPACE_CONTEXT_URL: https://github.com/uwidcit/flaskmvc
2024-04-20 01:47:03.892 [info] GITPOD_INSTANCE_ID: 301ccf76-86ed-426a-8a2a-4a73f9495ce7
2024-04-20 01:47:03.892 [info] GITPOD_WORKSPACE_URL: https://uwidcit-flaskmvc-zxsa26j1o46.ws-us110.gitpod.io
2024-04-20 01:47:03.899 [info] Gitpod Web 4e069a6
2024-04-20 01:47:03.899 [info] Reading sessions from keychain...
2024-04-20 01:47:04.192 [info] Getting sessions for all scopes...
2024-04-20 01:47:04.192 [info] Getting GitHub sessions for all scopes...
2024-04-20 01:47:04.192 [info] Got 1 GitHub sessions for all scopes...
2024-04-20 01:47:04.193 [info] Got stored sessions!
2024-04-20 01:47:04.193 [info] Verified session with the following scopes: function:accessCodeSyncStorage function:closePort function:controlAdmission function:deleteEnvVar function:generateNewGitpodToken function:getDefaultWorkspaceImage function:getEnvVars function:getGitpodTokenScopes function:getIDToken function:getLoggedInUser function:getOpenPorts function:getSupportedWorkspaceClasses function:getTeams function:getToken function:getWorkspace function:getWorkspaceEnvVars function:getWorkspaceOwner function:getWorkspaceTimeout function:getWorkspaceUsers function:guessGitTokenScopes function:isWorkspaceOwner function:openPort function:sendHeartBeat function:setEnvVar function:setWorkspaceTimeout function:stopWorkspace function:takeSnapshot function:trackEvent function:updateGitStatus function:waitForSnapshot resource:contentBlob::*::create/get resource:envVar::uwidcit/flaskmvc::create/get/update/delete resource:gitpodToken::*::create resource:snapshot::ws-uwidcit-flaskmvc-zxsa26j1o46::create resource:token::*::get resource:userStorage::*::create/get/update resource:workspace::uwidcit-flaskmvc-zxsa26j1o46::get/update resource:workspaceInstance::301ccf76-86ed-426a-8a2a-4a73f9495ce7::get/update/delete
2024-04-20 01:47:04.193 [info] Got 1 verified sessions.
2024-04-20 01:47:04.193 [info] Got 1 sessions for all scopes...
2024-04-20 01:47:04.798 [info] Getting GitHub sessions for all scopes...
2024-04-20 01:47:04.798 [info] Getting sessions for all scopes...
2024-04-20 01:47:04.798 [info] Got 1 GitHub sessions for all scopes...
2024-04-20 01:47:04.798 [info] Got 1 sessions for all scopes...
2024-04-20 01:47:05.807 [info] Getting GitHub sessions for read:user,repo,user:email,workflow...
2024-04-20 01:47:05.807 [info] Got 0 GitHub sessions for read:user,repo,user:email,workflow...
2024-04-20 01:47:06.371 [info] Getting GitHub sessions for project,read:org,read:user,repo,user:email,workflow...
2024-04-20 01:47:06.371 [info] Got 0 GitHub sessions for project,read:org,read:user,repo,user:email,workflow...
2024-04-20 01:47:06.829 [info] Getting GitHub sessions for read:user,repo,user:email,workflow...
2024-04-20 01:47:06.829 [info] Got 0 GitHub sessions for read:user,repo,user:email,workflow...
2024-04-20 01:47:07.322 [info] Getting GitHub sessions for read:user,repo,user:email...
2024-04-20 01:47:07.322 [info] Got 0 GitHub sessions for read:user,repo,user:email...
2024-04-20 01:47:07.815 [info] Getting GitHub sessions for read:user,repo,user:email,workflow...
2024-04-20 01:47:07.815 [info] Got 0 GitHub sessions for read:user,repo,user:email,workflow...
2024-04-20 02:20:47.793 [info] Getting sessions for all scopes...
2024-04-20 02:20:47.793 [info] Getting GitHub sessions for all scopes...
2024-04-20 02:20:47.793 [info] Got 1 sessions for all scopes...
2024-04-20 02:20:47.793 [info] Got 1 GitHub sessions for all scopes...
2024-04-20 02:20:47.962 [info] Getting sessions for all scopes...
2024-04-20 02:20:47.962 [info] Getting GitHub sessions for all scopes...
2024-04-20 02:20:47.962 [info] Got 1 sessions for all scopes...
2024-04-20 02:20:47.962 [info] Got 1 GitHub sessions for all scopes...
2024-04-20 02:20:48.193 [info] Getting GitHub sessions for all scopes...
2024-04-20 02:20:48.193 [info] Got 1 GitHub sessions for all scopes...
2024-04-20 02:20:48.311 [info] Getting sessions for function:accessCodeSyncStorage...
2024-04-20 02:20:48.315 [info] Got 1 sessions for function:accessCodeSyncStorage...
