2024-04-20 08:14:50.456 [info] Log level: Info
2024-04-20 08:14:50.456 [info] Validating found git in: "git"
2024-04-20 08:14:50.456 [info] Using git "2.43.2" from "git"
2024-04-20 08:14:50.456 [info] > git rev-parse --show-toplevel [1ms]
2024-04-20 08:14:50.456 [info] > git rev-parse --git-dir --git-common-dir [3ms]
2024-04-20 08:14:50.456 [info] Open repository: /workspace/flaskmvc
2024-04-20 08:14:50.456 [info] > git config --get commit.template [10ms]
2024-04-20 08:14:50.456 [info] > git rev-parse --show-toplevel [2ms]
2024-04-20 08:14:50.456 [info] > git for-each-ref --format=%(refname)%00%(upstream:short)%00%(objectname)%00%(upstream:track)%00%(upstream:remotename)%00%(upstream:remoteref) refs/heads/main refs/remotes/main [9ms]
2024-04-20 08:14:50.456 [info] > git rev-parse --show-toplevel [1ms]
2024-04-20 08:14:50.456 [warning] ENOENT: no such file or directory, open '/workspace/flaskmvc/.git/refs/remotes/origin/main'
2024-04-20 08:14:50.456 [info] > git rev-parse refs/remotes/origin/main [8ms]
2024-04-20 08:14:50.456 [info] > git rev-parse --show-toplevel [13ms]
2024-04-20 08:14:50.456 [info] > git status -z -uall [7ms]
2024-04-20 08:14:50.456 [info] > git merge-base refs/heads/main refs/remotes/origin/main [36ms]
2024-04-20 08:14:50.456 [info] > git config --get commit.template [236ms]
2024-04-20 08:14:50.456 [info] > git rev-parse --show-toplevel [261ms]
2024-04-20 08:14:50.456 [info] > git rev-list --count --left-right refs/heads/main...refs/remotes/origin/main [236ms]
2024-04-20 08:14:50.456 [info] > git rev-parse --show-toplevel [20ms]
2024-04-20 08:14:50.456 [info] > git diff --name-status -z --diff-filter=ADMR 67c8bcb543bbafc4462bb8fedf7dc22085389c55...refs/remotes/origin/main [10ms]
2024-04-20 08:14:50.456 [info] > git for-each-ref --format=%(refname)%00%(upstream:short)%00%(objectname)%00%(upstream:track)%00%(upstream:remotename)%00%(upstream:remoteref) refs/heads/main refs/remotes/main [12ms]
2024-04-20 08:14:50.456 [warning] ENOENT: no such file or directory, open '/workspace/flaskmvc/.git/refs/remotes/origin/main'
2024-04-20 08:14:50.456 [info] > git rev-parse --show-toplevel [8ms]
2024-04-20 08:14:50.456 [info] > git rev-parse refs/remotes/origin/main [24ms]
2024-04-20 08:14:50.456 [info] > git rev-parse --show-toplevel [10ms]
2024-04-20 08:14:50.456 [info] > git status -z -uall [2ms]
2024-04-20 08:14:50.969 [info] > git check-ignore -v -z --stdin [1ms]
2024-04-20 08:14:52.540 [info] > git config --local branch.main.github-pr-owner-number [114ms]
2024-04-20 08:14:52.540 [warning] git config failed: Failed to execute git
2024-04-20 08:15:17.161 [info] > git check-ignore -v -z --stdin [1ms]
2024-04-20 08:15:17.860 [info] > git check-ignore -v -z --stdin [2ms]
2024-04-20 08:15:21.674 [info] > git show --textconv :App/main.py [9ms]
2024-04-20 08:15:21.675 [info] > git ls-files --stage -- /workspace/flaskmvc/App/main.py [2ms]
2024-04-20 08:15:21.682 [info] > git cat-file -s 08344ad2808c63579aa968230c6afe6489b77b13 [1ms]
2024-04-20 08:15:32.749 [info] > git show --textconv :App/templates/temp.html [9ms]
2024-04-20 08:15:32.750 [info] > git ls-files --stage -- /workspace/flaskmvc/App/templates/temp.html [2ms]
2024-04-20 08:15:32.758 [info] > git cat-file -s 166ad2db736fbbc1d0113c8bac39df4638a155d8 [2ms]
2024-04-20 08:15:35.627 [info] > git check-ignore -v -z --stdin [2ms]
2024-04-20 08:15:37.854 [info] > git check-ignore -v -z --stdin [2ms]
2024-04-20 08:15:39.588 [info] > git show --textconv :App/models/exercise.py [8ms]
2024-04-20 08:15:39.589 [info] > git ls-files --stage -- /workspace/flaskmvc/App/models/exercise.py [2ms]
2024-04-20 08:15:39.596 [info] > git cat-file -s 5b2f430058cb9e936b7a17b628c3c7b80cd04a37 [1ms]
2024-04-20 08:19:15.731 [info] > git check-ignore -v -z --stdin [2ms]
