2024-04-21 05:59:07.306 [info] Log level: Info
2024-04-21 05:59:07.306 [info] Validating found git in: "git"
2024-04-21 05:59:07.306 [info] Using git "2.43.2" from "git"
2024-04-21 05:59:07.306 [info] > git rev-parse --show-toplevel [4ms]
2024-04-21 05:59:07.306 [info] > git rev-parse --git-dir --git-common-dir [2ms]
2024-04-21 05:59:07.306 [info] Open repository: /workspace/flaskmvc
2024-04-21 05:59:07.306 [info] > git rev-parse --show-toplevel [2ms]
2024-04-21 05:59:07.306 [info] > git config --get commit.template [8ms]
2024-04-21 05:59:07.306 [info] > git rev-parse --show-toplevel [8ms]
2024-04-21 05:59:07.306 [info] > git for-each-ref --format=%(refname)%00%(upstream:short)%00%(objectname)%00%(upstream:track)%00%(upstream:remotename)%00%(upstream:remoteref) refs/heads/main refs/remotes/main [14ms]
2024-04-21 05:59:07.306 [warning] ENOENT: no such file or directory, open '/workspace/flaskmvc/.git/refs/remotes/origin/main'
2024-04-21 05:59:07.306 [info] > git rev-parse --show-toplevel [14ms]
2024-04-21 05:59:07.306 [info] > git rev-parse refs/remotes/origin/main [16ms]
2024-04-21 05:59:07.306 [info] > git rev-parse --show-toplevel [17ms]
2024-04-21 05:59:07.306 [info] > git status -z -uall [134ms]
2024-04-21 05:59:07.306 [info] > git merge-base refs/heads/main refs/remotes/origin/main [12ms]
2024-04-21 05:59:07.306 [info] > git rev-parse --show-toplevel [32ms]
2024-04-21 05:59:07.306 [info] > git config --get commit.template [18ms]
2024-04-21 05:59:07.306 [info] > git rev-parse --show-toplevel [2ms]
2024-04-21 05:59:07.306 [info] > git rev-list --count --left-right refs/heads/main...refs/remotes/origin/main [10ms]
2024-04-21 05:59:07.306 [info] > git for-each-ref --format=%(refname)%00%(upstream:short)%00%(objectname)%00%(upstream:track)%00%(upstream:remotename)%00%(upstream:remoteref) refs/heads/main refs/remotes/main [10ms]
2024-04-21 05:59:07.306 [info] > git diff --name-status -z --diff-filter=ADMR 67c8bcb543bbafc4462bb8fedf7dc22085389c55...refs/remotes/origin/main [21ms]
2024-04-21 05:59:07.306 [warning] ENOENT: no such file or directory, open '/workspace/flaskmvc/.git/refs/remotes/origin/main'
2024-04-21 05:59:07.306 [info] > git rev-parse --show-toplevel [10ms]
2024-04-21 05:59:07.306 [info] > git rev-parse refs/remotes/origin/main [2ms]
2024-04-21 05:59:07.306 [info] > git status -z -uall [1ms]
2024-04-21 05:59:07.819 [info] > git check-ignore -v -z --stdin [1ms]
2024-04-21 05:59:08.346 [info] > git config --get commit.template [10ms]
2024-04-21 05:59:08.346 [info] > git for-each-ref --format=%(refname)%00%(upstream:short)%00%(objectname)%00%(upstream:track)%00%(upstream:remotename)%00%(upstream:remoteref) refs/heads/main refs/remotes/main [2ms]
2024-04-21 05:59:08.355 [warning] ENOENT: no such file or directory, open '/workspace/flaskmvc/.git/refs/remotes/origin/main'
2024-04-21 05:59:08.358 [info] > git rev-parse refs/remotes/origin/main [3ms]
2024-04-21 05:59:08.370 [info] > git status -z -uall [2ms]
2024-04-21 05:59:09.335 [info] > git config --local branch.main.github-pr-owner-number [124ms]
2024-04-21 05:59:09.335 [warning] git config failed: Failed to execute git
2024-04-21 05:59:23.165 [info] > git config --get commit.template [11ms]
2024-04-21 05:59:23.165 [info] > git for-each-ref --format=%(refname)%00%(upstream:short)%00%(objectname)%00%(upstream:track)%00%(upstream:remotename)%00%(upstream:remoteref) refs/heads/main refs/remotes/main [1ms]
2024-04-21 05:59:23.173 [warning] ENOENT: no such file or directory, open '/workspace/flaskmvc/.git/refs/remotes/origin/main'
2024-04-21 05:59:23.174 [info] > git rev-parse refs/remotes/origin/main [1ms]
2024-04-21 05:59:23.186 [info] > git status -z -uall [2ms]
2024-04-21 06:04:08.805 [info] > git config --local branch.main.github-pr-owner-number [1ms]
2024-04-21 06:04:08.805 [warning] git config failed: Failed to execute git
