2024-04-20 06:06:01.195 [info] Extension host with pid 1255 started
2024-04-20 06:06:01.195 [error] Error: EEXIST: file already exists, open '/workspace/.vscode-remote/data/User/workspaceStorage/7df2c398/vscode.lock'
2024-04-20 06:06:01.200 [info] Lock '/workspace/.vscode-remote/data/User/workspaceStorage/7df2c398/vscode.lock': Could not acquire lock, checking if the file is stale.
2024-04-20 06:06:01.201 [info] Lock '/workspace/.vscode-remote/data/User/workspaceStorage/7df2c398/vscode.lock': The lock does not look stale, elapsed: 111 ms, giving up.
2024-04-20 06:06:01.201 [error] Error: EEXIST: file already exists, open '/workspace/.vscode-remote/data/User/workspaceStorage/7df2c398-1/vscode.lock'
2024-04-20 06:06:01.202 [info] Lock '/workspace/.vscode-remote/data/User/workspaceStorage/7df2c398-1/vscode.lock': Could not acquire lock, checking if the file is stale.
2024-04-20 06:06:01.203 [info] Lock '/workspace/.vscode-remote/data/User/workspaceStorage/7df2c398-1/vscode.lock': The lock does not look stale, elapsed: 585 ms, giving up.
2024-04-20 06:06:01.215 [info] Lock '/workspace/.vscode-remote/data/User/workspaceStorage/7df2c398-2/vscode.lock': Lock acquired.
2024-04-20 06:06:01.715 [info] ExtensionService#_doActivateExtension gitpod.gitpod-web, startup: false, activationEvent: 'onView:gitpod.portsView'
2024-04-20 06:06:01.717 [info] ExtensionService#_doActivateExtension vscode.html-language-features, startup: false, activationEvent: 'onLanguage:html'
2024-04-20 06:06:01.717 [info] ExtensionService#_doActivateExtension vscode.emmet, startup: false, activationEvent: 'onLanguage'
2024-04-20 06:06:02.718 [info] ExtensionService#_doActivateExtension vscode.git-base, startup: true, activationEvent: '*', root cause: vscode.git
2024-04-20 06:06:02.724 [info] ExtensionService#_doActivateExtension vscode.npm, startup: true, activationEvent: 'workspaceContains:package.json'
2024-04-20 06:06:03.553 [info] ExtensionService#_doActivateExtension redhat.vscode-yaml, startup: false, activationEvent: 'onLanguage:yaml'
2024-04-20 06:06:03.716 [info] ExtensionService#_doActivateExtension vscode.git, startup: true, activationEvent: '*'
2024-04-20 06:06:03.716 [info] ExtensionService#_doActivateExtension vscode.github, startup: true, activationEvent: '*'
2024-04-20 06:06:04.107 [info] Eager extensions activated
2024-04-20 06:06:04.108 [info] ExtensionService#_doActivateExtension vscode.debug-auto-launch, startup: false, activationEvent: 'onStartupFinished'
2024-04-20 06:06:04.109 [info] ExtensionService#_doActivateExtension vscode.merge-conflict, startup: false, activationEvent: 'onStartupFinished'
2024-04-20 06:06:04.109 [info] ExtensionService#_doActivateExtension vscode.github-authentication, startup: false, activationEvent: 'onStartupFinished', root cause: GitHub.vscode-pull-request-github
2024-04-20 06:06:04.479 [info] ExtensionService#_doActivateExtension GitHub.vscode-pull-request-github, startup: false, activationEvent: 'onStartupFinished'
2024-04-20 06:06:04.645 [warning] [redhat.vscode-yaml] Accessing a resource scoped configuration without providing a resource is not expected. To get the effective value for '[yaml]', provide the URI of a resource or 'null' for any resource.
2024-04-20 06:06:04.707 [warning] [redhat.vscode-yaml] Accessing a resource scoped configuration without providing a resource is not expected. To get the effective value for '[yaml]', provide the URI of a resource or 'null' for any resource.
2024-04-20 06:12:06.225 [warning] [redhat.vscode-yaml] Accessing a resource scoped configuration without providing a resource is not expected. To get the effective value for '[yaml]', provide the URI of a resource or 'null' for any resource.
2024-04-20 06:12:06.237 [warning] [redhat.vscode-yaml] Accessing a resource scoped configuration without providing a resource is not expected. To get the effective value for '[yaml]', provide the URI of a resource or 'null' for any resource.
2024-04-20 07:36:17.361 [info] Extension host terminating: renderer disconnected for too long (2)
2024-04-20 07:36:17.370 [info] Lock '/workspace/.vscode-remote/data/User/workspaceStorage/7df2c398-2/vscode.lock': Marking the lockfile as scheduled to be released in 6000 ms.
2024-04-20 07:36:17.395 [error] Canceled: Canceled
	at Object.I [as $6] (/ide/out/vs/workbench/api/node/extensionHostProcess.js:10:967)
	at /ide/out/vs/workbench/api/node/extensionHostProcess.js:149:2335
	at Array.forEach (<anonymous>)
	at h.dispose (/ide/out/vs/workbench/api/node/extensionHostProcess.js:149:2273)
	at m.terminate (/ide/out/vs/workbench/api/node/extensionHostProcess.js:158:8053)
	at a.terminate (/ide/out/vs/workbench/api/node/extensionHostProcess.js:162:1513)
	at t (/ide/out/vs/workbench/api/node/extensionHostProcess.js:175:9917)
	at j.a (/ide/out/vs/workbench/api/node/extensionHostProcess.js:175:6710)
	at j.h (/ide/out/vs/workbench/api/node/extensionHostProcess.js:99:20622)
	at listOnTimeout (node:internal/timers:569:17)
	at process.processTimers (node:internal/timers:512:7) setContext undefined
2024-04-20 07:36:17.395 [error] Canceled: Canceled
	at Object.I [as $6] (/ide/out/vs/workbench/api/node/extensionHostProcess.js:10:967)
	at /ide/out/vs/workbench/api/node/extensionHostProcess.js:149:2335
	at Array.forEach (<anonymous>)
	at h.dispose (/ide/out/vs/workbench/api/node/extensionHostProcess.js:149:2273)
	at m.terminate (/ide/out/vs/workbench/api/node/extensionHostProcess.js:158:8053)
	at a.terminate (/ide/out/vs/workbench/api/node/extensionHostProcess.js:162:1513)
	at t (/ide/out/vs/workbench/api/node/extensionHostProcess.js:175:9917)
	at j.a (/ide/out/vs/workbench/api/node/extensionHostProcess.js:175:6710)
	at j.h (/ide/out/vs/workbench/api/node/extensionHostProcess.js:99:20622)
	at listOnTimeout (node:internal/timers:569:17)
	at process.processTimers (node:internal/timers:512:7) setContext undefined
2024-04-20 07:36:17.395 [error] Canceled: Canceled
	at Object.I [as $6] (/ide/out/vs/workbench/api/node/extensionHostProcess.js:10:967)
	at /ide/out/vs/workbench/api/node/extensionHostProcess.js:149:2335
	at Array.forEach (<anonymous>)
	at h.dispose (/ide/out/vs/workbench/api/node/extensionHostProcess.js:149:2273)
	at m.terminate (/ide/out/vs/workbench/api/node/extensionHostProcess.js:158:8053)
	at a.terminate (/ide/out/vs/workbench/api/node/extensionHostProcess.js:162:1513)
	at t (/ide/out/vs/workbench/api/node/extensionHostProcess.js:175:9917)
	at j.a (/ide/out/vs/workbench/api/node/extensionHostProcess.js:175:6710)
	at j.h (/ide/out/vs/workbench/api/node/extensionHostProcess.js:99:20622)
	at listOnTimeout (node:internal/timers:569:17)
	at process.processTimers (node:internal/timers:512:7) setContext undefined
2024-04-20 07:36:17.395 [error] Canceled: Canceled
	at Object.I [as $6] (/ide/out/vs/workbench/api/node/extensionHostProcess.js:10:967)
	at /ide/out/vs/workbench/api/node/extensionHostProcess.js:149:2335
	at Array.forEach (<anonymous>)
	at h.dispose (/ide/out/vs/workbench/api/node/extensionHostProcess.js:149:2273)
	at m.terminate (/ide/out/vs/workbench/api/node/extensionHostProcess.js:158:8053)
	at a.terminate (/ide/out/vs/workbench/api/node/extensionHostProcess.js:162:1513)
	at t (/ide/out/vs/workbench/api/node/extensionHostProcess.js:175:9917)
	at j.a (/ide/out/vs/workbench/api/node/extensionHostProcess.js:175:6710)
	at j.h (/ide/out/vs/workbench/api/node/extensionHostProcess.js:99:20622)
	at listOnTimeout (node:internal/timers:569:17)
	at process.processTimers (node:internal/timers:512:7) setContext undefined
2024-04-20 07:36:17.395 [error] Canceled: Canceled
	at Object.I [as $6] (/ide/out/vs/workbench/api/node/extensionHostProcess.js:10:967)
	at /ide/out/vs/workbench/api/node/extensionHostProcess.js:149:2335
	at Array.forEach (<anonymous>)
	at h.dispose (/ide/out/vs/workbench/api/node/extensionHostProcess.js:149:2273)
	at m.terminate (/ide/out/vs/workbench/api/node/extensionHostProcess.js:158:8053)
	at a.terminate (/ide/out/vs/workbench/api/node/extensionHostProcess.js:162:1513)
	at t (/ide/out/vs/workbench/api/node/extensionHostProcess.js:175:9917)
	at j.a (/ide/out/vs/workbench/api/node/extensionHostProcess.js:175:6710)
	at j.h (/ide/out/vs/workbench/api/node/extensionHostProcess.js:99:20622)
	at listOnTimeout (node:internal/timers:569:17)
	at process.processTimers (node:internal/timers:512:7) setContext undefined
2024-04-20 07:36:17.395 [error] Canceled: Canceled
	at Object.I [as $6] (/ide/out/vs/workbench/api/node/extensionHostProcess.js:10:967)
	at /ide/out/vs/workbench/api/node/extensionHostProcess.js:149:2335
	at Array.forEach (<anonymous>)
	at h.dispose (/ide/out/vs/workbench/api/node/extensionHostProcess.js:149:2273)
	at m.terminate (/ide/out/vs/workbench/api/node/extensionHostProcess.js:158:8053)
	at a.terminate (/ide/out/vs/workbench/api/node/extensionHostProcess.js:162:1513)
	at t (/ide/out/vs/workbench/api/node/extensionHostProcess.js:175:9917)
	at j.a (/ide/out/vs/workbench/api/node/extensionHostProcess.js:175:6710)
	at j.h (/ide/out/vs/workbench/api/node/extensionHostProcess.js:99:20622)
	at listOnTimeout (node:internal/timers:569:17)
	at process.processTimers (node:internal/timers:512:7) setContext undefined
2024-04-20 07:36:17.395 [error] Canceled: Canceled
	at Object.I [as $6] (/ide/out/vs/workbench/api/node/extensionHostProcess.js:10:967)
	at /ide/out/vs/workbench/api/node/extensionHostProcess.js:149:2335
	at Array.forEach (<anonymous>)
	at h.dispose (/ide/out/vs/workbench/api/node/extensionHostProcess.js:149:2273)
	at m.terminate (/ide/out/vs/workbench/api/node/extensionHostProcess.js:158:8053)
	at a.terminate (/ide/out/vs/workbench/api/node/extensionHostProcess.js:162:1513)
	at t (/ide/out/vs/workbench/api/node/extensionHostProcess.js:175:9917)
	at j.a (/ide/out/vs/workbench/api/node/extensionHostProcess.js:175:6710)
	at j.h (/ide/out/vs/workbench/api/node/extensionHostProcess.js:99:20622)
	at listOnTimeout (node:internal/timers:569:17)
	at process.processTimers (node:internal/timers:512:7) setContext undefined
2024-04-20 07:36:17.395 [error] Canceled: Canceled
	at Object.I [as $6] (/ide/out/vs/workbench/api/node/extensionHostProcess.js:10:967)
	at /ide/out/vs/workbench/api/node/extensionHostProcess.js:149:2335
	at Array.forEach (<anonymous>)
	at h.dispose (/ide/out/vs/workbench/api/node/extensionHostProcess.js:149:2273)
	at m.terminate (/ide/out/vs/workbench/api/node/extensionHostProcess.js:158:8053)
	at a.terminate (/ide/out/vs/workbench/api/node/extensionHostProcess.js:162:1513)
	at t (/ide/out/vs/workbench/api/node/extensionHostProcess.js:175:9917)
	at j.a (/ide/out/vs/workbench/api/node/extensionHostProcess.js:175:6710)
	at j.h (/ide/out/vs/workbench/api/node/extensionHostProcess.js:99:20622)
	at listOnTimeout (node:internal/timers:569:17)
	at process.processTimers (node:internal/timers:512:7) setContext undefined
2024-04-20 07:36:17.395 [error] Canceled: Canceled
	at Object.I [as $6] (/ide/out/vs/workbench/api/node/extensionHostProcess.js:10:967)
	at /ide/out/vs/workbench/api/node/extensionHostProcess.js:149:2335
	at Array.forEach (<anonymous>)
	at h.dispose (/ide/out/vs/workbench/api/node/extensionHostProcess.js:149:2273)
	at m.terminate (/ide/out/vs/workbench/api/node/extensionHostProcess.js:158:8053)
	at a.terminate (/ide/out/vs/workbench/api/node/extensionHostProcess.js:162:1513)
	at t (/ide/out/vs/workbench/api/node/extensionHostProcess.js:175:9917)
	at j.a (/ide/out/vs/workbench/api/node/extensionHostProcess.js:175:6710)
	at j.h (/ide/out/vs/workbench/api/node/extensionHostProcess.js:99:20622)
	at listOnTimeout (node:internal/timers:569:17)
	at process.processTimers (node:internal/timers:512:7) setContext undefined
2024-04-20 07:36:17.396 [error] Canceled: Canceled
	at Object.I [as $6] (/ide/out/vs/workbench/api/node/extensionHostProcess.js:10:967)
	at /ide/out/vs/workbench/api/node/extensionHostProcess.js:149:2335
	at Array.forEach (<anonymous>)
	at h.dispose (/ide/out/vs/workbench/api/node/extensionHostProcess.js:149:2273)
	at m.terminate (/ide/out/vs/workbench/api/node/extensionHostProcess.js:158:8053)
	at a.terminate (/ide/out/vs/workbench/api/node/extensionHostProcess.js:162:1513)
	at t (/ide/out/vs/workbench/api/node/extensionHostProcess.js:175:9917)
	at j.a (/ide/out/vs/workbench/api/node/extensionHostProcess.js:175:6710)
	at j.h (/ide/out/vs/workbench/api/node/extensionHostProcess.js:99:20622)
	at listOnTimeout (node:internal/timers:569:17)
	at process.processTimers (node:internal/timers:512:7) setContext undefined
2024-04-20 07:36:17.396 [error] Canceled: Canceled
	at Object.I [as $6] (/ide/out/vs/workbench/api/node/extensionHostProcess.js:10:967)
	at /ide/out/vs/workbench/api/node/extensionHostProcess.js:149:2335
	at Array.forEach (<anonymous>)
	at h.dispose (/ide/out/vs/workbench/api/node/extensionHostProcess.js:149:2273)
	at m.terminate (/ide/out/vs/workbench/api/node/extensionHostProcess.js:158:8053)
	at a.terminate (/ide/out/vs/workbench/api/node/extensionHostProcess.js:162:1513)
	at t (/ide/out/vs/workbench/api/node/extensionHostProcess.js:175:9917)
	at j.a (/ide/out/vs/workbench/api/node/extensionHostProcess.js:175:6710)
	at j.h (/ide/out/vs/workbench/api/node/extensionHostProcess.js:99:20622)
	at listOnTimeout (node:internal/timers:569:17)
	at process.processTimers (node:internal/timers:512:7) setContext undefined
2024-04-20 07:36:17.396 [error] Canceled: Canceled
	at Object.I [as $6] (/ide/out/vs/workbench/api/node/extensionHostProcess.js:10:967)
	at /ide/out/vs/workbench/api/node/extensionHostProcess.js:149:2335
	at Array.forEach (<anonymous>)
	at h.dispose (/ide/out/vs/workbench/api/node/extensionHostProcess.js:149:2273)
	at m.terminate (/ide/out/vs/workbench/api/node/extensionHostProcess.js:158:8053)
	at a.terminate (/ide/out/vs/workbench/api/node/extensionHostProcess.js:162:1513)
	at t (/ide/out/vs/workbench/api/node/extensionHostProcess.js:175:9917)
	at j.a (/ide/out/vs/workbench/api/node/extensionHostProcess.js:175:6710)
	at j.h (/ide/out/vs/workbench/api/node/extensionHostProcess.js:99:20622)
	at listOnTimeout (node:internal/timers:569:17)
	at process.processTimers (node:internal/timers:512:7) setContext undefined
2024-04-20 07:36:17.396 [error] Canceled: Canceled
	at Object.I [as $6] (/ide/out/vs/workbench/api/node/extensionHostProcess.js:10:967)
	at /ide/out/vs/workbench/api/node/extensionHostProcess.js:149:2335
	at Array.forEach (<anonymous>)
	at h.dispose (/ide/out/vs/workbench/api/node/extensionHostProcess.js:149:2273)
	at m.terminate (/ide/out/vs/workbench/api/node/extensionHostProcess.js:158:8053)
	at a.terminate (/ide/out/vs/workbench/api/node/extensionHostProcess.js:162:1513)
	at t (/ide/out/vs/workbench/api/node/extensionHostProcess.js:175:9917)
	at j.a (/ide/out/vs/workbench/api/node/extensionHostProcess.js:175:6710)
	at j.h (/ide/out/vs/workbench/api/node/extensionHostProcess.js:99:20622)
	at listOnTimeout (node:internal/timers:569:17)
	at process.processTimers (node:internal/timers:512:7) setContext undefined
2024-04-20 07:36:17.396 [error] Canceled: Canceled
	at Object.I [as $6] (/ide/out/vs/workbench/api/node/extensionHostProcess.js:10:967)
	at /ide/out/vs/workbench/api/node/extensionHostProcess.js:149:2335
	at Array.forEach (<anonymous>)
	at h.dispose (/ide/out/vs/workbench/api/node/extensionHostProcess.js:149:2273)
	at m.terminate (/ide/out/vs/workbench/api/node/extensionHostProcess.js:158:8053)
	at a.terminate (/ide/out/vs/workbench/api/node/extensionHostProcess.js:162:1513)
	at t (/ide/out/vs/workbench/api/node/extensionHostProcess.js:175:9917)
	at j.a (/ide/out/vs/workbench/api/node/extensionHostProcess.js:175:6710)
	at j.h (/ide/out/vs/workbench/api/node/extensionHostProcess.js:99:20622)
	at listOnTimeout (node:internal/timers:569:17)
	at process.processTimers (node:internal/timers:512:7) setContext undefined
2024-04-20 07:36:17.396 [error] Canceled: Canceled
	at Object.I [as $6] (/ide/out/vs/workbench/api/node/extensionHostProcess.js:10:967)
	at /ide/out/vs/workbench/api/node/extensionHostProcess.js:149:2335
	at Array.forEach (<anonymous>)
	at h.dispose (/ide/out/vs/workbench/api/node/extensionHostProcess.js:149:2273)
	at m.terminate (/ide/out/vs/workbench/api/node/extensionHostProcess.js:158:8053)
	at a.terminate (/ide/out/vs/workbench/api/node/extensionHostProcess.js:162:1513)
	at t (/ide/out/vs/workbench/api/node/extensionHostProcess.js:175:9917)
	at j.a (/ide/out/vs/workbench/api/node/extensionHostProcess.js:175:6710)
	at j.h (/ide/out/vs/workbench/api/node/extensionHostProcess.js:99:20622)
	at listOnTimeout (node:internal/timers:569:17)
	at process.processTimers (node:internal/timers:512:7) setContext undefined
2024-04-20 07:36:17.396 [error] Canceled: Canceled
	at Object.I [as $6] (/ide/out/vs/workbench/api/node/extensionHostProcess.js:10:967)
	at /ide/out/vs/workbench/api/node/extensionHostProcess.js:149:2335
	at Array.forEach (<anonymous>)
	at h.dispose (/ide/out/vs/workbench/api/node/extensionHostProcess.js:149:2273)
	at m.terminate (/ide/out/vs/workbench/api/node/extensionHostProcess.js:158:8053)
	at a.terminate (/ide/out/vs/workbench/api/node/extensionHostProcess.js:162:1513)
	at t (/ide/out/vs/workbench/api/node/extensionHostProcess.js:175:9917)
	at j.a (/ide/out/vs/workbench/api/node/extensionHostProcess.js:175:6710)
	at j.h (/ide/out/vs/workbench/api/node/extensionHostProcess.js:99:20622)
	at listOnTimeout (node:internal/timers:569:17)
	at process.processTimers (node:internal/timers:512:7) setContext undefined
2024-04-20 07:36:17.396 [error] Canceled: Canceled
	at Object.I [as $6] (/ide/out/vs/workbench/api/node/extensionHostProcess.js:10:967)
	at /ide/out/vs/workbench/api/node/extensionHostProcess.js:149:2335
	at Array.forEach (<anonymous>)
	at h.dispose (/ide/out/vs/workbench/api/node/extensionHostProcess.js:149:2273)
	at m.terminate (/ide/out/vs/workbench/api/node/extensionHostProcess.js:158:8053)
	at a.terminate (/ide/out/vs/workbench/api/node/extensionHostProcess.js:162:1513)
	at t (/ide/out/vs/workbench/api/node/extensionHostProcess.js:175:9917)
	at j.a (/ide/out/vs/workbench/api/node/extensionHostProcess.js:175:6710)
	at j.h (/ide/out/vs/workbench/api/node/extensionHostProcess.js:99:20622)
	at listOnTimeout (node:internal/timers:569:17)
	at process.processTimers (node:internal/timers:512:7) setContext undefined
2024-04-20 07:36:17.397 [error] Canceled: Canceled
	at Object.I [as $6] (/ide/out/vs/workbench/api/node/extensionHostProcess.js:10:967)
	at /ide/out/vs/workbench/api/node/extensionHostProcess.js:149:2335
	at Array.forEach (<anonymous>)
	at h.dispose (/ide/out/vs/workbench/api/node/extensionHostProcess.js:149:2273)
	at m.terminate (/ide/out/vs/workbench/api/node/extensionHostProcess.js:158:8053)
	at a.terminate (/ide/out/vs/workbench/api/node/extensionHostProcess.js:162:1513)
	at t (/ide/out/vs/workbench/api/node/extensionHostProcess.js:175:9917)
	at j.a (/ide/out/vs/workbench/api/node/extensionHostProcess.js:175:6710)
	at j.h (/ide/out/vs/workbench/api/node/extensionHostProcess.js:99:20622)
	at listOnTimeout (node:internal/timers:569:17)
	at process.processTimers (node:internal/timers:512:7) setContext undefined
2024-04-20 07:36:17.397 [error] Canceled: Canceled
	at Object.I [as $6] (/ide/out/vs/workbench/api/node/extensionHostProcess.js:10:967)
	at /ide/out/vs/workbench/api/node/extensionHostProcess.js:149:2335
	at Array.forEach (<anonymous>)
	at h.dispose (/ide/out/vs/workbench/api/node/extensionHostProcess.js:149:2273)
	at m.terminate (/ide/out/vs/workbench/api/node/extensionHostProcess.js:158:8053)
	at a.terminate (/ide/out/vs/workbench/api/node/extensionHostProcess.js:162:1513)
	at t (/ide/out/vs/workbench/api/node/extensionHostProcess.js:175:9917)
	at j.a (/ide/out/vs/workbench/api/node/extensionHostProcess.js:175:6710)
	at j.h (/ide/out/vs/workbench/api/node/extensionHostProcess.js:99:20622)
	at listOnTimeout (node:internal/timers:569:17)
	at process.processTimers (node:internal/timers:512:7) setContext undefined
2024-04-20 07:36:17.397 [error] Canceled: Canceled
	at Object.I [as $6] (/ide/out/vs/workbench/api/node/extensionHostProcess.js:10:967)
	at /ide/out/vs/workbench/api/node/extensionHostProcess.js:149:2335
	at Array.forEach (<anonymous>)
	at h.dispose (/ide/out/vs/workbench/api/node/extensionHostProcess.js:149:2273)
	at m.terminate (/ide/out/vs/workbench/api/node/extensionHostProcess.js:158:8053)
	at a.terminate (/ide/out/vs/workbench/api/node/extensionHostProcess.js:162:1513)
	at t (/ide/out/vs/workbench/api/node/extensionHostProcess.js:175:9917)
	at j.a (/ide/out/vs/workbench/api/node/extensionHostProcess.js:175:6710)
	at j.h (/ide/out/vs/workbench/api/node/extensionHostProcess.js:99:20622)
	at listOnTimeout (node:internal/timers:569:17)
	at process.processTimers (node:internal/timers:512:7) setContext undefined
2024-04-20 07:36:17.397 [error] Canceled: Canceled
	at Object.I [as $6] (/ide/out/vs/workbench/api/node/extensionHostProcess.js:10:967)
	at /ide/out/vs/workbench/api/node/extensionHostProcess.js:149:2335
	at Array.forEach (<anonymous>)
	at h.dispose (/ide/out/vs/workbench/api/node/extensionHostProcess.js:149:2273)
	at m.terminate (/ide/out/vs/workbench/api/node/extensionHostProcess.js:158:8053)
	at a.terminate (/ide/out/vs/workbench/api/node/extensionHostProcess.js:162:1513)
	at t (/ide/out/vs/workbench/api/node/extensionHostProcess.js:175:9917)
	at j.a (/ide/out/vs/workbench/api/node/extensionHostProcess.js:175:6710)
	at j.h (/ide/out/vs/workbench/api/node/extensionHostProcess.js:99:20622)
	at listOnTimeout (node:internal/timers:569:17)
	at process.processTimers (node:internal/timers:512:7) setContext undefined
2024-04-20 07:36:17.397 [error] Canceled: Canceled
	at Object.I [as $6] (/ide/out/vs/workbench/api/node/extensionHostProcess.js:10:967)
	at /ide/out/vs/workbench/api/node/extensionHostProcess.js:149:2335
	at Array.forEach (<anonymous>)
	at h.dispose (/ide/out/vs/workbench/api/node/extensionHostProcess.js:149:2273)
	at m.terminate (/ide/out/vs/workbench/api/node/extensionHostProcess.js:158:8053)
	at a.terminate (/ide/out/vs/workbench/api/node/extensionHostProcess.js:162:1513)
	at t (/ide/out/vs/workbench/api/node/extensionHostProcess.js:175:9917)
	at j.a (/ide/out/vs/workbench/api/node/extensionHostProcess.js:175:6710)
	at j.h (/ide/out/vs/workbench/api/node/extensionHostProcess.js:99:20622)
	at listOnTimeout (node:internal/timers:569:17)
	at process.processTimers (node:internal/timers:512:7) setContext undefined
2024-04-20 07:36:17.398 [error] Canceled: Canceled
	at new O (/ide/out/vs/workbench/api/node/extensionHostProcess.js:142:46998)
	at h.U (/ide/out/vs/workbench/api/node/extensionHostProcess.js:149:5539)
	at T.<computed>.F.charCodeAt.T.<computed> (/ide/out/vs/workbench/api/node/extensionHostProcess.js:149:2993)
	at d.g (/ide/out/vs/workbench/api/node/extensionHostProcess.js:152:186335)
	at d.executeCommand (/ide/out/vs/workbench/api/node/extensionHostProcess.js:152:185773)
	at E.registerCommand.description (/ide/out/vs/workbench/api/node/extensionHostProcess.js:152:185097)
	at d.h (/ide/out/vs/workbench/api/node/extensionHostProcess.js:152:186874)
	at d.g (/ide/out/vs/workbench/api/node/extensionHostProcess.js:152:185866)
	at d.executeCommand (/ide/out/vs/workbench/api/node/extensionHostProcess.js:152:185773)
	at Object.executeCommand (/ide/out/vs/workbench/api/node/extensionHostProcess.js:162:22984)
	at a.O [as value] (/ide/extensions/git/dist/main.js:2:945802)
	at s.y (/ide/out/vs/workbench/api/node/extensionHostProcess.js:82:659)
	at s.z (/ide/out/vs/workbench/api/node/extensionHostProcess.js:82:729)
	at s.fire (/ide/out/vs/workbench/api/node/extensionHostProcess.js:82:945)
	at Object.m [as dispose] (/ide/extensions/git/dist/main.js:2:964886)
	at /ide/extensions/git/dist/main.js:2:970920
	at Array.forEach (<anonymous>)
	at f.dispose (/ide/extensions/git/dist/main.js:2:970906)
	at o.<anonymous> (/ide/out/vs/workbench/api/node/extensionHostProcess.js:150:3830)
	at o.dispose (/ide/out/vs/workbench/api/node/extensionHostProcess.js:150:3927)
	at o.<anonymous> (/ide/extensions/git/dist/main.js:2:948059)
	at o.dispose (/ide/out/vs/workbench/api/node/extensionHostProcess.js:150:3927)
	at a (/ide/out/vs/workbench/api/node/extensionHostProcess.js:30:714)
	at m.eb (/ide/out/vs/workbench/api/node/extensionHostProcess.js:158:9967)
	at /ide/out/vs/workbench/api/node/extensionHostProcess.js:158:7816
	at Array.map (<anonymous>)
	at m.$ (/ide/out/vs/workbench/api/node/extensionHostProcess.js:158:7803)
	at m.terminate (/ide/out/vs/workbench/api/node/extensionHostProcess.js:158:8077)
	at a.terminate (/ide/out/vs/workbench/api/node/extensionHostProcess.js:162:1513)
	at t (/ide/out/vs/workbench/api/node/extensionHostProcess.js:175:9917)
	at j.a (/ide/out/vs/workbench/api/node/extensionHostProcess.js:175:6710)
	at j.h (/ide/out/vs/workbench/api/node/extensionHostProcess.js:99:20622)
	at listOnTimeout (node:internal/timers:569:17)
	at process.processTimers (node:internal/timers:512:7) setContext undefined
2024-04-20 07:36:17.399 [error] Canceled: Canceled
	at new O (/ide/out/vs/workbench/api/node/extensionHostProcess.js:142:46998)
	at h.U (/ide/out/vs/workbench/api/node/extensionHostProcess.js:149:5539)
	at T.<computed>.F.charCodeAt.T.<computed> (/ide/out/vs/workbench/api/node/extensionHostProcess.js:149:2993)
	at d.g (/ide/out/vs/workbench/api/node/extensionHostProcess.js:152:186335)
	at d.executeCommand (/ide/out/vs/workbench/api/node/extensionHostProcess.js:152:185773)
	at E.registerCommand.description (/ide/out/vs/workbench/api/node/extensionHostProcess.js:152:185097)
	at d.h (/ide/out/vs/workbench/api/node/extensionHostProcess.js:152:186874)
	at d.g (/ide/out/vs/workbench/api/node/extensionHostProcess.js:152:185866)
	at d.executeCommand (/ide/out/vs/workbench/api/node/extensionHostProcess.js:152:185773)
	at Object.executeCommand (/ide/out/vs/workbench/api/node/extensionHostProcess.js:162:22984)
	at set hasGitHubRepositories [as hasGitHubRepositories] (/ide/extensions/github/dist/extension.js:2:324866)
	at /ide/extensions/github/dist/extension.js:2:325825
	at a.value (/ide/extensions/git/dist/main.js:2:1051703)
	at s.y (/ide/out/vs/workbench/api/node/extensionHostProcess.js:82:659)
	at s.z (/ide/out/vs/workbench/api/node/extensionHostProcess.js:82:729)
	at s.fire (/ide/out/vs/workbench/api/node/extensionHostProcess.js:82:945)
	at Object.m [as dispose] (/ide/extensions/git/dist/main.js:2:964886)
	at /ide/extensions/git/dist/main.js:2:970920
	at Array.forEach (<anonymous>)
	at f.dispose (/ide/extensions/git/dist/main.js:2:970906)
	at o.<anonymous> (/ide/out/vs/workbench/api/node/extensionHostProcess.js:150:3830)
	at o.dispose (/ide/out/vs/workbench/api/node/extensionHostProcess.js:150:3927)
	at o.<anonymous> (/ide/extensions/git/dist/main.js:2:948059)
	at o.dispose (/ide/out/vs/workbench/api/node/extensionHostProcess.js:150:3927)
	at a (/ide/out/vs/workbench/api/node/extensionHostProcess.js:30:714)
	at m.eb (/ide/out/vs/workbench/api/node/extensionHostProcess.js:158:9967)
	at /ide/out/vs/workbench/api/node/extensionHostProcess.js:158:7816
	at Array.map (<anonymous>)
	at m.$ (/ide/out/vs/workbench/api/node/extensionHostProcess.js:158:7803)
	at m.terminate (/ide/out/vs/workbench/api/node/extensionHostProcess.js:158:8077)
	at a.terminate (/ide/out/vs/workbench/api/node/extensionHostProcess.js:162:1513)
	at t (/ide/out/vs/workbench/api/node/extensionHostProcess.js:175:9917)
	at j.a (/ide/out/vs/workbench/api/node/extensionHostProcess.js:175:6710)
	at j.h (/ide/out/vs/workbench/api/node/extensionHostProcess.js:99:20622)
	at listOnTimeout (node:internal/timers:569:17)
	at process.processTimers (node:internal/timers:512:7) setContext undefined
2024-04-20 07:36:17.401 [error] Canceled: Canceled
	at new O (/ide/out/vs/workbench/api/node/extensionHostProcess.js:142:46998)
	at h.U (/ide/out/vs/workbench/api/node/extensionHostProcess.js:149:5539)
	at T.<computed>.F.charCodeAt.T.<computed> (/ide/out/vs/workbench/api/node/extensionHostProcess.js:149:2993)
	at d.g (/ide/out/vs/workbench/api/node/extensionHostProcess.js:152:186335)
	at d.executeCommand (/ide/out/vs/workbench/api/node/extensionHostProcess.js:152:185773)
	at E.registerCommand.description (/ide/out/vs/workbench/api/node/extensionHostProcess.js:152:185097)
	at d.h (/ide/out/vs/workbench/api/node/extensionHostProcess.js:152:186874)
	at d.g (/ide/out/vs/workbench/api/node/extensionHostProcess.js:152:185866)
	at d.executeCommand (/ide/out/vs/workbench/api/node/extensionHostProcess.js:152:185773)
	at Object.executeCommand (/ide/out/vs/workbench/api/node/extensionHostProcess.js:162:22984)
	at e (/workspace/.vscode-remote/extensions/github.vscode-pull-request-github-0.86.1-universal/dist/extension.js:1968:1515)
	at Object.n [as setContext] (/workspace/.vscode-remote/extensions/github.vscode-pull-request-github-0.86.1-universal/dist/extension.js:1968:1630)
	at qp.updateActiveReviewCount (/workspace/.vscode-remote/extensions/github.vscode-pull-request-github-0.86.1-universal/dist/extension.js:2031:22905)
	at qp.removeRepo (/workspace/.vscode-remote/extensions/github.vscode-pull-request-github-0.86.1-universal/dist/extension.js:2031:24050)
	at a.value (/workspace/.vscode-remote/extensions/github.vscode-pull-request-github-0.86.1-universal/dist/extension.js:2144:4212)
	at s.y (/ide/out/vs/workbench/api/node/extensionHostProcess.js:82:659)
	at s.z (/ide/out/vs/workbench/api/node/extensionHostProcess.js:82:729)
	at s.fire (/ide/out/vs/workbench/api/node/extensionHostProcess.js:82:945)
	at a.value (/workspace/.vscode-remote/extensions/github.vscode-pull-request-github-0.86.1-universal/dist/extension.js:1936:446993)
	at s.y (/ide/out/vs/workbench/api/node/extensionHostProcess.js:82:659)
	at s.fire (/ide/out/vs/workbench/api/node/extensionHostProcess.js:82:876)
	at /workspace/.vscode-remote/extensions/github.vscode-pull-request-github-0.86.1-universal/dist/extension.js:2031:27766
	at a.value (/ide/extensions/git/dist/main.js:2:1051703)
	at s.y (/ide/out/vs/workbench/api/node/extensionHostProcess.js:82:659)
	at s.z (/ide/out/vs/workbench/api/node/extensionHostProcess.js:82:729)
	at s.fire (/ide/out/vs/workbench/api/node/extensionHostProcess.js:82:945)
	at Object.m [as dispose] (/ide/extensions/git/dist/main.js:2:964886)
	at /ide/extensions/git/dist/main.js:2:970920
	at Array.forEach (<anonymous>)
	at f.dispose (/ide/extensions/git/dist/main.js:2:970906)
	at o.<anonymous> (/ide/out/vs/workbench/api/node/extensionHostProcess.js:150:3830)
	at o.dispose (/ide/out/vs/workbench/api/node/extensionHostProcess.js:150:3927)
	at o.<anonymous> (/ide/extensions/git/dist/main.js:2:948059)
	at o.dispose (/ide/out/vs/workbench/api/node/extensionHostProcess.js:150:3927)
	at a (/ide/out/vs/workbench/api/node/extensionHostProcess.js:30:714)
	at m.eb (/ide/out/vs/workbench/api/node/extensionHostProcess.js:158:9967)
	at /ide/out/vs/workbench/api/node/extensionHostProcess.js:158:7816
	at Array.map (<anonymous>)
	at m.$ (/ide/out/vs/workbench/api/node/extensionHostProcess.js:158:7803)
	at m.terminate (/ide/out/vs/workbench/api/node/extensionHostProcess.js:158:8077)
	at a.terminate (/ide/out/vs/workbench/api/node/extensionHostProcess.js:162:1513)
	at t (/ide/out/vs/workbench/api/node/extensionHostProcess.js:175:9917)
	at j.a (/ide/out/vs/workbench/api/node/extensionHostProcess.js:175:6710)
	at j.h (/ide/out/vs/workbench/api/node/extensionHostProcess.js:99:20622)
	at listOnTimeout (node:internal/timers:569:17)
	at process.processTimers (node:internal/timers:512:7) setContext undefined
2024-04-20 07:36:17.402 [error] Canceled: Canceled
	at new O (/ide/out/vs/workbench/api/node/extensionHostProcess.js:142:46998)
	at h.U (/ide/out/vs/workbench/api/node/extensionHostProcess.js:149:5539)
	at T.<computed>.F.charCodeAt.T.<computed> (/ide/out/vs/workbench/api/node/extensionHostProcess.js:149:2993)
	at d.g (/ide/out/vs/workbench/api/node/extensionHostProcess.js:152:186335)
	at d.executeCommand (/ide/out/vs/workbench/api/node/extensionHostProcess.js:152:185773)
	at E.registerCommand.description (/ide/out/vs/workbench/api/node/extensionHostProcess.js:152:185097)
	at d.h (/ide/out/vs/workbench/api/node/extensionHostProcess.js:152:186874)
	at d.g (/ide/out/vs/workbench/api/node/extensionHostProcess.js:152:185866)
	at d.executeCommand (/ide/out/vs/workbench/api/node/extensionHostProcess.js:152:185773)
	at Object.executeCommand (/ide/out/vs/workbench/api/node/extensionHostProcess.js:162:22984)
	at e (/workspace/.vscode-remote/extensions/github.vscode-pull-request-github-0.86.1-universal/dist/extension.js:1968:1515)
	at Object.n [as setContext] (/workspace/.vscode-remote/extensions/github.vscode-pull-request-github-0.86.1-universal/dist/extension.js:1968:1630)
	at Am.setReviewModeContexts (/workspace/.vscode-remote/extensions/github.vscode-pull-request-github-0.86.1-universal/dist/extension.js:2131:15201)
	at Am.removePrFromView (/workspace/.vscode-remote/extensions/github.vscode-pull-request-github-0.86.1-universal/dist/extension.js:2131:15828)
	at zc.clear (/workspace/.vscode-remote/extensions/github.vscode-pull-request-github-0.86.1-universal/dist/extension.js:2012:25748)
	at zc.dispose (/workspace/.vscode-remote/extensions/github.vscode-pull-request-github-0.86.1-universal/dist/extension.js:2014:167)
	at Um.removeReviewManager (/workspace/.vscode-remote/extensions/github.vscode-pull-request-github-0.86.1-universal/dist/extension.js:2131:47206)
	at a.value (/workspace/.vscode-remote/extensions/github.vscode-pull-request-github-0.86.1-universal/dist/extension.js:2144:4229)
	at s.y (/ide/out/vs/workbench/api/node/extensionHostProcess.js:82:659)
	at s.z (/ide/out/vs/workbench/api/node/extensionHostProcess.js:82:729)
	at s.fire (/ide/out/vs/workbench/api/node/extensionHostProcess.js:82:945)
	at a.value (/workspace/.vscode-remote/extensions/github.vscode-pull-request-github-0.86.1-universal/dist/extension.js:1936:446993)
	at s.y (/ide/out/vs/workbench/api/node/extensionHostProcess.js:82:659)
	at s.fire (/ide/out/vs/workbench/api/node/extensionHostProcess.js:82:876)
	at /workspace/.vscode-remote/extensions/github.vscode-pull-request-github-0.86.1-universal/dist/extension.js:2031:27766
	at a.value (/ide/extensions/git/dist/main.js:2:1051703)
	at s.y (/ide/out/vs/workbench/api/node/extensionHostProcess.js:82:659)
	at s.z (/ide/out/vs/workbench/api/node/extensionHostProcess.js:82:729)
	at s.fire (/ide/out/vs/workbench/api/node/extensionHostProcess.js:82:945)
	at Object.m [as dispose] (/ide/extensions/git/dist/main.js:2:964886)
	at /ide/extensions/git/dist/main.js:2:970920
	at Array.forEach (<anonymous>)
	at f.dispose (/ide/extensions/git/dist/main.js:2:970906)
	at o.<anonymous> (/ide/out/vs/workbench/api/node/extensionHostProcess.js:150:3830)
	at o.dispose (/ide/out/vs/workbench/api/node/extensionHostProcess.js:150:3927)
	at o.<anonymous> (/ide/extensions/git/dist/main.js:2:948059)
	at o.dispose (/ide/out/vs/workbench/api/node/extensionHostProcess.js:150:3927)
	at a (/ide/out/vs/workbench/api/node/extensionHostProcess.js:30:714)
	at m.eb (/ide/out/vs/workbench/api/node/extensionHostProcess.js:158:9967)
	at /ide/out/vs/workbench/api/node/extensionHostProcess.js:158:7816
	at Array.map (<anonymous>)
	at m.$ (/ide/out/vs/workbench/api/node/extensionHostProcess.js:158:7803)
	at m.terminate (/ide/out/vs/workbench/api/node/extensionHostProcess.js:158:8077)
	at a.terminate (/ide/out/vs/workbench/api/node/extensionHostProcess.js:162:1513)
	at t (/ide/out/vs/workbench/api/node/extensionHostProcess.js:175:9917)
	at j.a (/ide/out/vs/workbench/api/node/extensionHostProcess.js:175:6710)
	at j.h (/ide/out/vs/workbench/api/node/extensionHostProcess.js:99:20622)
	at listOnTimeout (node:internal/timers:569:17)
	at process.processTimers (node:internal/timers:512:7) setContext undefined
2024-04-20 07:36:17.402 [error] Canceled: Canceled
	at new O (/ide/out/vs/workbench/api/node/extensionHostProcess.js:142:46998)
	at h.U (/ide/out/vs/workbench/api/node/extensionHostProcess.js:149:5539)
	at T.<computed>.F.charCodeAt.T.<computed> (/ide/out/vs/workbench/api/node/extensionHostProcess.js:149:2993)
	at d.g (/ide/out/vs/workbench/api/node/extensionHostProcess.js:152:186335)
	at d.executeCommand (/ide/out/vs/workbench/api/node/extensionHostProcess.js:152:185773)
	at E.registerCommand.description (/ide/out/vs/workbench/api/node/extensionHostProcess.js:152:185097)
	at d.h (/ide/out/vs/workbench/api/node/extensionHostProcess.js:152:186874)
	at d.g (/ide/out/vs/workbench/api/node/extensionHostProcess.js:152:185866)
	at d.executeCommand (/ide/out/vs/workbench/api/node/extensionHostProcess.js:152:185773)
	at Object.executeCommand (/ide/out/vs/workbench/api/node/extensionHostProcess.js:162:22984)
	at N2.reset (/workspace/.vscode-remote/extensions/github.vscode-pull-request-github-0.86.1-universal/dist/extension.js:2131:8809)
	at N2.dispose (/workspace/.vscode-remote/extensions/github.vscode-pull-request-github-0.86.1-universal/dist/extension.js:2131:9080)
	at a (/ide/out/vs/workbench/api/node/extensionHostProcess.js:30:714)
	at m.eb (/ide/out/vs/workbench/api/node/extensionHostProcess.js:158:9967)
	at /ide/out/vs/workbench/api/node/extensionHostProcess.js:158:7816
	at Array.map (<anonymous>)
	at m.$ (/ide/out/vs/workbench/api/node/extensionHostProcess.js:158:7803)
	at m.terminate (/ide/out/vs/workbench/api/node/extensionHostProcess.js:158:8077)
	at a.terminate (/ide/out/vs/workbench/api/node/extensionHostProcess.js:162:1513)
	at t (/ide/out/vs/workbench/api/node/extensionHostProcess.js:175:9917)
	at j.a (/ide/out/vs/workbench/api/node/extensionHostProcess.js:175:6710)
	at j.h (/ide/out/vs/workbench/api/node/extensionHostProcess.js:99:20622)
	at listOnTimeout (node:internal/timers:569:17)
	at process.processTimers (node:internal/timers:512:7) setContext undefined
2024-04-20 07:36:17.404 [info] Extension host with pid 1255 exiting with code 0
