2024-04-21 05:34:02.606 [info] Log level: Info
2024-04-21 05:34:02.606 [info] Validating found git in: "git"
2024-04-21 05:34:02.606 [info] Using git "2.43.2" from "git"
2024-04-21 05:34:02.606 [info] > git rev-parse --show-toplevel [2ms]
2024-04-21 05:34:02.606 [info] > git rev-parse --git-dir --git-common-dir [3ms]
2024-04-21 05:34:02.606 [info] Open repository: /workspace/flaskmvc
2024-04-21 05:34:02.606 [info] > git config --get commit.template [10ms]
2024-04-21 05:34:02.606 [info] > git rev-parse --show-toplevel [103ms]
2024-04-21 05:34:02.606 [info] > git for-each-ref --format=%(refname)%00%(upstream:short)%00%(objectname)%00%(upstream:track)%00%(upstream:remotename)%00%(upstream:remoteref) refs/heads/main refs/remotes/main [11ms]
2024-04-21 05:34:02.606 [info] > git rev-parse --show-toplevel [2ms]
2024-04-21 05:34:02.606 [warning] ENOENT: no such file or directory, open '/workspace/flaskmvc/.git/refs/remotes/origin/main'
2024-04-21 05:34:02.606 [info] > git rev-parse refs/remotes/origin/main [10ms]
2024-04-21 05:34:02.606 [info] > git status -z -uall [1ms]
2024-04-21 05:34:02.606 [info] > git rev-parse --show-toplevel [13ms]
2024-04-21 05:34:02.606 [info] > git merge-base refs/heads/main refs/remotes/origin/main [26ms]
2024-04-21 05:34:02.606 [info] > git config --get commit.template [12ms]
2024-04-21 05:34:02.606 [info] > git rev-parse --show-toplevel [22ms]
2024-04-21 05:34:02.606 [info] > git rev-list --count --left-right refs/heads/main...refs/remotes/origin/main [13ms]
2024-04-21 05:34:02.606 [info] > git rev-parse --show-toplevel [21ms]
2024-04-21 05:34:02.606 [info] > git diff --name-status -z --diff-filter=ADMR 67c8bcb543bbafc4462bb8fedf7dc22085389c55...refs/remotes/origin/main [12ms]
2024-04-21 05:34:02.606 [info] > git for-each-ref --format=%(refname)%00%(upstream:short)%00%(objectname)%00%(upstream:track)%00%(upstream:remotename)%00%(upstream:remoteref) refs/heads/main refs/remotes/main [46ms]
2024-04-21 05:34:02.606 [warning] ENOENT: no such file or directory, open '/workspace/flaskmvc/.git/refs/remotes/origin/main'
2024-04-21 05:34:02.606 [info] > git rev-parse --show-toplevel [11ms]
2024-04-21 05:34:02.606 [info] > git rev-parse refs/remotes/origin/main [12ms]
2024-04-21 05:34:02.606 [info] > git rev-parse --show-toplevel [11ms]
2024-04-21 05:34:02.606 [info] > git status -z -uall [12ms]
2024-04-21 05:34:02.606 [info] > git rev-parse --show-toplevel [4ms]
2024-04-21 05:34:02.875 [info] > git show --textconv :App/controllers/user.py [13ms]
2024-04-21 05:34:02.876 [info] > git ls-files --stage -- /workspace/flaskmvc/App/controllers/user.py [2ms]
2024-04-21 05:34:02.889 [info] > git cat-file -s 09b2022ed84082af7272ac7b6ecb346308f4f664 [2ms]
2024-04-21 05:34:03.119 [info] > git check-ignore -v -z --stdin [1ms]
2024-04-21 05:34:04.585 [info] > git config --local branch.main.github-pr-owner-number [124ms]
2024-04-21 05:34:04.585 [warning] git config failed: Failed to execute git
2024-04-21 05:34:16.158 [info] > git config --get commit.template [14ms]
2024-04-21 05:34:16.159 [info] > git for-each-ref --format=%(refname)%00%(upstream:short)%00%(objectname)%00%(upstream:track)%00%(upstream:remotename)%00%(upstream:remoteref) refs/heads/main refs/remotes/main [2ms]
2024-04-21 05:34:16.171 [warning] ENOENT: no such file or directory, open '/workspace/flaskmvc/.git/refs/remotes/origin/main'
2024-04-21 05:34:16.172 [info] > git rev-parse refs/remotes/origin/main [1ms]
2024-04-21 05:34:16.184 [info] > git status -z -uall [2ms]
