2024-04-21 06:55:09.816 [info] Log level: Info
2024-04-21 06:55:09.816 [info] Validating found git in: "git"
2024-04-21 06:55:09.816 [info] Using git "2.43.2" from "git"
2024-04-21 06:55:09.816 [info] > git rev-parse --show-toplevel [2ms]
2024-04-21 06:55:09.816 [info] > git rev-parse --git-dir --git-common-dir [2ms]
2024-04-21 06:55:09.816 [info] Open repository: /workspace/flaskmvc
2024-04-21 06:55:09.816 [info] > git rev-parse --show-toplevel [2ms]
2024-04-21 06:55:09.816 [info] > git config --get commit.template [8ms]
2024-04-21 06:55:09.816 [info] > git rev-parse --show-toplevel [7ms]
2024-04-21 06:55:09.816 [info] > git for-each-ref --format=%(refname)%00%(upstream:short)%00%(objectname)%00%(upstream:track)%00%(upstream:remotename)%00%(upstream:remoteref) refs/heads/main refs/remotes/main [2ms]
2024-04-21 06:55:09.816 [warning] ENOENT: no such file or directory, open '/workspace/flaskmvc/.git/refs/remotes/origin/main'
2024-04-21 06:55:09.816 [info] > git rev-parse --show-toplevel [5ms]
2024-04-21 06:55:09.816 [info] > git rev-parse refs/remotes/origin/main [1ms]
2024-04-21 06:55:09.816 [info] > git status -z -uall [7ms]
2024-04-21 06:55:09.816 [info] > git merge-base refs/heads/main refs/remotes/origin/main [13ms]
2024-04-21 06:55:09.816 [info] > git rev-parse --show-toplevel [35ms]
2024-04-21 06:55:09.816 [info] > git config --get commit.template [17ms]
2024-04-21 06:55:09.816 [info] > git rev-parse --show-toplevel [2ms]
2024-04-21 06:55:09.816 [info] > git rev-list --count --left-right refs/heads/main...refs/remotes/origin/main [9ms]
2024-04-21 06:55:09.816 [info] > git for-each-ref --format=%(refname)%00%(upstream:short)%00%(objectname)%00%(upstream:track)%00%(upstream:remotename)%00%(upstream:remoteref) refs/heads/main refs/remotes/main [10ms]
2024-04-21 06:55:09.816 [info] > git diff --name-status -z --diff-filter=ADMR 67c8bcb543bbafc4462bb8fedf7dc22085389c55...refs/remotes/origin/main [18ms]
2024-04-21 06:55:09.816 [warning] ENOENT: no such file or directory, open '/workspace/flaskmvc/.git/refs/remotes/origin/main'
2024-04-21 06:55:09.816 [info] > git rev-parse --show-toplevel [11ms]
2024-04-21 06:55:09.816 [info] > git rev-parse refs/remotes/origin/main [12ms]
2024-04-21 06:55:09.816 [info] > git rev-parse --show-toplevel [10ms]
2024-04-21 06:55:09.816 [info] > git status -z -uall [11ms]
2024-04-21 06:55:09.816 [info] > git rev-parse --show-toplevel [3ms]
2024-04-21 06:55:10.485 [info] > git check-ignore -v -z --stdin [1ms]
2024-04-21 06:55:10.784 [info] > git show --textconv :App/templates/temp.html [8ms]
2024-04-21 06:55:10.785 [info] > git ls-files --stage -- /workspace/flaskmvc/App/templates/temp.html [3ms]
2024-04-21 06:55:10.794 [info] > git cat-file -s bd93bc1b2e1148b459ee3b1bcf92d3ab3b2bc3e4 [2ms]
2024-04-21 06:55:15.222 [info] > git check-ignore -v -z --stdin [1ms]
2024-04-21 06:55:15.223 [info] > git config --local branch.main.github-pr-owner-number [135ms]
2024-04-21 06:55:15.223 [warning] git config failed: Failed to execute git
2024-04-21 06:55:44.784 [info] > git config --get commit.template [9ms]
2024-04-21 06:55:44.784 [info] > git for-each-ref --format=%(refname)%00%(upstream:short)%00%(objectname)%00%(upstream:track)%00%(upstream:remotename)%00%(upstream:remoteref) refs/heads/main refs/remotes/main [2ms]
2024-04-21 06:55:44.793 [warning] ENOENT: no such file or directory, open '/workspace/flaskmvc/.git/refs/remotes/origin/main'
2024-04-21 06:55:44.794 [info] > git rev-parse refs/remotes/origin/main [1ms]
2024-04-21 06:55:44.805 [info] > git status -z -uall [2ms]
2024-04-21 06:55:45.011 [info] > git ls-files --stage -- /workspace/flaskmvc/App/templates/temp.html [1ms]
2024-04-21 06:55:45.022 [info] > git cat-file -s bd93bc1b2e1148b459ee3b1bcf92d3ab3b2bc3e4 [2ms]
2024-04-21 06:55:45.178 [info] > git show --textconv :App/templates/temp.html [1ms]
2024-04-21 06:57:14.938 [info] > git check-ignore -v -z --stdin [2ms]
2024-04-21 06:58:26.151 [info] > git config --get commit.template [2ms]
2024-04-21 06:58:26.164 [info] > git for-each-ref --format=%(refname)%00%(upstream:short)%00%(objectname)%00%(upstream:track)%00%(upstream:remotename)%00%(upstream:remoteref) refs/heads/main refs/remotes/main [2ms]
2024-04-21 06:58:26.176 [warning] ENOENT: no such file or directory, open '/workspace/flaskmvc/.git/refs/remotes/origin/main'
2024-04-21 06:58:26.177 [info] > git rev-parse refs/remotes/origin/main [1ms]
2024-04-21 06:58:26.190 [info] > git status -z -uall [2ms]
2024-04-21 07:00:14.615 [info] > git config --local branch.main.github-pr-owner-number [2ms]
2024-04-21 07:00:14.615 [warning] git config failed: Failed to execute git
2024-04-21 07:05:14.629 [info] > git config --local branch.main.github-pr-owner-number [1ms]
2024-04-21 07:05:14.629 [warning] git config failed: Failed to execute git
2024-04-21 07:10:14.642 [info] > git config --local branch.main.github-pr-owner-number [1ms]
2024-04-21 07:10:14.642 [warning] git config failed: Failed to execute git
2024-04-21 07:15:14.656 [info] > git config --local branch.main.github-pr-owner-number [1ms]
2024-04-21 07:15:14.656 [warning] git config failed: Failed to execute git
2024-04-21 07:20:14.670 [info] > git config --local branch.main.github-pr-owner-number [1ms]
2024-04-21 07:20:14.670 [warning] git config failed: Failed to execute git
2024-04-21 07:25:14.687 [info] > git config --local branch.main.github-pr-owner-number [1ms]
2024-04-21 07:25:14.694 [warning] git config failed: Failed to execute git
