2024-04-20 16:31:08.877 [info] Log level: Info
2024-04-20 16:31:08.891 [info] VSCODE_MACHINE_ID: ee5b184a-8f28-49d8-9047-1b4d5bf18689
2024-04-20 16:31:08.891 [info] VSCODE_SESSION_ID: 71e49a42-0dc3-4fa6-ac12-ad89127538071713630665645
2024-04-20 16:31:08.891 [info] VSCODE_VERSION: 1.88.0
2024-04-20 16:31:08.891 [info] VSCODE_APP_NAME: Gitpod Code
2024-04-20 16:31:08.891 [info] VSCODE_APP_HOST: Gitpod
2024-04-20 16:31:08.891 [info] VSCODE_UI_KIND: web
2024-04-20 16:31:08.891 [info] GITPOD_WORKSPACE_CONTEXT_URL: https://github.com/uwidcit/flaskmvc
2024-04-20 16:31:08.891 [info] GITPOD_INSTANCE_ID: b9da7d75-3291-47c9-a30f-bab2be3bfc51
2024-04-20 16:31:08.891 [info] GITPOD_WORKSPACE_URL: https://uwidcit-flaskmvc-zxsa26j1o46.ws-us110.gitpod.io
2024-04-20 16:31:08.898 [info] Gitpod Web 4e069a6
2024-04-20 16:31:08.898 [info] Reading sessions from keychain...
2024-04-20 16:31:09.063 [info] Getting sessions for all scopes...
2024-04-20 16:31:09.063 [info] Getting GitHub sessions for all scopes...
2024-04-20 16:31:09.063 [info] Getting sessions for function:accessCodeSyncStorage...
2024-04-20 16:31:09.064 [info] Got stored sessions!
2024-04-20 16:31:09.064 [info] Verified session with the following scopes: function:accessCodeSyncStorage function:closePort function:controlAdmission function:deleteEnvVar function:generateNewGitpodToken function:getDefaultWorkspaceImage function:getEnvVars function:getGitpodTokenScopes function:getIDToken function:getLoggedInUser function:getOpenPorts function:getSupportedWorkspaceClasses function:getTeams function:getToken function:getWorkspace function:getWorkspaceEnvVars function:getWorkspaceOwner function:getWorkspaceTimeout function:getWorkspaceUsers function:guessGitTokenScopes function:isWorkspaceOwner function:openPort function:sendHeartBeat function:setEnvVar function:setWorkspaceTimeout function:stopWorkspace function:takeSnapshot function:trackEvent function:updateGitStatus function:waitForSnapshot resource:contentBlob::*::create/get resource:envVar::uwidcit/flaskmvc::create/get/update/delete resource:gitpodToken::*::create resource:snapshot::ws-uwidcit-flaskmvc-zxsa26j1o46::create resource:token::*::get resource:userStorage::*::create/get/update resource:workspace::uwidcit-flaskmvc-zxsa26j1o46::get/update resource:workspaceInstance::b9da7d75-3291-47c9-a30f-bab2be3bfc51::get/update/delete
2024-04-20 16:31:09.064 [info] Got 1 verified sessions.
2024-04-20 16:31:09.064 [info] Got 1 sessions for all scopes...
2024-04-20 16:31:09.064 [info] Got 1 sessions for function:accessCodeSyncStorage...
2024-04-20 16:31:09.159 [info] Getting GitHub sessions for all scopes...
2024-04-20 16:31:09.285 [info] Got 1 GitHub sessions for all scopes...
2024-04-20 16:31:09.285 [info] Got 1 GitHub sessions for all scopes...
2024-04-20 16:31:09.304 [info] Getting sessions for all scopes...
2024-04-20 16:31:09.304 [info] Got 1 sessions for all scopes...
2024-04-20 16:31:09.702 [info] Getting GitHub sessions for all scopes...
2024-04-20 16:31:09.702 [info] Got 1 GitHub sessions for all scopes...
2024-04-20 16:31:09.944 [info] Getting GitHub sessions for read:user,repo,user:email,workflow...
2024-04-20 16:31:09.944 [info] Got 1 GitHub sessions for read:user,repo,user:email,workflow...
2024-04-20 16:31:10.360 [info] Getting GitHub sessions for project,read:org,read:user,repo,user:email,workflow...
2024-04-20 16:31:10.360 [info] Got 0 GitHub sessions for project,read:org,read:user,repo,user:email,workflow...
2024-04-20 16:31:10.796 [info] Getting GitHub sessions for read:user,repo,user:email,workflow...
2024-04-20 16:31:10.796 [info] Got 1 GitHub sessions for read:user,repo,user:email,workflow...
