2024-04-20 06:00:34.008 [warning] /home/gitpod/.ssh/config: ENOENT: no such file or directory, open '/home/gitpod/.ssh/config'
2024-04-20 06:00:34.008 [info] Activation> Extension version: 0.86.1
2024-04-20 06:00:35.696 [info] Looking for git repository
2024-04-20 06:00:35.696 [info] Found 0 repositories during activation
2024-04-20 06:00:35.696 [info] Git repository found, initializing review manager and pr tree view.
2024-04-20 06:00:35.700 [info] Registering git provider
2024-04-20 06:00:35.700 [info] Review+0> Validate state in progress
2024-04-20 06:00:35.700 [info] Review+0> Validating state...
2024-04-20 06:00:35.851 [info] Found GitHub remote for folder /workspace/flaskmvc
2024-04-20 06:00:35.853 [info] Trying to use globalState for assignableUsers.
2024-04-20 06:00:35.863 [info] Review+0> No matching pull request metadata found locally for current branch main
2024-04-20 06:00:35.864 [info] Review+0> No matching pull request metadata found on GitHub for current branch main
2024-04-20 06:00:36.006 [info] GlobalState does not exist for assignableUsers.
2024-04-20 06:02:57.713 [info] Repo state for file:///workspace/flaskmvc changed.
2024-04-20 06:02:57.713 [info] Repo file:///workspace/flaskmvc has already been setup.
2024-04-20 08:03:01.125 [info] Review+0> Validate state in progress
2024-04-20 08:03:01.125 [info] Review+0> Validating state...
2024-04-20 08:03:01.287 [info] Found GitHub remote for folder /workspace/flaskmvc
2024-04-20 08:03:01.288 [info] Using in-memory cached assignable users.
2024-04-20 08:03:01.297 [info] Review+0> No matching pull request metadata found locally for current branch main
2024-04-20 08:03:01.298 [info] Review+0> No matching pull request metadata found on GitHub for current branch main
