2024-04-21 06:32:06.092 [info] Log level: Info
2024-04-21 06:32:06.108 [info] VSCODE_MACHINE_ID: ee5b184a-8f28-49d8-9047-1b4d5bf18689
2024-04-21 06:32:06.108 [info] VSCODE_SESSION_ID: 4b221f5d-43a8-4e29-9872-125694dec3301713681123781
2024-04-21 06:32:06.108 [info] VSCODE_VERSION: 1.88.0
2024-04-21 06:32:06.108 [info] VSCODE_APP_NAME: Gitpod Code
2024-04-21 06:32:06.108 [info] VSCODE_APP_HOST: Gitpod
2024-04-21 06:32:06.108 [info] VSCODE_UI_KIND: web
2024-04-21 06:32:06.108 [info] GITPOD_WORKSPACE_CONTEXT_URL: https://github.com/uwidcit/flaskmvc
2024-04-21 06:32:06.108 [info] GITPOD_INSTANCE_ID: 10189619-e0dd-4690-8ca8-4790e7024c77
2024-04-21 06:32:06.108 [info] GITPOD_WORKSPACE_URL: https://uwidcit-flaskmvc-zxsa26j1o46.ws-us110.gitpod.io
2024-04-21 06:32:06.116 [info] Gitpod Web 4e069a6
2024-04-21 06:32:06.116 [info] Reading sessions from keychain...
2024-04-21 06:32:06.284 [info] Getting sessions for all scopes...
2024-04-21 06:32:06.284 [info] Getting GitHub sessions for all scopes...
2024-04-21 06:32:06.284 [info] Getting sessions for function:accessCodeSyncStorage...
2024-04-21 06:32:06.284 [info] Got stored sessions!
2024-04-21 06:32:06.284 [info] Verified session with the following scopes: function:accessCodeSyncStorage function:closePort function:controlAdmission function:deleteEnvVar function:generateNewGitpodToken function:getDefaultWorkspaceImage function:getEnvVars function:getGitpodTokenScopes function:getIDToken function:getLoggedInUser function:getOpenPorts function:getSupportedWorkspaceClasses function:getTeams function:getToken function:getWorkspace function:getWorkspaceEnvVars function:getWorkspaceOwner function:getWorkspaceTimeout function:getWorkspaceUsers function:guessGitTokenScopes function:isWorkspaceOwner function:openPort function:sendHeartBeat function:setEnvVar function:setWorkspaceTimeout function:stopWorkspace function:takeSnapshot function:trackEvent function:updateGitStatus function:waitForSnapshot resource:contentBlob::*::create/get resource:envVar::uwidcit/flaskmvc::create/get/update/delete resource:gitpodToken::*::create resource:snapshot::ws-uwidcit-flaskmvc-zxsa26j1o46::create resource:token::*::get resource:userStorage::*::create/get/update resource:workspace::uwidcit-flaskmvc-zxsa26j1o46::get/update resource:workspaceInstance::10189619-e0dd-4690-8ca8-4790e7024c77::get/update/delete
2024-04-21 06:32:06.285 [info] Got 1 verified sessions.
2024-04-21 06:32:06.285 [info] Got 1 sessions for all scopes...
2024-04-21 06:32:06.285 [info] Got 1 sessions for function:accessCodeSyncStorage...
2024-04-21 06:32:06.393 [info] Got 1 GitHub sessions for all scopes...
2024-04-21 06:32:06.394 [info] Getting GitHub sessions for all scopes...
2024-04-21 06:32:06.394 [info] Got 1 GitHub sessions for all scopes...
2024-04-21 06:32:06.569 [info] Getting sessions for all scopes...
2024-04-21 06:32:06.570 [info] Got 1 sessions for all scopes...
2024-04-21 06:32:06.642 [info] Getting GitHub sessions for all scopes...
2024-04-21 06:32:06.642 [info] Got 1 GitHub sessions for all scopes...
2024-04-21 06:32:07.192 [info] Getting GitHub sessions for read:user,repo,user:email,workflow...
2024-04-21 06:32:07.192 [info] Got 1 GitHub sessions for read:user,repo,user:email,workflow...
2024-04-21 06:32:07.537 [info] Getting GitHub sessions for project,read:org,read:user,repo,user:email,workflow...
2024-04-21 06:32:07.538 [info] Got 0 GitHub sessions for project,read:org,read:user,repo,user:email,workflow...
2024-04-21 06:32:07.889 [info] Getting GitHub sessions for read:user,repo,user:email,workflow...
2024-04-21 06:32:07.889 [info] Got 1 GitHub sessions for read:user,repo,user:email,workflow...
