2024-04-21 06:32:07.061 [info] Log level: Info
2024-04-21 06:32:07.061 [info] Validating found git in: "git"
2024-04-21 06:32:07.061 [info] Using git "2.43.2" from "git"
2024-04-21 06:32:07.061 [info] > git rev-parse --show-toplevel [2ms]
2024-04-21 06:32:07.061 [info] > git rev-parse --git-dir --git-common-dir [1ms]
2024-04-21 06:32:07.061 [info] Open repository: /workspace/flaskmvc
2024-04-21 06:32:07.061 [info] > git config --get commit.template [9ms]
2024-04-21 06:32:07.061 [info] > git rev-parse --show-toplevel [4ms]
2024-04-21 06:32:07.061 [info] > git for-each-ref --format=%(refname)%00%(upstream:short)%00%(objectname)%00%(upstream:track)%00%(upstream:remotename)%00%(upstream:remoteref) refs/heads/main refs/remotes/main [11ms]
2024-04-21 06:32:07.061 [info] > git rev-parse --show-toplevel [2ms]
2024-04-21 06:32:07.061 [warning] ENOENT: no such file or directory, open '/workspace/flaskmvc/.git/refs/remotes/origin/main'
2024-04-21 06:32:07.061 [info] > git rev-parse refs/remotes/origin/main [10ms]
2024-04-21 06:32:07.061 [info] > git status -z -uall [7ms]
2024-04-21 06:32:07.061 [info] > git rev-parse --show-toplevel [20ms]
2024-04-21 06:32:07.061 [info] > git merge-base refs/heads/main refs/remotes/origin/main [15ms]
2024-04-21 06:32:07.061 [info] > git rev-parse --show-toplevel [35ms]
2024-04-21 06:32:07.061 [info] > git config --get commit.template [133ms]
2024-04-21 06:32:07.061 [info] > git rev-parse --show-toplevel [2ms]
2024-04-21 06:32:07.061 [info] > git rev-list --count --left-right refs/heads/main...refs/remotes/origin/main [124ms]
2024-04-21 06:32:07.061 [info] > git for-each-ref --format=%(refname)%00%(upstream:short)%00%(objectname)%00%(upstream:track)%00%(upstream:remotename)%00%(upstream:remoteref) refs/heads/main refs/remotes/main [7ms]
2024-04-21 06:32:07.061 [info] > git diff --name-status -z --diff-filter=ADMR 67c8bcb543bbafc4462bb8fedf7dc22085389c55...refs/remotes/origin/main [13ms]
2024-04-21 06:32:07.061 [warning] ENOENT: no such file or directory, open '/workspace/flaskmvc/.git/refs/remotes/origin/main'
2024-04-21 06:32:07.061 [info] > git rev-parse --show-toplevel [8ms]
2024-04-21 06:32:07.061 [info] > git rev-parse refs/remotes/origin/main [6ms]
2024-04-21 06:32:07.061 [info] > git rev-parse --show-toplevel [9ms]
2024-04-21 06:32:07.061 [info] > git status -z -uall [3ms]
2024-04-21 06:32:07.575 [info] > git check-ignore -v -z --stdin [1ms]
2024-04-21 06:32:08.983 [info] > git config --local branch.main.github-pr-owner-number [109ms]
2024-04-21 06:32:08.983 [warning] git config failed: Failed to execute git
2024-04-21 06:37:08.490 [info] > git config --local branch.main.github-pr-owner-number [2ms]
2024-04-21 06:37:08.490 [warning] git config failed: Failed to execute git
2024-04-21 06:42:08.505 [info] > git config --local branch.main.github-pr-owner-number [1ms]
2024-04-21 06:42:08.505 [warning] git config failed: Failed to execute git
2024-04-21 06:45:56.406 [info] > git check-ignore -v -z --stdin [1ms]
2024-04-21 06:47:08.518 [info] > git config --local branch.main.github-pr-owner-number [1ms]
2024-04-21 06:47:08.518 [warning] git config failed: Failed to execute git
2024-04-21 06:49:27.641 [info] > git check-ignore -v -z --stdin [1ms]
2024-04-21 06:52:08.530 [info] > git config --local branch.main.github-pr-owner-number [1ms]
2024-04-21 06:52:08.530 [warning] git config failed: Failed to execute git
2024-04-21 06:56:08.826 [info] > git config --get commit.template [8ms]
2024-04-21 06:56:08.826 [info] > git for-each-ref --format=%(refname)%00%(upstream:short)%00%(objectname)%00%(upstream:track)%00%(upstream:remotename)%00%(upstream:remoteref) refs/heads/main refs/remotes/main [2ms]
2024-04-21 06:56:08.833 [warning] ENOENT: no such file or directory, open '/workspace/flaskmvc/.git/refs/remotes/origin/main'
2024-04-21 06:56:08.834 [info] > git rev-parse refs/remotes/origin/main [1ms]
2024-04-21 06:56:08.847 [info] > git status -z -uall [1ms]
2024-04-21 06:57:08.543 [info] > git config --local branch.main.github-pr-owner-number [1ms]
2024-04-21 06:57:08.543 [warning] git config failed: Failed to execute git
2024-04-21 06:58:23.509 [info] > git config --get commit.template [9ms]
2024-04-21 06:58:23.510 [info] > git for-each-ref --format=%(refname)%00%(upstream:short)%00%(objectname)%00%(upstream:track)%00%(upstream:remotename)%00%(upstream:remoteref) refs/heads/main refs/remotes/main [2ms]
2024-04-21 06:58:23.518 [warning] ENOENT: no such file or directory, open '/workspace/flaskmvc/.git/refs/remotes/origin/main'
2024-04-21 06:58:23.519 [info] > git rev-parse refs/remotes/origin/main [1ms]
2024-04-21 06:58:23.528 [info] > git status -z -uall [2ms]
2024-04-21 06:59:00.015 [info] > git for-each-ref --sort -committerdate --format %(refname) %(objectname) %(*objectname) [3ms]
2024-04-21 07:02:08.556 [info] > git config --local branch.main.github-pr-owner-number [1ms]
2024-04-21 07:02:08.556 [warning] git config failed: Failed to execute git
