2024-04-20 03:42:52.382 [info] Log level: Info
2024-04-20 03:42:52.395 [info] VSCODE_MACHINE_ID: ee5b184a-8f28-49d8-9047-1b4d5bf18689
2024-04-20 03:42:52.395 [info] VSCODE_SESSION_ID: 5efcd8a7-efe5-4880-b9dc-437d2c3c2e3e1713584569578
2024-04-20 03:42:52.395 [info] VSCODE_VERSION: 1.88.0
2024-04-20 03:42:52.395 [info] VSCODE_APP_NAME: Gitpod Code
2024-04-20 03:42:52.395 [info] VSCODE_APP_HOST: Gitpod
2024-04-20 03:42:52.395 [info] VSCODE_UI_KIND: web
2024-04-20 03:42:52.395 [info] GITPOD_WORKSPACE_CONTEXT_URL: https://github.com/uwidcit/flaskmvc
2024-04-20 03:42:52.395 [info] GITPOD_INSTANCE_ID: 9dd0877c-d0bc-4997-83c0-322e660fb33e
2024-04-20 03:42:52.395 [info] GITPOD_WORKSPACE_URL: https://uwidcit-flaskmvc-zxsa26j1o46.ws-us110.gitpod.io
2024-04-20 03:42:52.403 [info] Gitpod Web 4e069a6
2024-04-20 03:42:52.403 [info] Reading sessions from keychain...
2024-04-20 03:42:52.535 [info] Getting sessions for all scopes...
2024-04-20 03:42:52.535 [info] Getting GitHub sessions for all scopes...
2024-04-20 03:42:52.535 [info] Getting sessions for function:accessCodeSyncStorage...
2024-04-20 03:42:52.535 [info] Got stored sessions!
2024-04-20 03:42:52.535 [info] Verified session with the following scopes: function:accessCodeSyncStorage function:closePort function:controlAdmission function:deleteEnvVar function:generateNewGitpodToken function:getDefaultWorkspaceImage function:getEnvVars function:getGitpodTokenScopes function:getIDToken function:getLoggedInUser function:getOpenPorts function:getSupportedWorkspaceClasses function:getTeams function:getToken function:getWorkspace function:getWorkspaceEnvVars function:getWorkspaceOwner function:getWorkspaceTimeout function:getWorkspaceUsers function:guessGitTokenScopes function:isWorkspaceOwner function:openPort function:sendHeartBeat function:setEnvVar function:setWorkspaceTimeout function:stopWorkspace function:takeSnapshot function:trackEvent function:updateGitStatus function:waitForSnapshot resource:contentBlob::*::create/get resource:envVar::uwidcit/flaskmvc::create/get/update/delete resource:gitpodToken::*::create resource:snapshot::ws-uwidcit-flaskmvc-zxsa26j1o46::create resource:token::*::get resource:userStorage::*::create/get/update resource:workspace::uwidcit-flaskmvc-zxsa26j1o46::get/update resource:workspaceInstance::9dd0877c-d0bc-4997-83c0-322e660fb33e::get/update/delete
2024-04-20 03:42:52.536 [info] Got 1 verified sessions.
2024-04-20 03:42:52.536 [info] Got 1 sessions for all scopes...
2024-04-20 03:42:52.536 [info] Got 1 sessions for function:accessCodeSyncStorage...
2024-04-20 03:42:52.542 [info] Getting GitHub sessions for all scopes...
2024-04-20 03:42:52.664 [info] Got 1 GitHub sessions for all scopes...
2024-04-20 03:42:52.664 [info] Got 1 GitHub sessions for all scopes...
2024-04-20 03:42:52.720 [info] Getting sessions for all scopes...
2024-04-20 03:42:52.720 [info] Got 1 sessions for all scopes...
2024-04-20 03:42:52.785 [info] Getting GitHub sessions for all scopes...
2024-04-20 03:42:52.785 [info] Got 1 GitHub sessions for all scopes...
2024-04-20 03:42:53.707 [info] Getting GitHub sessions for read:user,repo,user:email,workflow...
2024-04-20 03:42:53.707 [info] Got 0 GitHub sessions for read:user,repo,user:email,workflow...
2024-04-20 03:42:54.202 [info] Getting GitHub sessions for project,read:org,read:user,repo,user:email,workflow...
2024-04-20 03:42:54.202 [info] Got 0 GitHub sessions for project,read:org,read:user,repo,user:email,workflow...
2024-04-20 03:42:54.566 [info] Getting GitHub sessions for read:user,repo,user:email,workflow...
2024-04-20 03:42:54.567 [info] Got 0 GitHub sessions for read:user,repo,user:email,workflow...
2024-04-20 03:42:55.064 [info] Getting GitHub sessions for read:user,repo,user:email...
2024-04-20 03:42:55.064 [info] Got 0 GitHub sessions for read:user,repo,user:email...
2024-04-20 03:42:55.418 [info] Getting GitHub sessions for read:user,repo,user:email,workflow...
2024-04-20 03:42:55.418 [info] Got 0 GitHub sessions for read:user,repo,user:email,workflow...
