2024-04-21 05:35:50.998 [info] Log level: Info
2024-04-21 05:35:51.047 [info] VSCODE_MACHINE_ID: ee5b184a-8f28-49d8-9047-1b4d5bf18689
2024-04-21 05:35:51.048 [info] VSCODE_SESSION_ID: 4683e508-4dd7-4567-8bf6-ec4bc18e24061713677748736
2024-04-21 05:35:51.048 [info] VSCODE_VERSION: 1.88.0
2024-04-21 05:35:51.048 [info] VSCODE_APP_NAME: Gitpod Code
2024-04-21 05:35:51.048 [info] VSCODE_APP_HOST: Gitpod
2024-04-21 05:35:51.048 [info] VSCODE_UI_KIND: web
2024-04-21 05:35:51.048 [info] GITPOD_WORKSPACE_CONTEXT_URL: https://github.com/uwidcit/flaskmvc
2024-04-21 05:35:51.048 [info] GITPOD_INSTANCE_ID: 1c7fae69-6458-4112-9d3f-b4b4f7fd0402
2024-04-21 05:35:51.048 [info] GITPOD_WORKSPACE_URL: https://uwidcit-flaskmvc-zxsa26j1o46.ws-us110.gitpod.io
2024-04-21 05:35:51.055 [info] Gitpod Web 4e069a6
2024-04-21 05:35:51.055 [info] Reading sessions from keychain...
2024-04-21 05:35:51.227 [info] Getting sessions for all scopes...
2024-04-21 05:35:51.228 [info] Getting GitHub sessions for all scopes...
2024-04-21 05:35:51.228 [info] Getting sessions for function:accessCodeSyncStorage...
2024-04-21 05:35:51.228 [info] Got stored sessions!
2024-04-21 05:35:51.228 [info] Verified session with the following scopes: function:accessCodeSyncStorage function:closePort function:controlAdmission function:deleteEnvVar function:generateNewGitpodToken function:getDefaultWorkspaceImage function:getEnvVars function:getGitpodTokenScopes function:getIDToken function:getLoggedInUser function:getOpenPorts function:getSupportedWorkspaceClasses function:getTeams function:getToken function:getWorkspace function:getWorkspaceEnvVars function:getWorkspaceOwner function:getWorkspaceTimeout function:getWorkspaceUsers function:guessGitTokenScopes function:isWorkspaceOwner function:openPort function:sendHeartBeat function:setEnvVar function:setWorkspaceTimeout function:stopWorkspace function:takeSnapshot function:trackEvent function:updateGitStatus function:waitForSnapshot resource:contentBlob::*::create/get resource:envVar::uwidcit/flaskmvc::create/get/update/delete resource:gitpodToken::*::create resource:snapshot::ws-uwidcit-flaskmvc-zxsa26j1o46::create resource:token::*::get resource:userStorage::*::create/get/update resource:workspace::uwidcit-flaskmvc-zxsa26j1o46::get/update resource:workspaceInstance::1c7fae69-6458-4112-9d3f-b4b4f7fd0402::get/update/delete
2024-04-21 05:35:51.228 [info] Got 1 verified sessions.
2024-04-21 05:35:51.228 [info] Got 1 sessions for all scopes...
2024-04-21 05:35:51.229 [info] Got 1 sessions for function:accessCodeSyncStorage...
2024-04-21 05:35:51.325 [info] Getting GitHub sessions for all scopes...
2024-04-21 05:35:51.350 [info] Got 1 GitHub sessions for all scopes...
2024-04-21 05:35:51.350 [info] Got 1 GitHub sessions for all scopes...
2024-04-21 05:35:51.486 [info] Getting sessions for all scopes...
2024-04-21 05:35:51.486 [info] Got 1 sessions for all scopes...
2024-04-21 05:35:51.639 [info] Getting GitHub sessions for all scopes...
2024-04-21 05:35:51.639 [info] Got 1 GitHub sessions for all scopes...
2024-04-21 05:35:52.208 [info] Getting GitHub sessions for read:user,repo,user:email,workflow...
2024-04-21 05:35:52.208 [info] Got 1 GitHub sessions for read:user,repo,user:email,workflow...
2024-04-21 05:35:52.517 [info] Getting GitHub sessions for project,read:org,read:user,repo,user:email,workflow...
2024-04-21 05:35:52.517 [info] Got 0 GitHub sessions for project,read:org,read:user,repo,user:email,workflow...
2024-04-21 05:35:52.954 [info] Getting GitHub sessions for read:user,repo,user:email,workflow...
2024-04-21 05:35:52.954 [info] Got 1 GitHub sessions for read:user,repo,user:email,workflow...
