2024-04-20 06:04:33.579 [info] Extension host with pid 1120 started
2024-04-20 06:04:33.579 [error] Error: EEXIST: file already exists, open '/workspace/.vscode-remote/data/User/workspaceStorage/7df2c398/vscode.lock'
2024-04-20 06:04:33.582 [info] Lock '/workspace/.vscode-remote/data/User/workspaceStorage/7df2c398/vscode.lock': Could not acquire lock, checking if the file is stale.
2024-04-20 06:04:33.582 [info] Lock '/workspace/.vscode-remote/data/User/workspaceStorage/7df2c398/vscode.lock': The lock does not look stale, elapsed: 531 ms, giving up.
2024-04-20 06:04:33.583 [error] Error: EEXIST: file already exists, open '/workspace/.vscode-remote/data/User/workspaceStorage/7df2c398-1/vscode.lock'
2024-04-20 06:04:33.583 [info] Lock '/workspace/.vscode-remote/data/User/workspaceStorage/7df2c398-1/vscode.lock': Could not acquire lock, checking if the file is stale.
2024-04-20 06:04:33.583 [info] Lock '/workspace/.vscode-remote/data/User/workspaceStorage/7df2c398-1/vscode.lock': The pid 870 appears to be gone.
2024-04-20 06:04:33.583 [info] Lock '/workspace/.vscode-remote/data/User/workspaceStorage/7df2c398-1/vscode.lock': Deleting a stale lock.
2024-04-20 06:04:33.590 [info] Lock '/workspace/.vscode-remote/data/User/workspaceStorage/7df2c398-1/vscode.lock': Lock acquired.
2024-04-20 06:04:33.756 [info] ExtensionService#_doActivateExtension gitpod.gitpod-web, startup: false, activationEvent: 'onAuthenticationRequest:gitpod'
2024-04-20 06:04:34.248 [info] ExtensionService#_doActivateExtension vscode.git-base, startup: true, activationEvent: '*', root cause: vscode.git
2024-04-20 06:04:34.254 [info] ExtensionService#_doActivateExtension vscode.npm, startup: true, activationEvent: 'workspaceContains:package.json'
2024-04-20 06:04:34.445 [info] ExtensionService#_doActivateExtension vscode.git, startup: true, activationEvent: '*'
2024-04-20 06:04:34.445 [info] ExtensionService#_doActivateExtension vscode.github, startup: true, activationEvent: '*'
2024-04-20 06:04:34.746 [info] Eager extensions activated
2024-04-20 06:04:34.747 [info] ExtensionService#_doActivateExtension vscode.debug-auto-launch, startup: false, activationEvent: 'onStartupFinished'
2024-04-20 06:04:34.747 [info] ExtensionService#_doActivateExtension vscode.merge-conflict, startup: false, activationEvent: 'onStartupFinished'
2024-04-20 06:04:34.747 [info] ExtensionService#_doActivateExtension vscode.github-authentication, startup: false, activationEvent: 'onStartupFinished', root cause: GitHub.vscode-pull-request-github
2024-04-20 06:04:34.825 [info] ExtensionService#_doActivateExtension redhat.vscode-yaml, startup: false, activationEvent: 'onLanguage:yaml'
2024-04-20 06:04:34.825 [info] ExtensionService#_doActivateExtension vscode.emmet, startup: false, activationEvent: 'onLanguage'
2024-04-20 06:04:35.077 [info] ExtensionService#_doActivateExtension GitHub.vscode-pull-request-github, startup: false, activationEvent: 'onStartupFinished'
2024-04-20 06:04:35.599 [warning] [redhat.vscode-yaml] Accessing a resource scoped configuration without providing a resource is not expected. To get the effective value for '[yaml]', provide the URI of a resource or 'null' for any resource.
2024-04-20 06:04:35.601 [warning] [redhat.vscode-yaml] Accessing a resource scoped configuration without providing a resource is not expected. To get the effective value for '[yaml]', provide the URI of a resource or 'null' for any resource.
2024-04-20 06:04:36.292 [info] ExtensionService#_doActivateExtension vscode.json-language-features, startup: false, activationEvent: 'onLanguage:jsonc'
2024-04-20 06:04:36.292 [info] ExtensionService#_doActivateExtension vscode.typescript-language-features, startup: false, activationEvent: 'onLanguage:jsonc'
2024-04-20 06:05:01.431 [info] ExtensionService#_doActivateExtension vscode.simple-browser, startup: false, activationEvent: 'onCommand:simpleBrowser.api.open'
2024-04-20 06:06:58.265 [info] ExtensionService#_doActivateExtension vscode.html-language-features, startup: false, activationEvent: 'onLanguage:html'
2024-04-20 06:09:32.344 [warning] [redhat.vscode-yaml] Accessing a resource scoped configuration without providing a resource is not expected. To get the effective value for '[yaml]', provide the URI of a resource or 'null' for any resource.
2024-04-20 06:10:26.053 [warning] [redhat.vscode-yaml] Accessing a resource scoped configuration without providing a resource is not expected. To get the effective value for '[yaml]', provide the URI of a resource or 'null' for any resource.
2024-04-20 06:10:26.063 [warning] [redhat.vscode-yaml] Accessing a resource scoped configuration without providing a resource is not expected. To get the effective value for '[yaml]', provide the URI of a resource or 'null' for any resource.
2024-04-20 06:10:56.694 [warning] [redhat.vscode-yaml] Accessing a resource scoped configuration without providing a resource is not expected. To get the effective value for '[yaml]', provide the URI of a resource or 'null' for any resource.
2024-04-20 06:10:56.696 [warning] [redhat.vscode-yaml] Accessing a resource scoped configuration without providing a resource is not expected. To get the effective value for '[yaml]', provide the URI of a resource or 'null' for any resource.
2024-04-20 06:10:56.789 [warning] [redhat.vscode-yaml] Accessing a resource scoped configuration without providing a resource is not expected. To get the effective value for '[yaml]', provide the URI of a resource or 'null' for any resource.
2024-04-20 06:15:26.258 [info] ExtensionService#_doActivateExtension vscode.grunt, startup: false, activationEvent: 'onTaskType:grunt'
2024-04-20 06:15:26.259 [info] ExtensionService#_doActivateExtension vscode.gulp, startup: false, activationEvent: 'onTaskType:gulp'
2024-04-20 06:15:26.259 [info] ExtensionService#_doActivateExtension vscode.jake, startup: false, activationEvent: 'onTaskType:jake'
2024-04-20 06:15:27.369 [info] ExtensionService#_doActivateExtension vscode.extension-editing, startup: false, activationEvent: 'onLanguage:json'
2024-04-20 06:16:23.181 [info] ExtensionService#_doActivateExtension vscode.css-language-features, startup: false, activationEvent: 'onLanguage:css'
2024-04-20 06:24:21.880 [error] [GitHub.vscode-pull-request-github] provider FAILED
2024-04-20 06:24:21.880 [error] n@https://ide.gitpod.io/blobserve/eu.gcr.io/gitpod-core-dev/build/ide/code:commit-7721fe825201d4d8d53975f81de0b063d94383cc/__files__/out/vs/workbench/workbench.web.main.js:12:578
F@https://ide.gitpod.io/blobserve/eu.gcr.io/gitpod-core-dev/build/ide/code:commit-7721fe825201d4d8d53975f81de0b063d94383cc/__files__/out/vs/workbench/workbench.web.main.js:638:119972
tokenizeIfCheap@https://ide.gitpod.io/blobserve/eu.gcr.io/gitpod-core-dev/build/ide/code:commit-7721fe825201d4d8d53975f81de0b063d94383cc/__files__/out/vs/workbench/workbench.web.main.js:638:120406
$tokensAtPosition@https://ide.gitpod.io/blobserve/eu.gcr.io/gitpod-core-dev/build/ide/code:commit-7721fe825201d4d8d53975f81de0b063d94383cc/__files__/out/vs/workbench/workbench.web.main.js:1667:32023
S@https://ide.gitpod.io/blobserve/eu.gcr.io/gitpod-core-dev/build/ide/code:commit-7721fe825201d4d8d53975f81de0b063d94383cc/__files__/out/vs/workbench/workbench.web.main.js:1647:13953
Q@https://ide.gitpod.io/blobserve/eu.gcr.io/gitpod-core-dev/build/ide/code:commit-7721fe825201d4d8d53975f81de0b063d94383cc/__files__/out/vs/workbench/workbench.web.main.js:1647:13719
M@https://ide.gitpod.io/blobserve/eu.gcr.io/gitpod-core-dev/build/ide/code:commit-7721fe825201d4d8d53975f81de0b063d94383cc/__files__/out/vs/workbench/workbench.web.main.js:1647:12812
L@https://ide.gitpod.io/blobserve/eu.gcr.io/gitpod-core-dev/build/ide/code:commit-7721fe825201d4d8d53975f81de0b063d94383cc/__files__/out/vs/workbench/workbench.web.main.js:1647:11891
d/<@https://ide.gitpod.io/blobserve/eu.gcr.io/gitpod-core-dev/build/ide/code:commit-7721fe825201d4d8d53975f81de0b063d94383cc/__files__/out/vs/workbench/workbench.web.main.js:1647:10678
y@https://ide.gitpod.io/blobserve/eu.gcr.io/gitpod-core-dev/build/ide/code:commit-7721fe825201d4d8d53975f81de0b063d94383cc/__files__/out/vs/workbench/workbench.web.main.js:89:659
fire@https://ide.gitpod.io/blobserve/eu.gcr.io/gitpod-core-dev/build/ide/code:commit-7721fe825201d4d8d53975f81de0b063d94383cc/__files__/out/vs/workbench/workbench.web.main.js:89:876
fire@https://ide.gitpod.io/blobserve/eu.gcr.io/gitpod-core-dev/build/ide/code:commit-7721fe825201d4d8d53975f81de0b063d94383cc/__files__/out/vs/workbench/workbench.web.main.js:625:14025
z@https://ide.gitpod.io/blobserve/eu.gcr.io/gitpod-core-dev/build/ide/code:commit-7721fe825201d4d8d53975f81de0b063d94383cc/__files__/out/vs/workbench/workbench.web.main.js:625:17090
c/<@https://ide.gitpod.io/blobserve/eu.gcr.io/gitpod-core-dev/build/ide/code:commit-7721fe825201d4d8d53975f81de0b063d94383cc/__files__/out/vs/workbench/workbench.web.main.js:625:15542
y@https://ide.gitpod.io/blobserve/eu.gcr.io/gitpod-core-dev/build/ide/code:commit-7721fe825201d4d8d53975f81de0b063d94383cc/__files__/out/vs/workbench/workbench.web.main.js:89:659
fire@https://ide.gitpod.io/blobserve/eu.gcr.io/gitpod-core-dev/build/ide/code:commit-7721fe825201d4d8d53975f81de0b063d94383cc/__files__/out/vs/workbench/workbench.web.main.js:89:876
acceptChunk@https://ide.gitpod.io/blobserve/eu.gcr.io/gitpod-core-dev/build/ide/code:commit-7721fe825201d4d8d53975f81de0b063d94383cc/__files__/out/vs/workbench/workbench.web.main.js:625:11799
l/<@https://ide.gitpod.io/blobserve/eu.gcr.io/gitpod-core-dev/build/ide/code:commit-7721fe825201d4d8d53975f81de0b063d94383cc/__files__/out/vs/workbench/workbench.web.main.js:625:11086
onData/<@https://ide.gitpod.io/blobserve/eu.gcr.io/gitpod-core-dev/build/ide/code:commit-7721fe825201d4d8d53975f81de0b063d94383cc/__files__/out/vs/workbench/workbench.web.main.js:684:4906
y@https://ide.gitpod.io/blobserve/eu.gcr.io/gitpod-core-dev/build/ide/code:commit-7721fe825201d4d8d53975f81de0b063d94383cc/__files__/out/vs/workbench/workbench.web.main.js:89:659
fire@https://ide.gitpod.io/blobserve/eu.gcr.io/gitpod-core-dev/build/ide/code:commit-7721fe825201d4d8d53975f81de0b063d94383cc/__files__/out/vs/workbench/workbench.web.main.js:89:876
y/this.j.onload@https://ide.gitpod.io/blobserve/eu.gcr.io/gitpod-core-dev/build/ide/code:commit-7721fe825201d4d8d53975f81de0b063d94383cc/__files__/out/vs/workbench/workbench.web.main.js:684:3298

2024-04-20 06:24:21.881 [error] [GitHub.vscode-pull-request-github] provider FAILED
2024-04-20 06:24:21.881 [error] n@https://ide.gitpod.io/blobserve/eu.gcr.io/gitpod-core-dev/build/ide/code:commit-7721fe825201d4d8d53975f81de0b063d94383cc/__files__/out/vs/workbench/workbench.web.main.js:12:578
F@https://ide.gitpod.io/blobserve/eu.gcr.io/gitpod-core-dev/build/ide/code:commit-7721fe825201d4d8d53975f81de0b063d94383cc/__files__/out/vs/workbench/workbench.web.main.js:638:119972
tokenizeIfCheap@https://ide.gitpod.io/blobserve/eu.gcr.io/gitpod-core-dev/build/ide/code:commit-7721fe825201d4d8d53975f81de0b063d94383cc/__files__/out/vs/workbench/workbench.web.main.js:638:120406
$tokensAtPosition@https://ide.gitpod.io/blobserve/eu.gcr.io/gitpod-core-dev/build/ide/code:commit-7721fe825201d4d8d53975f81de0b063d94383cc/__files__/out/vs/workbench/workbench.web.main.js:1667:32023
S@https://ide.gitpod.io/blobserve/eu.gcr.io/gitpod-core-dev/build/ide/code:commit-7721fe825201d4d8d53975f81de0b063d94383cc/__files__/out/vs/workbench/workbench.web.main.js:1647:13953
Q@https://ide.gitpod.io/blobserve/eu.gcr.io/gitpod-core-dev/build/ide/code:commit-7721fe825201d4d8d53975f81de0b063d94383cc/__files__/out/vs/workbench/workbench.web.main.js:1647:13719
M@https://ide.gitpod.io/blobserve/eu.gcr.io/gitpod-core-dev/build/ide/code:commit-7721fe825201d4d8d53975f81de0b063d94383cc/__files__/out/vs/workbench/workbench.web.main.js:1647:12812
L@https://ide.gitpod.io/blobserve/eu.gcr.io/gitpod-core-dev/build/ide/code:commit-7721fe825201d4d8d53975f81de0b063d94383cc/__files__/out/vs/workbench/workbench.web.main.js:1647:11891
d/<@https://ide.gitpod.io/blobserve/eu.gcr.io/gitpod-core-dev/build/ide/code:commit-7721fe825201d4d8d53975f81de0b063d94383cc/__files__/out/vs/workbench/workbench.web.main.js:1647:10678
y@https://ide.gitpod.io/blobserve/eu.gcr.io/gitpod-core-dev/build/ide/code:commit-7721fe825201d4d8d53975f81de0b063d94383cc/__files__/out/vs/workbench/workbench.web.main.js:89:659
fire@https://ide.gitpod.io/blobserve/eu.gcr.io/gitpod-core-dev/build/ide/code:commit-7721fe825201d4d8d53975f81de0b063d94383cc/__files__/out/vs/workbench/workbench.web.main.js:89:876
fire@https://ide.gitpod.io/blobserve/eu.gcr.io/gitpod-core-dev/build/ide/code:commit-7721fe825201d4d8d53975f81de0b063d94383cc/__files__/out/vs/workbench/workbench.web.main.js:625:14025
z@https://ide.gitpod.io/blobserve/eu.gcr.io/gitpod-core-dev/build/ide/code:commit-7721fe825201d4d8d53975f81de0b063d94383cc/__files__/out/vs/workbench/workbench.web.main.js:625:17090
c/<@https://ide.gitpod.io/blobserve/eu.gcr.io/gitpod-core-dev/build/ide/code:commit-7721fe825201d4d8d53975f81de0b063d94383cc/__files__/out/vs/workbench/workbench.web.main.js:625:15542
y@https://ide.gitpod.io/blobserve/eu.gcr.io/gitpod-core-dev/build/ide/code:commit-7721fe825201d4d8d53975f81de0b063d94383cc/__files__/out/vs/workbench/workbench.web.main.js:89:659
fire@https://ide.gitpod.io/blobserve/eu.gcr.io/gitpod-core-dev/build/ide/code:commit-7721fe825201d4d8d53975f81de0b063d94383cc/__files__/out/vs/workbench/workbench.web.main.js:89:876
acceptChunk@https://ide.gitpod.io/blobserve/eu.gcr.io/gitpod-core-dev/build/ide/code:commit-7721fe825201d4d8d53975f81de0b063d94383cc/__files__/out/vs/workbench/workbench.web.main.js:625:11799
l/<@https://ide.gitpod.io/blobserve/eu.gcr.io/gitpod-core-dev/build/ide/code:commit-7721fe825201d4d8d53975f81de0b063d94383cc/__files__/out/vs/workbench/workbench.web.main.js:625:11086
onData/<@https://ide.gitpod.io/blobserve/eu.gcr.io/gitpod-core-dev/build/ide/code:commit-7721fe825201d4d8d53975f81de0b063d94383cc/__files__/out/vs/workbench/workbench.web.main.js:684:4906
y@https://ide.gitpod.io/blobserve/eu.gcr.io/gitpod-core-dev/build/ide/code:commit-7721fe825201d4d8d53975f81de0b063d94383cc/__files__/out/vs/workbench/workbench.web.main.js:89:659
fire@https://ide.gitpod.io/blobserve/eu.gcr.io/gitpod-core-dev/build/ide/code:commit-7721fe825201d4d8d53975f81de0b063d94383cc/__files__/out/vs/workbench/workbench.web.main.js:89:876
y/this.j.onload@https://ide.gitpod.io/blobserve/eu.gcr.io/gitpod-core-dev/build/ide/code:commit-7721fe825201d4d8d53975f81de0b063d94383cc/__files__/out/vs/workbench/workbench.web.main.js:684:3298

2024-04-20 07:36:17.342 [info] Extension host terminating: renderer disconnected for too long (2)
2024-04-20 07:36:17.343 [info] Lock '/workspace/.vscode-remote/data/User/workspaceStorage/7df2c398-1/vscode.lock': Marking the lockfile as scheduled to be released in 6000 ms.
2024-04-20 07:36:17.366 [error] Canceled: Canceled
	at Object.I [as $6] (/ide/out/vs/workbench/api/node/extensionHostProcess.js:10:967)
	at /ide/out/vs/workbench/api/node/extensionHostProcess.js:149:2335
	at Array.forEach (<anonymous>)
	at h.dispose (/ide/out/vs/workbench/api/node/extensionHostProcess.js:149:2273)
	at m.terminate (/ide/out/vs/workbench/api/node/extensionHostProcess.js:158:8053)
	at a.terminate (/ide/out/vs/workbench/api/node/extensionHostProcess.js:162:1513)
	at t (/ide/out/vs/workbench/api/node/extensionHostProcess.js:175:9917)
	at j.a (/ide/out/vs/workbench/api/node/extensionHostProcess.js:175:6710)
	at j.h (/ide/out/vs/workbench/api/node/extensionHostProcess.js:99:20622)
	at listOnTimeout (node:internal/timers:569:17)
	at process.processTimers (node:internal/timers:512:7) setContext undefined
2024-04-20 07:36:17.366 [error] Canceled: Canceled
	at Object.I [as $6] (/ide/out/vs/workbench/api/node/extensionHostProcess.js:10:967)
	at /ide/out/vs/workbench/api/node/extensionHostProcess.js:149:2335
	at Array.forEach (<anonymous>)
	at h.dispose (/ide/out/vs/workbench/api/node/extensionHostProcess.js:149:2273)
	at m.terminate (/ide/out/vs/workbench/api/node/extensionHostProcess.js:158:8053)
	at a.terminate (/ide/out/vs/workbench/api/node/extensionHostProcess.js:162:1513)
	at t (/ide/out/vs/workbench/api/node/extensionHostProcess.js:175:9917)
	at j.a (/ide/out/vs/workbench/api/node/extensionHostProcess.js:175:6710)
	at j.h (/ide/out/vs/workbench/api/node/extensionHostProcess.js:99:20622)
	at listOnTimeout (node:internal/timers:569:17)
	at process.processTimers (node:internal/timers:512:7) setContext undefined
2024-04-20 07:36:17.368 [error] Canceled: Canceled
	at new O (/ide/out/vs/workbench/api/node/extensionHostProcess.js:142:46998)
	at h.U (/ide/out/vs/workbench/api/node/extensionHostProcess.js:149:5539)
	at T.<computed>.F.charCodeAt.T.<computed> (/ide/out/vs/workbench/api/node/extensionHostProcess.js:149:2993)
	at d.g (/ide/out/vs/workbench/api/node/extensionHostProcess.js:152:186335)
	at d.executeCommand (/ide/out/vs/workbench/api/node/extensionHostProcess.js:152:185773)
	at E.registerCommand.description (/ide/out/vs/workbench/api/node/extensionHostProcess.js:152:185097)
	at d.h (/ide/out/vs/workbench/api/node/extensionHostProcess.js:152:186874)
	at d.g (/ide/out/vs/workbench/api/node/extensionHostProcess.js:152:185866)
	at d.executeCommand (/ide/out/vs/workbench/api/node/extensionHostProcess.js:152:185773)
	at Object.executeCommand (/ide/out/vs/workbench/api/node/extensionHostProcess.js:162:22984)
	at a.O [as value] (/ide/extensions/git/dist/main.js:2:945802)
	at s.y (/ide/out/vs/workbench/api/node/extensionHostProcess.js:82:659)
	at s.z (/ide/out/vs/workbench/api/node/extensionHostProcess.js:82:729)
	at s.fire (/ide/out/vs/workbench/api/node/extensionHostProcess.js:82:945)
	at Object.m [as dispose] (/ide/extensions/git/dist/main.js:2:964886)
	at /ide/extensions/git/dist/main.js:2:970920
	at Array.forEach (<anonymous>)
	at f.dispose (/ide/extensions/git/dist/main.js:2:970906)
	at o.<anonymous> (/ide/out/vs/workbench/api/node/extensionHostProcess.js:150:3830)
	at o.dispose (/ide/out/vs/workbench/api/node/extensionHostProcess.js:150:3927)
	at o.<anonymous> (/ide/extensions/git/dist/main.js:2:948059)
	at o.dispose (/ide/out/vs/workbench/api/node/extensionHostProcess.js:150:3927)
	at a (/ide/out/vs/workbench/api/node/extensionHostProcess.js:30:714)
	at m.eb (/ide/out/vs/workbench/api/node/extensionHostProcess.js:158:9967)
	at /ide/out/vs/workbench/api/node/extensionHostProcess.js:158:7816
	at Array.map (<anonymous>)
	at m.$ (/ide/out/vs/workbench/api/node/extensionHostProcess.js:158:7803)
	at m.terminate (/ide/out/vs/workbench/api/node/extensionHostProcess.js:158:8077)
	at a.terminate (/ide/out/vs/workbench/api/node/extensionHostProcess.js:162:1513)
	at t (/ide/out/vs/workbench/api/node/extensionHostProcess.js:175:9917)
	at j.a (/ide/out/vs/workbench/api/node/extensionHostProcess.js:175:6710)
	at j.h (/ide/out/vs/workbench/api/node/extensionHostProcess.js:99:20622)
	at listOnTimeout (node:internal/timers:569:17)
	at process.processTimers (node:internal/timers:512:7) setContext undefined
2024-04-20 07:36:17.369 [error] Canceled: Canceled
	at new O (/ide/out/vs/workbench/api/node/extensionHostProcess.js:142:46998)
	at h.U (/ide/out/vs/workbench/api/node/extensionHostProcess.js:149:5539)
	at T.<computed>.F.charCodeAt.T.<computed> (/ide/out/vs/workbench/api/node/extensionHostProcess.js:149:2993)
	at d.g (/ide/out/vs/workbench/api/node/extensionHostProcess.js:152:186335)
	at d.executeCommand (/ide/out/vs/workbench/api/node/extensionHostProcess.js:152:185773)
	at E.registerCommand.description (/ide/out/vs/workbench/api/node/extensionHostProcess.js:152:185097)
	at d.h (/ide/out/vs/workbench/api/node/extensionHostProcess.js:152:186874)
	at d.g (/ide/out/vs/workbench/api/node/extensionHostProcess.js:152:185866)
	at d.executeCommand (/ide/out/vs/workbench/api/node/extensionHostProcess.js:152:185773)
	at Object.executeCommand (/ide/out/vs/workbench/api/node/extensionHostProcess.js:162:22984)
	at set hasGitHubRepositories [as hasGitHubRepositories] (/ide/extensions/github/dist/extension.js:2:324866)
	at /ide/extensions/github/dist/extension.js:2:325825
	at a.value (/ide/extensions/git/dist/main.js:2:1051703)
	at s.y (/ide/out/vs/workbench/api/node/extensionHostProcess.js:82:659)
	at s.z (/ide/out/vs/workbench/api/node/extensionHostProcess.js:82:729)
	at s.fire (/ide/out/vs/workbench/api/node/extensionHostProcess.js:82:945)
	at Object.m [as dispose] (/ide/extensions/git/dist/main.js:2:964886)
	at /ide/extensions/git/dist/main.js:2:970920
	at Array.forEach (<anonymous>)
	at f.dispose (/ide/extensions/git/dist/main.js:2:970906)
	at o.<anonymous> (/ide/out/vs/workbench/api/node/extensionHostProcess.js:150:3830)
	at o.dispose (/ide/out/vs/workbench/api/node/extensionHostProcess.js:150:3927)
	at o.<anonymous> (/ide/extensions/git/dist/main.js:2:948059)
	at o.dispose (/ide/out/vs/workbench/api/node/extensionHostProcess.js:150:3927)
	at a (/ide/out/vs/workbench/api/node/extensionHostProcess.js:30:714)
	at m.eb (/ide/out/vs/workbench/api/node/extensionHostProcess.js:158:9967)
	at /ide/out/vs/workbench/api/node/extensionHostProcess.js:158:7816
	at Array.map (<anonymous>)
	at m.$ (/ide/out/vs/workbench/api/node/extensionHostProcess.js:158:7803)
	at m.terminate (/ide/out/vs/workbench/api/node/extensionHostProcess.js:158:8077)
	at a.terminate (/ide/out/vs/workbench/api/node/extensionHostProcess.js:162:1513)
	at t (/ide/out/vs/workbench/api/node/extensionHostProcess.js:175:9917)
	at j.a (/ide/out/vs/workbench/api/node/extensionHostProcess.js:175:6710)
	at j.h (/ide/out/vs/workbench/api/node/extensionHostProcess.js:99:20622)
	at listOnTimeout (node:internal/timers:569:17)
	at process.processTimers (node:internal/timers:512:7) setContext undefined
2024-04-20 07:36:17.371 [error] Canceled: Canceled
	at new O (/ide/out/vs/workbench/api/node/extensionHostProcess.js:142:46998)
	at h.U (/ide/out/vs/workbench/api/node/extensionHostProcess.js:149:5539)
	at T.<computed>.F.charCodeAt.T.<computed> (/ide/out/vs/workbench/api/node/extensionHostProcess.js:149:2993)
	at d.g (/ide/out/vs/workbench/api/node/extensionHostProcess.js:152:186335)
	at d.executeCommand (/ide/out/vs/workbench/api/node/extensionHostProcess.js:152:185773)
	at E.registerCommand.description (/ide/out/vs/workbench/api/node/extensionHostProcess.js:152:185097)
	at d.h (/ide/out/vs/workbench/api/node/extensionHostProcess.js:152:186874)
	at d.g (/ide/out/vs/workbench/api/node/extensionHostProcess.js:152:185866)
	at d.executeCommand (/ide/out/vs/workbench/api/node/extensionHostProcess.js:152:185773)
	at Object.executeCommand (/ide/out/vs/workbench/api/node/extensionHostProcess.js:162:22984)
	at e (/workspace/.vscode-remote/extensions/github.vscode-pull-request-github-0.86.1-universal/dist/extension.js:1968:1515)
	at Object.n [as setContext] (/workspace/.vscode-remote/extensions/github.vscode-pull-request-github-0.86.1-universal/dist/extension.js:1968:1630)
	at qp.updateActiveReviewCount (/workspace/.vscode-remote/extensions/github.vscode-pull-request-github-0.86.1-universal/dist/extension.js:2031:22905)
	at qp.removeRepo (/workspace/.vscode-remote/extensions/github.vscode-pull-request-github-0.86.1-universal/dist/extension.js:2031:24050)
	at a.value (/workspace/.vscode-remote/extensions/github.vscode-pull-request-github-0.86.1-universal/dist/extension.js:2144:4212)
	at s.y (/ide/out/vs/workbench/api/node/extensionHostProcess.js:82:659)
	at s.z (/ide/out/vs/workbench/api/node/extensionHostProcess.js:82:729)
	at s.fire (/ide/out/vs/workbench/api/node/extensionHostProcess.js:82:945)
	at a.value (/workspace/.vscode-remote/extensions/github.vscode-pull-request-github-0.86.1-universal/dist/extension.js:1936:446993)
	at s.y (/ide/out/vs/workbench/api/node/extensionHostProcess.js:82:659)
	at s.fire (/ide/out/vs/workbench/api/node/extensionHostProcess.js:82:876)
	at /workspace/.vscode-remote/extensions/github.vscode-pull-request-github-0.86.1-universal/dist/extension.js:2031:27766
	at a.value (/ide/extensions/git/dist/main.js:2:1051703)
	at s.y (/ide/out/vs/workbench/api/node/extensionHostProcess.js:82:659)
	at s.z (/ide/out/vs/workbench/api/node/extensionHostProcess.js:82:729)
	at s.fire (/ide/out/vs/workbench/api/node/extensionHostProcess.js:82:945)
	at Object.m [as dispose] (/ide/extensions/git/dist/main.js:2:964886)
	at /ide/extensions/git/dist/main.js:2:970920
	at Array.forEach (<anonymous>)
	at f.dispose (/ide/extensions/git/dist/main.js:2:970906)
	at o.<anonymous> (/ide/out/vs/workbench/api/node/extensionHostProcess.js:150:3830)
	at o.dispose (/ide/out/vs/workbench/api/node/extensionHostProcess.js:150:3927)
	at o.<anonymous> (/ide/extensions/git/dist/main.js:2:948059)
	at o.dispose (/ide/out/vs/workbench/api/node/extensionHostProcess.js:150:3927)
	at a (/ide/out/vs/workbench/api/node/extensionHostProcess.js:30:714)
	at m.eb (/ide/out/vs/workbench/api/node/extensionHostProcess.js:158:9967)
	at /ide/out/vs/workbench/api/node/extensionHostProcess.js:158:7816
	at Array.map (<anonymous>)
	at m.$ (/ide/out/vs/workbench/api/node/extensionHostProcess.js:158:7803)
	at m.terminate (/ide/out/vs/workbench/api/node/extensionHostProcess.js:158:8077)
	at a.terminate (/ide/out/vs/workbench/api/node/extensionHostProcess.js:162:1513)
	at t (/ide/out/vs/workbench/api/node/extensionHostProcess.js:175:9917)
	at j.a (/ide/out/vs/workbench/api/node/extensionHostProcess.js:175:6710)
	at j.h (/ide/out/vs/workbench/api/node/extensionHostProcess.js:99:20622)
	at listOnTimeout (node:internal/timers:569:17)
	at process.processTimers (node:internal/timers:512:7) setContext undefined
2024-04-20 07:36:17.371 [error] Canceled: Canceled
	at new O (/ide/out/vs/workbench/api/node/extensionHostProcess.js:142:46998)
	at h.U (/ide/out/vs/workbench/api/node/extensionHostProcess.js:149:5539)
	at T.<computed>.F.charCodeAt.T.<computed> (/ide/out/vs/workbench/api/node/extensionHostProcess.js:149:2993)
	at d.g (/ide/out/vs/workbench/api/node/extensionHostProcess.js:152:186335)
	at d.executeCommand (/ide/out/vs/workbench/api/node/extensionHostProcess.js:152:185773)
	at E.registerCommand.description (/ide/out/vs/workbench/api/node/extensionHostProcess.js:152:185097)
	at d.h (/ide/out/vs/workbench/api/node/extensionHostProcess.js:152:186874)
	at d.g (/ide/out/vs/workbench/api/node/extensionHostProcess.js:152:185866)
	at d.executeCommand (/ide/out/vs/workbench/api/node/extensionHostProcess.js:152:185773)
	at Object.executeCommand (/ide/out/vs/workbench/api/node/extensionHostProcess.js:162:22984)
	at e (/workspace/.vscode-remote/extensions/github.vscode-pull-request-github-0.86.1-universal/dist/extension.js:1968:1515)
	at Object.n [as setContext] (/workspace/.vscode-remote/extensions/github.vscode-pull-request-github-0.86.1-universal/dist/extension.js:1968:1630)
	at Am.setReviewModeContexts (/workspace/.vscode-remote/extensions/github.vscode-pull-request-github-0.86.1-universal/dist/extension.js:2131:15201)
	at Am.removePrFromView (/workspace/.vscode-remote/extensions/github.vscode-pull-request-github-0.86.1-universal/dist/extension.js:2131:15828)
	at zc.clear (/workspace/.vscode-remote/extensions/github.vscode-pull-request-github-0.86.1-universal/dist/extension.js:2012:25748)
	at zc.dispose (/workspace/.vscode-remote/extensions/github.vscode-pull-request-github-0.86.1-universal/dist/extension.js:2014:167)
	at Um.removeReviewManager (/workspace/.vscode-remote/extensions/github.vscode-pull-request-github-0.86.1-universal/dist/extension.js:2131:47206)
	at a.value (/workspace/.vscode-remote/extensions/github.vscode-pull-request-github-0.86.1-universal/dist/extension.js:2144:4229)
	at s.y (/ide/out/vs/workbench/api/node/extensionHostProcess.js:82:659)
	at s.z (/ide/out/vs/workbench/api/node/extensionHostProcess.js:82:729)
	at s.fire (/ide/out/vs/workbench/api/node/extensionHostProcess.js:82:945)
	at a.value (/workspace/.vscode-remote/extensions/github.vscode-pull-request-github-0.86.1-universal/dist/extension.js:1936:446993)
	at s.y (/ide/out/vs/workbench/api/node/extensionHostProcess.js:82:659)
	at s.fire (/ide/out/vs/workbench/api/node/extensionHostProcess.js:82:876)
	at /workspace/.vscode-remote/extensions/github.vscode-pull-request-github-0.86.1-universal/dist/extension.js:2031:27766
	at a.value (/ide/extensions/git/dist/main.js:2:1051703)
	at s.y (/ide/out/vs/workbench/api/node/extensionHostProcess.js:82:659)
	at s.z (/ide/out/vs/workbench/api/node/extensionHostProcess.js:82:729)
	at s.fire (/ide/out/vs/workbench/api/node/extensionHostProcess.js:82:945)
	at Object.m [as dispose] (/ide/extensions/git/dist/main.js:2:964886)
	at /ide/extensions/git/dist/main.js:2:970920
	at Array.forEach (<anonymous>)
	at f.dispose (/ide/extensions/git/dist/main.js:2:970906)
	at o.<anonymous> (/ide/out/vs/workbench/api/node/extensionHostProcess.js:150:3830)
	at o.dispose (/ide/out/vs/workbench/api/node/extensionHostProcess.js:150:3927)
	at o.<anonymous> (/ide/extensions/git/dist/main.js:2:948059)
	at o.dispose (/ide/out/vs/workbench/api/node/extensionHostProcess.js:150:3927)
	at a (/ide/out/vs/workbench/api/node/extensionHostProcess.js:30:714)
	at m.eb (/ide/out/vs/workbench/api/node/extensionHostProcess.js:158:9967)
	at /ide/out/vs/workbench/api/node/extensionHostProcess.js:158:7816
	at Array.map (<anonymous>)
	at m.$ (/ide/out/vs/workbench/api/node/extensionHostProcess.js:158:7803)
	at m.terminate (/ide/out/vs/workbench/api/node/extensionHostProcess.js:158:8077)
	at a.terminate (/ide/out/vs/workbench/api/node/extensionHostProcess.js:162:1513)
	at t (/ide/out/vs/workbench/api/node/extensionHostProcess.js:175:9917)
	at j.a (/ide/out/vs/workbench/api/node/extensionHostProcess.js:175:6710)
	at j.h (/ide/out/vs/workbench/api/node/extensionHostProcess.js:99:20622)
	at listOnTimeout (node:internal/timers:569:17)
	at process.processTimers (node:internal/timers:512:7) setContext undefined
2024-04-20 07:36:17.371 [error] Canceled: Canceled
	at new O (/ide/out/vs/workbench/api/node/extensionHostProcess.js:142:46998)
	at h.U (/ide/out/vs/workbench/api/node/extensionHostProcess.js:149:5539)
	at T.<computed>.F.charCodeAt.T.<computed> (/ide/out/vs/workbench/api/node/extensionHostProcess.js:149:2993)
	at d.g (/ide/out/vs/workbench/api/node/extensionHostProcess.js:152:186335)
	at d.executeCommand (/ide/out/vs/workbench/api/node/extensionHostProcess.js:152:185773)
	at E.registerCommand.description (/ide/out/vs/workbench/api/node/extensionHostProcess.js:152:185097)
	at d.h (/ide/out/vs/workbench/api/node/extensionHostProcess.js:152:186874)
	at d.g (/ide/out/vs/workbench/api/node/extensionHostProcess.js:152:185866)
	at d.executeCommand (/ide/out/vs/workbench/api/node/extensionHostProcess.js:152:185773)
	at Object.executeCommand (/ide/out/vs/workbench/api/node/extensionHostProcess.js:162:22984)
	at N2.reset (/workspace/.vscode-remote/extensions/github.vscode-pull-request-github-0.86.1-universal/dist/extension.js:2131:8809)
	at N2.dispose (/workspace/.vscode-remote/extensions/github.vscode-pull-request-github-0.86.1-universal/dist/extension.js:2131:9080)
	at a (/ide/out/vs/workbench/api/node/extensionHostProcess.js:30:714)
	at m.eb (/ide/out/vs/workbench/api/node/extensionHostProcess.js:158:9967)
	at /ide/out/vs/workbench/api/node/extensionHostProcess.js:158:7816
	at Array.map (<anonymous>)
	at m.$ (/ide/out/vs/workbench/api/node/extensionHostProcess.js:158:7803)
	at m.terminate (/ide/out/vs/workbench/api/node/extensionHostProcess.js:158:8077)
	at a.terminate (/ide/out/vs/workbench/api/node/extensionHostProcess.js:162:1513)
	at t (/ide/out/vs/workbench/api/node/extensionHostProcess.js:175:9917)
	at j.a (/ide/out/vs/workbench/api/node/extensionHostProcess.js:175:6710)
	at j.h (/ide/out/vs/workbench/api/node/extensionHostProcess.js:99:20622)
	at listOnTimeout (node:internal/timers:569:17)
	at process.processTimers (node:internal/timers:512:7) setContext undefined
2024-04-20 07:36:17.375 [info] Extension host with pid 1120 exiting with code 0
