2024-04-20 03:43:02.708 [info] Log level: Info
2024-04-20 03:43:02.724 [info] VSCODE_MACHINE_ID: e3c2e92c-4d1b-4437-9a42-e50c17e7064f
2024-04-20 03:43:02.724 [info] VSCODE_SESSION_ID: b86bac23-cde9-4667-bdbb-03dfdb530e521713584578903
2024-04-20 03:43:02.724 [info] VSCODE_VERSION: 1.88.0
2024-04-20 03:43:02.724 [info] VSCODE_APP_NAME: Gitpod Code
2024-04-20 03:43:02.724 [info] VSCODE_APP_HOST: Gitpod
2024-04-20 03:43:02.724 [info] VSCODE_UI_KIND: web
2024-04-20 03:43:02.724 [info] GITPOD_WORKSPACE_CONTEXT_URL: https://github.com/uwidcit/flaskmvc
2024-04-20 03:43:02.724 [info] GITPOD_INSTANCE_ID: 9dd0877c-d0bc-4997-83c0-322e660fb33e
2024-04-20 03:43:02.724 [info] GITPOD_WORKSPACE_URL: https://uwidcit-flaskmvc-zxsa26j1o46.ws-us110.gitpod.io
2024-04-20 03:43:02.732 [info] Gitpod Web 4e069a6
2024-04-20 03:43:02.732 [info] Reading sessions from keychain...
2024-04-20 03:43:02.939 [info] Getting sessions for all scopes...
2024-04-20 03:43:02.939 [info] Getting GitHub sessions for all scopes...
2024-04-20 03:43:02.939 [info] Getting sessions for function:accessCodeSyncStorage...
2024-04-20 03:43:02.940 [info] Got stored sessions!
2024-04-20 03:43:02.940 [info] Verified session with the following scopes: function:accessCodeSyncStorage function:closePort function:controlAdmission function:deleteEnvVar function:generateNewGitpodToken function:getDefaultWorkspaceImage function:getEnvVars function:getGitpodTokenScopes function:getIDToken function:getLoggedInUser function:getOpenPorts function:getSupportedWorkspaceClasses function:getTeams function:getToken function:getWorkspace function:getWorkspaceEnvVars function:getWorkspaceOwner function:getWorkspaceTimeout function:getWorkspaceUsers function:guessGitTokenScopes function:isWorkspaceOwner function:openPort function:sendHeartBeat function:setEnvVar function:setWorkspaceTimeout function:stopWorkspace function:takeSnapshot function:trackEvent function:updateGitStatus function:waitForSnapshot resource:contentBlob::*::create/get resource:envVar::uwidcit/flaskmvc::create/get/update/delete resource:gitpodToken::*::create resource:snapshot::ws-uwidcit-flaskmvc-zxsa26j1o46::create resource:token::*::get resource:userStorage::*::create/get/update resource:workspace::uwidcit-flaskmvc-zxsa26j1o46::get/update resource:workspaceInstance::9dd0877c-d0bc-4997-83c0-322e660fb33e::get/update/delete
2024-04-20 03:43:02.940 [info] Got 1 verified sessions.
2024-04-20 03:43:02.940 [info] Got 1 sessions for all scopes...
2024-04-20 03:43:02.940 [info] Got 1 sessions for function:accessCodeSyncStorage...
2024-04-20 03:43:02.941 [info] Getting GitHub sessions for all scopes...
2024-04-20 03:43:02.961 [info] Got 1 GitHub sessions for all scopes...
2024-04-20 03:43:02.961 [info] Got 1 GitHub sessions for all scopes...
2024-04-20 03:43:03.470 [info] Getting sessions for all scopes...
2024-04-20 03:43:03.470 [info] Got 1 sessions for all scopes...
2024-04-20 03:43:03.471 [info] Getting GitHub sessions for all scopes...
2024-04-20 03:43:03.472 [info] Got 1 GitHub sessions for all scopes...
2024-04-20 03:43:04.424 [info] Getting GitHub sessions for read:user,repo,user:email,workflow...
2024-04-20 03:43:04.424 [info] Got 0 GitHub sessions for read:user,repo,user:email,workflow...
2024-04-20 03:43:04.969 [info] Getting GitHub sessions for project,read:org,read:user,repo,user:email,workflow...
2024-04-20 03:43:04.969 [info] Got 0 GitHub sessions for project,read:org,read:user,repo,user:email,workflow...
2024-04-20 03:43:05.374 [info] Getting GitHub sessions for read:user,repo,user:email,workflow...
2024-04-20 03:43:05.374 [info] Got 0 GitHub sessions for read:user,repo,user:email,workflow...
2024-04-20 03:43:05.775 [info] Getting GitHub sessions for read:user,repo,user:email...
2024-04-20 03:43:05.776 [info] Got 0 GitHub sessions for read:user,repo,user:email...
2024-04-20 03:43:06.182 [info] Getting GitHub sessions for read:user,repo,user:email,workflow...
2024-04-20 03:43:06.182 [info] Got 0 GitHub sessions for read:user,repo,user:email,workflow...
