2024-04-20 01:43:55.048 [info] Log level: Info
2024-04-20 01:43:55.048 [info] Validating found git in: "git"
2024-04-20 01:43:55.048 [info] Using git "2.43.2" from "git"
2024-04-20 01:43:55.048 [info] > git rev-parse --show-toplevel [2ms]
2024-04-20 01:43:55.048 [info] > git rev-parse --git-dir --git-common-dir [3ms]
2024-04-20 01:43:55.048 [info] Open repository: /workspace/flaskmvc
2024-04-20 01:43:55.048 [info] > git rev-parse --show-toplevel [4ms]
2024-04-20 01:43:55.048 [info] > git config --get commit.template [16ms]
2024-04-20 01:43:55.048 [info] > git for-each-ref --format=%(refname)%00%(upstream:short)%00%(objectname)%00%(upstream:track)%00%(upstream:remotename)%00%(upstream:remoteref) refs/heads/main refs/remotes/main [27ms]
2024-04-20 01:43:55.048 [info] > git rev-parse --show-toplevel [33ms]
2024-04-20 01:43:55.048 [warning] ENOENT: no such file or directory, open '/workspace/flaskmvc/.git/refs/remotes/origin/main'
2024-04-20 01:43:55.048 [info] > git rev-parse --show-toplevel [2ms]
2024-04-20 01:43:55.048 [info] > git rev-parse refs/remotes/origin/main [8ms]
2024-04-20 01:43:55.048 [info] > git status -z -uall [9ms]
2024-04-20 01:43:55.048 [info] > git merge-base refs/heads/main refs/remotes/origin/main [14ms]
2024-04-20 01:43:55.048 [info] > git rev-parse --show-toplevel [31ms]
2024-04-20 01:43:55.048 [info] > git config --get commit.template [16ms]
2024-04-20 01:43:55.048 [info] > git rev-parse --show-toplevel [3ms]
2024-04-20 01:43:55.048 [info] > git rev-list --count --left-right refs/heads/main...refs/remotes/origin/main [10ms]
2024-04-20 01:43:55.048 [info] > git rev-parse --show-toplevel [2ms]
2024-04-20 01:43:55.048 [info] > git for-each-ref --format=%(refname)%00%(upstream:short)%00%(objectname)%00%(upstream:track)%00%(upstream:remotename)%00%(upstream:remoteref) refs/heads/main refs/remotes/main [8ms]
2024-04-20 01:43:55.048 [info] > git diff --name-status -z --diff-filter=ADMR 67c8bcb543bbafc4462bb8fedf7dc22085389c55...refs/remotes/origin/main [16ms]
2024-04-20 01:43:55.048 [warning] ENOENT: no such file or directory, open '/workspace/flaskmvc/.git/refs/remotes/origin/main'
2024-04-20 01:43:55.048 [info] > git rev-parse --show-toplevel [7ms]
2024-04-20 01:43:55.048 [info] > git rev-parse refs/remotes/origin/main [2ms]
2024-04-20 01:43:55.048 [info] > git status -z -uall [131ms]
2024-04-20 01:43:55.048 [info] > git rev-parse --show-toplevel [125ms]
2024-04-20 01:43:55.518 [info] > git show --textconv :App/templates/exercises.html [7ms]
2024-04-20 01:43:55.519 [info] > git ls-files --stage -- /workspace/flaskmvc/App/templates/exercises.html [2ms]
2024-04-20 01:43:56.361 [info] > git check-ignore -v -z --stdin [1ms]
2024-04-20 01:43:57.012 [info] > git config --local branch.main.github-pr-owner-number [1ms]
2024-04-20 01:43:57.012 [warning] git config failed: Failed to execute git
2024-04-20 01:43:57.845 [info] > git show --textconv :render.yaml [7ms]
2024-04-20 01:43:57.847 [info] > git ls-files --stage -- /workspace/flaskmvc/render.yaml [3ms]
2024-04-20 01:43:57.854 [info] > git cat-file -s e9ee65a7ef3c53d747cc78e9ed5b5b45459c5bcd [1ms]
2024-04-20 01:43:58.777 [info] > git show --textconv :requirements.txt [7ms]
2024-04-20 01:43:58.778 [info] > git ls-files --stage -- /workspace/flaskmvc/requirements.txt [2ms]
2024-04-20 01:43:58.784 [info] > git cat-file -s 0e816b52a82b1bfcf8dad7dd45178739a15d2195 [1ms]
2024-04-20 01:48:56.884 [info] > git config --local branch.main.github-pr-owner-number [1ms]
2024-04-20 01:48:56.884 [warning] git config failed: Failed to execute git
2024-04-20 01:53:56.893 [info] > git config --local branch.main.github-pr-owner-number [1ms]
2024-04-20 01:53:56.893 [warning] git config failed: Failed to execute git
2024-04-20 01:57:51.407 [info] > git check-ignore -v -z --stdin [1ms]
2024-04-20 01:57:54.548 [info] > git check-ignore -v -z --stdin [2ms]
2024-04-20 01:57:57.049 [info] > git show --textconv :App/views/index.py [6ms]
2024-04-20 01:57:57.049 [info] > git ls-files --stage -- /workspace/flaskmvc/App/views/index.py [1ms]
2024-04-20 01:57:57.056 [info] > git cat-file -s 7e5820190a34afeb124a2d268079a36993fc175f [1ms]
2024-04-20 01:58:45.513 [info] > git check-ignore -v -z --stdin [1ms]
2024-04-20 01:58:47.059 [info] > git check-ignore -v -z --stdin [1ms]
2024-04-20 01:58:48.102 [info] > git show --textconv :App/static/signup.css [8ms]
2024-04-20 01:58:48.103 [info] > git ls-files --stage -- /workspace/flaskmvc/App/static/signup.css [2ms]
2024-04-20 01:58:49.153 [info] > git show --textconv :App/static/main.js [9ms]
2024-04-20 01:58:49.154 [info] > git ls-files --stage -- /workspace/flaskmvc/App/static/main.js [2ms]
2024-04-20 01:58:49.191 [info] > git cat-file -s 8e195636816519f94a174c523cf4134a0d5fb58a [29ms]
2024-04-20 01:58:56.904 [info] > git config --local branch.main.github-pr-owner-number [1ms]
2024-04-20 01:58:56.904 [warning] git config failed: Failed to execute git
2024-04-20 02:03:56.915 [info] > git config --local branch.main.github-pr-owner-number [1ms]
2024-04-20 02:03:56.916 [warning] git config failed: Failed to execute git
2024-04-20 02:04:02.510 [info] > git config --get commit.template [7ms]
2024-04-20 02:04:02.510 [info] > git for-each-ref --format=%(refname)%00%(upstream:short)%00%(objectname)%00%(upstream:track)%00%(upstream:remotename)%00%(upstream:remoteref) refs/heads/main refs/remotes/main [1ms]
2024-04-20 02:04:02.516 [warning] ENOENT: no such file or directory, open '/workspace/flaskmvc/.git/refs/remotes/origin/main'
2024-04-20 02:04:02.516 [info] > git rev-parse refs/remotes/origin/main [1ms]
2024-04-20 02:04:02.524 [info] > git status -z -uall [2ms]
2024-04-20 02:04:47.057 [info] > git show --textconv :App/main.py [9ms]
2024-04-20 02:04:47.058 [info] > git ls-files --stage -- /workspace/flaskmvc/App/main.py [2ms]
2024-04-20 02:04:47.066 [info] > git cat-file -s c4f66de2357b19b88e4bdb1902e07b405c1f954e [2ms]
2024-04-20 02:08:56.926 [info] > git config --local branch.main.github-pr-owner-number [1ms]
2024-04-20 02:08:56.927 [warning] git config failed: Failed to execute git
2024-04-20 02:13:56.943 [info] > git config --local branch.main.github-pr-owner-number [2ms]
2024-04-20 02:13:56.943 [warning] git config failed: Failed to execute git
2024-04-20 02:18:56.953 [info] > git config --local branch.main.github-pr-owner-number [1ms]
2024-04-20 02:18:56.953 [warning] git config failed: Failed to execute git
2024-04-20 02:21:25.367 [info] > git config --get commit.template [7ms]
2024-04-20 02:21:25.368 [info] > git for-each-ref --format=%(refname)%00%(upstream:short)%00%(objectname)%00%(upstream:track)%00%(upstream:remotename)%00%(upstream:remoteref) refs/heads/main refs/remotes/main [2ms]
2024-04-20 02:21:25.373 [warning] ENOENT: no such file or directory, open '/workspace/flaskmvc/.git/refs/remotes/origin/main'
2024-04-20 02:21:25.374 [info] > git rev-parse refs/remotes/origin/main [1ms]
2024-04-20 02:21:25.381 [info] > git status -z -uall [1ms]
2024-04-20 02:23:56.965 [info] > git config --local branch.main.github-pr-owner-number [1ms]
2024-04-20 02:23:56.966 [warning] git config failed: Failed to execute git
2024-04-20 02:25:41.234 [info] > git show --textconv :App/templates/temp.html [8ms]
2024-04-20 02:25:41.235 [info] > git ls-files --stage -- /workspace/flaskmvc/App/templates/temp.html [2ms]
2024-04-20 02:26:14.482 [info] > git show --textconv :App/templates/temp.html [7ms]
2024-04-20 02:26:14.482 [info] > git ls-files --stage -- /workspace/flaskmvc/App/templates/temp.html [1ms]
2024-04-20 02:28:56.976 [info] > git config --local branch.main.github-pr-owner-number [1ms]
2024-04-20 02:28:56.976 [warning] git config failed: Failed to execute git
2024-04-20 02:32:22.199 [info] > git show --textconv :App/templates/temp.html [7ms]
2024-04-20 02:32:22.200 [info] > git ls-files --stage -- /workspace/flaskmvc/App/templates/temp.html [1ms]
2024-04-20 02:33:56.986 [info] > git config --local branch.main.github-pr-owner-number [2ms]
2024-04-20 02:33:56.986 [warning] git config failed: Failed to execute git
