2024-04-21 05:35:51.996 [info] Log level: Info
2024-04-21 05:35:51.996 [info] Validating found git in: "git"
2024-04-21 05:35:51.996 [info] Using git "2.43.2" from "git"
2024-04-21 05:35:51.996 [info] > git rev-parse --show-toplevel [1ms]
2024-04-21 05:35:51.996 [info] > git rev-parse --git-dir --git-common-dir [1ms]
2024-04-21 05:35:51.996 [info] Open repository: /workspace/flaskmvc
2024-04-21 05:35:51.996 [info] > git rev-parse --show-toplevel [6ms]
2024-04-21 05:35:51.996 [info] > git config --get commit.template [16ms]
2024-04-21 05:35:51.996 [info] > git rev-parse --show-toplevel [10ms]
2024-04-21 05:35:51.996 [info] > git for-each-ref --format=%(refname)%00%(upstream:short)%00%(objectname)%00%(upstream:track)%00%(upstream:remotename)%00%(upstream:remoteref) refs/heads/main refs/remotes/main [3ms]
2024-04-21 05:35:51.996 [warning] ENOENT: no such file or directory, open '/workspace/flaskmvc/.git/refs/remotes/origin/main'
2024-04-21 05:35:51.996 [info] > git rev-parse refs/remotes/origin/main [3ms]
2024-04-21 05:35:51.996 [info] > git rev-parse --show-toplevel [23ms]
2024-04-21 05:35:51.996 [info] > git status -z -uall [115ms]
2024-04-21 05:35:51.996 [info] > git merge-base refs/heads/main refs/remotes/origin/main [13ms]
2024-04-21 05:35:51.996 [info] > git rev-parse --show-toplevel [134ms]
2024-04-21 05:35:51.996 [info] > git config --get commit.template [15ms]
2024-04-21 05:35:51.996 [info] > git rev-parse --show-toplevel [2ms]
2024-04-21 05:35:51.996 [info] > git rev-list --count --left-right refs/heads/main...refs/remotes/origin/main [9ms]
2024-04-21 05:35:51.996 [info] > git for-each-ref --format=%(refname)%00%(upstream:short)%00%(objectname)%00%(upstream:track)%00%(upstream:remotename)%00%(upstream:remoteref) refs/heads/main refs/remotes/main [12ms]
2024-04-21 05:35:51.996 [info] > git diff --name-status -z --diff-filter=ADMR 67c8bcb543bbafc4462bb8fedf7dc22085389c55...refs/remotes/origin/main [20ms]
2024-04-21 05:35:51.996 [warning] ENOENT: no such file or directory, open '/workspace/flaskmvc/.git/refs/remotes/origin/main'
2024-04-21 05:35:51.996 [info] > git rev-parse --show-toplevel [13ms]
2024-04-21 05:35:51.996 [info] > git rev-parse refs/remotes/origin/main [8ms]
2024-04-21 05:35:51.996 [info] > git rev-parse --show-toplevel [11ms]
2024-04-21 05:35:51.996 [info] > git status -z -uall [13ms]
2024-04-21 05:35:51.996 [info] > git rev-parse --show-toplevel [4ms]
2024-04-21 05:35:52.190 [info] > git show --textconv :App/controllers/user.py [13ms]
2024-04-21 05:35:52.192 [info] > git ls-files --stage -- /workspace/flaskmvc/App/controllers/user.py [2ms]
2024-04-21 05:35:52.205 [info] > git cat-file -s 09b2022ed84082af7272ac7b6ecb346308f4f664 [2ms]
2024-04-21 05:35:52.507 [info] > git check-ignore -v -z --stdin [2ms]
2024-04-21 05:35:54.026 [info] > git config --local branch.main.github-pr-owner-number [135ms]
2024-04-21 05:35:54.026 [warning] git config failed: Failed to execute git
2024-04-21 05:37:09.973 [info] > git check-ignore -v -z --stdin [1ms]
2024-04-21 05:37:13.342 [info] > git show --textconv :App/models/exercise.py [12ms]
2024-04-21 05:37:13.343 [info] > git ls-files --stage -- /workspace/flaskmvc/App/models/exercise.py [0ms]
2024-04-21 05:37:13.354 [info] > git cat-file -s 5b2f430058cb9e936b7a17b628c3c7b80cd04a37 [2ms]
2024-04-21 05:37:42.349 [info] > git show --textconv :App/models/user.py [13ms]
2024-04-21 05:37:42.351 [info] > git ls-files --stage -- /workspace/flaskmvc/App/models/user.py [1ms]
2024-04-21 05:37:42.359 [info] > git cat-file -s 883da599364de7c55deef282dd772e3737430d25 [1ms]
2024-04-21 05:38:04.594 [info] > git show --textconv :App/models/workout.py [13ms]
2024-04-21 05:38:04.597 [info] > git ls-files --stage -- /workspace/flaskmvc/App/models/workout.py [4ms]
2024-04-21 05:38:04.610 [info] > git cat-file -s 81ac6260eade69c4ab55ef52becda696157f041e [2ms]
2024-04-21 05:38:40.950 [info] > git show --textconv :App/controllers/user.py [11ms]
2024-04-21 05:38:40.951 [info] > git ls-files --stage -- /workspace/flaskmvc/App/controllers/user.py [1ms]
2024-04-21 05:38:40.960 [info] > git cat-file -s 09b2022ed84082af7272ac7b6ecb346308f4f664 [1ms]
2024-04-21 05:38:42.840 [info] > git show --textconv :App/templates/temp.html [11ms]
2024-04-21 05:38:42.842 [info] > git ls-files --stage -- /workspace/flaskmvc/App/templates/temp.html [2ms]
2024-04-21 05:38:42.853 [info] > git cat-file -s bd93bc1b2e1148b459ee3b1bcf92d3ab3b2bc3e4 [2ms]
2024-04-21 05:38:43.067 [info] > git check-ignore -v -z --stdin [1ms]
