2024-04-20 21:47:20.864 [info] Extension host with pid 553 started
2024-04-20 21:47:20.864 [error] Error: EEXIST: file already exists, open '/workspace/.vscode-remote/data/User/workspaceStorage/7df2c398/vscode.lock'
2024-04-20 21:47:20.867 [info] Lock '/workspace/.vscode-remote/data/User/workspaceStorage/7df2c398/vscode.lock': Could not acquire lock, checking if the file is stale.
2024-04-20 21:47:20.867 [info] Lock '/workspace/.vscode-remote/data/User/workspaceStorage/7df2c398/vscode.lock': The lock looks stale, waiting for 2s.
2024-04-20 21:47:21.038 [info] ExtensionService#_doActivateExtension gitpod.gitpod-web, startup: false, activationEvent: 'onView:gitpod.portsView'
2024-04-20 21:47:21.039 [info] ExtensionService#_doActivateExtension vscode.html-language-features, startup: false, activationEvent: 'onLanguage:html'
2024-04-20 21:47:21.040 [info] ExtensionService#_doActivateExtension vscode.emmet, startup: false, activationEvent: 'onLanguage'
2024-04-20 21:47:22.041 [info] ExtensionService#_doActivateExtension vscode.git-base, startup: true, activationEvent: '*', root cause: vscode.git
2024-04-20 21:47:22.045 [info] ExtensionService#_doActivateExtension vscode.npm, startup: true, activationEvent: 'workspaceContains:package.json'
2024-04-20 21:47:22.867 [info] Lock '/workspace/.vscode-remote/data/User/workspaceStorage/7df2c398/vscode.lock': The lock looks stale even after waiting for 2s.
2024-04-20 21:47:22.868 [info] Lock '/workspace/.vscode-remote/data/User/workspaceStorage/7df2c398/vscode.lock': Deleting a stale lock.
2024-04-20 21:47:22.870 [info] Lock '/workspace/.vscode-remote/data/User/workspaceStorage/7df2c398/vscode.lock': Lock acquired.
2024-04-20 21:47:23.081 [info] ExtensionService#_doActivateExtension vscode.git, startup: true, activationEvent: '*'
2024-04-20 21:47:23.082 [info] ExtensionService#_doActivateExtension vscode.github, startup: true, activationEvent: '*'
2024-04-20 21:47:23.378 [info] Eager extensions activated
2024-04-20 21:47:23.379 [info] ExtensionService#_doActivateExtension vscode.debug-auto-launch, startup: false, activationEvent: 'onStartupFinished'
2024-04-20 21:47:23.379 [info] ExtensionService#_doActivateExtension vscode.merge-conflict, startup: false, activationEvent: 'onStartupFinished'
2024-04-20 21:47:23.380 [info] ExtensionService#_doActivateExtension vscode.github-authentication, startup: false, activationEvent: 'onStartupFinished', root cause: GitHub.vscode-pull-request-github
2024-04-20 21:47:23.665 [info] ExtensionService#_doActivateExtension GitHub.vscode-pull-request-github, startup: false, activationEvent: 'onStartupFinished'
2024-04-20 21:47:24.030 [info] ExtensionService#_doActivateExtension redhat.vscode-yaml, startup: false, activationEvent: 'onLanguage:yaml'
2024-04-20 21:47:24.711 [warning] [redhat.vscode-yaml] Accessing a resource scoped configuration without providing a resource is not expected. To get the effective value for '[yaml]', provide the URI of a resource or 'null' for any resource.
2024-04-20 21:47:24.712 [warning] [redhat.vscode-yaml] Accessing a resource scoped configuration without providing a resource is not expected. To get the effective value for '[yaml]', provide the URI of a resource or 'null' for any resource.
2024-04-20 21:47:25.232 [info] ExtensionService#_doActivateExtension vscode.json-language-features, startup: false, activationEvent: 'onLanguage:jsonc'
2024-04-20 21:47:25.232 [info] ExtensionService#_doActivateExtension vscode.typescript-language-features, startup: false, activationEvent: 'onLanguage:jsonc'
2024-04-20 22:17:16.789 [info] ExtensionService#_doActivateExtension vscode.css-language-features, startup: false, activationEvent: 'onLanguage:css'
