2024-04-20 06:04:34.215 [info] Log level: Info
2024-04-20 06:04:34.238 [info] VSCODE_MACHINE_ID: 992b1111-5530-4478-94f1-ed894ff40742
2024-04-20 06:04:34.238 [info] VSCODE_SESSION_ID: ded1d982-3fc6-4edf-9cef-6b01cbd6e2b11713593070601
2024-04-20 06:04:34.238 [info] VSCODE_VERSION: 1.88.0
2024-04-20 06:04:34.238 [info] VSCODE_APP_NAME: Gitpod Code
2024-04-20 06:04:34.238 [info] VSCODE_APP_HOST: Gitpod
2024-04-20 06:04:34.238 [info] VSCODE_UI_KIND: web
2024-04-20 06:04:34.238 [info] GITPOD_WORKSPACE_CONTEXT_URL: https://github.com/uwidcit/flaskmvc
2024-04-20 06:04:34.238 [info] GITPOD_INSTANCE_ID: 913d47cd-61fe-4833-b530-cc382d6d872f
2024-04-20 06:04:34.238 [info] GITPOD_WORKSPACE_URL: https://uwidcit-flaskmvc-zxsa26j1o46.ws-us110.gitpod.io
2024-04-20 06:04:34.246 [info] Gitpod Web 4e069a6
2024-04-20 06:04:34.246 [info] Reading sessions from keychain...
2024-04-20 06:04:34.444 [info] Getting sessions for all scopes...
2024-04-20 06:04:34.444 [info] Getting GitHub sessions for all scopes...
2024-04-20 06:04:34.444 [info] Getting sessions for function:accessCodeSyncStorage...
2024-04-20 06:04:34.444 [info] Got stored sessions!
2024-04-20 06:04:34.445 [info] Verified session with the following scopes: function:accessCodeSyncStorage function:closePort function:controlAdmission function:deleteEnvVar function:generateNewGitpodToken function:getDefaultWorkspaceImage function:getEnvVars function:getGitpodTokenScopes function:getIDToken function:getLoggedInUser function:getOpenPorts function:getSupportedWorkspaceClasses function:getTeams function:getToken function:getWorkspace function:getWorkspaceEnvVars function:getWorkspaceOwner function:getWorkspaceTimeout function:getWorkspaceUsers function:guessGitTokenScopes function:isWorkspaceOwner function:openPort function:sendHeartBeat function:setEnvVar function:setWorkspaceTimeout function:stopWorkspace function:takeSnapshot function:trackEvent function:updateGitStatus function:waitForSnapshot resource:contentBlob::*::create/get resource:envVar::uwidcit/flaskmvc::create/get/update/delete resource:gitpodToken::*::create resource:snapshot::ws-uwidcit-flaskmvc-zxsa26j1o46::create resource:token::*::get resource:userStorage::*::create/get/update resource:workspace::uwidcit-flaskmvc-zxsa26j1o46::get/update resource:workspaceInstance::913d47cd-61fe-4833-b530-cc382d6d872f::get/update/delete
2024-04-20 06:04:34.445 [info] Got 1 verified sessions.
2024-04-20 06:04:34.445 [info] Got 1 sessions for all scopes...
2024-04-20 06:04:34.445 [info] Got 1 sessions for function:accessCodeSyncStorage...
2024-04-20 06:04:34.533 [info] Getting GitHub sessions for all scopes...
2024-04-20 06:04:34.533 [info] Got 1 GitHub sessions for all scopes...
2024-04-20 06:04:34.533 [info] Got 1 GitHub sessions for all scopes...
2024-04-20 06:04:34.720 [info] Getting sessions for all scopes...
2024-04-20 06:04:34.720 [info] Got 1 sessions for all scopes...
2024-04-20 06:04:34.775 [info] Getting GitHub sessions for all scopes...
2024-04-20 06:04:34.775 [info] Got 1 GitHub sessions for all scopes...
2024-04-20 06:04:35.581 [info] Getting GitHub sessions for read:user,repo,user:email,workflow...
2024-04-20 06:04:35.581 [info] Got 0 GitHub sessions for read:user,repo,user:email,workflow...
2024-04-20 06:04:35.973 [info] Getting GitHub sessions for project,read:org,read:user,repo,user:email,workflow...
2024-04-20 06:04:35.973 [info] Got 0 GitHub sessions for project,read:org,read:user,repo,user:email,workflow...
2024-04-20 06:04:36.413 [info] Getting GitHub sessions for read:user,repo,user:email,workflow...
2024-04-20 06:04:36.413 [info] Got 0 GitHub sessions for read:user,repo,user:email,workflow...
2024-04-20 06:04:36.968 [info] Getting GitHub sessions for read:user,repo,user:email...
2024-04-20 06:04:36.968 [info] Got 0 GitHub sessions for read:user,repo,user:email...
2024-04-20 06:04:37.512 [info] Getting GitHub sessions for read:user,repo,user:email,workflow...
2024-04-20 06:04:37.512 [info] Got 0 GitHub sessions for read:user,repo,user:email,workflow...
