2024-04-20 06:00:32.705 [info] Log level: Info
2024-04-20 06:00:32.721 [info] VSCODE_MACHINE_ID: ee5b184a-8f28-49d8-9047-1b4d5bf18689
2024-04-20 06:00:32.721 [info] VSCODE_SESSION_ID: 49191157-6171-4dd9-9243-cf5783e561b91713592829536
2024-04-20 06:00:32.721 [info] VSCODE_VERSION: 1.88.0
2024-04-20 06:00:32.721 [info] VSCODE_APP_NAME: Gitpod Code
2024-04-20 06:00:32.721 [info] VSCODE_APP_HOST: Gitpod
2024-04-20 06:00:32.721 [info] VSCODE_UI_KIND: web
2024-04-20 06:00:32.721 [info] GITPOD_WORKSPACE_CONTEXT_URL: https://github.com/uwidcit/flaskmvc
2024-04-20 06:00:32.721 [info] GITPOD_INSTANCE_ID: 913d47cd-61fe-4833-b530-cc382d6d872f
2024-04-20 06:00:32.721 [info] GITPOD_WORKSPACE_URL: https://uwidcit-flaskmvc-zxsa26j1o46.ws-us110.gitpod.io
2024-04-20 06:00:32.728 [info] Gitpod Web 4e069a6
2024-04-20 06:00:32.728 [info] Reading sessions from keychain...
2024-04-20 06:00:32.909 [info] Getting sessions for all scopes...
2024-04-20 06:00:32.909 [info] Getting GitHub sessions for all scopes...
2024-04-20 06:00:32.910 [info] Got stored sessions!
2024-04-20 06:00:32.910 [info] Verified session with the following scopes: function:accessCodeSyncStorage function:closePort function:controlAdmission function:deleteEnvVar function:generateNewGitpodToken function:getDefaultWorkspaceImage function:getEnvVars function:getGitpodTokenScopes function:getIDToken function:getLoggedInUser function:getOpenPorts function:getSupportedWorkspaceClasses function:getTeams function:getToken function:getWorkspace function:getWorkspaceEnvVars function:getWorkspaceOwner function:getWorkspaceTimeout function:getWorkspaceUsers function:guessGitTokenScopes function:isWorkspaceOwner function:openPort function:sendHeartBeat function:setEnvVar function:setWorkspaceTimeout function:stopWorkspace function:takeSnapshot function:trackEvent function:updateGitStatus function:waitForSnapshot resource:contentBlob::*::create/get resource:envVar::uwidcit/flaskmvc::create/get/update/delete resource:gitpodToken::*::create resource:snapshot::ws-uwidcit-flaskmvc-zxsa26j1o46::create resource:token::*::get resource:userStorage::*::create/get/update resource:workspace::uwidcit-flaskmvc-zxsa26j1o46::get/update resource:workspaceInstance::913d47cd-61fe-4833-b530-cc382d6d872f::get/update/delete
2024-04-20 06:00:32.910 [info] Got 1 verified sessions.
2024-04-20 06:00:32.910 [info] Got 1 sessions for all scopes...
2024-04-20 06:00:32.982 [info] Got 1 GitHub sessions for all scopes...
2024-04-20 06:00:33.142 [info] Getting sessions for all scopes...
2024-04-20 06:00:33.142 [info] Got 1 sessions for all scopes...
2024-04-20 06:00:33.201 [info] Getting GitHub sessions for all scopes...
2024-04-20 06:00:33.201 [info] Got 1 GitHub sessions for all scopes...
2024-04-20 06:00:34.009 [info] Getting GitHub sessions for read:user,repo,user:email,workflow...
2024-04-20 06:00:34.009 [info] Got 0 GitHub sessions for read:user,repo,user:email,workflow...
2024-04-20 06:00:34.410 [info] Getting GitHub sessions for project,read:org,read:user,repo,user:email,workflow...
2024-04-20 06:00:34.411 [info] Got 0 GitHub sessions for project,read:org,read:user,repo,user:email,workflow...
2024-04-20 06:00:34.790 [info] Getting GitHub sessions for read:user,repo,user:email,workflow...
2024-04-20 06:00:34.790 [info] Got 0 GitHub sessions for read:user,repo,user:email,workflow...
2024-04-20 06:00:35.190 [info] Getting GitHub sessions for read:user,repo,user:email...
2024-04-20 06:00:35.190 [info] Got 0 GitHub sessions for read:user,repo,user:email...
2024-04-20 06:00:35.565 [info] Getting GitHub sessions for read:user,repo,user:email,workflow...
2024-04-20 06:00:35.565 [info] Got 0 GitHub sessions for read:user,repo,user:email,workflow...
2024-04-20 06:02:30.918 [info] Getting sessions for all scopes...
2024-04-20 06:02:30.918 [info] Getting GitHub sessions for all scopes...
2024-04-20 06:02:30.918 [info] Got 1 sessions for all scopes...
2024-04-20 06:02:30.918 [info] Got 1 GitHub sessions for all scopes...
2024-04-20 06:02:30.946 [info] Getting GitHub sessions for all scopes...
2024-04-20 06:02:30.947 [info] Got 1 GitHub sessions for all scopes...
2024-04-20 06:02:31.002 [info] Getting sessions for function:accessCodeSyncStorage...
2024-04-20 06:02:31.007 [info] Got 1 sessions for function:accessCodeSyncStorage...
2024-04-20 06:02:31.048 [info] Getting sessions for all scopes...
2024-04-20 06:02:31.048 [info] Getting GitHub sessions for all scopes...
2024-04-20 06:02:31.048 [info] Got 1 sessions for all scopes...
2024-04-20 06:02:31.048 [info] Got 1 GitHub sessions for all scopes...
