2024-04-21 05:49:59.269 [info] Log level: Info
2024-04-21 05:49:59.269 [info] Validating found git in: "git"
2024-04-21 05:49:59.269 [info] Using git "2.43.2" from "git"
2024-04-21 05:49:59.269 [info] > git rev-parse --show-toplevel [2ms]
2024-04-21 05:49:59.269 [info] > git rev-parse --git-dir --git-common-dir [1ms]
2024-04-21 05:49:59.269 [info] Open repository: /workspace/flaskmvc
2024-04-21 05:49:59.269 [info] > git config --get commit.template [10ms]
2024-04-21 05:49:59.269 [info] > git rev-parse --show-toplevel [2ms]
2024-04-21 05:49:59.269 [info] > git for-each-ref --format=%(refname)%00%(upstream:short)%00%(objectname)%00%(upstream:track)%00%(upstream:remotename)%00%(upstream:remoteref) refs/heads/main refs/remotes/main [11ms]
2024-04-21 05:49:59.269 [info] > git rev-parse --show-toplevel [1ms]
2024-04-21 05:49:59.269 [warning] ENOENT: no such file or directory, open '/workspace/flaskmvc/.git/refs/remotes/origin/main'
2024-04-21 05:49:59.269 [info] > git rev-parse --show-toplevel [5ms]
2024-04-21 05:49:59.269 [info] > git rev-parse refs/remotes/origin/main [12ms]
2024-04-21 05:49:59.269 [info] > git status -z -uall [10ms]
2024-04-21 05:49:59.269 [info] > git merge-base refs/heads/main refs/remotes/origin/main [16ms]
2024-04-21 05:49:59.269 [info] > git rev-parse --show-toplevel [40ms]
2024-04-21 05:49:59.269 [info] > git config --get commit.template [21ms]
2024-04-21 05:49:59.269 [info] > git rev-parse --show-toplevel [3ms]
2024-04-21 05:49:59.269 [info] > git rev-list --count --left-right refs/heads/main...refs/remotes/origin/main [11ms]
2024-04-21 05:49:59.269 [info] > git for-each-ref --format=%(refname)%00%(upstream:short)%00%(objectname)%00%(upstream:track)%00%(upstream:remotename)%00%(upstream:remoteref) refs/heads/main refs/remotes/main [7ms]
2024-04-21 05:49:59.269 [info] > git diff --name-status -z --diff-filter=ADMR 67c8bcb543bbafc4462bb8fedf7dc22085389c55...refs/remotes/origin/main [14ms]
2024-04-21 05:49:59.269 [warning] ENOENT: no such file or directory, open '/workspace/flaskmvc/.git/refs/remotes/origin/main'
2024-04-21 05:49:59.269 [info] > git rev-parse --show-toplevel [8ms]
2024-04-21 05:49:59.269 [info] > git rev-parse refs/remotes/origin/main [34ms]
2024-04-21 05:49:59.269 [info] > git rev-parse --show-toplevel [19ms]
2024-04-21 05:49:59.269 [info] > git status -z -uall [8ms]
2024-04-21 05:49:59.269 [info] > git rev-parse --show-toplevel [4ms]
2024-04-21 05:49:59.782 [info] > git check-ignore -v -z --stdin [2ms]
2024-04-21 05:50:00.327 [info] > git show --textconv :App/templates/temp.html [9ms]
2024-04-21 05:50:00.355 [info] > git ls-files --stage -- /workspace/flaskmvc/App/templates/temp.html [29ms]
2024-04-21 05:50:00.366 [info] > git cat-file -s bd93bc1b2e1148b459ee3b1bcf92d3ab3b2bc3e4 [2ms]
2024-04-21 05:50:01.602 [info] > git config --local branch.main.github-pr-owner-number [124ms]
2024-04-21 05:50:01.602 [warning] git config failed: Failed to execute git
2024-04-21 05:55:01.074 [info] > git config --local branch.main.github-pr-owner-number [2ms]
2024-04-21 05:55:01.074 [warning] git config failed: Failed to execute git
