2024-04-21 06:30:05.601 [info] Log level: Info
2024-04-21 06:30:05.637 [info] VSCODE_MACHINE_ID: ee5b184a-8f28-49d8-9047-1b4d5bf18689
2024-04-21 06:30:05.637 [info] VSCODE_SESSION_ID: 0d7a4810-b397-42da-b212-ca312f73daf11713681003070
2024-04-21 06:30:05.637 [info] VSCODE_VERSION: 1.88.0
2024-04-21 06:30:05.637 [info] VSCODE_APP_NAME: Gitpod Code
2024-04-21 06:30:05.637 [info] VSCODE_APP_HOST: Gitpod
2024-04-21 06:30:05.637 [info] VSCODE_UI_KIND: web
2024-04-21 06:30:05.637 [info] GITPOD_WORKSPACE_CONTEXT_URL: https://github.com/uwidcit/flaskmvc
2024-04-21 06:30:05.637 [info] GITPOD_INSTANCE_ID: 10189619-e0dd-4690-8ca8-4790e7024c77
2024-04-21 06:30:05.637 [info] GITPOD_WORKSPACE_URL: https://uwidcit-flaskmvc-zxsa26j1o46.ws-us110.gitpod.io
2024-04-21 06:30:05.645 [info] Gitpod Web 4e069a6
2024-04-21 06:30:05.645 [info] Reading sessions from keychain...
2024-04-21 06:30:05.836 [info] Getting sessions for all scopes...
2024-04-21 06:30:05.836 [info] Getting GitHub sessions for all scopes...
2024-04-21 06:30:05.836 [info] Getting sessions for function:accessCodeSyncStorage...
2024-04-21 06:30:05.837 [info] Got stored sessions!
2024-04-21 06:30:05.837 [info] Verified session with the following scopes: function:accessCodeSyncStorage function:closePort function:controlAdmission function:deleteEnvVar function:generateNewGitpodToken function:getDefaultWorkspaceImage function:getEnvVars function:getGitpodTokenScopes function:getIDToken function:getLoggedInUser function:getOpenPorts function:getSupportedWorkspaceClasses function:getTeams function:getToken function:getWorkspace function:getWorkspaceEnvVars function:getWorkspaceOwner function:getWorkspaceTimeout function:getWorkspaceUsers function:guessGitTokenScopes function:isWorkspaceOwner function:openPort function:sendHeartBeat function:setEnvVar function:setWorkspaceTimeout function:stopWorkspace function:takeSnapshot function:trackEvent function:updateGitStatus function:waitForSnapshot resource:contentBlob::*::create/get resource:envVar::uwidcit/flaskmvc::create/get/update/delete resource:gitpodToken::*::create resource:snapshot::ws-uwidcit-flaskmvc-zxsa26j1o46::create resource:token::*::get resource:userStorage::*::create/get/update resource:workspace::uwidcit-flaskmvc-zxsa26j1o46::get/update resource:workspaceInstance::10189619-e0dd-4690-8ca8-4790e7024c77::get/update/delete
2024-04-21 06:30:05.837 [info] Got 1 verified sessions.
2024-04-21 06:30:05.837 [info] Got 1 sessions for all scopes...
2024-04-21 06:30:05.837 [info] Got 1 sessions for function:accessCodeSyncStorage...
2024-04-21 06:30:05.986 [info] Got 1 GitHub sessions for all scopes...
2024-04-21 06:30:05.986 [info] Getting GitHub sessions for all scopes...
2024-04-21 06:30:05.986 [info] Got 1 GitHub sessions for all scopes...
2024-04-21 06:30:06.115 [info] Getting sessions for all scopes...
2024-04-21 06:30:06.115 [info] Got 1 sessions for all scopes...
2024-04-21 06:30:06.182 [info] Getting GitHub sessions for all scopes...
2024-04-21 06:30:06.182 [info] Got 1 GitHub sessions for all scopes...
2024-04-21 06:30:06.730 [info] Getting GitHub sessions for read:user,repo,user:email,workflow...
2024-04-21 06:30:06.731 [info] Got 1 GitHub sessions for read:user,repo,user:email,workflow...
2024-04-21 06:30:07.110 [info] Getting GitHub sessions for project,read:org,read:user,repo,user:email,workflow...
2024-04-21 06:30:07.110 [info] Got 0 GitHub sessions for project,read:org,read:user,repo,user:email,workflow...
2024-04-21 06:30:07.585 [info] Getting GitHub sessions for read:user,repo,user:email,workflow...
2024-04-21 06:30:07.585 [info] Got 1 GitHub sessions for read:user,repo,user:email,workflow...
