2024-04-20 03:43:01.617 [info] Extension host with pid 870 started
2024-04-20 03:43:01.617 [error] Error: EEXIST: file already exists, open '/workspace/.vscode-remote/data/User/workspaceStorage/7df2c398/vscode.lock'
2024-04-20 03:43:01.622 [info] Lock '/workspace/.vscode-remote/data/User/workspaceStorage/7df2c398/vscode.lock': Could not acquire lock, checking if the file is stale.
2024-04-20 03:43:01.624 [info] Lock '/workspace/.vscode-remote/data/User/workspaceStorage/7df2c398/vscode.lock': The lock does not look stale, elapsed: 901 ms, giving up.
2024-04-20 03:43:01.624 [error] Error: EEXIST: file already exists, open '/workspace/.vscode-remote/data/User/workspaceStorage/7df2c398-1/vscode.lock'
2024-04-20 03:43:01.625 [info] Lock '/workspace/.vscode-remote/data/User/workspaceStorage/7df2c398-1/vscode.lock': Could not acquire lock, checking if the file is stale.
2024-04-20 03:43:01.626 [info] Lock '/workspace/.vscode-remote/data/User/workspaceStorage/7df2c398-1/vscode.lock': The pid 988 appears to be gone.
2024-04-20 03:43:01.626 [info] Lock '/workspace/.vscode-remote/data/User/workspaceStorage/7df2c398-1/vscode.lock': Deleting a stale lock.
2024-04-20 03:43:01.635 [info] Lock '/workspace/.vscode-remote/data/User/workspaceStorage/7df2c398-1/vscode.lock': Lock acquired.
2024-04-20 03:43:01.881 [info] ExtensionService#_doActivateExtension gitpod.gitpod-web, startup: false, activationEvent: 'onView:gitpod.portsView'
2024-04-20 03:43:01.883 [info] ExtensionService#_doActivateExtension vscode.html-language-features, startup: false, activationEvent: 'onLanguage:html'
2024-04-20 03:43:01.884 [info] ExtensionService#_doActivateExtension vscode.emmet, startup: false, activationEvent: 'onLanguage'
2024-04-20 03:43:02.885 [info] ExtensionService#_doActivateExtension vscode.git-base, startup: true, activationEvent: '*', root cause: vscode.git
2024-04-20 03:43:02.889 [info] ExtensionService#_doActivateExtension vscode.npm, startup: true, activationEvent: 'workspaceContains:package.json'
2024-04-20 03:43:03.376 [info] ExtensionService#_doActivateExtension vscode.git, startup: true, activationEvent: '*'
2024-04-20 03:43:03.376 [info] ExtensionService#_doActivateExtension vscode.github, startup: true, activationEvent: '*'
2024-04-20 03:43:03.586 [info] ExtensionService#_doActivateExtension redhat.vscode-yaml, startup: false, activationEvent: 'onLanguage:yaml'
2024-04-20 03:43:03.706 [info] Eager extensions activated
2024-04-20 03:43:03.707 [info] ExtensionService#_doActivateExtension vscode.debug-auto-launch, startup: false, activationEvent: 'onStartupFinished'
2024-04-20 03:43:03.707 [info] ExtensionService#_doActivateExtension vscode.merge-conflict, startup: false, activationEvent: 'onStartupFinished'
2024-04-20 03:43:03.707 [info] ExtensionService#_doActivateExtension vscode.github-authentication, startup: false, activationEvent: 'onStartupFinished', root cause: GitHub.vscode-pull-request-github
2024-04-20 03:43:04.051 [info] ExtensionService#_doActivateExtension GitHub.vscode-pull-request-github, startup: false, activationEvent: 'onStartupFinished'
2024-04-20 03:43:04.450 [warning] [redhat.vscode-yaml] Accessing a resource scoped configuration without providing a resource is not expected. To get the effective value for '[yaml]', provide the URI of a resource or 'null' for any resource.
2024-04-20 03:43:04.462 [warning] [redhat.vscode-yaml] Accessing a resource scoped configuration without providing a resource is not expected. To get the effective value for '[yaml]', provide the URI of a resource or 'null' for any resource.
2024-04-20 03:43:07.007 [info] ExtensionService#_doActivateExtension vscode.json-language-features, startup: false, activationEvent: 'onLanguage:jsonc'
2024-04-20 03:43:07.007 [info] ExtensionService#_doActivateExtension vscode.typescript-language-features, startup: false, activationEvent: 'onLanguage:jsonc'
2024-04-20 03:43:07.121 [warning] [redhat.vscode-yaml] Accessing a resource scoped configuration without providing a resource is not expected. To get the effective value for '[yaml]', provide the URI of a resource or 'null' for any resource.
