2024-04-20 06:06:04.810 [info] Log level: Info
2024-04-20 06:06:04.810 [info] Validating found git in: "git"
2024-04-20 06:06:04.810 [info] Using git "2.43.2" from "git"
2024-04-20 06:06:04.810 [info] > git rev-parse --show-toplevel [3ms]
2024-04-20 06:06:04.810 [info] > git rev-parse --git-dir --git-common-dir [2ms]
2024-04-20 06:06:04.810 [info] Open repository: /workspace/flaskmvc
2024-04-20 06:06:04.810 [info] > git config --get commit.template [11ms]
2024-04-20 06:06:04.810 [info] > git rev-parse --show-toplevel [4ms]
2024-04-20 06:06:04.810 [info] > git for-each-ref --format=%(refname)%00%(upstream:short)%00%(objectname)%00%(upstream:track)%00%(upstream:remotename)%00%(upstream:remoteref) refs/heads/main refs/remotes/main [13ms]
2024-04-20 06:06:04.810 [info] > git rev-parse --show-toplevel [3ms]
2024-04-20 06:06:04.810 [warning] ENOENT: no such file or directory, open '/workspace/flaskmvc/.git/refs/remotes/origin/main'
2024-04-20 06:06:04.810 [info] > git rev-parse refs/remotes/origin/main [11ms]
2024-04-20 06:06:04.810 [info] > git rev-parse --show-toplevel [18ms]
2024-04-20 06:06:04.810 [info] > git status -z -uall [14ms]
2024-04-20 06:06:04.810 [info] > git merge-base refs/heads/main refs/remotes/origin/main [29ms]
2024-04-20 06:06:04.810 [info] > git rev-parse --show-toplevel [68ms]
2024-04-20 06:06:04.810 [info] > git config --get commit.template [60ms]
2024-04-20 06:06:04.810 [info] > git rev-parse --show-toplevel [19ms]
2024-04-20 06:06:04.810 [info] > git rev-list --count --left-right refs/heads/main...refs/remotes/origin/main [29ms]
2024-04-20 06:06:04.810 [info] > git diff --name-status -z --diff-filter=ADMR 67c8bcb543bbafc4462bb8fedf7dc22085389c55...refs/remotes/origin/main [38ms]
2024-04-20 06:06:04.810 [info] > git rev-parse --show-toplevel [184ms]
2024-04-20 06:06:04.810 [info] > git for-each-ref --format=%(refname)%00%(upstream:short)%00%(objectname)%00%(upstream:track)%00%(upstream:remotename)%00%(upstream:remoteref) refs/heads/main refs/remotes/main [199ms]
2024-04-20 06:06:04.810 [warning] ENOENT: no such file or directory, open '/workspace/flaskmvc/.git/refs/remotes/origin/main'
2024-04-20 06:06:04.810 [info] > git rev-parse refs/remotes/origin/main [78ms]
2024-04-20 06:06:04.810 [info] > git rev-parse --show-toplevel [118ms]
2024-04-20 06:06:04.828 [info] > git status -z -uall [19ms]
2024-04-20 06:06:04.838 [info] > git rev-parse --show-toplevel [12ms]
2024-04-20 06:06:05.351 [info] > git check-ignore -v -z --stdin [2ms]
2024-04-20 06:06:07.194 [info] > git config --local branch.main.github-pr-owner-number [2ms]
2024-04-20 06:06:07.195 [warning] git config failed: Failed to execute git
2024-04-20 06:11:07.005 [info] > git config --local branch.main.github-pr-owner-number [1ms]
2024-04-20 06:11:07.005 [warning] git config failed: Failed to execute git
2024-04-20 06:16:07.017 [info] > git config --local branch.main.github-pr-owner-number [1ms]
2024-04-20 06:16:07.017 [warning] git config failed: Failed to execute git
2024-04-20 06:21:07.029 [info] > git config --local branch.main.github-pr-owner-number [1ms]
2024-04-20 06:21:07.029 [warning] git config failed: Failed to execute git
2024-04-20 06:26:07.041 [info] > git config --local branch.main.github-pr-owner-number [1ms]
2024-04-20 06:26:07.041 [warning] git config failed: Failed to execute git
2024-04-20 06:31:07.051 [info] > git config --local branch.main.github-pr-owner-number [1ms]
2024-04-20 06:31:07.051 [warning] git config failed: Failed to execute git
2024-04-20 06:36:07.060 [info] > git config --local branch.main.github-pr-owner-number [1ms]
2024-04-20 06:36:07.060 [warning] git config failed: Failed to execute git
2024-04-20 06:41:07.069 [info] > git config --local branch.main.github-pr-owner-number [1ms]
2024-04-20 06:41:07.069 [warning] git config failed: Failed to execute git
2024-04-20 06:46:07.082 [info] > git config --local branch.main.github-pr-owner-number [2ms]
2024-04-20 06:46:07.082 [warning] git config failed: Failed to execute git
2024-04-20 06:51:07.091 [info] > git config --local branch.main.github-pr-owner-number [1ms]
2024-04-20 06:51:07.091 [warning] git config failed: Failed to execute git
2024-04-20 06:56:07.102 [info] > git config --local branch.main.github-pr-owner-number [1ms]
2024-04-20 06:56:07.103 [warning] git config failed: Failed to execute git
2024-04-20 07:01:07.115 [info] > git config --local branch.main.github-pr-owner-number [1ms]
2024-04-20 07:01:07.115 [warning] git config failed: Failed to execute git
2024-04-20 07:06:07.125 [info] > git config --local branch.main.github-pr-owner-number [1ms]
2024-04-20 07:06:07.125 [warning] git config failed: Failed to execute git
2024-04-20 07:11:07.135 [info] > git config --local branch.main.github-pr-owner-number [1ms]
2024-04-20 07:11:07.135 [warning] git config failed: Failed to execute git
2024-04-20 07:16:07.145 [info] > git config --local branch.main.github-pr-owner-number [1ms]
2024-04-20 07:16:07.145 [warning] git config failed: Failed to execute git
2024-04-20 07:21:07.156 [info] > git config --local branch.main.github-pr-owner-number [1ms]
2024-04-20 07:21:07.156 [warning] git config failed: Failed to execute git
2024-04-20 07:26:07.165 [info] > git config --local branch.main.github-pr-owner-number [1ms]
2024-04-20 07:26:07.165 [warning] git config failed: Failed to execute git
2024-04-20 07:31:07.189 [info] > git config --local branch.main.github-pr-owner-number [1ms]
2024-04-20 07:31:07.189 [warning] git config failed: Failed to execute git
2024-04-20 07:36:07.199 [info] > git config --local branch.main.github-pr-owner-number [1ms]
2024-04-20 07:36:07.199 [warning] git config failed: Failed to execute git
