2024-04-21 07:06:32.643 [info] Log level: Info
2024-04-21 07:06:32.667 [info] VSCODE_MACHINE_ID: ee5b184a-8f28-49d8-9047-1b4d5bf18689
2024-04-21 07:06:32.667 [info] VSCODE_SESSION_ID: 2e27e325-f6b0-4497-8917-6bc67cf43e0a1713683190314
2024-04-21 07:06:32.667 [info] VSCODE_VERSION: 1.88.0
2024-04-21 07:06:32.667 [info] VSCODE_APP_NAME: Gitpod Code
2024-04-21 07:06:32.667 [info] VSCODE_APP_HOST: Gitpod
2024-04-21 07:06:32.667 [info] VSCODE_UI_KIND: web
2024-04-21 07:06:32.667 [info] GITPOD_WORKSPACE_CONTEXT_URL: https://github.com/uwidcit/flaskmvc
2024-04-21 07:06:32.667 [info] GITPOD_INSTANCE_ID: 10189619-e0dd-4690-8ca8-4790e7024c77
2024-04-21 07:06:32.667 [info] GITPOD_WORKSPACE_URL: https://uwidcit-flaskmvc-zxsa26j1o46.ws-us110.gitpod.io
2024-04-21 07:06:32.674 [info] Gitpod Web 4e069a6
2024-04-21 07:06:32.674 [info] Reading sessions from keychain...
2024-04-21 07:06:32.868 [info] Getting sessions for all scopes...
2024-04-21 07:06:32.868 [info] Getting GitHub sessions for all scopes...
2024-04-21 07:06:32.868 [info] Getting sessions for function:accessCodeSyncStorage...
2024-04-21 07:06:32.869 [info] Got stored sessions!
2024-04-21 07:06:32.869 [info] Verified session with the following scopes: function:accessCodeSyncStorage function:closePort function:controlAdmission function:deleteEnvVar function:generateNewGitpodToken function:getDefaultWorkspaceImage function:getEnvVars function:getGitpodTokenScopes function:getIDToken function:getLoggedInUser function:getOpenPorts function:getSupportedWorkspaceClasses function:getTeams function:getToken function:getWorkspace function:getWorkspaceEnvVars function:getWorkspaceOwner function:getWorkspaceTimeout function:getWorkspaceUsers function:guessGitTokenScopes function:isWorkspaceOwner function:openPort function:sendHeartBeat function:setEnvVar function:setWorkspaceTimeout function:stopWorkspace function:takeSnapshot function:trackEvent function:updateGitStatus function:waitForSnapshot resource:contentBlob::*::create/get resource:envVar::uwidcit/flaskmvc::create/get/update/delete resource:gitpodToken::*::create resource:snapshot::ws-uwidcit-flaskmvc-zxsa26j1o46::create resource:token::*::get resource:userStorage::*::create/get/update resource:workspace::uwidcit-flaskmvc-zxsa26j1o46::get/update resource:workspaceInstance::10189619-e0dd-4690-8ca8-4790e7024c77::get/update/delete
2024-04-21 07:06:32.869 [info] Got 1 verified sessions.
2024-04-21 07:06:32.869 [info] Got 1 sessions for all scopes...
2024-04-21 07:06:32.870 [info] Got 1 sessions for function:accessCodeSyncStorage...
2024-04-21 07:06:32.955 [info] Got 1 GitHub sessions for all scopes...
2024-04-21 07:06:32.956 [info] Getting GitHub sessions for all scopes...
2024-04-21 07:06:32.956 [info] Got 1 GitHub sessions for all scopes...
2024-04-21 07:06:33.092 [info] Getting sessions for all scopes...
2024-04-21 07:06:33.093 [info] Got 1 sessions for all scopes...
2024-04-21 07:06:33.159 [info] Getting GitHub sessions for all scopes...
2024-04-21 07:06:33.159 [info] Got 1 GitHub sessions for all scopes...
2024-04-21 07:06:33.688 [info] Getting GitHub sessions for read:user,repo,user:email,workflow...
2024-04-21 07:06:33.688 [info] Got 0 GitHub sessions for read:user,repo,user:email,workflow...
2024-04-21 07:06:34.029 [info] Getting GitHub sessions for project,read:org,read:user,repo,user:email,workflow...
2024-04-21 07:06:34.029 [info] Got 0 GitHub sessions for project,read:org,read:user,repo,user:email,workflow...
2024-04-21 07:06:34.378 [info] Getting GitHub sessions for read:user,repo,user:email,workflow...
2024-04-21 07:06:34.378 [info] Got 0 GitHub sessions for read:user,repo,user:email,workflow...
2024-04-21 07:06:34.835 [info] Getting GitHub sessions for read:user,repo,user:email...
2024-04-21 07:06:34.835 [info] Got 0 GitHub sessions for read:user,repo,user:email...
2024-04-21 07:06:35.189 [info] Getting GitHub sessions for read:user,repo,user:email,workflow...
2024-04-21 07:06:35.189 [info] Got 0 GitHub sessions for read:user,repo,user:email,workflow...
