[400ns] Shutting down all processes 
[200.631µs] Terminating process supervisor with PID 36 (state: S, cmdlind: [supervisor run] <nil>). 
[28.649128ms] Terminating main process errored: waitid: no child processes 
[29.003868ms] Terminating process node with PID 2966 (state: S, cmdlind: [/ide/node /ide/out/bootstrap-fork --type=fileWatcher] <nil>). 
[29.017108ms] Terminating process bash with PID 615 (state: S, cmdlind: [/bin/bash --init-file /ide/out/vs/workbench/contrib/terminal/browser/media/shellIntegration-bash.sh] <nil>). 
[29.044558ms] Terminating main process errored: waitid: no child processes 
[29.052238ms] Terminating main process errored: waitid: no child processes 
[29.018278ms] Terminating process bash with PID 4702 (state: S, cmdlind: [/bin/bash --init-file /ide/out/vs/workbench/contrib/terminal/browser/media/shellIntegration-bash.sh] <nil>). 
[29.062408ms] Terminating process bash with PID 1175 (state: S, cmdlind: [/bin/bash --init-file /ide/out/vs/workbench/contrib/terminal/browser/media/shellIntegration-bash.sh] <nil>). 
[31.084768ms] Terminating main process errored: waitid: no child processes 
[29.125798ms] Terminating process node with PID 3046 (state: S, cmdlind: [/ide/node /ide/extensions/html-language-features/server/dist/node/htmlServerMain --node-ipc --clientProcessId=2952] <nil>). 
[31.134108ms] Terminating main process errored: waitid: no child processes 
[29.156758ms] Terminating process node with PID 3107 (state: S, cmdlind: [/ide/node /ide/extensions/json-language-features/server/dist/node/jsonServerMain --node-ipc --clientProcessId=2952] <nil>). 
[29.080408ms] Terminating main process errored: waitid: no child processes 
[29.195658ms] Terminating process node with PID 69 (state: R, cmdlind: [/ide/node /ide/out/server-main.js --log=info --install-builtin-extension gitpod.gitpod-theme --install-builtin-extension github.vscode-pull-request-github --port 23000 --host 0.0.0.0 --without-connection-token --server-data-dir /workspace/.vscode-remote --do-not-sync --start-server] <nil>). 
[29.220958ms] Terminating process bash with PID 3152 (state: S, cmdlind: [/bin/bash --init-file /ide/out/vs/workbench/contrib/terminal/browser/media/shellIntegration-bash.sh] <nil>). 
[29.168348ms] Terminating process bash with PID 3144 (state: S, cmdlind: [/bin/bash --init-file /ide/out/vs/workbench/contrib/terminal/browser/media/shellIntegration-bash.sh] <nil>). 
[31.373348ms] Terminating main process errored: waitid: no child processes 
[29.169058ms] Terminating process node with PID 2952 (state: R, cmdlind: [/ide/node --dns-result-order=ipv4first /ide/out/bootstrap-fork --type=extensionHost --transformURIs --useHostProxy=false] <nil>). 
[31.373968ms] Terminating main process errored: waitid: no child processes 
[29.237388ms] Terminating process node with PID 584 (state: R, cmdlind: [/ide/node /ide/out/bootstrap-fork --type=ptyHost --logsPath /workspace/.vscode-remote/data/logs/20240421T062959] <nil>). 
[31.395388ms] Terminating main process errored: waitid: no child processes 
[31.402048ms] Terminating main process errored: waitid: no child processes 
[29.379248ms] Terminating process node with PID 3082 (state: S, cmdlind: [/ide/node /ide/extensions/redhat.vscode-yaml/dist/languageserver.js --node-ipc --clientProcessId=2952] <nil>). 
[31.560258ms] Terminating main process errored: waitid: no child processes 
[32.573197ms] Terminating main process errored: waitid: no child processes 
[43.106836ms] Terminating main process errored: waitid: no child processes 
[43.439156ms] Couldn't obtain process information for PID 2966. 
[45.043096ms] Couldn't obtain process information for PID 2952. 
[45.216056ms] Couldn't obtain process information for PID 3082. 
[45.309886ms] Finished shutting down all processes. 
