2024-04-20 21:47:23.618 [info] Log level: Info
2024-04-20 21:47:23.618 [info] Validating found git in: "git"
2024-04-20 21:47:23.618 [info] Using git "2.43.2" from "git"
2024-04-20 21:47:23.618 [info] > git rev-parse --show-toplevel [59ms]
2024-04-20 21:47:23.618 [info] > git rev-parse --git-dir --git-common-dir [33ms]
2024-04-20 21:47:23.618 [info] Open repository: /workspace/flaskmvc
2024-04-20 21:47:23.618 [info] > git rev-parse --show-toplevel [42ms]
2024-04-20 21:47:23.618 [info] > git config --get commit.template [47ms]
2024-04-20 21:47:23.618 [info] > git rev-parse --show-toplevel [11ms]
2024-04-20 21:47:23.618 [info] > git for-each-ref --format=%(refname)%00%(upstream:short)%00%(objectname)%00%(upstream:track)%00%(upstream:remotename)%00%(upstream:remoteref) refs/heads/main refs/remotes/main [4ms]
2024-04-20 21:47:23.618 [warning] ENOENT: no such file or directory, open '/workspace/flaskmvc/.git/refs/remotes/origin/main'
2024-04-20 21:47:23.618 [info] > git rev-parse --show-toplevel [8ms]
2024-04-20 21:47:23.618 [info] > git rev-parse refs/remotes/origin/main [8ms]
2024-04-20 21:47:23.618 [info] > git rev-parse --show-toplevel [12ms]
2024-04-20 21:47:23.618 [info] > git status -z -uall [12ms]
2024-04-20 21:47:23.618 [info] > git merge-base refs/heads/main refs/remotes/origin/main [11ms]
2024-04-20 21:47:23.618 [info] > git rev-parse --show-toplevel [24ms]
2024-04-20 21:47:23.618 [info] > git config --get commit.template [14ms]
2024-04-20 21:47:23.619 [info] > git rev-parse --show-toplevel [2ms]
2024-04-20 21:47:23.619 [info] > git rev-list --count --left-right refs/heads/main...refs/remotes/origin/main [9ms]
2024-04-20 21:47:23.637 [info] > git for-each-ref --format=%(refname)%00%(upstream:short)%00%(objectname)%00%(upstream:track)%00%(upstream:remotename)%00%(upstream:remoteref) refs/heads/main refs/remotes/main [7ms]
2024-04-20 21:47:23.638 [info] > git diff --name-status -z --diff-filter=ADMR 67c8bcb543bbafc4462bb8fedf7dc22085389c55...refs/remotes/origin/main [13ms]
2024-04-20 21:47:23.648 [warning] ENOENT: no such file or directory, open '/workspace/flaskmvc/.git/refs/remotes/origin/main'
2024-04-20 21:47:23.649 [info] > git rev-parse --show-toplevel [12ms]
2024-04-20 21:47:23.654 [info] > git rev-parse refs/remotes/origin/main [6ms]
2024-04-20 21:47:23.819 [info] > git status -z -uall [161ms]
2024-04-20 21:47:23.819 [info] > git rev-parse --show-toplevel [166ms]
2024-04-20 21:47:24.213 [info] > git check-ignore -v -z --stdin [2ms]
2024-04-20 21:47:24.332 [info] > git show --textconv :App/templates/routine.html [11ms]
2024-04-20 21:47:24.333 [info] > git ls-files --stage -- /workspace/flaskmvc/App/templates/routine.html [1ms]
2024-04-20 21:47:24.345 [info] > git cat-file -s 06b04abdadd21757a40e93691fa7dbbf9d1ffd6a [2ms]
2024-04-20 21:47:26.155 [info] > git config --local branch.main.github-pr-owner-number [113ms]
2024-04-20 21:47:26.155 [warning] git config failed: Failed to execute git
2024-04-20 21:52:25.654 [info] > git config --local branch.main.github-pr-owner-number [1ms]
2024-04-20 21:52:25.654 [warning] git config failed: Failed to execute git
2024-04-20 21:54:23.689 [info] > git check-ignore -v -z --stdin [1ms]
2024-04-20 21:54:32.089 [info] > git check-ignore -v -z --stdin [1ms]
2024-04-20 21:54:34.255 [info] > git show --textconv :App/views/auth.py [6ms]
2024-04-20 21:54:34.256 [info] > git ls-files --stage -- /workspace/flaskmvc/App/views/auth.py [2ms]
2024-04-20 21:54:34.269 [info] > git cat-file -s ffff3b0c8448b5c4f233391e340333843852f170 [2ms]
2024-04-20 21:57:25.666 [info] > git config --local branch.main.github-pr-owner-number [1ms]
2024-04-20 21:57:25.666 [warning] git config failed: Failed to execute git
2024-04-20 21:58:49.717 [info] > git config --get commit.template [6ms]
2024-04-20 21:58:49.717 [info] > git for-each-ref --format=%(refname)%00%(upstream:short)%00%(objectname)%00%(upstream:track)%00%(upstream:remotename)%00%(upstream:remoteref) refs/heads/main refs/remotes/main [1ms]
2024-04-20 21:58:49.723 [warning] ENOENT: no such file or directory, open '/workspace/flaskmvc/.git/refs/remotes/origin/main'
2024-04-20 21:58:49.723 [info] > git rev-parse refs/remotes/origin/main [1ms]
2024-04-20 21:58:49.730 [info] > git status -z -uall [1ms]
2024-04-20 21:59:11.672 [info] > git config --get commit.template [10ms]
2024-04-20 21:59:11.672 [info] > git for-each-ref --format=%(refname)%00%(upstream:short)%00%(objectname)%00%(upstream:track)%00%(upstream:remotename)%00%(upstream:remoteref) refs/heads/main refs/remotes/main [1ms]
2024-04-20 21:59:11.682 [warning] ENOENT: no such file or directory, open '/workspace/flaskmvc/.git/refs/remotes/origin/main'
2024-04-20 21:59:11.683 [info] > git rev-parse refs/remotes/origin/main [1ms]
2024-04-20 21:59:11.695 [info] > git status -z -uall [1ms]
2024-04-20 21:59:15.673 [info] > git check-ignore -v -z --stdin [0ms]
2024-04-20 21:59:16.718 [info] > git config --get commit.template [10ms]
2024-04-20 21:59:16.719 [info] > git for-each-ref --format=%(refname)%00%(upstream:short)%00%(objectname)%00%(upstream:track)%00%(upstream:remotename)%00%(upstream:remoteref) refs/heads/main refs/remotes/main [1ms]
2024-04-20 21:59:16.729 [warning] ENOENT: no such file or directory, open '/workspace/flaskmvc/.git/refs/remotes/origin/main'
2024-04-20 21:59:16.730 [info] > git rev-parse refs/remotes/origin/main [1ms]
2024-04-20 21:59:16.742 [info] > git status -z -uall [2ms]
2024-04-20 21:59:17.702 [info] > git show --textconv :App/main.py [6ms]
2024-04-20 21:59:17.703 [info] > git ls-files --stage -- /workspace/flaskmvc/App/main.py [2ms]
2024-04-20 21:59:17.709 [info] > git cat-file -s 08344ad2808c63579aa968230c6afe6489b77b13 [1ms]
2024-04-20 21:59:42.009 [info] > git config --get commit.template [9ms]
2024-04-20 21:59:42.009 [info] > git for-each-ref --format=%(refname)%00%(upstream:short)%00%(objectname)%00%(upstream:track)%00%(upstream:remotename)%00%(upstream:remoteref) refs/heads/main refs/remotes/main [2ms]
2024-04-20 21:59:42.015 [warning] ENOENT: no such file or directory, open '/workspace/flaskmvc/.git/refs/remotes/origin/main'
2024-04-20 21:59:42.016 [info] > git rev-parse refs/remotes/origin/main [1ms]
2024-04-20 21:59:42.024 [info] > git status -z -uall [1ms]
2024-04-20 21:59:47.040 [info] > git config --get commit.template [6ms]
2024-04-20 21:59:47.041 [info] > git for-each-ref --format=%(refname)%00%(upstream:short)%00%(objectname)%00%(upstream:track)%00%(upstream:remotename)%00%(upstream:remoteref) refs/heads/main refs/remotes/main [2ms]
2024-04-20 21:59:47.046 [warning] ENOENT: no such file or directory, open '/workspace/flaskmvc/.git/refs/remotes/origin/main'
2024-04-20 21:59:47.047 [info] > git rev-parse refs/remotes/origin/main [0ms]
2024-04-20 21:59:47.053 [info] > git status -z -uall [1ms]
2024-04-20 22:00:10.665 [info] > git config --get commit.template [7ms]
2024-04-20 22:00:10.665 [info] > git for-each-ref --format=%(refname)%00%(upstream:short)%00%(objectname)%00%(upstream:track)%00%(upstream:remotename)%00%(upstream:remoteref) refs/heads/main refs/remotes/main [1ms]
2024-04-20 22:00:10.671 [warning] ENOENT: no such file or directory, open '/workspace/flaskmvc/.git/refs/remotes/origin/main'
2024-04-20 22:00:10.673 [info] > git rev-parse refs/remotes/origin/main [2ms]
2024-04-20 22:00:10.681 [info] > git status -z -uall [1ms]
2024-04-20 22:02:16.564 [info] > git config --get commit.template [2ms]
2024-04-20 22:02:16.570 [info] > git for-each-ref --format=%(refname)%00%(upstream:short)%00%(objectname)%00%(upstream:track)%00%(upstream:remotename)%00%(upstream:remoteref) refs/heads/main refs/remotes/main [1ms]
2024-04-20 22:02:16.576 [warning] ENOENT: no such file or directory, open '/workspace/flaskmvc/.git/refs/remotes/origin/main'
2024-04-20 22:02:16.577 [info] > git rev-parse refs/remotes/origin/main [0ms]
2024-04-20 22:02:16.589 [info] > git status -z -uall [1ms]
2024-04-20 22:02:25.677 [info] > git config --local branch.main.github-pr-owner-number [1ms]
2024-04-20 22:02:25.677 [warning] git config failed: Failed to execute git
2024-04-20 22:07:25.688 [info] > git config --local branch.main.github-pr-owner-number [1ms]
2024-04-20 22:07:25.736 [warning] git config failed: Failed to execute git
2024-04-20 22:11:10.175 [info] > git show --textconv :App/views/auth.py [6ms]
2024-04-20 22:11:10.176 [info] > git ls-files --stage -- /workspace/flaskmvc/App/views/auth.py [1ms]
2024-04-20 22:11:10.183 [info] > git cat-file -s ffff3b0c8448b5c4f233391e340333843852f170 [1ms]
2024-04-20 22:12:25.752 [info] > git config --local branch.main.github-pr-owner-number [1ms]
2024-04-20 22:12:25.752 [warning] git config failed: Failed to execute git
2024-04-20 22:12:26.379 [info] > git show --textconv :App/main.py [9ms]
2024-04-20 22:12:26.380 [info] > git ls-files --stage -- /workspace/flaskmvc/App/main.py [1ms]
2024-04-20 22:12:26.387 [info] > git cat-file -s 08344ad2808c63579aa968230c6afe6489b77b13 [1ms]
2024-04-20 22:14:11.681 [info] > git show --textconv :App/views/auth.py [7ms]
2024-04-20 22:14:11.681 [info] > git ls-files --stage -- /workspace/flaskmvc/App/views/auth.py [1ms]
2024-04-20 22:14:11.688 [info] > git cat-file -s ffff3b0c8448b5c4f233391e340333843852f170 [2ms]
2024-04-20 22:14:29.875 [info] > git check-ignore -v -z --stdin [1ms]
2024-04-20 22:14:40.995 [info] > git check-ignore -v -z --stdin [1ms]
2024-04-20 22:15:34.733 [info] > git show --textconv :App/templates/temp.html [18ms]
2024-04-20 22:15:34.733 [info] > git ls-files --stage -- /workspace/flaskmvc/App/templates/temp.html [1ms]
2024-04-20 22:15:34.741 [info] > git cat-file -s 166ad2db736fbbc1d0113c8bac39df4638a155d8 [1ms]
2024-04-20 22:17:17.147 [info] > git show --textconv :App/static/style.css [6ms]
2024-04-20 22:17:17.148 [info] > git ls-files --stage -- /workspace/flaskmvc/App/static/style.css [2ms]
2024-04-20 22:17:17.155 [info] > git cat-file -s f9129762f8520dd935e0522fc2ff09f9affe8134 [2ms]
2024-04-20 22:17:25.761 [info] > git config --local branch.main.github-pr-owner-number [1ms]
2024-04-20 22:17:25.762 [warning] git config failed: Failed to execute git
2024-04-20 22:21:57.640 [info] > git show --textconv :App/templates/temp.html [11ms]
2024-04-20 22:21:57.640 [info] > git ls-files --stage -- /workspace/flaskmvc/App/templates/temp.html [1ms]
2024-04-20 22:21:57.649 [info] > git cat-file -s 166ad2db736fbbc1d0113c8bac39df4638a155d8 [1ms]
2024-04-20 22:22:25.771 [info] > git config --local branch.main.github-pr-owner-number [1ms]
2024-04-20 22:22:25.772 [warning] git config failed: Failed to execute git
2024-04-20 22:24:52.874 [info] > git show --textconv :App/static/style.css [7ms]
2024-04-20 22:24:52.875 [info] > git ls-files --stage -- /workspace/flaskmvc/App/static/style.css [1ms]
2024-04-20 22:24:52.882 [info] > git cat-file -s f9129762f8520dd935e0522fc2ff09f9affe8134 [1ms]
2024-04-20 22:25:02.332 [info] > git show --textconv :App/templates/temp.html [20ms]
2024-04-20 22:25:02.333 [info] > git ls-files --stage -- /workspace/flaskmvc/App/templates/temp.html [1ms]
2024-04-20 22:25:02.345 [info] > git cat-file -s 166ad2db736fbbc1d0113c8bac39df4638a155d8 [1ms]
2024-04-20 22:25:17.321 [info] > git config --get commit.template [24ms]
2024-04-20 22:25:17.323 [info] > git for-each-ref --format=%(refname)%00%(upstream:short)%00%(objectname)%00%(upstream:track)%00%(upstream:remotename)%00%(upstream:remoteref) refs/heads/main refs/remotes/main [3ms]
2024-04-20 22:25:17.344 [warning] ENOENT: no such file or directory, open '/workspace/flaskmvc/.git/refs/remotes/origin/main'
2024-04-20 22:25:17.346 [info] > git rev-parse refs/remotes/origin/main [2ms]
2024-04-20 22:25:17.365 [info] > git status -z -uall [3ms]
2024-04-20 22:25:27.578 [info] > git config --get commit.template [8ms]
2024-04-20 22:25:27.578 [info] > git for-each-ref --format=%(refname)%00%(upstream:short)%00%(objectname)%00%(upstream:track)%00%(upstream:remotename)%00%(upstream:remoteref) refs/heads/main refs/remotes/main [1ms]
2024-04-20 22:25:27.585 [warning] ENOENT: no such file or directory, open '/workspace/flaskmvc/.git/refs/remotes/origin/main'
2024-04-20 22:25:27.585 [info] > git rev-parse refs/remotes/origin/main [0ms]
2024-04-20 22:25:27.593 [info] > git status -z -uall [2ms]
2024-04-20 22:25:32.610 [info] > git config --get commit.template [2ms]
2024-04-20 22:25:32.628 [info] > git for-each-ref --format=%(refname)%00%(upstream:short)%00%(objectname)%00%(upstream:track)%00%(upstream:remotename)%00%(upstream:remoteref) refs/heads/main refs/remotes/main [2ms]
2024-04-20 22:25:32.638 [warning] ENOENT: no such file or directory, open '/workspace/flaskmvc/.git/refs/remotes/origin/main'
2024-04-20 22:25:32.639 [info] > git rev-parse refs/remotes/origin/main [1ms]
2024-04-20 22:25:32.646 [info] > git status -z -uall [1ms]
2024-04-20 22:25:37.667 [info] > git config --get commit.template [8ms]
2024-04-20 22:25:37.668 [info] > git for-each-ref --format=%(refname)%00%(upstream:short)%00%(objectname)%00%(upstream:track)%00%(upstream:remotename)%00%(upstream:remoteref) refs/heads/main refs/remotes/main [2ms]
2024-04-20 22:25:37.674 [warning] ENOENT: no such file or directory, open '/workspace/flaskmvc/.git/refs/remotes/origin/main'
2024-04-20 22:25:37.675 [info] > git rev-parse refs/remotes/origin/main [1ms]
2024-04-20 22:25:37.683 [info] > git status -z -uall [2ms]
2024-04-20 22:25:42.715 [info] > git config --get commit.template [17ms]
2024-04-20 22:25:42.718 [info] > git for-each-ref --format=%(refname)%00%(upstream:short)%00%(objectname)%00%(upstream:track)%00%(upstream:remotename)%00%(upstream:remoteref) refs/heads/main refs/remotes/main [5ms]
2024-04-20 22:25:42.732 [warning] ENOENT: no such file or directory, open '/workspace/flaskmvc/.git/refs/remotes/origin/main'
2024-04-20 22:25:42.734 [info] > git rev-parse refs/remotes/origin/main [2ms]
2024-04-20 22:25:42.746 [info] > git status -z -uall [2ms]
2024-04-20 22:25:47.790 [info] > git config --get commit.template [17ms]
2024-04-20 22:25:47.792 [info] > git for-each-ref --format=%(refname)%00%(upstream:short)%00%(objectname)%00%(upstream:track)%00%(upstream:remotename)%00%(upstream:remoteref) refs/heads/main refs/remotes/main [3ms]
2024-04-20 22:25:47.811 [warning] ENOENT: no such file or directory, open '/workspace/flaskmvc/.git/refs/remotes/origin/main'
2024-04-20 22:25:47.814 [info] > git rev-parse refs/remotes/origin/main [3ms]
2024-04-20 22:25:47.838 [info] > git status -z -uall [4ms]
2024-04-20 22:26:51.542 [info] > git config --get commit.template [7ms]
2024-04-20 22:26:51.543 [info] > git for-each-ref --format=%(refname)%00%(upstream:short)%00%(objectname)%00%(upstream:track)%00%(upstream:remotename)%00%(upstream:remoteref) refs/heads/main refs/remotes/main [1ms]
2024-04-20 22:26:51.548 [warning] ENOENT: no such file or directory, open '/workspace/flaskmvc/.git/refs/remotes/origin/main'
2024-04-20 22:26:51.549 [info] > git rev-parse refs/remotes/origin/main [1ms]
2024-04-20 22:26:51.556 [info] > git status -z -uall [1ms]
2024-04-20 22:27:25.782 [info] > git config --local branch.main.github-pr-owner-number [1ms]
2024-04-20 22:27:25.782 [warning] git config failed: Failed to execute git
2024-04-20 22:28:05.395 [info] > git config --get commit.template [6ms]
2024-04-20 22:28:05.395 [info] > git for-each-ref --format=%(refname)%00%(upstream:short)%00%(objectname)%00%(upstream:track)%00%(upstream:remotename)%00%(upstream:remoteref) refs/heads/main refs/remotes/main [1ms]
2024-04-20 22:28:05.405 [warning] ENOENT: no such file or directory, open '/workspace/flaskmvc/.git/refs/remotes/origin/main'
2024-04-20 22:28:05.405 [info] > git rev-parse refs/remotes/origin/main [1ms]
2024-04-20 22:28:05.428 [info] > git status -z -uall [1ms]
2024-04-20 22:28:15.364 [info] > git config --get commit.template [11ms]
2024-04-20 22:28:15.364 [info] > git for-each-ref --format=%(refname)%00%(upstream:short)%00%(objectname)%00%(upstream:track)%00%(upstream:remotename)%00%(upstream:remoteref) refs/heads/main refs/remotes/main [1ms]
2024-04-20 22:28:15.370 [warning] ENOENT: no such file or directory, open '/workspace/flaskmvc/.git/refs/remotes/origin/main'
2024-04-20 22:28:15.371 [info] > git rev-parse refs/remotes/origin/main [1ms]
2024-04-20 22:28:15.378 [info] > git status -z -uall [1ms]
2024-04-20 22:29:15.135 [info] > git config --get commit.template [11ms]
2024-04-20 22:29:15.136 [info] > git for-each-ref --format=%(refname)%00%(upstream:short)%00%(objectname)%00%(upstream:track)%00%(upstream:remotename)%00%(upstream:remoteref) refs/heads/main refs/remotes/main [2ms]
2024-04-20 22:29:15.144 [warning] ENOENT: no such file or directory, open '/workspace/flaskmvc/.git/refs/remotes/origin/main'
2024-04-20 22:29:15.145 [info] > git rev-parse refs/remotes/origin/main [1ms]
2024-04-20 22:29:15.156 [info] > git status -z -uall [2ms]
2024-04-20 22:29:31.516 [info] > git config --get commit.template [7ms]
2024-04-20 22:29:31.518 [info] > git for-each-ref --format=%(refname)%00%(upstream:short)%00%(objectname)%00%(upstream:track)%00%(upstream:remotename)%00%(upstream:remoteref) refs/heads/main refs/remotes/main [2ms]
2024-04-20 22:29:31.523 [warning] ENOENT: no such file or directory, open '/workspace/flaskmvc/.git/refs/remotes/origin/main'
2024-04-20 22:29:31.524 [info] > git rev-parse refs/remotes/origin/main [1ms]
2024-04-20 22:29:31.532 [info] > git status -z -uall [2ms]
2024-04-20 22:29:37.706 [info] > git config --get commit.template [6ms]
2024-04-20 22:29:37.707 [info] > git for-each-ref --format=%(refname)%00%(upstream:short)%00%(objectname)%00%(upstream:track)%00%(upstream:remotename)%00%(upstream:remoteref) refs/heads/main refs/remotes/main [1ms]
2024-04-20 22:29:37.712 [warning] ENOENT: no such file or directory, open '/workspace/flaskmvc/.git/refs/remotes/origin/main'
2024-04-20 22:29:37.713 [info] > git rev-parse refs/remotes/origin/main [1ms]
2024-04-20 22:29:37.720 [info] > git status -z -uall [1ms]
2024-04-20 22:30:10.226 [info] > git config --get commit.template [7ms]
2024-04-20 22:30:10.226 [info] > git for-each-ref --format=%(refname)%00%(upstream:short)%00%(objectname)%00%(upstream:track)%00%(upstream:remotename)%00%(upstream:remoteref) refs/heads/main refs/remotes/main [1ms]
2024-04-20 22:30:10.232 [warning] ENOENT: no such file or directory, open '/workspace/flaskmvc/.git/refs/remotes/origin/main'
2024-04-20 22:30:10.233 [info] > git rev-parse refs/remotes/origin/main [1ms]
2024-04-20 22:30:10.240 [info] > git status -z -uall [2ms]
2024-04-20 22:31:00.848 [info] > git config --get commit.template [6ms]
2024-04-20 22:31:00.848 [info] > git for-each-ref --format=%(refname)%00%(upstream:short)%00%(objectname)%00%(upstream:track)%00%(upstream:remotename)%00%(upstream:remoteref) refs/heads/main refs/remotes/main [1ms]
2024-04-20 22:31:00.854 [warning] ENOENT: no such file or directory, open '/workspace/flaskmvc/.git/refs/remotes/origin/main'
2024-04-20 22:31:00.855 [info] > git rev-parse refs/remotes/origin/main [1ms]
2024-04-20 22:31:00.862 [info] > git status -z -uall [2ms]
2024-04-20 22:31:05.882 [info] > git config --get commit.template [10ms]
2024-04-20 22:31:05.883 [info] > git for-each-ref --format=%(refname)%00%(upstream:short)%00%(objectname)%00%(upstream:track)%00%(upstream:remotename)%00%(upstream:remoteref) refs/heads/main refs/remotes/main [2ms]
2024-04-20 22:31:05.891 [warning] ENOENT: no such file or directory, open '/workspace/flaskmvc/.git/refs/remotes/origin/main'
2024-04-20 22:31:05.892 [info] > git rev-parse refs/remotes/origin/main [1ms]
2024-04-20 22:31:05.899 [info] > git status -z -uall [1ms]
2024-04-20 22:31:55.622 [info] > git config --get commit.template [7ms]
2024-04-20 22:31:55.622 [info] > git for-each-ref --format=%(refname)%00%(upstream:short)%00%(objectname)%00%(upstream:track)%00%(upstream:remotename)%00%(upstream:remoteref) refs/heads/main refs/remotes/main [1ms]
2024-04-20 22:31:55.629 [warning] ENOENT: no such file or directory, open '/workspace/flaskmvc/.git/refs/remotes/origin/main'
2024-04-20 22:31:55.630 [info] > git rev-parse refs/remotes/origin/main [1ms]
2024-04-20 22:31:55.636 [info] > git status -z -uall [1ms]
2024-04-20 22:32:00.652 [info] > git config --get commit.template [6ms]
2024-04-20 22:32:00.653 [info] > git for-each-ref --format=%(refname)%00%(upstream:short)%00%(objectname)%00%(upstream:track)%00%(upstream:remotename)%00%(upstream:remoteref) refs/heads/main refs/remotes/main [1ms]
2024-04-20 22:32:00.658 [warning] ENOENT: no such file or directory, open '/workspace/flaskmvc/.git/refs/remotes/origin/main'
2024-04-20 22:32:00.659 [info] > git rev-parse refs/remotes/origin/main [1ms]
2024-04-20 22:32:00.666 [info] > git status -z -uall [2ms]
2024-04-20 22:32:05.686 [info] > git config --get commit.template [8ms]
2024-04-20 22:32:05.686 [info] > git for-each-ref --format=%(refname)%00%(upstream:short)%00%(objectname)%00%(upstream:track)%00%(upstream:remotename)%00%(upstream:remoteref) refs/heads/main refs/remotes/main [1ms]
2024-04-20 22:32:05.692 [warning] ENOENT: no such file or directory, open '/workspace/flaskmvc/.git/refs/remotes/origin/main'
2024-04-20 22:32:05.693 [info] > git rev-parse refs/remotes/origin/main [1ms]
2024-04-20 22:32:05.701 [info] > git status -z -uall [2ms]
2024-04-20 22:32:22.131 [info] > git config --get commit.template [7ms]
2024-04-20 22:32:22.131 [info] > git for-each-ref --format=%(refname)%00%(upstream:short)%00%(objectname)%00%(upstream:track)%00%(upstream:remotename)%00%(upstream:remoteref) refs/heads/main refs/remotes/main [1ms]
2024-04-20 22:32:22.136 [warning] ENOENT: no such file or directory, open '/workspace/flaskmvc/.git/refs/remotes/origin/main'
2024-04-20 22:32:22.137 [info] > git rev-parse refs/remotes/origin/main [1ms]
2024-04-20 22:32:22.144 [info] > git status -z -uall [2ms]
2024-04-20 22:32:25.796 [info] > git config --local branch.main.github-pr-owner-number [1ms]
2024-04-20 22:32:25.796 [warning] git config failed: Failed to execute git
2024-04-20 22:33:07.503 [info] > git show --textconv :App/static/style.css [6ms]
2024-04-20 22:33:07.504 [info] > git ls-files --stage -- /workspace/flaskmvc/App/static/style.css [1ms]
2024-04-20 22:33:07.511 [info] > git cat-file -s f9129762f8520dd935e0522fc2ff09f9affe8134 [2ms]
2024-04-20 22:33:23.530 [info] > git show --textconv :App/templates/index.html [6ms]
2024-04-20 22:33:23.531 [info] > git ls-files --stage -- /workspace/flaskmvc/App/templates/index.html [1ms]
2024-04-20 22:33:23.538 [info] > git cat-file -s 6289597b1c462dced3d180fc5a4b419fc54c32b4 [1ms]
2024-04-20 22:33:47.359 [info] > git config --get commit.template [7ms]
2024-04-20 22:33:47.359 [info] > git for-each-ref --format=%(refname)%00%(upstream:short)%00%(objectname)%00%(upstream:track)%00%(upstream:remotename)%00%(upstream:remoteref) refs/heads/main refs/remotes/main [1ms]
2024-04-20 22:33:47.365 [warning] ENOENT: no such file or directory, open '/workspace/flaskmvc/.git/refs/remotes/origin/main'
2024-04-20 22:33:47.366 [info] > git rev-parse refs/remotes/origin/main [1ms]
2024-04-20 22:33:47.373 [info] > git status -z -uall [2ms]
2024-04-20 22:34:28.671 [info] > git config --get commit.template [6ms]
2024-04-20 22:34:28.671 [info] > git for-each-ref --format=%(refname)%00%(upstream:short)%00%(objectname)%00%(upstream:track)%00%(upstream:remotename)%00%(upstream:remoteref) refs/heads/main refs/remotes/main [1ms]
2024-04-20 22:34:28.676 [warning] ENOENT: no such file or directory, open '/workspace/flaskmvc/.git/refs/remotes/origin/main'
2024-04-20 22:34:28.677 [info] > git rev-parse refs/remotes/origin/main [1ms]
2024-04-20 22:34:28.684 [info] > git status -z -uall [1ms]
2024-04-20 22:36:06.149 [info] > git config --get commit.template [13ms]
2024-04-20 22:36:06.149 [info] > git for-each-ref --format=%(refname)%00%(upstream:short)%00%(objectname)%00%(upstream:track)%00%(upstream:remotename)%00%(upstream:remoteref) refs/heads/main refs/remotes/main [1ms]
2024-04-20 22:36:06.160 [warning] ENOENT: no such file or directory, open '/workspace/flaskmvc/.git/refs/remotes/origin/main'
2024-04-20 22:36:06.162 [info] > git rev-parse refs/remotes/origin/main [2ms]
2024-04-20 22:36:06.174 [info] > git status -z -uall [1ms]
2024-04-20 22:36:24.679 [info] > git show --textconv :App/templates/temp.html [8ms]
2024-04-20 22:36:24.679 [info] > git ls-files --stage -- /workspace/flaskmvc/App/templates/temp.html [1ms]
2024-04-20 22:36:24.686 [info] > git cat-file -s 166ad2db736fbbc1d0113c8bac39df4638a155d8 [1ms]
2024-04-20 22:36:28.419 [info] > git config --get commit.template [6ms]
2024-04-20 22:36:28.420 [info] > git for-each-ref --format=%(refname)%00%(upstream:short)%00%(objectname)%00%(upstream:track)%00%(upstream:remotename)%00%(upstream:remoteref) refs/heads/main refs/remotes/main [2ms]
2024-04-20 22:36:28.425 [warning] ENOENT: no such file or directory, open '/workspace/flaskmvc/.git/refs/remotes/origin/main'
2024-04-20 22:36:28.426 [info] > git rev-parse refs/remotes/origin/main [1ms]
2024-04-20 22:36:28.433 [info] > git status -z -uall [2ms]
2024-04-20 22:36:41.664 [info] > git config --get commit.template [7ms]
2024-04-20 22:36:41.665 [info] > git for-each-ref --format=%(refname)%00%(upstream:short)%00%(objectname)%00%(upstream:track)%00%(upstream:remotename)%00%(upstream:remoteref) refs/heads/main refs/remotes/main [2ms]
2024-04-20 22:36:41.670 [warning] ENOENT: no such file or directory, open '/workspace/flaskmvc/.git/refs/remotes/origin/main'
2024-04-20 22:36:41.671 [info] > git rev-parse refs/remotes/origin/main [1ms]
2024-04-20 22:36:41.677 [info] > git status -z -uall [1ms]
2024-04-20 22:36:44.206 [info] > git show --textconv :App/static/style.css [7ms]
2024-04-20 22:36:44.207 [info] > git ls-files --stage -- /workspace/flaskmvc/App/static/style.css [2ms]
2024-04-20 22:36:44.215 [info] > git cat-file -s f9129762f8520dd935e0522fc2ff09f9affe8134 [2ms]
2024-04-20 22:36:46.695 [info] > git config --get commit.template [6ms]
2024-04-20 22:36:46.696 [info] > git for-each-ref --format=%(refname)%00%(upstream:short)%00%(objectname)%00%(upstream:track)%00%(upstream:remotename)%00%(upstream:remoteref) refs/heads/main refs/remotes/main [1ms]
2024-04-20 22:36:46.702 [warning] ENOENT: no such file or directory, open '/workspace/flaskmvc/.git/refs/remotes/origin/main'
2024-04-20 22:36:46.703 [info] > git rev-parse refs/remotes/origin/main [1ms]
2024-04-20 22:36:46.710 [info] > git status -z -uall [2ms]
2024-04-20 22:37:25.806 [info] > git config --local branch.main.github-pr-owner-number [1ms]
2024-04-20 22:37:25.806 [warning] git config failed: Failed to execute git
2024-04-20 22:37:37.875 [info] > git config --get commit.template [8ms]
2024-04-20 22:37:37.875 [info] > git for-each-ref --format=%(refname)%00%(upstream:short)%00%(objectname)%00%(upstream:track)%00%(upstream:remotename)%00%(upstream:remoteref) refs/heads/main refs/remotes/main [1ms]
2024-04-20 22:37:37.883 [warning] ENOENT: no such file or directory, open '/workspace/flaskmvc/.git/refs/remotes/origin/main'
2024-04-20 22:37:37.884 [info] > git rev-parse refs/remotes/origin/main [1ms]
2024-04-20 22:37:37.893 [info] > git status -z -uall [2ms]
2024-04-20 22:38:14.513 [info] > git config --get commit.template [8ms]
2024-04-20 22:38:14.514 [info] > git for-each-ref --format=%(refname)%00%(upstream:short)%00%(objectname)%00%(upstream:track)%00%(upstream:remotename)%00%(upstream:remoteref) refs/heads/main refs/remotes/main [2ms]
2024-04-20 22:38:14.520 [warning] ENOENT: no such file or directory, open '/workspace/flaskmvc/.git/refs/remotes/origin/main'
2024-04-20 22:38:14.521 [info] > git rev-parse refs/remotes/origin/main [1ms]
2024-04-20 22:38:14.529 [info] > git status -z -uall [2ms]
2024-04-20 22:38:29.758 [info] > git config --get commit.template [7ms]
2024-04-20 22:38:29.759 [info] > git for-each-ref --format=%(refname)%00%(upstream:short)%00%(objectname)%00%(upstream:track)%00%(upstream:remotename)%00%(upstream:remoteref) refs/heads/main refs/remotes/main [2ms]
2024-04-20 22:38:29.764 [warning] ENOENT: no such file or directory, open '/workspace/flaskmvc/.git/refs/remotes/origin/main'
2024-04-20 22:38:29.765 [info] > git rev-parse refs/remotes/origin/main [1ms]
2024-04-20 22:38:29.776 [info] > git status -z -uall [2ms]
2024-04-20 22:38:34.980 [info] > git config --get commit.template [8ms]
2024-04-20 22:38:34.981 [info] > git for-each-ref --format=%(refname)%00%(upstream:short)%00%(objectname)%00%(upstream:track)%00%(upstream:remotename)%00%(upstream:remoteref) refs/heads/main refs/remotes/main [1ms]
2024-04-20 22:38:34.987 [warning] ENOENT: no such file or directory, open '/workspace/flaskmvc/.git/refs/remotes/origin/main'
2024-04-20 22:38:34.988 [info] > git rev-parse refs/remotes/origin/main [1ms]
2024-04-20 22:38:34.995 [info] > git status -z -uall [1ms]
2024-04-20 22:38:53.694 [info] > git config --get commit.template [7ms]
2024-04-20 22:38:53.695 [info] > git for-each-ref --format=%(refname)%00%(upstream:short)%00%(objectname)%00%(upstream:track)%00%(upstream:remotename)%00%(upstream:remoteref) refs/heads/main refs/remotes/main [1ms]
2024-04-20 22:38:53.701 [warning] ENOENT: no such file or directory, open '/workspace/flaskmvc/.git/refs/remotes/origin/main'
2024-04-20 22:38:53.702 [info] > git rev-parse refs/remotes/origin/main [1ms]
2024-04-20 22:38:53.710 [info] > git status -z -uall [2ms]
2024-04-20 22:40:37.497 [info] > git config --get commit.template [7ms]
2024-04-20 22:40:37.498 [info] > git for-each-ref --format=%(refname)%00%(upstream:short)%00%(objectname)%00%(upstream:track)%00%(upstream:remotename)%00%(upstream:remoteref) refs/heads/main refs/remotes/main [2ms]
2024-04-20 22:40:37.503 [warning] ENOENT: no such file or directory, open '/workspace/flaskmvc/.git/refs/remotes/origin/main'
2024-04-20 22:40:37.504 [info] > git rev-parse refs/remotes/origin/main [1ms]
2024-04-20 22:40:37.511 [info] > git status -z -uall [1ms]
2024-04-20 22:40:41.835 [info] > git show --textconv :App/views/exercise.py [6ms]
2024-04-20 22:40:41.836 [info] > git ls-files --stage -- /workspace/flaskmvc/App/views/exercise.py [1ms]
2024-04-20 22:40:41.842 [info] > git cat-file -s 941200d0b9724819987bd7f1c64231da18a87f28 [1ms]
2024-04-20 22:40:52.288 [info] > git show --textconv :App/views/routine.py [11ms]
2024-04-20 22:40:52.289 [info] > git ls-files --stage -- /workspace/flaskmvc/App/views/routine.py [2ms]
2024-04-20 22:41:09.497 [info] > git show --textconv :App/static/style.css [7ms]
2024-04-20 22:41:09.498 [info] > git ls-files --stage -- /workspace/flaskmvc/App/static/style.css [1ms]
2024-04-20 22:41:09.504 [info] > git cat-file -s f9129762f8520dd935e0522fc2ff09f9affe8134 [1ms]
2024-04-20 22:41:28.387 [info] > git config --get commit.template [8ms]
2024-04-20 22:41:28.387 [info] > git for-each-ref --format=%(refname)%00%(upstream:short)%00%(objectname)%00%(upstream:track)%00%(upstream:remotename)%00%(upstream:remoteref) refs/heads/main refs/remotes/main [1ms]
2024-04-20 22:41:28.394 [warning] ENOENT: no such file or directory, open '/workspace/flaskmvc/.git/refs/remotes/origin/main'
2024-04-20 22:41:28.395 [info] > git rev-parse refs/remotes/origin/main [1ms]
2024-04-20 22:41:28.404 [info] > git status -z -uall [2ms]
2024-04-20 22:41:50.551 [info] > git config --get commit.template [7ms]
2024-04-20 22:41:50.552 [info] > git for-each-ref --format=%(refname)%00%(upstream:short)%00%(objectname)%00%(upstream:track)%00%(upstream:remotename)%00%(upstream:remoteref) refs/heads/main refs/remotes/main [1ms]
2024-04-20 22:41:50.559 [warning] ENOENT: no such file or directory, open '/workspace/flaskmvc/.git/refs/remotes/origin/main'
2024-04-20 22:41:50.559 [info] > git rev-parse refs/remotes/origin/main [1ms]
2024-04-20 22:41:50.566 [info] > git status -z -uall [1ms]
2024-04-20 22:42:13.115 [info] > git show --textconv :App/templates/temp.html [6ms]
2024-04-20 22:42:13.116 [info] > git ls-files --stage -- /workspace/flaskmvc/App/templates/temp.html [1ms]
2024-04-20 22:42:13.122 [info] > git cat-file -s 166ad2db736fbbc1d0113c8bac39df4638a155d8 [1ms]
2024-04-20 22:42:15.842 [info] > git config --get commit.template [7ms]
2024-04-20 22:42:15.843 [info] > git for-each-ref --format=%(refname)%00%(upstream:short)%00%(objectname)%00%(upstream:track)%00%(upstream:remotename)%00%(upstream:remoteref) refs/heads/main refs/remotes/main [1ms]
2024-04-20 22:42:15.850 [warning] ENOENT: no such file or directory, open '/workspace/flaskmvc/.git/refs/remotes/origin/main'
2024-04-20 22:42:15.851 [info] > git rev-parse refs/remotes/origin/main [1ms]
2024-04-20 22:42:15.859 [info] > git status -z -uall [2ms]
2024-04-20 22:42:25.816 [info] > git config --local branch.main.github-pr-owner-number [1ms]
2024-04-20 22:42:25.816 [warning] git config failed: Failed to execute git
2024-04-20 22:42:49.176 [info] > git config --get commit.template [12ms]
2024-04-20 22:42:49.176 [info] > git for-each-ref --format=%(refname)%00%(upstream:short)%00%(objectname)%00%(upstream:track)%00%(upstream:remotename)%00%(upstream:remoteref) refs/heads/main refs/remotes/main [1ms]
2024-04-20 22:42:49.187 [warning] ENOENT: no such file or directory, open '/workspace/flaskmvc/.git/refs/remotes/origin/main'
2024-04-20 22:42:49.188 [info] > git rev-parse refs/remotes/origin/main [1ms]
2024-04-20 22:42:49.201 [info] > git status -z -uall [2ms]
2024-04-20 22:42:54.219 [info] > git config --get commit.template [6ms]
2024-04-20 22:42:54.219 [info] > git for-each-ref --format=%(refname)%00%(upstream:short)%00%(objectname)%00%(upstream:track)%00%(upstream:remotename)%00%(upstream:remoteref) refs/heads/main refs/remotes/main [1ms]
2024-04-20 22:42:54.225 [warning] ENOENT: no such file or directory, open '/workspace/flaskmvc/.git/refs/remotes/origin/main'
2024-04-20 22:42:54.226 [info] > git rev-parse refs/remotes/origin/main [1ms]
2024-04-20 22:42:54.233 [info] > git status -z -uall [2ms]
2024-04-20 22:42:59.257 [info] > git config --get commit.template [11ms]
2024-04-20 22:42:59.258 [info] > git for-each-ref --format=%(refname)%00%(upstream:short)%00%(objectname)%00%(upstream:track)%00%(upstream:remotename)%00%(upstream:remoteref) refs/heads/main refs/remotes/main [1ms]
2024-04-20 22:42:59.268 [warning] ENOENT: no such file or directory, open '/workspace/flaskmvc/.git/refs/remotes/origin/main'
2024-04-20 22:42:59.269 [info] > git rev-parse refs/remotes/origin/main [1ms]
2024-04-20 22:42:59.281 [info] > git status -z -uall [2ms]
2024-04-20 22:43:04.299 [info] > git config --get commit.template [7ms]
2024-04-20 22:43:04.299 [info] > git for-each-ref --format=%(refname)%00%(upstream:short)%00%(objectname)%00%(upstream:track)%00%(upstream:remotename)%00%(upstream:remoteref) refs/heads/main refs/remotes/main [1ms]
2024-04-20 22:43:04.305 [warning] ENOENT: no such file or directory, open '/workspace/flaskmvc/.git/refs/remotes/origin/main'
2024-04-20 22:43:04.306 [info] > git rev-parse refs/remotes/origin/main [1ms]
2024-04-20 22:43:04.313 [info] > git status -z -uall [2ms]
2024-04-20 22:43:23.073 [info] > git config --get commit.template [1ms]
2024-04-20 22:43:23.084 [info] > git for-each-ref --format=%(refname)%00%(upstream:short)%00%(objectname)%00%(upstream:track)%00%(upstream:remotename)%00%(upstream:remoteref) refs/heads/main refs/remotes/main [2ms]
2024-04-20 22:43:23.090 [warning] ENOENT: no such file or directory, open '/workspace/flaskmvc/.git/refs/remotes/origin/main'
2024-04-20 22:43:23.091 [info] > git rev-parse refs/remotes/origin/main [1ms]
2024-04-20 22:43:23.098 [info] > git status -z -uall [1ms]
2024-04-20 22:44:45.391 [info] > git config --get commit.template [6ms]
2024-04-20 22:44:45.391 [info] > git for-each-ref --format=%(refname)%00%(upstream:short)%00%(objectname)%00%(upstream:track)%00%(upstream:remotename)%00%(upstream:remoteref) refs/heads/main refs/remotes/main [1ms]
2024-04-20 22:44:45.398 [warning] ENOENT: no such file or directory, open '/workspace/flaskmvc/.git/refs/remotes/origin/main'
2024-04-20 22:44:45.399 [info] > git rev-parse refs/remotes/origin/main [0ms]
2024-04-20 22:44:45.406 [info] > git status -z -uall [2ms]
2024-04-20 22:45:03.689 [info] > git config --get commit.template [7ms]
2024-04-20 22:45:03.690 [info] > git for-each-ref --format=%(refname)%00%(upstream:short)%00%(objectname)%00%(upstream:track)%00%(upstream:remotename)%00%(upstream:remoteref) refs/heads/main refs/remotes/main [1ms]
2024-04-20 22:45:03.697 [warning] ENOENT: no such file or directory, open '/workspace/flaskmvc/.git/refs/remotes/origin/main'
2024-04-20 22:45:03.697 [info] > git rev-parse refs/remotes/origin/main [1ms]
2024-04-20 22:45:03.705 [info] > git status -z -uall [2ms]
2024-04-20 22:47:06.513 [info] > git config --get commit.template [1ms]
2024-04-20 22:47:06.521 [info] > git for-each-ref --format=%(refname)%00%(upstream:short)%00%(objectname)%00%(upstream:track)%00%(upstream:remotename)%00%(upstream:remoteref) refs/heads/main refs/remotes/main [2ms]
2024-04-20 22:47:06.528 [warning] ENOENT: no such file or directory, open '/workspace/flaskmvc/.git/refs/remotes/origin/main'
2024-04-20 22:47:06.529 [info] > git rev-parse refs/remotes/origin/main [1ms]
2024-04-20 22:47:06.537 [info] > git status -z -uall [2ms]
2024-04-20 22:47:17.427 [info] > git config --get commit.template [7ms]
2024-04-20 22:47:17.427 [info] > git for-each-ref --format=%(refname)%00%(upstream:short)%00%(objectname)%00%(upstream:track)%00%(upstream:remotename)%00%(upstream:remoteref) refs/heads/main refs/remotes/main [1ms]
2024-04-20 22:47:17.433 [warning] ENOENT: no such file or directory, open '/workspace/flaskmvc/.git/refs/remotes/origin/main'
2024-04-20 22:47:17.434 [info] > git rev-parse refs/remotes/origin/main [1ms]
2024-04-20 22:47:17.441 [info] > git status -z -uall [1ms]
2024-04-20 22:47:25.826 [info] > git config --local branch.main.github-pr-owner-number [1ms]
2024-04-20 22:47:25.826 [warning] git config failed: Failed to execute git
2024-04-20 22:47:38.384 [info] > git config --get commit.template [6ms]
2024-04-20 22:47:38.385 [info] > git for-each-ref --format=%(refname)%00%(upstream:short)%00%(objectname)%00%(upstream:track)%00%(upstream:remotename)%00%(upstream:remoteref) refs/heads/main refs/remotes/main [1ms]
2024-04-20 22:47:38.391 [warning] ENOENT: no such file or directory, open '/workspace/flaskmvc/.git/refs/remotes/origin/main'
2024-04-20 22:47:38.392 [info] > git rev-parse refs/remotes/origin/main [0ms]
2024-04-20 22:47:38.399 [info] > git status -z -uall [2ms]
2024-04-20 22:47:59.366 [info] > git config --get commit.template [6ms]
2024-04-20 22:47:59.367 [info] > git for-each-ref --format=%(refname)%00%(upstream:short)%00%(objectname)%00%(upstream:track)%00%(upstream:remotename)%00%(upstream:remoteref) refs/heads/main refs/remotes/main [1ms]
2024-04-20 22:47:59.373 [warning] ENOENT: no such file or directory, open '/workspace/flaskmvc/.git/refs/remotes/origin/main'
2024-04-20 22:47:59.374 [info] > git rev-parse refs/remotes/origin/main [1ms]
2024-04-20 22:47:59.381 [info] > git status -z -uall [1ms]
2024-04-20 22:48:16.584 [info] > git config --get commit.template [6ms]
2024-04-20 22:48:16.584 [info] > git for-each-ref --format=%(refname)%00%(upstream:short)%00%(objectname)%00%(upstream:track)%00%(upstream:remotename)%00%(upstream:remoteref) refs/heads/main refs/remotes/main [1ms]
2024-04-20 22:48:16.590 [warning] ENOENT: no such file or directory, open '/workspace/flaskmvc/.git/refs/remotes/origin/main'
2024-04-20 22:48:16.591 [info] > git rev-parse refs/remotes/origin/main [1ms]
2024-04-20 22:48:16.597 [info] > git status -z -uall [1ms]
2024-04-20 22:48:47.564 [info] > git show --textconv :App/templates/temp.html [35ms]
2024-04-20 22:48:47.564 [info] > git ls-files --stage -- /workspace/flaskmvc/App/templates/temp.html [4ms]
2024-04-20 22:48:47.581 [info] > git cat-file -s 166ad2db736fbbc1d0113c8bac39df4638a155d8 [2ms]
2024-04-20 22:49:55.599 [info] > git config --get commit.template [6ms]
2024-04-20 22:49:55.600 [info] > git for-each-ref --format=%(refname)%00%(upstream:short)%00%(objectname)%00%(upstream:track)%00%(upstream:remotename)%00%(upstream:remoteref) refs/heads/main refs/remotes/main [2ms]
2024-04-20 22:49:55.620 [warning] ENOENT: no such file or directory, open '/workspace/flaskmvc/.git/refs/remotes/origin/main'
2024-04-20 22:49:55.621 [info] > git rev-parse refs/remotes/origin/main [1ms]
2024-04-20 22:49:55.636 [info] > git status -z -uall [2ms]
2024-04-20 22:50:00.841 [info] > git config --get commit.template [7ms]
2024-04-20 22:50:00.842 [info] > git for-each-ref --format=%(refname)%00%(upstream:short)%00%(objectname)%00%(upstream:track)%00%(upstream:remotename)%00%(upstream:remoteref) refs/heads/main refs/remotes/main [1ms]
2024-04-20 22:50:00.848 [warning] ENOENT: no such file or directory, open '/workspace/flaskmvc/.git/refs/remotes/origin/main'
2024-04-20 22:50:00.849 [info] > git rev-parse refs/remotes/origin/main [1ms]
2024-04-20 22:50:00.856 [info] > git status -z -uall [2ms]
2024-04-20 22:50:05.873 [info] > git config --get commit.template [5ms]
2024-04-20 22:50:05.873 [info] > git for-each-ref --format=%(refname)%00%(upstream:short)%00%(objectname)%00%(upstream:track)%00%(upstream:remotename)%00%(upstream:remoteref) refs/heads/main refs/remotes/main [1ms]
2024-04-20 22:50:05.883 [warning] ENOENT: no such file or directory, open '/workspace/flaskmvc/.git/refs/remotes/origin/main'
2024-04-20 22:50:05.884 [info] > git rev-parse refs/remotes/origin/main [2ms]
2024-04-20 22:50:05.893 [info] > git status -z -uall [2ms]
2024-04-20 22:50:15.540 [info] > git config --get commit.template [8ms]
2024-04-20 22:50:15.540 [info] > git for-each-ref --format=%(refname)%00%(upstream:short)%00%(objectname)%00%(upstream:track)%00%(upstream:remotename)%00%(upstream:remoteref) refs/heads/main refs/remotes/main [1ms]
2024-04-20 22:50:15.546 [warning] ENOENT: no such file or directory, open '/workspace/flaskmvc/.git/refs/remotes/origin/main'
2024-04-20 22:50:15.547 [info] > git rev-parse refs/remotes/origin/main [1ms]
2024-04-20 22:50:15.556 [info] > git status -z -uall [2ms]
2024-04-20 22:50:22.621 [info] > git config --get commit.template [9ms]
2024-04-20 22:50:22.636 [info] > git for-each-ref --format=%(refname)%00%(upstream:short)%00%(objectname)%00%(upstream:track)%00%(upstream:remotename)%00%(upstream:remoteref) refs/heads/main refs/remotes/main [1ms]
2024-04-20 22:50:22.642 [warning] ENOENT: no such file or directory, open '/workspace/flaskmvc/.git/refs/remotes/origin/main'
2024-04-20 22:50:22.642 [info] > git rev-parse refs/remotes/origin/main [1ms]
2024-04-20 22:50:22.650 [info] > git status -z -uall [1ms]
2024-04-20 22:50:28.387 [info] > git config --get commit.template [7ms]
2024-04-20 22:50:28.388 [info] > git for-each-ref --format=%(refname)%00%(upstream:short)%00%(objectname)%00%(upstream:track)%00%(upstream:remotename)%00%(upstream:remoteref) refs/heads/main refs/remotes/main [2ms]
2024-04-20 22:50:28.394 [warning] ENOENT: no such file or directory, open '/workspace/flaskmvc/.git/refs/remotes/origin/main'
2024-04-20 22:50:28.395 [info] > git rev-parse refs/remotes/origin/main [1ms]
2024-04-20 22:50:28.405 [info] > git status -z -uall [1ms]
2024-04-20 22:50:33.435 [info] > git config --get commit.template [9ms]
2024-04-20 22:50:33.436 [info] > git for-each-ref --format=%(refname)%00%(upstream:short)%00%(objectname)%00%(upstream:track)%00%(upstream:remotename)%00%(upstream:remoteref) refs/heads/main refs/remotes/main [2ms]
2024-04-20 22:50:33.441 [warning] ENOENT: no such file or directory, open '/workspace/flaskmvc/.git/refs/remotes/origin/main'
2024-04-20 22:50:33.442 [info] > git rev-parse refs/remotes/origin/main [1ms]
2024-04-20 22:50:33.449 [info] > git status -z -uall [2ms]
2024-04-20 22:50:38.465 [info] > git config --get commit.template [6ms]
2024-04-20 22:50:38.466 [info] > git for-each-ref --format=%(refname)%00%(upstream:short)%00%(objectname)%00%(upstream:track)%00%(upstream:remotename)%00%(upstream:remoteref) refs/heads/main refs/remotes/main [1ms]
2024-04-20 22:50:38.471 [warning] ENOENT: no such file or directory, open '/workspace/flaskmvc/.git/refs/remotes/origin/main'
2024-04-20 22:50:38.472 [info] > git rev-parse refs/remotes/origin/main [1ms]
2024-04-20 22:50:38.482 [info] > git status -z -uall [1ms]
2024-04-20 22:50:45.203 [info] > git config --get commit.template [8ms]
2024-04-20 22:50:45.204 [info] > git for-each-ref --format=%(refname)%00%(upstream:short)%00%(objectname)%00%(upstream:track)%00%(upstream:remotename)%00%(upstream:remoteref) refs/heads/main refs/remotes/main [2ms]
2024-04-20 22:50:45.229 [warning] ENOENT: no such file or directory, open '/workspace/flaskmvc/.git/refs/remotes/origin/main'
2024-04-20 22:50:45.230 [info] > git rev-parse refs/remotes/origin/main [1ms]
2024-04-20 22:50:45.243 [info] > git status -z -uall [2ms]
2024-04-20 22:50:50.260 [info] > git config --get commit.template [6ms]
2024-04-20 22:50:50.260 [info] > git for-each-ref --format=%(refname)%00%(upstream:short)%00%(objectname)%00%(upstream:track)%00%(upstream:remotename)%00%(upstream:remoteref) refs/heads/main refs/remotes/main [1ms]
2024-04-20 22:50:50.266 [warning] ENOENT: no such file or directory, open '/workspace/flaskmvc/.git/refs/remotes/origin/main'
2024-04-20 22:50:50.267 [info] > git rev-parse refs/remotes/origin/main [1ms]
2024-04-20 22:50:50.274 [info] > git status -z -uall [2ms]
2024-04-20 22:51:19.594 [info] > git config --get commit.template [1ms]
2024-04-20 22:51:19.609 [info] > git for-each-ref --format=%(refname)%00%(upstream:short)%00%(objectname)%00%(upstream:track)%00%(upstream:remotename)%00%(upstream:remoteref) refs/heads/main refs/remotes/main [1ms]
2024-04-20 22:51:19.626 [warning] ENOENT: no such file or directory, open '/workspace/flaskmvc/.git/refs/remotes/origin/main'
2024-04-20 22:51:19.628 [info] > git rev-parse refs/remotes/origin/main [2ms]
2024-04-20 22:51:19.638 [info] > git status -z -uall [2ms]
2024-04-20 22:52:12.874 [info] > git show --textconv :App/static/style.css [9ms]
2024-04-20 22:52:12.875 [info] > git ls-files --stage -- /workspace/flaskmvc/App/static/style.css [1ms]
2024-04-20 22:52:12.887 [info] > git cat-file -s f9129762f8520dd935e0522fc2ff09f9affe8134 [1ms]
2024-04-20 22:52:23.356 [info] > git config --get commit.template [6ms]
2024-04-20 22:52:23.356 [info] > git for-each-ref --format=%(refname)%00%(upstream:short)%00%(objectname)%00%(upstream:track)%00%(upstream:remotename)%00%(upstream:remoteref) refs/heads/main refs/remotes/main [1ms]
2024-04-20 22:52:23.363 [warning] ENOENT: no such file or directory, open '/workspace/flaskmvc/.git/refs/remotes/origin/main'
2024-04-20 22:52:23.365 [info] > git rev-parse refs/remotes/origin/main [2ms]
2024-04-20 22:52:23.373 [info] > git status -z -uall [2ms]
2024-04-20 22:52:25.836 [info] > git config --local branch.main.github-pr-owner-number [1ms]
2024-04-20 22:52:25.836 [warning] git config failed: Failed to execute git
2024-04-20 22:52:58.046 [info] > git config --get commit.template [8ms]
2024-04-20 22:52:58.046 [info] > git for-each-ref --format=%(refname)%00%(upstream:short)%00%(objectname)%00%(upstream:track)%00%(upstream:remotename)%00%(upstream:remoteref) refs/heads/main refs/remotes/main [1ms]
2024-04-20 22:52:58.053 [warning] ENOENT: no such file or directory, open '/workspace/flaskmvc/.git/refs/remotes/origin/main'
2024-04-20 22:52:58.054 [info] > git rev-parse refs/remotes/origin/main [0ms]
2024-04-20 22:52:58.065 [info] > git status -z -uall [2ms]
2024-04-20 22:53:39.188 [info] > git config --get commit.template [11ms]
2024-04-20 22:53:39.188 [info] > git for-each-ref --format=%(refname)%00%(upstream:short)%00%(objectname)%00%(upstream:track)%00%(upstream:remotename)%00%(upstream:remoteref) refs/heads/main refs/remotes/main [1ms]
2024-04-20 22:53:39.199 [warning] ENOENT: no such file or directory, open '/workspace/flaskmvc/.git/refs/remotes/origin/main'
2024-04-20 22:53:39.199 [info] > git rev-parse refs/remotes/origin/main [0ms]
2024-04-20 22:53:39.226 [info] > git status -z -uall [6ms]
2024-04-20 22:54:42.137 [info] > git config --get commit.template [2ms]
2024-04-20 22:54:42.143 [info] > git for-each-ref --format=%(refname)%00%(upstream:short)%00%(objectname)%00%(upstream:track)%00%(upstream:remotename)%00%(upstream:remoteref) refs/heads/main refs/remotes/main [1ms]
2024-04-20 22:54:42.149 [warning] ENOENT: no such file or directory, open '/workspace/flaskmvc/.git/refs/remotes/origin/main'
2024-04-20 22:54:42.150 [info] > git rev-parse refs/remotes/origin/main [1ms]
2024-04-20 22:54:42.157 [info] > git status -z -uall [2ms]
2024-04-20 22:57:25.857 [info] > git config --local branch.main.github-pr-owner-number [2ms]
2024-04-20 22:57:25.857 [warning] git config failed: Failed to execute git
2024-04-20 22:57:44.352 [info] > git show --textconv :App/models/user.py [16ms]
2024-04-20 22:57:44.352 [info] > git ls-files --stage -- /workspace/flaskmvc/App/models/user.py [2ms]
2024-04-20 22:57:44.359 [info] > git cat-file -s 883da599364de7c55deef282dd772e3737430d25 [1ms]
2024-04-20 22:57:46.496 [info] > git show --textconv :App/models/exercise.py [6ms]
2024-04-20 22:57:46.497 [info] > git ls-files --stage -- /workspace/flaskmvc/App/models/exercise.py [2ms]
2024-04-20 22:57:46.513 [info] > git cat-file -s 5b2f430058cb9e936b7a17b628c3c7b80cd04a37 [5ms]
2024-04-20 22:58:06.773 [info] > git show --textconv :App/models/workout.py [8ms]
2024-04-20 22:58:06.774 [info] > git ls-files --stage -- /workspace/flaskmvc/App/models/workout.py [2ms]
2024-04-20 22:58:06.783 [info] > git cat-file -s 81ac6260eade69c4ab55ef52becda696157f041e [1ms]
2024-04-20 22:58:17.449 [info] > git show --textconv :App/models/__init__.py [20ms]
2024-04-20 22:58:17.449 [info] > git ls-files --stage -- /workspace/flaskmvc/App/models/__init__.py [1ms]
2024-04-20 22:58:17.461 [info] > git cat-file -s 8f5baee014d347094c360655ff1bab7ed9235733 [1ms]
2024-04-20 22:58:28.459 [info] > git check-ignore -v -z --stdin [1ms]
2024-04-20 22:58:32.355 [info] > git show --textconv :App/controllers/auth.py [7ms]
2024-04-20 22:58:32.355 [info] > git ls-files --stage -- /workspace/flaskmvc/App/controllers/auth.py [1ms]
2024-04-20 22:58:32.362 [info] > git cat-file -s bf02ca38be6ac98db4423dbfbe5a6b69b12b0124 [1ms]
2024-04-20 22:58:34.325 [info] > git show --textconv :App/controllers/exercise.py [12ms]
2024-04-20 22:58:34.326 [info] > git ls-files --stage -- /workspace/flaskmvc/App/controllers/exercise.py [2ms]
2024-04-20 22:58:34.334 [info] > git cat-file -s 3f6a0df4437c269d40911dc25a8587d9172bdfca [1ms]
2024-04-20 22:58:35.697 [info] > git show --textconv :App/controllers/initialize.py [8ms]
2024-04-20 22:58:35.697 [info] > git ls-files --stage -- /workspace/flaskmvc/App/controllers/initialize.py [1ms]
2024-04-20 22:58:35.714 [info] > git cat-file -s b0de24df08c9a5a211813e9e5d6c740efe2301bb [1ms]
2024-04-20 22:58:37.347 [info] > git show --textconv :App/controllers/__init__.py [12ms]
2024-04-20 22:58:37.348 [info] > git ls-files --stage -- /workspace/flaskmvc/App/controllers/__init__.py [2ms]
2024-04-20 22:58:37.360 [info] > git cat-file -s 8d3b2bb4ae42ea3b2047ffab1389e875d954dae8 [1ms]
2024-04-20 22:58:39.195 [info] > git show --textconv :App/controllers/user.py [8ms]
2024-04-20 22:58:39.196 [info] > git ls-files --stage -- /workspace/flaskmvc/App/controllers/user.py [1ms]
2024-04-20 22:58:39.217 [info] > git cat-file -s 09b2022ed84082af7272ac7b6ecb346308f4f664 [5ms]
2024-04-20 22:58:48.073 [info] > git show --textconv :App/static/static-user.html [23ms]
2024-04-20 22:58:48.073 [info] > git ls-files --stage -- /workspace/flaskmvc/App/static/static-user.html [1ms]
2024-04-20 22:58:48.092 [info] > git cat-file -s cb423d6cb4d82cf3617f6fa57a2bdda9eef4821d [2ms]
2024-04-20 22:59:01.591 [info] > git check-ignore -v -z --stdin [1ms]
2024-04-20 22:59:02.695 [info] > git show --textconv :App/templates/admin/index.html [6ms]
2024-04-20 22:59:02.696 [info] > git ls-files --stage -- /workspace/flaskmvc/App/templates/admin/index.html [1ms]
2024-04-20 22:59:02.706 [info] > git cat-file -s 59cd19d8bd28d4a4e9a2e363e5966ce4e4a736f1 [2ms]
2024-04-20 22:59:05.334 [info] > git show --textconv :App/templates/401.html [22ms]
2024-04-20 22:59:05.335 [info] > git ls-files --stage -- /workspace/flaskmvc/App/templates/401.html [2ms]
2024-04-20 22:59:05.344 [info] > git cat-file -s 91df1a887bf4d8bac05f45c3324cf2f08c42ab1f [1ms]
2024-04-20 22:59:15.051 [info] > git check-ignore -v -z --stdin [1ms]
2024-04-20 22:59:16.923 [info] > git show --textconv :App/tests/test_app.py [19ms]
2024-04-20 22:59:16.924 [info] > git ls-files --stage -- /workspace/flaskmvc/App/tests/test_app.py [2ms]
2024-04-20 22:59:16.931 [info] > git cat-file -s 62e2dac8b6637809ce240c2a22f9f433f1022dd4 [1ms]
2024-04-20 22:59:18.289 [info] > git show --textconv :App/tests/__init__.py [6ms]
2024-04-20 22:59:18.290 [info] > git ls-files --stage -- /workspace/flaskmvc/App/tests/__init__.py [1ms]
2024-04-20 22:59:18.296 [info] > git cat-file -s f5c872fafc112739eb954b81c55a0be113e106af [1ms]
2024-04-20 22:59:23.031 [info] > git show --textconv :App/views/index.py [11ms]
2024-04-20 22:59:23.032 [info] > git ls-files --stage -- /workspace/flaskmvc/App/views/index.py [2ms]
2024-04-20 22:59:23.043 [info] > git cat-file -s 872ead21279dc8de8edde71009a1a2cf612693eb [2ms]
2024-04-20 22:59:24.242 [info] > git show --textconv :App/database.py [10ms]
2024-04-20 22:59:24.242 [info] > git ls-files --stage -- /workspace/flaskmvc/App/database.py [1ms]
2024-04-20 22:59:24.252 [info] > git cat-file -s 291dbac9354ec6b12431bb4a6ff0f766d7d825f1 [1ms]
2024-04-20 22:59:31.341 [info] > git show --textconv :App/config.py [7ms]
2024-04-20 22:59:31.342 [info] > git ls-files --stage -- /workspace/flaskmvc/App/config.py [1ms]
2024-04-20 22:59:31.354 [info] > git cat-file -s c34caffda461779338cd27d1fdd57191743f80ba [1ms]
2024-04-20 22:59:34.140 [info] > git show --textconv :App/default_config.py [6ms]
2024-04-20 22:59:34.140 [info] > git ls-files --stage -- /workspace/flaskmvc/App/default_config.py [1ms]
2024-04-20 22:59:34.147 [info] > git cat-file -s cc14a54c208b85cb9009feafe5f69d39c6cc90d3 [1ms]
2024-04-20 22:59:38.072 [info] > git check-ignore -v -z --stdin [2ms]
2024-04-20 23:00:04.978 [info] > git check-ignore -v -z --stdin [1ms]
2024-04-20 23:00:05.577 [info] > git check-ignore -v -z --stdin [1ms]
2024-04-20 23:00:07.767 [info] > git show --textconv :pytest.ini [7ms]
2024-04-20 23:00:07.768 [info] > git ls-files --stage -- /workspace/flaskmvc/pytest.ini [1ms]
2024-04-20 23:00:07.775 [info] > git cat-file -s 4d36d99a6742dda5388d7303e1205cb12ce205ce [2ms]
2024-04-20 23:00:11.141 [info] > git show --textconv :App/static/style.css [12ms]
2024-04-20 23:00:11.142 [info] > git ls-files --stage -- /workspace/flaskmvc/App/static/style.css [1ms]
2024-04-20 23:00:11.155 [info] > git cat-file -s f9129762f8520dd935e0522fc2ff09f9affe8134 [2ms]
2024-04-20 23:00:49.642 [info] > git show --textconv :.python-version [11ms]
2024-04-20 23:00:49.643 [info] > git ls-files --stage -- /workspace/flaskmvc/.python-version [1ms]
2024-04-20 23:00:49.653 [info] > git cat-file -s 0a590336d5996461bb614a2b45ad675376e2d4d6 [1ms]
2024-04-20 23:01:18.342 [info] > git show --textconv :App/templates/temp.html [8ms]
2024-04-20 23:01:18.343 [info] > git ls-files --stage -- /workspace/flaskmvc/App/templates/temp.html [1ms]
2024-04-20 23:01:18.350 [info] > git cat-file -s 166ad2db736fbbc1d0113c8bac39df4638a155d8 [1ms]
2024-04-20 23:02:25.867 [info] > git config --local branch.main.github-pr-owner-number [1ms]
2024-04-20 23:02:25.867 [warning] git config failed: Failed to execute git
2024-04-20 23:03:47.630 [info] > git show --textconv :App/templates/routine.html [19ms]
2024-04-20 23:03:47.631 [info] > git ls-files --stage -- /workspace/flaskmvc/App/templates/routine.html [1ms]
2024-04-20 23:03:47.638 [info] > git cat-file -s 06b04abdadd21757a40e93691fa7dbbf9d1ffd6a [1ms]
2024-04-20 23:04:53.250 [info] > git config --get commit.template [6ms]
2024-04-20 23:04:53.251 [info] > git for-each-ref --format=%(refname)%00%(upstream:short)%00%(objectname)%00%(upstream:track)%00%(upstream:remotename)%00%(upstream:remoteref) refs/heads/main refs/remotes/main [1ms]
2024-04-20 23:04:53.257 [warning] ENOENT: no such file or directory, open '/workspace/flaskmvc/.git/refs/remotes/origin/main'
2024-04-20 23:04:53.258 [info] > git rev-parse refs/remotes/origin/main [1ms]
2024-04-20 23:04:53.265 [info] > git status -z -uall [2ms]
2024-04-20 23:05:09.572 [info] > git config --get commit.template [7ms]
2024-04-20 23:05:09.572 [info] > git for-each-ref --format=%(refname)%00%(upstream:short)%00%(objectname)%00%(upstream:track)%00%(upstream:remotename)%00%(upstream:remoteref) refs/heads/main refs/remotes/main [1ms]
2024-04-20 23:05:09.578 [warning] ENOENT: no such file or directory, open '/workspace/flaskmvc/.git/refs/remotes/origin/main'
2024-04-20 23:05:09.579 [info] > git rev-parse refs/remotes/origin/main [1ms]
2024-04-20 23:05:09.586 [info] > git status -z -uall [2ms]
2024-04-20 23:05:19.169 [info] > git show --textconv :App/templates/routineview.html [9ms]
2024-04-20 23:05:19.169 [info] > git ls-files --stage -- /workspace/flaskmvc/App/templates/routineview.html [1ms]
2024-04-20 23:05:19.176 [info] > git cat-file -s 232850f512d4df879917046c428263bd07cd226f [1ms]
2024-04-20 23:06:05.651 [info] > git config --get commit.template [12ms]
2024-04-20 23:06:05.651 [info] > git for-each-ref --format=%(refname)%00%(upstream:short)%00%(objectname)%00%(upstream:track)%00%(upstream:remotename)%00%(upstream:remoteref) refs/heads/main refs/remotes/main [2ms]
2024-04-20 23:06:05.662 [warning] ENOENT: no such file or directory, open '/workspace/flaskmvc/.git/refs/remotes/origin/main'
2024-04-20 23:06:05.664 [info] > git rev-parse refs/remotes/origin/main [2ms]
2024-04-20 23:06:05.676 [info] > git status -z -uall [1ms]
2024-04-20 23:06:10.696 [info] > git config --get commit.template [7ms]
2024-04-20 23:06:10.696 [info] > git for-each-ref --format=%(refname)%00%(upstream:short)%00%(objectname)%00%(upstream:track)%00%(upstream:remotename)%00%(upstream:remoteref) refs/heads/main refs/remotes/main [1ms]
2024-04-20 23:06:10.702 [warning] ENOENT: no such file or directory, open '/workspace/flaskmvc/.git/refs/remotes/origin/main'
2024-04-20 23:06:10.703 [info] > git rev-parse refs/remotes/origin/main [1ms]
2024-04-20 23:06:10.710 [info] > git status -z -uall [2ms]
2024-04-20 23:06:15.727 [info] > git config --get commit.template [6ms]
2024-04-20 23:06:15.728 [info] > git for-each-ref --format=%(refname)%00%(upstream:short)%00%(objectname)%00%(upstream:track)%00%(upstream:remotename)%00%(upstream:remoteref) refs/heads/main refs/remotes/main [2ms]
2024-04-20 23:06:15.734 [warning] ENOENT: no such file or directory, open '/workspace/flaskmvc/.git/refs/remotes/origin/main'
2024-04-20 23:06:15.735 [info] > git rev-parse refs/remotes/origin/main [1ms]
2024-04-20 23:06:15.742 [info] > git status -z -uall [2ms]
2024-04-20 23:06:21.924 [info] > git config --get commit.template [8ms]
2024-04-20 23:06:21.924 [info] > git for-each-ref --format=%(refname)%00%(upstream:short)%00%(objectname)%00%(upstream:track)%00%(upstream:remotename)%00%(upstream:remoteref) refs/heads/main refs/remotes/main [1ms]
2024-04-20 23:06:21.931 [warning] ENOENT: no such file or directory, open '/workspace/flaskmvc/.git/refs/remotes/origin/main'
2024-04-20 23:06:21.932 [info] > git rev-parse refs/remotes/origin/main [2ms]
2024-04-20 23:06:21.939 [info] > git status -z -uall [1ms]
2024-04-20 23:07:25.880 [info] > git config --local branch.main.github-pr-owner-number [1ms]
2024-04-20 23:07:25.880 [warning] git config failed: Failed to execute git
2024-04-20 23:07:35.338 [info] > git config --get commit.template [7ms]
2024-04-20 23:07:35.339 [info] > git for-each-ref --format=%(refname)%00%(upstream:short)%00%(objectname)%00%(upstream:track)%00%(upstream:remotename)%00%(upstream:remoteref) refs/heads/main refs/remotes/main [2ms]
2024-04-20 23:07:35.346 [warning] ENOENT: no such file or directory, open '/workspace/flaskmvc/.git/refs/remotes/origin/main'
2024-04-20 23:07:35.347 [info] > git rev-parse refs/remotes/origin/main [1ms]
2024-04-20 23:07:35.354 [info] > git status -z -uall [2ms]
2024-04-20 23:08:02.062 [info] > git config --get commit.template [8ms]
2024-04-20 23:08:02.064 [info] > git for-each-ref --format=%(refname)%00%(upstream:short)%00%(objectname)%00%(upstream:track)%00%(upstream:remotename)%00%(upstream:remoteref) refs/heads/main refs/remotes/main [2ms]
2024-04-20 23:08:02.070 [warning] ENOENT: no such file or directory, open '/workspace/flaskmvc/.git/refs/remotes/origin/main'
2024-04-20 23:08:02.071 [info] > git rev-parse refs/remotes/origin/main [1ms]
2024-04-20 23:08:02.079 [info] > git status -z -uall [2ms]
2024-04-20 23:08:17.827 [info] > git config --get commit.template [7ms]
2024-04-20 23:08:17.828 [info] > git for-each-ref --format=%(refname)%00%(upstream:short)%00%(objectname)%00%(upstream:track)%00%(upstream:remotename)%00%(upstream:remoteref) refs/heads/main refs/remotes/main [2ms]
2024-04-20 23:08:17.837 [warning] ENOENT: no such file or directory, open '/workspace/flaskmvc/.git/refs/remotes/origin/main'
2024-04-20 23:08:17.838 [info] > git rev-parse refs/remotes/origin/main [1ms]
2024-04-20 23:08:17.847 [info] > git status -z -uall [2ms]
2024-04-20 23:08:23.025 [info] > git config --get commit.template [7ms]
2024-04-20 23:08:23.026 [info] > git for-each-ref --format=%(refname)%00%(upstream:short)%00%(objectname)%00%(upstream:track)%00%(upstream:remotename)%00%(upstream:remoteref) refs/heads/main refs/remotes/main [1ms]
2024-04-20 23:08:23.033 [warning] ENOENT: no such file or directory, open '/workspace/flaskmvc/.git/refs/remotes/origin/main'
2024-04-20 23:08:23.047 [info] > git show --textconv :App/templates/routine.html [8ms]
2024-04-20 23:08:23.047 [info] > git rev-parse refs/remotes/origin/main [15ms]
2024-04-20 23:08:23.054 [info] > git ls-files --stage -- /workspace/flaskmvc/App/templates/routine.html [8ms]
2024-04-20 23:08:23.060 [info] > git status -z -uall [7ms]
2024-04-20 23:08:23.062 [info] > git cat-file -s 06b04abdadd21757a40e93691fa7dbbf9d1ffd6a [3ms]
2024-04-20 23:08:25.175 [info] > git show --textconv :App/templates/routineview.html [7ms]
2024-04-20 23:08:25.176 [info] > git ls-files --stage -- /workspace/flaskmvc/App/templates/routineview.html [1ms]
2024-04-20 23:08:25.183 [info] > git cat-file -s 232850f512d4df879917046c428263bd07cd226f [1ms]
2024-04-20 23:08:30.602 [info] > git config --get commit.template [7ms]
2024-04-20 23:08:30.603 [info] > git for-each-ref --format=%(refname)%00%(upstream:short)%00%(objectname)%00%(upstream:track)%00%(upstream:remotename)%00%(upstream:remoteref) refs/heads/main refs/remotes/main [1ms]
2024-04-20 23:08:30.608 [warning] ENOENT: no such file or directory, open '/workspace/flaskmvc/.git/refs/remotes/origin/main'
2024-04-20 23:08:30.609 [info] > git rev-parse refs/remotes/origin/main [1ms]
2024-04-20 23:08:30.616 [info] > git status -z -uall [1ms]
2024-04-20 23:08:40.640 [info] > git config --get commit.template [12ms]
2024-04-20 23:08:40.640 [info] > git for-each-ref --format=%(refname)%00%(upstream:short)%00%(objectname)%00%(upstream:track)%00%(upstream:remotename)%00%(upstream:remoteref) refs/heads/main refs/remotes/main [1ms]
2024-04-20 23:08:40.651 [warning] ENOENT: no such file or directory, open '/workspace/flaskmvc/.git/refs/remotes/origin/main'
2024-04-20 23:08:40.652 [info] > git rev-parse refs/remotes/origin/main [1ms]
2024-04-20 23:08:40.665 [info] > git status -z -uall [2ms]
2024-04-20 23:09:21.583 [info] > git show --textconv :App/templates/temp.html [8ms]
2024-04-20 23:09:21.584 [info] > git ls-files --stage -- /workspace/flaskmvc/App/templates/temp.html [2ms]
2024-04-20 23:09:21.590 [info] > git cat-file -s 166ad2db736fbbc1d0113c8bac39df4638a155d8 [1ms]
2024-04-20 23:09:37.316 [info] > git config --get commit.template [7ms]
2024-04-20 23:09:37.317 [info] > git for-each-ref --format=%(refname)%00%(upstream:short)%00%(objectname)%00%(upstream:track)%00%(upstream:remotename)%00%(upstream:remoteref) refs/heads/main refs/remotes/main [2ms]
2024-04-20 23:09:37.323 [warning] ENOENT: no such file or directory, open '/workspace/flaskmvc/.git/refs/remotes/origin/main'
2024-04-20 23:09:37.324 [info] > git rev-parse refs/remotes/origin/main [1ms]
2024-04-20 23:09:37.332 [info] > git status -z -uall [2ms]
2024-04-20 23:09:37.482 [info] > git show --textconv :App/templates/login.html [5ms]
2024-04-20 23:09:37.483 [info] > git ls-files --stage -- /workspace/flaskmvc/App/templates/login.html [1ms]
2024-04-20 23:09:37.489 [info] > git cat-file -s 57e860fa0cc5a84c2326dbb756196f2254f285d3 [1ms]
2024-04-20 23:09:41.158 [info] > git show --textconv :App/templates/layout.html [6ms]
2024-04-20 23:09:41.159 [info] > git ls-files --stage -- /workspace/flaskmvc/App/templates/layout.html [1ms]
2024-04-20 23:09:41.166 [info] > git cat-file -s 149d32901a2b1ff97f3fe1417a254616d5891749 [2ms]
2024-04-20 23:09:48.367 [info] > git config --get commit.template [7ms]
2024-04-20 23:09:48.368 [info] > git for-each-ref --format=%(refname)%00%(upstream:short)%00%(objectname)%00%(upstream:track)%00%(upstream:remotename)%00%(upstream:remoteref) refs/heads/main refs/remotes/main [1ms]
2024-04-20 23:09:48.374 [warning] ENOENT: no such file or directory, open '/workspace/flaskmvc/.git/refs/remotes/origin/main'
2024-04-20 23:09:48.375 [info] > git rev-parse refs/remotes/origin/main [1ms]
2024-04-20 23:09:48.382 [info] > git status -z -uall [2ms]
2024-04-20 23:09:53.760 [info] > git show --textconv :App/static/style.css [6ms]
2024-04-20 23:09:53.760 [info] > git ls-files --stage -- /workspace/flaskmvc/App/static/style.css [1ms]
2024-04-20 23:09:53.771 [info] > git cat-file -s f9129762f8520dd935e0522fc2ff09f9affe8134 [1ms]
2024-04-20 23:11:36.439 [info] > git config --get commit.template [7ms]
2024-04-20 23:11:36.439 [info] > git for-each-ref --format=%(refname)%00%(upstream:short)%00%(objectname)%00%(upstream:track)%00%(upstream:remotename)%00%(upstream:remoteref) refs/heads/main refs/remotes/main [1ms]
2024-04-20 23:11:36.445 [warning] ENOENT: no such file or directory, open '/workspace/flaskmvc/.git/refs/remotes/origin/main'
2024-04-20 23:11:36.446 [info] > git rev-parse refs/remotes/origin/main [1ms]
2024-04-20 23:11:36.453 [info] > git status -z -uall [2ms]
2024-04-20 23:11:41.473 [info] > git config --get commit.template [7ms]
2024-04-20 23:11:41.474 [info] > git for-each-ref --format=%(refname)%00%(upstream:short)%00%(objectname)%00%(upstream:track)%00%(upstream:remotename)%00%(upstream:remoteref) refs/heads/main refs/remotes/main [2ms]
2024-04-20 23:11:41.480 [warning] ENOENT: no such file or directory, open '/workspace/flaskmvc/.git/refs/remotes/origin/main'
2024-04-20 23:11:41.480 [info] > git rev-parse refs/remotes/origin/main [0ms]
2024-04-20 23:11:41.488 [info] > git status -z -uall [2ms]
2024-04-20 23:11:53.341 [info] > git show --textconv :App/templates/index.html [8ms]
2024-04-20 23:11:53.342 [info] > git ls-files --stage -- /workspace/flaskmvc/App/templates/index.html [2ms]
2024-04-20 23:11:53.354 [info] > git cat-file -s 6289597b1c462dced3d180fc5a4b419fc54c32b4 [1ms]
2024-04-20 23:11:59.679 [info] > git config --get commit.template [6ms]
2024-04-20 23:11:59.681 [info] > git for-each-ref --format=%(refname)%00%(upstream:short)%00%(objectname)%00%(upstream:track)%00%(upstream:remotename)%00%(upstream:remoteref) refs/heads/main refs/remotes/main [2ms]
2024-04-20 23:11:59.687 [warning] ENOENT: no such file or directory, open '/workspace/flaskmvc/.git/refs/remotes/origin/main'
2024-04-20 23:11:59.687 [info] > git rev-parse refs/remotes/origin/main [1ms]
2024-04-20 23:11:59.695 [info] > git status -z -uall [2ms]
2024-04-20 23:12:16.482 [info] > git show --textconv :App/templates/routine.html [6ms]
2024-04-20 23:12:16.483 [info] > git ls-files --stage -- /workspace/flaskmvc/App/templates/routine.html [1ms]
2024-04-20 23:12:16.489 [info] > git cat-file -s 06b04abdadd21757a40e93691fa7dbbf9d1ffd6a [1ms]
2024-04-20 23:12:17.094 [info] > git config --get commit.template [7ms]
2024-04-20 23:12:17.095 [info] > git for-each-ref --format=%(refname)%00%(upstream:short)%00%(objectname)%00%(upstream:track)%00%(upstream:remotename)%00%(upstream:remoteref) refs/heads/main refs/remotes/main [2ms]
2024-04-20 23:12:17.101 [warning] ENOENT: no such file or directory, open '/workspace/flaskmvc/.git/refs/remotes/origin/main'
2024-04-20 23:12:17.101 [info] > git rev-parse refs/remotes/origin/main [0ms]
2024-04-20 23:12:17.111 [info] > git status -z -uall [2ms]
2024-04-20 23:12:23.203 [info] > git show --textconv :App/templates/routineview.html [12ms]
2024-04-20 23:12:23.204 [info] > git ls-files --stage -- /workspace/flaskmvc/App/templates/routineview.html [2ms]
2024-04-20 23:12:23.223 [info] > git cat-file -s 232850f512d4df879917046c428263bd07cd226f [2ms]
2024-04-20 23:12:23.745 [info] > git config --get commit.template [6ms]
2024-04-20 23:12:23.746 [info] > git for-each-ref --format=%(refname)%00%(upstream:short)%00%(objectname)%00%(upstream:track)%00%(upstream:remotename)%00%(upstream:remoteref) refs/heads/main refs/remotes/main [2ms]
2024-04-20 23:12:23.752 [warning] ENOENT: no such file or directory, open '/workspace/flaskmvc/.git/refs/remotes/origin/main'
2024-04-20 23:12:23.753 [info] > git rev-parse refs/remotes/origin/main [1ms]
2024-04-20 23:12:23.760 [info] > git status -z -uall [2ms]
2024-04-20 23:12:25.893 [info] > git config --local branch.main.github-pr-owner-number [1ms]
2024-04-20 23:12:25.893 [warning] git config failed: Failed to execute git
2024-04-20 23:12:28.195 [info] > git show --textconv :App/templates/temp.html [7ms]
2024-04-20 23:12:28.195 [info] > git ls-files --stage -- /workspace/flaskmvc/App/templates/temp.html [1ms]
2024-04-20 23:12:28.209 [info] > git cat-file -s 166ad2db736fbbc1d0113c8bac39df4638a155d8 [1ms]
2024-04-20 23:12:28.778 [info] > git config --get commit.template [6ms]
2024-04-20 23:12:28.778 [info] > git for-each-ref --format=%(refname)%00%(upstream:short)%00%(objectname)%00%(upstream:track)%00%(upstream:remotename)%00%(upstream:remoteref) refs/heads/main refs/remotes/main [1ms]
2024-04-20 23:12:28.783 [warning] ENOENT: no such file or directory, open '/workspace/flaskmvc/.git/refs/remotes/origin/main'
2024-04-20 23:12:28.784 [info] > git rev-parse refs/remotes/origin/main [1ms]
2024-04-20 23:12:28.791 [info] > git status -z -uall [1ms]
2024-04-20 23:17:25.909 [info] > git config --local branch.main.github-pr-owner-number [2ms]
2024-04-20 23:17:25.909 [warning] git config failed: Failed to execute git
2024-04-20 23:22:25.920 [info] > git config --local branch.main.github-pr-owner-number [1ms]
2024-04-20 23:22:25.920 [warning] git config failed: Failed to execute git
2024-04-20 23:27:25.931 [info] > git config --local branch.main.github-pr-owner-number [1ms]
2024-04-20 23:27:25.932 [warning] git config failed: Failed to execute git
2024-04-20 23:32:25.944 [info] > git config --local branch.main.github-pr-owner-number [1ms]
2024-04-20 23:32:25.945 [warning] git config failed: Failed to execute git
2024-04-20 23:37:25.954 [info] > git config --local branch.main.github-pr-owner-number [1ms]
2024-04-20 23:37:25.954 [warning] git config failed: Failed to execute git
2024-04-20 23:42:25.968 [info] > git config --local branch.main.github-pr-owner-number [1ms]
2024-04-20 23:42:25.969 [warning] git config failed: Failed to execute git
2024-04-20 23:47:25.982 [info] > git config --local branch.main.github-pr-owner-number [1ms]
2024-04-20 23:47:25.982 [warning] git config failed: Failed to execute git
2024-04-20 23:52:25.993 [info] > git config --local branch.main.github-pr-owner-number [1ms]
2024-04-20 23:52:25.993 [warning] git config failed: Failed to execute git
2024-04-20 23:57:26.006 [info] > git config --local branch.main.github-pr-owner-number [1ms]
2024-04-20 23:57:26.006 [warning] git config failed: Failed to execute git
