2024-04-21 03:25:30.843 [info] Log level: Info
2024-04-21 03:25:30.843 [info] Validating found git in: "git"
2024-04-21 03:25:30.843 [info] Using git "2.43.2" from "git"
2024-04-21 03:25:30.843 [info] > git rev-parse --show-toplevel [44ms]
2024-04-21 03:25:30.843 [info] > git rev-parse --git-dir --git-common-dir [35ms]
2024-04-21 03:25:30.843 [info] Open repository: /workspace/flaskmvc
2024-04-21 03:25:30.843 [info] > git rev-parse --show-toplevel [30ms]
2024-04-21 03:25:30.843 [info] > git config --get commit.template [36ms]
2024-04-21 03:25:30.843 [info] > git for-each-ref --format=%(refname)%00%(upstream:short)%00%(objectname)%00%(upstream:track)%00%(upstream:remotename)%00%(upstream:remoteref) refs/heads/main refs/remotes/main [5ms]
2024-04-21 03:25:30.843 [info] > git rev-parse --show-toplevel [10ms]
2024-04-21 03:25:30.843 [warning] ENOENT: no such file or directory, open '/workspace/flaskmvc/.git/refs/remotes/origin/main'
2024-04-21 03:25:30.843 [info] > git rev-parse refs/remotes/origin/main [7ms]
2024-04-21 03:25:30.843 [info] > git status -z -uall [2ms]
2024-04-21 03:25:30.843 [info] > git rev-parse --show-toplevel [8ms]
2024-04-21 03:25:30.843 [info] > git merge-base refs/heads/main refs/remotes/origin/main [24ms]
2024-04-21 03:25:30.843 [info] > git rev-list --count --left-right refs/heads/main...refs/remotes/origin/main [15ms]
2024-04-21 03:25:30.843 [info] > git config --get commit.template [34ms]
2024-04-21 03:25:30.843 [info] > git rev-parse --show-toplevel [39ms]
2024-04-21 03:25:30.843 [info] > git diff --name-status -z --diff-filter=ADMR 67c8bcb543bbafc4462bb8fedf7dc22085389c55...refs/remotes/origin/main [9ms]
2024-04-21 03:25:30.843 [info] > git rev-parse --show-toplevel [7ms]
2024-04-21 03:25:30.845 [info] > git for-each-ref --format=%(refname)%00%(upstream:short)%00%(objectname)%00%(upstream:track)%00%(upstream:remotename)%00%(upstream:remoteref) refs/heads/main refs/remotes/main [8ms]
2024-04-21 03:25:30.846 [info] > git rev-parse --show-toplevel [3ms]
2024-04-21 03:25:30.850 [warning] ENOENT: no such file or directory, open '/workspace/flaskmvc/.git/refs/remotes/origin/main'
2024-04-21 03:25:30.857 [info] > git rev-parse refs/remotes/origin/main [7ms]
2024-04-21 03:25:30.864 [info] > git rev-parse --show-toplevel [8ms]
2024-04-21 03:25:30.865 [info] > git status -z -uall [2ms]
2024-04-21 03:25:31.357 [info] > git check-ignore -v -z --stdin [1ms]
2024-04-21 03:25:32.839 [info] > git config --local branch.main.github-pr-owner-number [113ms]
2024-04-21 03:25:32.839 [warning] git config failed: Failed to execute git
2024-04-21 03:30:32.338 [info] > git config --local branch.main.github-pr-owner-number [1ms]
2024-04-21 03:30:32.338 [warning] git config failed: Failed to execute git
2024-04-21 03:35:32.350 [info] > git config --local branch.main.github-pr-owner-number [2ms]
2024-04-21 03:35:32.350 [warning] git config failed: Failed to execute git
2024-04-21 03:36:26.745 [info] > git show --textconv :App/views/user.py [11ms]
2024-04-21 03:36:26.746 [info] > git ls-files --stage -- /workspace/flaskmvc/App/views/user.py [2ms]
2024-04-21 03:36:26.757 [info] > git cat-file -s aeb60076bfb7a2a8675ad34426c502fa67b87013 [2ms]
2024-04-21 03:36:28.622 [info] > git check-ignore -v -z --stdin [2ms]
2024-04-21 03:36:30.558 [info] > git show --textconv :setup.cfg [7ms]
2024-04-21 03:36:30.560 [info] > git ls-files --stage -- /workspace/flaskmvc/setup.cfg [2ms]
2024-04-21 03:36:30.567 [info] > git cat-file -s ffc30c6a201e6754b75fdf7588957c0e2926b1db [1ms]
2024-04-21 03:36:31.572 [info] > git show --textconv :wsgi.py [12ms]
2024-04-21 03:36:31.573 [info] > git ls-files --stage -- /workspace/flaskmvc/wsgi.py [2ms]
2024-04-21 03:36:31.584 [info] > git cat-file -s 4ff8b096347f3cff2800b98171876ab993423888 [1ms]
2024-04-21 03:40:32.364 [info] > git config --local branch.main.github-pr-owner-number [1ms]
2024-04-21 03:40:32.364 [warning] git config failed: Failed to execute git
2024-04-21 03:43:09.441 [info] > git show --textconv :App/views/auth.py [8ms]
2024-04-21 03:43:09.442 [info] > git ls-files --stage -- /workspace/flaskmvc/App/views/auth.py [1ms]
2024-04-21 03:43:09.450 [info] > git cat-file -s ffff3b0c8448b5c4f233391e340333843852f170 [1ms]
2024-04-21 03:43:22.322 [info] > git config --get commit.template [8ms]
2024-04-21 03:43:22.323 [info] > git for-each-ref --format=%(refname)%00%(upstream:short)%00%(objectname)%00%(upstream:track)%00%(upstream:remotename)%00%(upstream:remoteref) refs/heads/main refs/remotes/main [1ms]
2024-04-21 03:43:22.329 [warning] ENOENT: no such file or directory, open '/workspace/flaskmvc/.git/refs/remotes/origin/main'
2024-04-21 03:43:22.330 [info] > git rev-parse refs/remotes/origin/main [1ms]
2024-04-21 03:43:22.336 [info] > git status -z -uall [1ms]
2024-04-21 03:44:35.342 [info] > git show --textconv :App/views/workout.py [7ms]
2024-04-21 03:44:35.342 [info] > git ls-files --stage -- /workspace/flaskmvc/App/views/workout.py [1ms]
2024-04-21 03:44:35.349 [info] > git cat-file -s 45db965f0404098389d2dc26aefaac791631c1cb [1ms]
2024-04-21 03:45:00.137 [info] > git config --get commit.template [9ms]
2024-04-21 03:45:00.138 [info] > git for-each-ref --format=%(refname)%00%(upstream:short)%00%(objectname)%00%(upstream:track)%00%(upstream:remotename)%00%(upstream:remoteref) refs/heads/main refs/remotes/main [1ms]
2024-04-21 03:45:00.149 [warning] ENOENT: no such file or directory, open '/workspace/flaskmvc/.git/refs/remotes/origin/main'
2024-04-21 03:45:00.150 [info] > git rev-parse refs/remotes/origin/main [1ms]
2024-04-21 03:45:00.165 [info] > git status -z -uall [2ms]
2024-04-21 03:45:24.028 [info] > git config --get commit.template [7ms]
2024-04-21 03:45:24.029 [info] > git for-each-ref --format=%(refname)%00%(upstream:short)%00%(objectname)%00%(upstream:track)%00%(upstream:remotename)%00%(upstream:remoteref) refs/heads/main refs/remotes/main [2ms]
2024-04-21 03:45:24.035 [warning] ENOENT: no such file or directory, open '/workspace/flaskmvc/.git/refs/remotes/origin/main'
2024-04-21 03:45:24.036 [info] > git rev-parse refs/remotes/origin/main [1ms]
2024-04-21 03:45:24.043 [info] > git status -z -uall [1ms]
2024-04-21 03:45:32.376 [info] > git config --local branch.main.github-pr-owner-number [1ms]
2024-04-21 03:45:32.376 [warning] git config failed: Failed to execute git
2024-04-21 03:45:33.974 [info] > git config --get commit.template [9ms]
2024-04-21 03:45:33.975 [info] > git for-each-ref --format=%(refname)%00%(upstream:short)%00%(objectname)%00%(upstream:track)%00%(upstream:remotename)%00%(upstream:remoteref) refs/heads/main refs/remotes/main [1ms]
2024-04-21 03:45:33.982 [warning] ENOENT: no such file or directory, open '/workspace/flaskmvc/.git/refs/remotes/origin/main'
2024-04-21 03:45:33.983 [info] > git rev-parse refs/remotes/origin/main [1ms]
2024-04-21 03:45:33.990 [info] > git status -z -uall [2ms]
2024-04-21 03:46:05.907 [info] > git config --get commit.template [6ms]
2024-04-21 03:46:05.908 [info] > git for-each-ref --format=%(refname)%00%(upstream:short)%00%(objectname)%00%(upstream:track)%00%(upstream:remotename)%00%(upstream:remoteref) refs/heads/main refs/remotes/main [1ms]
2024-04-21 03:46:05.914 [warning] ENOENT: no such file or directory, open '/workspace/flaskmvc/.git/refs/remotes/origin/main'
2024-04-21 03:46:05.915 [info] > git rev-parse refs/remotes/origin/main [0ms]
2024-04-21 03:46:05.921 [info] > git status -z -uall [1ms]
2024-04-21 03:48:23.125 [info] > git show --textconv :App/views/workout.py [6ms]
2024-04-21 03:48:23.126 [info] > git ls-files --stage -- /workspace/flaskmvc/App/views/workout.py [1ms]
2024-04-21 03:48:23.133 [info] > git cat-file -s 45db965f0404098389d2dc26aefaac791631c1cb [1ms]
2024-04-21 03:48:45.673 [info] > git config --get commit.template [8ms]
2024-04-21 03:48:45.674 [info] > git for-each-ref --format=%(refname)%00%(upstream:short)%00%(objectname)%00%(upstream:track)%00%(upstream:remotename)%00%(upstream:remoteref) refs/heads/main refs/remotes/main [1ms]
2024-04-21 03:48:45.681 [warning] ENOENT: no such file or directory, open '/workspace/flaskmvc/.git/refs/remotes/origin/main'
2024-04-21 03:48:45.682 [info] > git rev-parse refs/remotes/origin/main [1ms]
2024-04-21 03:48:45.689 [info] > git status -z -uall [1ms]
2024-04-21 03:49:11.590 [info] > git check-ignore -v -z --stdin [1ms]
2024-04-21 03:49:16.020 [info] > git show --textconv :App/models/workout.py [7ms]
2024-04-21 03:49:16.021 [info] > git ls-files --stage -- /workspace/flaskmvc/App/models/workout.py [1ms]
2024-04-21 03:49:16.027 [info] > git cat-file -s 81ac6260eade69c4ab55ef52becda696157f041e [1ms]
2024-04-21 03:50:32.390 [info] > git config --local branch.main.github-pr-owner-number [2ms]
2024-04-21 03:50:32.390 [warning] git config failed: Failed to execute git
2024-04-21 03:55:32.402 [info] > git config --local branch.main.github-pr-owner-number [1ms]
2024-04-21 03:55:32.402 [warning] git config failed: Failed to execute git
2024-04-21 03:58:54.860 [info] > git config --get commit.template [6ms]
2024-04-21 03:58:54.861 [info] > git for-each-ref --format=%(refname)%00%(upstream:short)%00%(objectname)%00%(upstream:track)%00%(upstream:remotename)%00%(upstream:remoteref) refs/heads/main refs/remotes/main [1ms]
2024-04-21 03:58:54.866 [warning] ENOENT: no such file or directory, open '/workspace/flaskmvc/.git/refs/remotes/origin/main'
2024-04-21 03:58:54.867 [info] > git rev-parse refs/remotes/origin/main [1ms]
2024-04-21 03:58:54.874 [info] > git status -z -uall [1ms]
2024-04-21 03:59:05.845 [info] > git check-ignore -v -z --stdin [1ms]
2024-04-21 03:59:07.754 [info] > git show --textconv :App/templates/temp.html [8ms]
2024-04-21 03:59:07.755 [info] > git ls-files --stage -- /workspace/flaskmvc/App/templates/temp.html [1ms]
2024-04-21 03:59:07.764 [info] > git cat-file -s 166ad2db736fbbc1d0113c8bac39df4638a155d8 [2ms]
2024-04-21 04:00:32.414 [info] > git config --local branch.main.github-pr-owner-number [1ms]
2024-04-21 04:00:32.414 [warning] git config failed: Failed to execute git
2024-04-21 04:04:47.621 [info] > git show --textconv :App/models/workout.py [13ms]
2024-04-21 04:04:47.621 [info] > git ls-files --stage -- /workspace/flaskmvc/App/models/workout.py [1ms]
2024-04-21 04:04:47.633 [info] > git cat-file -s 81ac6260eade69c4ab55ef52becda696157f041e [2ms]
2024-04-21 04:04:56.171 [info] > git show --textconv :App/models/exercise.py [13ms]
2024-04-21 04:04:56.172 [info] > git ls-files --stage -- /workspace/flaskmvc/App/models/exercise.py [1ms]
2024-04-21 04:04:56.183 [info] > git cat-file -s 5b2f430058cb9e936b7a17b628c3c7b80cd04a37 [1ms]
2024-04-21 04:05:32.426 [info] > git config --local branch.main.github-pr-owner-number [1ms]
2024-04-21 04:05:32.426 [warning] git config failed: Failed to execute git
2024-04-21 04:05:56.913 [info] > git check-ignore -v -z --stdin [1ms]
2024-04-21 04:05:59.984 [info] > git show --textconv :App/templates/index.html [11ms]
2024-04-21 04:05:59.985 [info] > git ls-files --stage -- /workspace/flaskmvc/App/templates/index.html [1ms]
2024-04-21 04:05:59.996 [info] > git cat-file -s 6289597b1c462dced3d180fc5a4b419fc54c32b4 [1ms]
2024-04-21 04:06:13.281 [info] > git show --textconv :App/templates/temp.html [7ms]
2024-04-21 04:06:13.282 [info] > git ls-files --stage -- /workspace/flaskmvc/App/templates/temp.html [1ms]
2024-04-21 04:06:13.290 [info] > git cat-file -s 166ad2db736fbbc1d0113c8bac39df4638a155d8 [2ms]
2024-04-21 04:06:41.511 [info] > git config --get commit.template [9ms]
2024-04-21 04:06:41.512 [info] > git for-each-ref --format=%(refname)%00%(upstream:short)%00%(objectname)%00%(upstream:track)%00%(upstream:remotename)%00%(upstream:remoteref) refs/heads/main refs/remotes/main [1ms]
2024-04-21 04:06:41.521 [warning] ENOENT: no such file or directory, open '/workspace/flaskmvc/.git/refs/remotes/origin/main'
2024-04-21 04:06:41.521 [info] > git rev-parse refs/remotes/origin/main [1ms]
2024-04-21 04:06:41.531 [info] > git status -z -uall [1ms]
2024-04-21 04:07:17.100 [info] > git config --get commit.template [10ms]
2024-04-21 04:07:17.100 [info] > git for-each-ref --format=%(refname)%00%(upstream:short)%00%(objectname)%00%(upstream:track)%00%(upstream:remotename)%00%(upstream:remoteref) refs/heads/main refs/remotes/main [1ms]
2024-04-21 04:07:17.110 [warning] ENOENT: no such file or directory, open '/workspace/flaskmvc/.git/refs/remotes/origin/main'
2024-04-21 04:07:17.111 [info] > git rev-parse refs/remotes/origin/main [1ms]
2024-04-21 04:07:17.120 [info] > git status -z -uall [2ms]
2024-04-21 04:09:53.226 [info] > git config --get commit.template [12ms]
2024-04-21 04:09:53.226 [info] > git for-each-ref --format=%(refname)%00%(upstream:short)%00%(objectname)%00%(upstream:track)%00%(upstream:remotename)%00%(upstream:remoteref) refs/heads/main refs/remotes/main [1ms]
2024-04-21 04:09:53.237 [warning] ENOENT: no such file or directory, open '/workspace/flaskmvc/.git/refs/remotes/origin/main'
2024-04-21 04:09:53.238 [info] > git rev-parse refs/remotes/origin/main [2ms]
2024-04-21 04:09:53.257 [info] > git status -z -uall [2ms]
2024-04-21 04:10:32.441 [info] > git config --local branch.main.github-pr-owner-number [5ms]
2024-04-21 04:10:32.441 [warning] git config failed: Failed to execute git
2024-04-21 04:10:57.875 [info] > git config --get commit.template [2ms]
2024-04-21 04:10:57.883 [info] > git for-each-ref --format=%(refname)%00%(upstream:short)%00%(objectname)%00%(upstream:track)%00%(upstream:remotename)%00%(upstream:remoteref) refs/heads/main refs/remotes/main [2ms]
2024-04-21 04:10:57.888 [warning] ENOENT: no such file or directory, open '/workspace/flaskmvc/.git/refs/remotes/origin/main'
2024-04-21 04:10:57.891 [info] > git rev-parse refs/remotes/origin/main [2ms]
2024-04-21 04:10:57.898 [info] > git status -z -uall [1ms]
2024-04-21 04:14:05.881 [info] > git config --get commit.template [14ms]
2024-04-21 04:14:05.882 [info] > git for-each-ref --format=%(refname)%00%(upstream:short)%00%(objectname)%00%(upstream:track)%00%(upstream:remotename)%00%(upstream:remoteref) refs/heads/main refs/remotes/main [2ms]
2024-04-21 04:14:05.896 [warning] ENOENT: no such file or directory, open '/workspace/flaskmvc/.git/refs/remotes/origin/main'
2024-04-21 04:14:05.897 [info] > git rev-parse refs/remotes/origin/main [1ms]
2024-04-21 04:14:05.909 [info] > git status -z -uall [2ms]
2024-04-21 04:14:29.677 [info] > git config --get commit.template [11ms]
2024-04-21 04:14:29.678 [info] > git for-each-ref --format=%(refname)%00%(upstream:short)%00%(objectname)%00%(upstream:track)%00%(upstream:remotename)%00%(upstream:remoteref) refs/heads/main refs/remotes/main [1ms]
2024-04-21 04:14:29.688 [warning] ENOENT: no such file or directory, open '/workspace/flaskmvc/.git/refs/remotes/origin/main'
2024-04-21 04:14:29.689 [info] > git rev-parse refs/remotes/origin/main [1ms]
2024-04-21 04:14:29.701 [info] > git status -z -uall [2ms]
2024-04-21 04:14:57.491 [info] > git config --get commit.template [6ms]
2024-04-21 04:14:57.491 [info] > git for-each-ref --format=%(refname)%00%(upstream:short)%00%(objectname)%00%(upstream:track)%00%(upstream:remotename)%00%(upstream:remoteref) refs/heads/main refs/remotes/main [1ms]
2024-04-21 04:14:57.496 [warning] ENOENT: no such file or directory, open '/workspace/flaskmvc/.git/refs/remotes/origin/main'
2024-04-21 04:14:57.497 [info] > git rev-parse refs/remotes/origin/main [1ms]
2024-04-21 04:14:57.503 [info] > git status -z -uall [1ms]
2024-04-21 04:15:32.459 [info] > git config --local branch.main.github-pr-owner-number [1ms]
2024-04-21 04:15:32.459 [warning] git config failed: Failed to execute git
2024-04-21 04:15:34.107 [info] > git show --textconv :App/models/workout.py [8ms]
2024-04-21 04:15:34.107 [info] > git ls-files --stage -- /workspace/flaskmvc/App/models/workout.py [1ms]
2024-04-21 04:15:34.117 [info] > git cat-file -s 81ac6260eade69c4ab55ef52becda696157f041e [1ms]
2024-04-21 04:15:59.811 [info] > git show --textconv :App/models/exercise.py [12ms]
2024-04-21 04:15:59.812 [info] > git ls-files --stage -- /workspace/flaskmvc/App/models/exercise.py [2ms]
2024-04-21 04:15:59.822 [info] > git cat-file -s 5b2f430058cb9e936b7a17b628c3c7b80cd04a37 [2ms]
2024-04-21 04:16:16.876 [info] > git show --textconv :App/models/user.py [21ms]
2024-04-21 04:16:16.879 [info] > git ls-files --stage -- /workspace/flaskmvc/App/models/user.py [4ms]
2024-04-21 04:16:16.893 [info] > git cat-file -s 883da599364de7c55deef282dd772e3737430d25 [2ms]
2024-04-21 04:17:52.668 [info] > git config --get commit.template [11ms]
2024-04-21 04:17:52.669 [info] > git for-each-ref --format=%(refname)%00%(upstream:short)%00%(objectname)%00%(upstream:track)%00%(upstream:remotename)%00%(upstream:remoteref) refs/heads/main refs/remotes/main [3ms]
2024-04-21 04:17:52.678 [warning] ENOENT: no such file or directory, open '/workspace/flaskmvc/.git/refs/remotes/origin/main'
2024-04-21 04:17:52.679 [info] > git rev-parse refs/remotes/origin/main [1ms]
2024-04-21 04:17:52.688 [info] > git status -z -uall [2ms]
2024-04-21 04:18:12.698 [info] > git check-ignore -v -z --stdin [1ms]
2024-04-21 04:18:21.635 [info] > git config --get commit.template [7ms]
2024-04-21 04:18:21.636 [info] > git for-each-ref --format=%(refname)%00%(upstream:short)%00%(objectname)%00%(upstream:track)%00%(upstream:remotename)%00%(upstream:remoteref) refs/heads/main refs/remotes/main [1ms]
2024-04-21 04:18:21.650 [warning] ENOENT: no such file or directory, open '/workspace/flaskmvc/.git/refs/remotes/origin/main'
2024-04-21 04:18:21.653 [info] > git rev-parse refs/remotes/origin/main [2ms]
2024-04-21 04:18:21.665 [info] > git status -z -uall [3ms]
2024-04-21 04:18:27.620 [info] > git config --get commit.template [11ms]
2024-04-21 04:18:27.621 [info] > git for-each-ref --format=%(refname)%00%(upstream:short)%00%(objectname)%00%(upstream:track)%00%(upstream:remotename)%00%(upstream:remoteref) refs/heads/main refs/remotes/main [1ms]
2024-04-21 04:18:27.631 [warning] ENOENT: no such file or directory, open '/workspace/flaskmvc/.git/refs/remotes/origin/main'
2024-04-21 04:18:27.631 [info] > git rev-parse refs/remotes/origin/main [0ms]
2024-04-21 04:18:27.657 [info] > git status -z -uall [4ms]
2024-04-21 04:18:32.681 [info] > git config --get commit.template [9ms]
2024-04-21 04:18:32.682 [info] > git for-each-ref --format=%(refname)%00%(upstream:short)%00%(objectname)%00%(upstream:track)%00%(upstream:remotename)%00%(upstream:remoteref) refs/heads/main refs/remotes/main [2ms]
2024-04-21 04:18:32.693 [warning] ENOENT: no such file or directory, open '/workspace/flaskmvc/.git/refs/remotes/origin/main'
2024-04-21 04:18:32.695 [info] > git rev-parse refs/remotes/origin/main [1ms]
2024-04-21 04:18:32.706 [info] > git status -z -uall [2ms]
2024-04-21 04:18:49.697 [info] > git config --get commit.template [7ms]
2024-04-21 04:18:49.698 [info] > git for-each-ref --format=%(refname)%00%(upstream:short)%00%(objectname)%00%(upstream:track)%00%(upstream:remotename)%00%(upstream:remoteref) refs/heads/main refs/remotes/main [1ms]
2024-04-21 04:18:49.703 [warning] ENOENT: no such file or directory, open '/workspace/flaskmvc/.git/refs/remotes/origin/main'
2024-04-21 04:18:49.704 [info] > git rev-parse refs/remotes/origin/main [1ms]
2024-04-21 04:18:49.712 [info] > git status -z -uall [2ms]
2024-04-21 04:18:49.977 [info] > git ls-files --stage -- /workspace/flaskmvc/App/models/exercise.py [11ms]
2024-04-21 04:18:49.983 [info] > git ls-files --stage -- /workspace/flaskmvc/App/models/user.py [6ms]
2024-04-21 04:18:49.990 [info] > git cat-file -s 5b2f430058cb9e936b7a17b628c3c7b80cd04a37 [6ms]
2024-04-21 04:18:49.990 [info] > git cat-file -s 883da599364de7c55deef282dd772e3737430d25 [1ms]
2024-04-21 04:18:50.125 [info] > git show --textconv :App/models/exercise.py [6ms]
2024-04-21 04:18:50.125 [info] > git show --textconv :App/models/user.py [1ms]
2024-04-21 04:18:50.928 [info] > git show --textconv :App/models/workout.py [10ms]
2024-04-21 04:18:50.929 [info] > git ls-files --stage -- /workspace/flaskmvc/App/models/workout.py [1ms]
2024-04-21 04:18:50.943 [info] > git cat-file -s 81ac6260eade69c4ab55ef52becda696157f041e [2ms]
2024-04-21 04:19:05.833 [info] > git config --get commit.template [7ms]
2024-04-21 04:19:05.834 [info] > git for-each-ref --format=%(refname)%00%(upstream:short)%00%(objectname)%00%(upstream:track)%00%(upstream:remotename)%00%(upstream:remoteref) refs/heads/main refs/remotes/main [2ms]
2024-04-21 04:19:05.841 [warning] ENOENT: no such file or directory, open '/workspace/flaskmvc/.git/refs/remotes/origin/main'
2024-04-21 04:19:05.845 [info] > git rev-parse refs/remotes/origin/main [4ms]
2024-04-21 04:19:05.858 [info] > git status -z -uall [2ms]
2024-04-21 04:19:05.974 [info] > git ls-files --stage -- /workspace/flaskmvc/App/models/workout.py [4ms]
2024-04-21 04:19:05.984 [info] > git ls-files --stage -- /workspace/flaskmvc/App/models/user.py [23ms]
2024-04-21 04:19:05.992 [info] > git cat-file -s 81ac6260eade69c4ab55ef52becda696157f041e [9ms]
2024-04-21 04:19:05.993 [info] > git cat-file -s 883da599364de7c55deef282dd772e3737430d25 [2ms]
2024-04-21 04:19:06.162 [info] > git show --textconv :App/models/workout.py [1ms]
2024-04-21 04:19:06.170 [info] > git show --textconv :App/models/user.py [1ms]
2024-04-21 04:19:10.875 [info] > git config --get commit.template [6ms]
2024-04-21 04:19:10.875 [info] > git for-each-ref --format=%(refname)%00%(upstream:short)%00%(objectname)%00%(upstream:track)%00%(upstream:remotename)%00%(upstream:remoteref) refs/heads/main refs/remotes/main [1ms]
2024-04-21 04:19:10.881 [warning] ENOENT: no such file or directory, open '/workspace/flaskmvc/.git/refs/remotes/origin/main'
2024-04-21 04:19:10.882 [info] > git rev-parse refs/remotes/origin/main [1ms]
2024-04-21 04:19:10.889 [info] > git status -z -uall [2ms]
2024-04-21 04:19:15.914 [info] > git config --get commit.template [11ms]
2024-04-21 04:19:15.915 [info] > git for-each-ref --format=%(refname)%00%(upstream:short)%00%(objectname)%00%(upstream:track)%00%(upstream:remotename)%00%(upstream:remoteref) refs/heads/main refs/remotes/main [1ms]
2024-04-21 04:19:15.925 [warning] ENOENT: no such file or directory, open '/workspace/flaskmvc/.git/refs/remotes/origin/main'
2024-04-21 04:19:15.926 [info] > git rev-parse refs/remotes/origin/main [1ms]
2024-04-21 04:19:15.942 [info] > git status -z -uall [1ms]
2024-04-21 04:19:19.903 [info] > git ls-files --stage -- /workspace/flaskmvc/App/models/workout.py [1ms]
2024-04-21 04:19:19.910 [info] > git cat-file -s 81ac6260eade69c4ab55ef52becda696157f041e [1ms]
2024-04-21 04:19:20.062 [info] > git show --textconv :App/models/workout.py [2ms]
2024-04-21 04:19:20.083 [info] > git show --textconv :App/models/exercise.py [10ms]
2024-04-21 04:19:20.084 [info] > git ls-files --stage -- /workspace/flaskmvc/App/models/exercise.py [1ms]
2024-04-21 04:19:20.094 [info] > git cat-file -s 5b2f430058cb9e936b7a17b628c3c7b80cd04a37 [2ms]
2024-04-21 04:19:20.802 [info] > git show --textconv :App/templates/temp.html [12ms]
2024-04-21 04:19:20.803 [info] > git ls-files --stage -- /workspace/flaskmvc/App/templates/temp.html [1ms]
2024-04-21 04:19:20.815 [info] > git cat-file -s 166ad2db736fbbc1d0113c8bac39df4638a155d8 [1ms]
2024-04-21 04:19:20.972 [info] > git config --get commit.template [11ms]
2024-04-21 04:19:20.973 [info] > git for-each-ref --format=%(refname)%00%(upstream:short)%00%(objectname)%00%(upstream:track)%00%(upstream:remotename)%00%(upstream:remoteref) refs/heads/main refs/remotes/main [1ms]
2024-04-21 04:19:20.983 [warning] ENOENT: no such file or directory, open '/workspace/flaskmvc/.git/refs/remotes/origin/main'
2024-04-21 04:19:20.985 [info] > git rev-parse refs/remotes/origin/main [2ms]
2024-04-21 04:19:20.994 [info] > git status -z -uall [1ms]
2024-04-21 04:19:41.065 [info] > git config --get commit.template [2ms]
2024-04-21 04:19:41.073 [info] > git for-each-ref --format=%(refname)%00%(upstream:short)%00%(objectname)%00%(upstream:track)%00%(upstream:remotename)%00%(upstream:remoteref) refs/heads/main refs/remotes/main [1ms]
2024-04-21 04:19:41.082 [warning] ENOENT: no such file or directory, open '/workspace/flaskmvc/.git/refs/remotes/origin/main'
2024-04-21 04:19:41.083 [info] > git rev-parse refs/remotes/origin/main [1ms]
2024-04-21 04:19:41.095 [info] > git status -z -uall [2ms]
2024-04-21 04:20:32.470 [info] > git config --local branch.main.github-pr-owner-number [0ms]
2024-04-21 04:20:32.470 [warning] git config failed: Failed to execute git
2024-04-21 04:20:38.773 [info] > git show --textconv :App/templates/index.html [16ms]
2024-04-21 04:20:38.773 [info] > git ls-files --stage -- /workspace/flaskmvc/App/templates/index.html [1ms]
2024-04-21 04:20:38.782 [info] > git cat-file -s 6289597b1c462dced3d180fc5a4b419fc54c32b4 [1ms]
2024-04-21 04:22:42.594 [info] > git config --get commit.template [11ms]
2024-04-21 04:22:42.595 [info] > git for-each-ref --format=%(refname)%00%(upstream:short)%00%(objectname)%00%(upstream:track)%00%(upstream:remotename)%00%(upstream:remoteref) refs/heads/main refs/remotes/main [2ms]
2024-04-21 04:22:42.603 [warning] ENOENT: no such file or directory, open '/workspace/flaskmvc/.git/refs/remotes/origin/main'
2024-04-21 04:22:42.604 [info] > git rev-parse refs/remotes/origin/main [2ms]
2024-04-21 04:22:42.611 [info] > git status -z -uall [2ms]
2024-04-21 04:23:14.026 [info] > git show --textconv :App/templates/temp.html [7ms]
2024-04-21 04:23:14.028 [info] > git ls-files --stage -- /workspace/flaskmvc/App/templates/temp.html [3ms]
2024-04-21 04:23:14.036 [info] > git cat-file -s 166ad2db736fbbc1d0113c8bac39df4638a155d8 [2ms]
2024-04-21 04:23:31.642 [info] > git show --textconv :App/templates/layout.html [16ms]
2024-04-21 04:23:31.642 [info] > git ls-files --stage -- /workspace/flaskmvc/App/templates/layout.html [1ms]
2024-04-21 04:23:31.659 [info] > git cat-file -s 149d32901a2b1ff97f3fe1417a254616d5891749 [2ms]
2024-04-21 04:23:43.850 [info] > git config --get commit.template [16ms]
2024-04-21 04:23:43.861 [info] > git for-each-ref --format=%(refname)%00%(upstream:short)%00%(objectname)%00%(upstream:track)%00%(upstream:remotename)%00%(upstream:remoteref) refs/heads/main refs/remotes/main [6ms]
2024-04-21 04:23:43.873 [warning] ENOENT: no such file or directory, open '/workspace/flaskmvc/.git/refs/remotes/origin/main'
2024-04-21 04:23:43.874 [info] > git rev-parse refs/remotes/origin/main [1ms]
2024-04-21 04:23:43.882 [info] > git status -z -uall [2ms]
2024-04-21 04:24:10.324 [info] > git config --get commit.template [8ms]
2024-04-21 04:24:10.325 [info] > git for-each-ref --format=%(refname)%00%(upstream:short)%00%(objectname)%00%(upstream:track)%00%(upstream:remotename)%00%(upstream:remoteref) refs/heads/main refs/remotes/main [1ms]
2024-04-21 04:24:10.330 [warning] ENOENT: no such file or directory, open '/workspace/flaskmvc/.git/refs/remotes/origin/main'
2024-04-21 04:24:10.331 [info] > git rev-parse refs/remotes/origin/main [1ms]
2024-04-21 04:24:10.340 [info] > git status -z -uall [3ms]
2024-04-21 04:25:32.482 [info] > git config --local branch.main.github-pr-owner-number [1ms]
2024-04-21 04:25:32.482 [warning] git config failed: Failed to execute git
2024-04-21 04:25:46.485 [info] > git config --get commit.template [9ms]
2024-04-21 04:25:46.486 [info] > git for-each-ref --format=%(refname)%00%(upstream:short)%00%(objectname)%00%(upstream:track)%00%(upstream:remotename)%00%(upstream:remoteref) refs/heads/main refs/remotes/main [2ms]
2024-04-21 04:25:46.496 [warning] ENOENT: no such file or directory, open '/workspace/flaskmvc/.git/refs/remotes/origin/main'
2024-04-21 04:25:46.497 [info] > git rev-parse refs/remotes/origin/main [1ms]
2024-04-21 04:25:46.511 [info] > git status -z -uall [2ms]
2024-04-21 04:26:43.569 [info] > git config --get commit.template [6ms]
2024-04-21 04:26:43.570 [info] > git for-each-ref --format=%(refname)%00%(upstream:short)%00%(objectname)%00%(upstream:track)%00%(upstream:remotename)%00%(upstream:remoteref) refs/heads/main refs/remotes/main [2ms]
2024-04-21 04:26:43.575 [warning] ENOENT: no such file or directory, open '/workspace/flaskmvc/.git/refs/remotes/origin/main'
2024-04-21 04:26:43.576 [info] > git rev-parse refs/remotes/origin/main [1ms]
2024-04-21 04:26:43.583 [info] > git status -z -uall [2ms]
2024-04-21 04:26:54.606 [info] > git config --get commit.template [12ms]
2024-04-21 04:26:54.606 [info] > git for-each-ref --format=%(refname)%00%(upstream:short)%00%(objectname)%00%(upstream:track)%00%(upstream:remotename)%00%(upstream:remoteref) refs/heads/main refs/remotes/main [1ms]
2024-04-21 04:26:54.616 [warning] ENOENT: no such file or directory, open '/workspace/flaskmvc/.git/refs/remotes/origin/main'
2024-04-21 04:26:54.618 [info] > git rev-parse refs/remotes/origin/main [2ms]
2024-04-21 04:26:54.629 [info] > git status -z -uall [1ms]
2024-04-21 04:26:59.692 [info] > git config --get commit.template [11ms]
2024-04-21 04:26:59.693 [info] > git for-each-ref --format=%(refname)%00%(upstream:short)%00%(objectname)%00%(upstream:track)%00%(upstream:remotename)%00%(upstream:remoteref) refs/heads/main refs/remotes/main [1ms]
2024-04-21 04:26:59.704 [warning] ENOENT: no such file or directory, open '/workspace/flaskmvc/.git/refs/remotes/origin/main'
2024-04-21 04:26:59.705 [info] > git rev-parse refs/remotes/origin/main [1ms]
2024-04-21 04:26:59.718 [info] > git status -z -uall [2ms]
2024-04-21 04:27:04.754 [info] > git for-each-ref --format=%(refname)%00%(upstream:short)%00%(objectname)%00%(upstream:track)%00%(upstream:remotename)%00%(upstream:remoteref) refs/heads/main refs/remotes/main [1ms]
2024-04-21 04:27:04.755 [info] > git config --get commit.template [23ms]
2024-04-21 04:27:04.772 [warning] ENOENT: no such file or directory, open '/workspace/flaskmvc/.git/refs/remotes/origin/main'
2024-04-21 04:27:04.773 [info] > git rev-parse refs/remotes/origin/main [1ms]
2024-04-21 04:27:04.782 [info] > git status -z -uall [2ms]
2024-04-21 04:27:09.806 [info] > git config --get commit.template [10ms]
2024-04-21 04:27:09.806 [info] > git for-each-ref --format=%(refname)%00%(upstream:short)%00%(objectname)%00%(upstream:track)%00%(upstream:remotename)%00%(upstream:remoteref) refs/heads/main refs/remotes/main [1ms]
2024-04-21 04:27:09.816 [warning] ENOENT: no such file or directory, open '/workspace/flaskmvc/.git/refs/remotes/origin/main'
2024-04-21 04:27:09.817 [info] > git rev-parse refs/remotes/origin/main [1ms]
2024-04-21 04:27:09.828 [info] > git status -z -uall [1ms]
2024-04-21 04:27:15.809 [info] > git config --get commit.template [7ms]
2024-04-21 04:27:15.809 [info] > git for-each-ref --format=%(refname)%00%(upstream:short)%00%(objectname)%00%(upstream:track)%00%(upstream:remotename)%00%(upstream:remoteref) refs/heads/main refs/remotes/main [1ms]
2024-04-21 04:27:15.814 [warning] ENOENT: no such file or directory, open '/workspace/flaskmvc/.git/refs/remotes/origin/main'
2024-04-21 04:27:15.815 [info] > git rev-parse refs/remotes/origin/main [1ms]
2024-04-21 04:27:15.822 [info] > git status -z -uall [2ms]
2024-04-21 04:30:18.113 [info] > git config --get commit.template [2ms]
2024-04-21 04:30:18.124 [info] > git for-each-ref --format=%(refname)%00%(upstream:short)%00%(objectname)%00%(upstream:track)%00%(upstream:remotename)%00%(upstream:remoteref) refs/heads/main refs/remotes/main [1ms]
2024-04-21 04:30:18.135 [warning] ENOENT: no such file or directory, open '/workspace/flaskmvc/.git/refs/remotes/origin/main'
2024-04-21 04:30:18.135 [info] > git rev-parse refs/remotes/origin/main [0ms]
2024-04-21 04:30:18.153 [info] > git status -z -uall [3ms]
2024-04-21 04:30:23.181 [info] > git config --get commit.template [10ms]
2024-04-21 04:30:23.182 [info] > git for-each-ref --format=%(refname)%00%(upstream:short)%00%(objectname)%00%(upstream:track)%00%(upstream:remotename)%00%(upstream:remoteref) refs/heads/main refs/remotes/main [1ms]
2024-04-21 04:30:23.193 [warning] ENOENT: no such file or directory, open '/workspace/flaskmvc/.git/refs/remotes/origin/main'
2024-04-21 04:30:23.195 [info] > git rev-parse refs/remotes/origin/main [2ms]
2024-04-21 04:30:23.207 [info] > git status -z -uall [1ms]
2024-04-21 04:30:32.495 [info] > git config --local branch.main.github-pr-owner-number [1ms]
2024-04-21 04:30:32.495 [warning] git config failed: Failed to execute git
2024-04-21 04:31:25.126 [info] > git config --get commit.template [8ms]
2024-04-21 04:31:25.127 [info] > git for-each-ref --format=%(refname)%00%(upstream:short)%00%(objectname)%00%(upstream:track)%00%(upstream:remotename)%00%(upstream:remoteref) refs/heads/main refs/remotes/main [2ms]
2024-04-21 04:31:25.133 [warning] ENOENT: no such file or directory, open '/workspace/flaskmvc/.git/refs/remotes/origin/main'
2024-04-21 04:31:25.134 [info] > git rev-parse refs/remotes/origin/main [1ms]
2024-04-21 04:31:25.158 [info] > git status -z -uall [4ms]
2024-04-21 04:32:13.171 [info] > git config --get commit.template [2ms]
2024-04-21 04:32:13.186 [info] > git for-each-ref --format=%(refname)%00%(upstream:short)%00%(objectname)%00%(upstream:track)%00%(upstream:remotename)%00%(upstream:remoteref) refs/heads/main refs/remotes/main [2ms]
2024-04-21 04:32:13.195 [warning] ENOENT: no such file or directory, open '/workspace/flaskmvc/.git/refs/remotes/origin/main'
2024-04-21 04:32:13.196 [info] > git rev-parse refs/remotes/origin/main [1ms]
2024-04-21 04:32:13.206 [info] > git status -z -uall [2ms]
2024-04-21 04:32:30.190 [info] > git config --get commit.template [10ms]
2024-04-21 04:32:30.191 [info] > git for-each-ref --format=%(refname)%00%(upstream:short)%00%(objectname)%00%(upstream:track)%00%(upstream:remotename)%00%(upstream:remoteref) refs/heads/main refs/remotes/main [2ms]
2024-04-21 04:32:30.197 [warning] ENOENT: no such file or directory, open '/workspace/flaskmvc/.git/refs/remotes/origin/main'
2024-04-21 04:32:30.198 [info] > git rev-parse refs/remotes/origin/main [1ms]
2024-04-21 04:32:30.206 [info] > git status -z -uall [2ms]
2024-04-21 04:33:55.892 [info] > git config --get commit.template [21ms]
2024-04-21 04:33:55.893 [info] > git for-each-ref --format=%(refname)%00%(upstream:short)%00%(objectname)%00%(upstream:track)%00%(upstream:remotename)%00%(upstream:remoteref) refs/heads/main refs/remotes/main [2ms]
2024-04-21 04:33:55.909 [warning] ENOENT: no such file or directory, open '/workspace/flaskmvc/.git/refs/remotes/origin/main'
2024-04-21 04:33:55.911 [info] > git rev-parse refs/remotes/origin/main [3ms]
2024-04-21 04:33:55.929 [info] > git status -z -uall [3ms]
2024-04-21 04:34:16.522 [info] > git config --get commit.template [9ms]
2024-04-21 04:34:16.524 [info] > git for-each-ref --format=%(refname)%00%(upstream:short)%00%(objectname)%00%(upstream:track)%00%(upstream:remotename)%00%(upstream:remoteref) refs/heads/main refs/remotes/main [2ms]
2024-04-21 04:34:16.535 [warning] ENOENT: no such file or directory, open '/workspace/flaskmvc/.git/refs/remotes/origin/main'
2024-04-21 04:34:16.536 [info] > git rev-parse refs/remotes/origin/main [1ms]
2024-04-21 04:34:16.555 [info] > git status -z -uall [4ms]
2024-04-21 04:34:41.842 [info] > git config --get commit.template [16ms]
2024-04-21 04:34:41.849 [info] > git for-each-ref --format=%(refname)%00%(upstream:short)%00%(objectname)%00%(upstream:track)%00%(upstream:remotename)%00%(upstream:remoteref) refs/heads/main refs/remotes/main [8ms]
2024-04-21 04:34:41.862 [warning] ENOENT: no such file or directory, open '/workspace/flaskmvc/.git/refs/remotes/origin/main'
2024-04-21 04:34:41.863 [info] > git rev-parse refs/remotes/origin/main [1ms]
2024-04-21 04:34:41.876 [info] > git status -z -uall [2ms]
2024-04-21 04:34:46.897 [info] > git config --get commit.template [7ms]
2024-04-21 04:34:46.898 [info] > git for-each-ref --format=%(refname)%00%(upstream:short)%00%(objectname)%00%(upstream:track)%00%(upstream:remotename)%00%(upstream:remoteref) refs/heads/main refs/remotes/main [1ms]
2024-04-21 04:34:46.904 [warning] ENOENT: no such file or directory, open '/workspace/flaskmvc/.git/refs/remotes/origin/main'
2024-04-21 04:34:46.905 [info] > git rev-parse refs/remotes/origin/main [1ms]
2024-04-21 04:34:46.912 [info] > git status -z -uall [1ms]
2024-04-21 04:34:51.937 [info] > git config --get commit.template [10ms]
2024-04-21 04:34:51.938 [info] > git for-each-ref --format=%(refname)%00%(upstream:short)%00%(objectname)%00%(upstream:track)%00%(upstream:remotename)%00%(upstream:remoteref) refs/heads/main refs/remotes/main [2ms]
2024-04-21 04:34:51.956 [warning] ENOENT: no such file or directory, open '/workspace/flaskmvc/.git/refs/remotes/origin/main'
2024-04-21 04:34:51.958 [info] > git rev-parse refs/remotes/origin/main [2ms]
2024-04-21 04:34:51.971 [info] > git status -z -uall [1ms]
2024-04-21 04:35:32.506 [info] > git config --local branch.main.github-pr-owner-number [1ms]
2024-04-21 04:35:32.506 [warning] git config failed: Failed to execute git
2024-04-21 04:35:46.165 [info] > git config --get commit.template [18ms]
2024-04-21 04:35:46.166 [info] > git for-each-ref --format=%(refname)%00%(upstream:short)%00%(objectname)%00%(upstream:track)%00%(upstream:remotename)%00%(upstream:remoteref) refs/heads/main refs/remotes/main [2ms]
2024-04-21 04:35:46.175 [warning] ENOENT: no such file or directory, open '/workspace/flaskmvc/.git/refs/remotes/origin/main'
2024-04-21 04:35:46.176 [info] > git rev-parse refs/remotes/origin/main [1ms]
2024-04-21 04:35:46.183 [info] > git status -z -uall [1ms]
2024-04-21 04:35:52.534 [info] > git config --get commit.template [11ms]
2024-04-21 04:35:52.535 [info] > git for-each-ref --format=%(refname)%00%(upstream:short)%00%(objectname)%00%(upstream:track)%00%(upstream:remotename)%00%(upstream:remoteref) refs/heads/main refs/remotes/main [1ms]
2024-04-21 04:35:52.550 [warning] ENOENT: no such file or directory, open '/workspace/flaskmvc/.git/refs/remotes/origin/main'
2024-04-21 04:35:52.552 [info] > git rev-parse refs/remotes/origin/main [2ms]
2024-04-21 04:35:52.566 [info] > git status -z -uall [3ms]
2024-04-21 04:36:32.352 [info] > git config --get commit.template [19ms]
2024-04-21 04:36:32.354 [info] > git for-each-ref --format=%(refname)%00%(upstream:short)%00%(objectname)%00%(upstream:track)%00%(upstream:remotename)%00%(upstream:remoteref) refs/heads/main refs/remotes/main [3ms]
2024-04-21 04:36:32.367 [warning] ENOENT: no such file or directory, open '/workspace/flaskmvc/.git/refs/remotes/origin/main'
2024-04-21 04:36:32.368 [info] > git rev-parse refs/remotes/origin/main [1ms]
2024-04-21 04:36:32.381 [info] > git status -z -uall [2ms]
2024-04-21 04:40:08.535 [info] > git config --get commit.template [11ms]
2024-04-21 04:40:08.541 [info] > git for-each-ref --format=%(refname)%00%(upstream:short)%00%(objectname)%00%(upstream:track)%00%(upstream:remotename)%00%(upstream:remoteref) refs/heads/main refs/remotes/main [7ms]
2024-04-21 04:40:08.551 [warning] ENOENT: no such file or directory, open '/workspace/flaskmvc/.git/refs/remotes/origin/main'
2024-04-21 04:40:08.552 [info] > git rev-parse refs/remotes/origin/main [2ms]
2024-04-21 04:40:08.564 [info] > git status -z -uall [3ms]
2024-04-21 04:40:32.518 [info] > git config --local branch.main.github-pr-owner-number [1ms]
2024-04-21 04:40:32.518 [warning] git config failed: Failed to execute git
2024-04-21 04:40:48.119 [info] > git config --get commit.template [11ms]
2024-04-21 04:40:48.120 [info] > git for-each-ref --format=%(refname)%00%(upstream:short)%00%(objectname)%00%(upstream:track)%00%(upstream:remotename)%00%(upstream:remoteref) refs/heads/main refs/remotes/main [2ms]
2024-04-21 04:40:48.130 [warning] ENOENT: no such file or directory, open '/workspace/flaskmvc/.git/refs/remotes/origin/main'
2024-04-21 04:40:48.131 [info] > git rev-parse refs/remotes/origin/main [0ms]
2024-04-21 04:40:48.150 [info] > git status -z -uall [4ms]
2024-04-21 04:42:42.657 [info] > git config --get commit.template [10ms]
2024-04-21 04:42:42.657 [info] > git for-each-ref --format=%(refname)%00%(upstream:short)%00%(objectname)%00%(upstream:track)%00%(upstream:remotename)%00%(upstream:remoteref) refs/heads/main refs/remotes/main [2ms]
2024-04-21 04:42:42.665 [warning] ENOENT: no such file or directory, open '/workspace/flaskmvc/.git/refs/remotes/origin/main'
2024-04-21 04:42:42.666 [info] > git rev-parse refs/remotes/origin/main [1ms]
2024-04-21 04:42:42.674 [info] > git status -z -uall [1ms]
2024-04-21 04:43:03.486 [info] > git config --get commit.template [13ms]
2024-04-21 04:43:03.486 [info] > git for-each-ref --format=%(refname)%00%(upstream:short)%00%(objectname)%00%(upstream:track)%00%(upstream:remotename)%00%(upstream:remoteref) refs/heads/main refs/remotes/main [2ms]
2024-04-21 04:43:03.496 [warning] ENOENT: no such file or directory, open '/workspace/flaskmvc/.git/refs/remotes/origin/main'
2024-04-21 04:43:03.497 [info] > git rev-parse refs/remotes/origin/main [1ms]
2024-04-21 04:43:03.511 [info] > git status -z -uall [2ms]
2024-04-21 04:43:08.531 [info] > git config --get commit.template [7ms]
2024-04-21 04:43:08.532 [info] > git for-each-ref --format=%(refname)%00%(upstream:short)%00%(objectname)%00%(upstream:track)%00%(upstream:remotename)%00%(upstream:remoteref) refs/heads/main refs/remotes/main [2ms]
2024-04-21 04:43:08.537 [warning] ENOENT: no such file or directory, open '/workspace/flaskmvc/.git/refs/remotes/origin/main'
2024-04-21 04:43:08.538 [info] > git rev-parse refs/remotes/origin/main [1ms]
2024-04-21 04:43:08.548 [info] > git status -z -uall [2ms]
2024-04-21 04:44:18.815 [info] > git config --get commit.template [11ms]
2024-04-21 04:44:18.816 [info] > git for-each-ref --format=%(refname)%00%(upstream:short)%00%(objectname)%00%(upstream:track)%00%(upstream:remotename)%00%(upstream:remoteref) refs/heads/main refs/remotes/main [2ms]
2024-04-21 04:44:18.826 [warning] ENOENT: no such file or directory, open '/workspace/flaskmvc/.git/refs/remotes/origin/main'
2024-04-21 04:44:18.827 [info] > git rev-parse refs/remotes/origin/main [1ms]
2024-04-21 04:44:18.840 [info] > git status -z -uall [2ms]
2024-04-21 04:44:32.499 [info] > git config --get commit.template [7ms]
2024-04-21 04:44:32.500 [info] > git for-each-ref --format=%(refname)%00%(upstream:short)%00%(objectname)%00%(upstream:track)%00%(upstream:remotename)%00%(upstream:remoteref) refs/heads/main refs/remotes/main [2ms]
2024-04-21 04:44:32.506 [warning] ENOENT: no such file or directory, open '/workspace/flaskmvc/.git/refs/remotes/origin/main'
2024-04-21 04:44:32.507 [info] > git rev-parse refs/remotes/origin/main [1ms]
2024-04-21 04:44:32.514 [info] > git status -z -uall [2ms]
2024-04-21 04:44:37.820 [info] > git config --get commit.template [8ms]
2024-04-21 04:44:37.820 [info] > git for-each-ref --format=%(refname)%00%(upstream:short)%00%(objectname)%00%(upstream:track)%00%(upstream:remotename)%00%(upstream:remoteref) refs/heads/main refs/remotes/main [1ms]
2024-04-21 04:44:37.827 [warning] ENOENT: no such file or directory, open '/workspace/flaskmvc/.git/refs/remotes/origin/main'
2024-04-21 04:44:37.828 [info] > git rev-parse refs/remotes/origin/main [1ms]
2024-04-21 04:44:37.842 [info] > git status -z -uall [0ms]
2024-04-21 04:45:32.528 [info] > git config --local branch.main.github-pr-owner-number [1ms]
2024-04-21 04:45:32.528 [warning] git config failed: Failed to execute git
2024-04-21 04:46:23.936 [info] > git config --get commit.template [12ms]
2024-04-21 04:46:23.936 [info] > git for-each-ref --format=%(refname)%00%(upstream:short)%00%(objectname)%00%(upstream:track)%00%(upstream:remotename)%00%(upstream:remoteref) refs/heads/main refs/remotes/main [1ms]
2024-04-21 04:46:23.948 [warning] ENOENT: no such file or directory, open '/workspace/flaskmvc/.git/refs/remotes/origin/main'
2024-04-21 04:46:23.950 [info] > git rev-parse refs/remotes/origin/main [2ms]
2024-04-21 04:46:23.966 [info] > git status -z -uall [2ms]
2024-04-21 04:46:31.333 [info] > git config --get commit.template [12ms]
2024-04-21 04:46:31.334 [info] > git for-each-ref --format=%(refname)%00%(upstream:short)%00%(objectname)%00%(upstream:track)%00%(upstream:remotename)%00%(upstream:remoteref) refs/heads/main refs/remotes/main [1ms]
2024-04-21 04:46:31.347 [warning] ENOENT: no such file or directory, open '/workspace/flaskmvc/.git/refs/remotes/origin/main'
2024-04-21 04:46:31.348 [info] > git rev-parse refs/remotes/origin/main [1ms]
2024-04-21 04:46:31.364 [info] > git status -z -uall [2ms]
2024-04-21 04:46:46.170 [info] > git config --get commit.template [8ms]
2024-04-21 04:46:46.170 [info] > git for-each-ref --format=%(refname)%00%(upstream:short)%00%(objectname)%00%(upstream:track)%00%(upstream:remotename)%00%(upstream:remoteref) refs/heads/main refs/remotes/main [2ms]
2024-04-21 04:46:46.176 [warning] ENOENT: no such file or directory, open '/workspace/flaskmvc/.git/refs/remotes/origin/main'
2024-04-21 04:46:46.177 [info] > git rev-parse refs/remotes/origin/main [1ms]
2024-04-21 04:46:46.186 [info] > git status -z -uall [2ms]
2024-04-21 04:47:13.752 [info] > git config --get commit.template [13ms]
2024-04-21 04:47:13.753 [info] > git for-each-ref --format=%(refname)%00%(upstream:short)%00%(objectname)%00%(upstream:track)%00%(upstream:remotename)%00%(upstream:remoteref) refs/heads/main refs/remotes/main [2ms]
2024-04-21 04:47:13.766 [warning] ENOENT: no such file or directory, open '/workspace/flaskmvc/.git/refs/remotes/origin/main'
2024-04-21 04:47:13.766 [info] > git rev-parse refs/remotes/origin/main [1ms]
2024-04-21 04:47:13.784 [info] > git status -z -uall [2ms]
2024-04-21 04:47:18.811 [info] > git config --get commit.template [12ms]
2024-04-21 04:47:18.812 [info] > git for-each-ref --format=%(refname)%00%(upstream:short)%00%(objectname)%00%(upstream:track)%00%(upstream:remotename)%00%(upstream:remoteref) refs/heads/main refs/remotes/main [1ms]
2024-04-21 04:47:18.825 [warning] ENOENT: no such file or directory, open '/workspace/flaskmvc/.git/refs/remotes/origin/main'
2024-04-21 04:47:18.827 [info] > git rev-parse refs/remotes/origin/main [2ms]
2024-04-21 04:47:18.842 [info] > git status -z -uall [2ms]
2024-04-21 04:48:02.054 [info] > git config --get commit.template [9ms]
2024-04-21 04:48:02.055 [info] > git for-each-ref --format=%(refname)%00%(upstream:short)%00%(objectname)%00%(upstream:track)%00%(upstream:remotename)%00%(upstream:remoteref) refs/heads/main refs/remotes/main [2ms]
2024-04-21 04:48:02.064 [warning] ENOENT: no such file or directory, open '/workspace/flaskmvc/.git/refs/remotes/origin/main'
2024-04-21 04:48:02.065 [info] > git rev-parse refs/remotes/origin/main [1ms]
2024-04-21 04:48:02.075 [info] > git status -z -uall [2ms]
2024-04-21 04:49:29.200 [info] > git config --get commit.template [17ms]
2024-04-21 04:49:29.200 [info] > git for-each-ref --format=%(refname)%00%(upstream:short)%00%(objectname)%00%(upstream:track)%00%(upstream:remotename)%00%(upstream:remoteref) refs/heads/main refs/remotes/main [2ms]
2024-04-21 04:49:29.208 [warning] ENOENT: no such file or directory, open '/workspace/flaskmvc/.git/refs/remotes/origin/main'
2024-04-21 04:49:29.210 [info] > git rev-parse refs/remotes/origin/main [1ms]
2024-04-21 04:49:29.218 [info] > git status -z -uall [2ms]
2024-04-21 04:49:39.672 [info] > git show --textconv :App/templates/layout.html [11ms]
2024-04-21 04:49:39.673 [info] > git ls-files --stage -- /workspace/flaskmvc/App/templates/layout.html [1ms]
2024-04-21 04:49:39.684 [info] > git cat-file -s 149d32901a2b1ff97f3fe1417a254616d5891749 [1ms]
2024-04-21 04:49:52.091 [info] > git config --get commit.template [10ms]
2024-04-21 04:49:52.092 [info] > git for-each-ref --format=%(refname)%00%(upstream:short)%00%(objectname)%00%(upstream:track)%00%(upstream:remotename)%00%(upstream:remoteref) refs/heads/main refs/remotes/main [3ms]
2024-04-21 04:49:52.101 [warning] ENOENT: no such file or directory, open '/workspace/flaskmvc/.git/refs/remotes/origin/main'
2024-04-21 04:49:52.102 [info] > git rev-parse refs/remotes/origin/main [1ms]
2024-04-21 04:49:52.112 [info] > git status -z -uall [2ms]
2024-04-21 04:50:00.265 [info] > git config --get commit.template [3ms]
2024-04-21 04:50:00.282 [info] > git for-each-ref --format=%(refname)%00%(upstream:short)%00%(objectname)%00%(upstream:track)%00%(upstream:remotename)%00%(upstream:remoteref) refs/heads/main refs/remotes/main [2ms]
2024-04-21 04:50:00.294 [warning] ENOENT: no such file or directory, open '/workspace/flaskmvc/.git/refs/remotes/origin/main'
2024-04-21 04:50:00.295 [info] > git rev-parse refs/remotes/origin/main [1ms]
2024-04-21 04:50:00.310 [info] > git status -z -uall [3ms]
2024-04-21 04:50:05.331 [info] > git config --get commit.template [8ms]
2024-04-21 04:50:05.332 [info] > git for-each-ref --format=%(refname)%00%(upstream:short)%00%(objectname)%00%(upstream:track)%00%(upstream:remotename)%00%(upstream:remoteref) refs/heads/main refs/remotes/main [1ms]
2024-04-21 04:50:05.339 [warning] ENOENT: no such file or directory, open '/workspace/flaskmvc/.git/refs/remotes/origin/main'
2024-04-21 04:50:05.340 [info] > git rev-parse refs/remotes/origin/main [1ms]
2024-04-21 04:50:05.357 [info] > git status -z -uall [2ms]
2024-04-21 04:50:15.042 [info] > git config --get commit.template [4ms]
2024-04-21 04:50:15.061 [info] > git for-each-ref --format=%(refname)%00%(upstream:short)%00%(objectname)%00%(upstream:track)%00%(upstream:remotename)%00%(upstream:remoteref) refs/heads/main refs/remotes/main [2ms]
2024-04-21 04:50:15.074 [warning] ENOENT: no such file or directory, open '/workspace/flaskmvc/.git/refs/remotes/origin/main'
2024-04-21 04:50:15.076 [info] > git rev-parse refs/remotes/origin/main [2ms]
2024-04-21 04:50:15.092 [info] > git status -z -uall [2ms]
2024-04-21 04:50:20.114 [info] > git config --get commit.template [8ms]
2024-04-21 04:50:20.115 [info] > git for-each-ref --format=%(refname)%00%(upstream:short)%00%(objectname)%00%(upstream:track)%00%(upstream:remotename)%00%(upstream:remoteref) refs/heads/main refs/remotes/main [2ms]
2024-04-21 04:50:20.121 [warning] ENOENT: no such file or directory, open '/workspace/flaskmvc/.git/refs/remotes/origin/main'
2024-04-21 04:50:20.122 [info] > git rev-parse refs/remotes/origin/main [1ms]
2024-04-21 04:50:20.134 [info] > git status -z -uall [2ms]
2024-04-21 04:50:25.643 [info] > git config --get commit.template [14ms]
2024-04-21 04:50:25.645 [info] > git for-each-ref --format=%(refname)%00%(upstream:short)%00%(objectname)%00%(upstream:track)%00%(upstream:remotename)%00%(upstream:remoteref) refs/heads/main refs/remotes/main [2ms]
2024-04-21 04:50:25.661 [warning] ENOENT: no such file or directory, open '/workspace/flaskmvc/.git/refs/remotes/origin/main'
2024-04-21 04:50:25.662 [info] > git rev-parse refs/remotes/origin/main [1ms]
2024-04-21 04:50:25.679 [info] > git status -z -uall [3ms]
2024-04-21 04:50:30.715 [info] > git config --get commit.template [16ms]
2024-04-21 04:50:30.716 [info] > git for-each-ref --format=%(refname)%00%(upstream:short)%00%(objectname)%00%(upstream:track)%00%(upstream:remotename)%00%(upstream:remoteref) refs/heads/main refs/remotes/main [2ms]
2024-04-21 04:50:30.733 [warning] ENOENT: no such file or directory, open '/workspace/flaskmvc/.git/refs/remotes/origin/main'
2024-04-21 04:50:30.735 [info] > git rev-parse refs/remotes/origin/main [2ms]
2024-04-21 04:50:30.755 [info] > git status -z -uall [3ms]
2024-04-21 04:50:32.549 [info] > git config --local branch.main.github-pr-owner-number [1ms]
2024-04-21 04:50:32.549 [warning] git config failed: Failed to execute git
2024-04-21 04:50:39.930 [info] > git show --textconv :App/templates/temp.html [13ms]
2024-04-21 04:50:39.931 [info] > git ls-files --stage -- /workspace/flaskmvc/App/templates/temp.html [1ms]
2024-04-21 04:50:39.941 [info] > git cat-file -s 166ad2db736fbbc1d0113c8bac39df4638a155d8 [2ms]
2024-04-21 04:50:51.549 [info] > git show --textconv :App/views/auth.py [13ms]
2024-04-21 04:50:51.550 [info] > git ls-files --stage -- /workspace/flaskmvc/App/views/auth.py [2ms]
2024-04-21 04:50:51.564 [info] > git cat-file -s ffff3b0c8448b5c4f233391e340333843852f170 [1ms]
2024-04-21 04:55:32.564 [info] > git config --local branch.main.github-pr-owner-number [1ms]
2024-04-21 04:55:32.564 [warning] git config failed: Failed to execute git
2024-04-21 05:00:32.575 [info] > git config --local branch.main.github-pr-owner-number [1ms]
2024-04-21 05:00:32.576 [warning] git config failed: Failed to execute git
2024-04-21 05:00:50.039 [info] > git config --get commit.template [7ms]
2024-04-21 05:00:50.040 [info] > git for-each-ref --format=%(refname)%00%(upstream:short)%00%(objectname)%00%(upstream:track)%00%(upstream:remotename)%00%(upstream:remoteref) refs/heads/main refs/remotes/main [2ms]
2024-04-21 05:00:50.045 [warning] ENOENT: no such file or directory, open '/workspace/flaskmvc/.git/refs/remotes/origin/main'
2024-04-21 05:00:50.046 [info] > git rev-parse refs/remotes/origin/main [1ms]
2024-04-21 05:00:50.054 [info] > git status -z -uall [2ms]
2024-04-21 05:05:32.589 [info] > git config --local branch.main.github-pr-owner-number [1ms]
2024-04-21 05:05:32.589 [warning] git config failed: Failed to execute git
2024-04-21 05:10:32.600 [info] > git config --local branch.main.github-pr-owner-number [1ms]
2024-04-21 05:10:32.600 [warning] git config failed: Failed to execute git
2024-04-21 05:14:53.304 [info] > git check-ignore -v -z --stdin [1ms]
2024-04-21 05:15:20.225 [info] > git show --textconv :App/templates/temp.html [7ms]
2024-04-21 05:15:20.226 [info] > git ls-files --stage -- /workspace/flaskmvc/App/templates/temp.html [1ms]
2024-04-21 05:15:20.233 [info] > git cat-file -s 166ad2db736fbbc1d0113c8bac39df4638a155d8 [1ms]
2024-04-21 05:15:32.613 [info] > git config --local branch.main.github-pr-owner-number [1ms]
2024-04-21 05:15:32.613 [warning] git config failed: Failed to execute git
2024-04-21 05:15:45.120 [info] > git show --textconv :instance/temp-database.db [7ms]
2024-04-21 05:15:45.120 [info] > git ls-files --stage -- /workspace/flaskmvc/instance/temp-database.db [1ms]
2024-04-21 05:15:53.150 [info] > git check-ignore -v -z --stdin [1ms]
2024-04-21 05:16:58.215 [info] > git show --textconv :.gitpod.yml [11ms]
2024-04-21 05:16:58.216 [info] > git ls-files --stage -- /workspace/flaskmvc/.gitpod.yml [1ms]
2024-04-21 05:16:58.227 [info] > git cat-file -s 3990d72aaeb937a959f602e003c4e5ed6d8024ac [1ms]
2024-04-21 05:17:04.824 [info] > git show --textconv :.gitpod.Dockerfile [8ms]
2024-04-21 05:17:04.825 [info] > git ls-files --stage -- /workspace/flaskmvc/.gitpod.Dockerfile [1ms]
2024-04-21 05:17:04.833 [info] > git cat-file -s da6fcec866f13f85a4932d93271ad6cea29e907c [1ms]
2024-04-21 05:17:07.777 [info] > git show --textconv :.gitignore [14ms]
2024-04-21 05:17:07.778 [info] > git ls-files --stage -- /workspace/flaskmvc/.gitignore [2ms]
2024-04-21 05:17:07.791 [info] > git cat-file -s cfa62a950768154de30892c0554936ca5ad350ae [1ms]
2024-04-21 05:17:10.742 [info] > git show --textconv :.Dockerfile [12ms]
2024-04-21 05:17:10.743 [info] > git ls-files --stage -- /workspace/flaskmvc/.Dockerfile [1ms]
2024-04-21 05:17:10.758 [info] > git cat-file -s 1f6d4d378bd9a84a6a03a161268debcb430aff5d [2ms]
2024-04-21 05:17:13.177 [info] > git show --textconv :.flaskenv [9ms]
2024-04-21 05:17:13.177 [info] > git ls-files --stage -- /workspace/flaskmvc/.flaskenv [1ms]
2024-04-21 05:17:13.185 [info] > git cat-file -s ce6ce25f6b1fc3303dd9240b257b4bbce349be6e [1ms]
2024-04-21 05:17:16.082 [info] > git show --textconv :package.json [24ms]
2024-04-21 05:17:16.087 [info] > git ls-files --stage -- /workspace/flaskmvc/package.json [18ms]
2024-04-21 05:17:16.123 [info] > git cat-file -s 36f4d9d5c204917938a73bb0534b170367d40f01 [23ms]
2024-04-21 05:17:18.970 [info] > git show --textconv :package-lock.json [24ms]
2024-04-21 05:17:18.971 [info] > git ls-files --stage -- /workspace/flaskmvc/package-lock.json [3ms]
2024-04-21 05:17:18.990 [info] > git cat-file -s 3e6fcd90ea79bdcbee88f3d607107d5ee9f3dd44 [3ms]
2024-04-21 05:17:35.867 [info] > git show --textconv :pytest.ini [12ms]
2024-04-21 05:17:35.867 [info] > git ls-files --stage -- /workspace/flaskmvc/pytest.ini [1ms]
2024-04-21 05:17:35.881 [info] > git cat-file -s 4d36d99a6742dda5388d7303e1205cb12ce205ce [1ms]
2024-04-21 05:17:53.296 [info] > git show --textconv :readme.md [9ms]
2024-04-21 05:17:53.297 [info] > git ls-files --stage -- /workspace/flaskmvc/readme.md [2ms]
2024-04-21 05:17:53.308 [info] > git cat-file -s 6797b4469ff824fbf3e521352ed4a29af68db11e [2ms]
2024-04-21 05:18:49.381 [info] > git show --textconv :App/templates/temp.html [14ms]
2024-04-21 05:18:49.382 [info] > git ls-files --stage -- /workspace/flaskmvc/App/templates/temp.html [2ms]
2024-04-21 05:18:49.396 [info] > git cat-file -s 166ad2db736fbbc1d0113c8bac39df4638a155d8 [2ms]
2024-04-21 05:18:59.746 [info] > git show --textconv :App/database.py [8ms]
2024-04-21 05:18:59.747 [info] > git ls-files --stage -- /workspace/flaskmvc/App/database.py [1ms]
2024-04-21 05:18:59.755 [info] > git cat-file -s 291dbac9354ec6b12431bb4a6ff0f766d7d825f1 [1ms]
2024-04-21 05:19:01.296 [info] > git show --textconv :App/default_config.py [13ms]
2024-04-21 05:19:01.297 [info] > git ls-files --stage -- /workspace/flaskmvc/App/default_config.py [1ms]
2024-04-21 05:19:01.311 [info] > git cat-file -s cc14a54c208b85cb9009feafe5f69d39c6cc90d3 [1ms]
2024-04-21 05:19:02.375 [info] > git show --textconv :App/main.py [13ms]
2024-04-21 05:19:02.376 [info] > git ls-files --stage -- /workspace/flaskmvc/App/main.py [1ms]
2024-04-21 05:19:02.387 [info] > git cat-file -s 08344ad2808c63579aa968230c6afe6489b77b13 [2ms]
2024-04-21 05:19:09.146 [info] > git show --textconv :App/__init__.py [12ms]
2024-04-21 05:19:09.147 [info] > git ls-files --stage -- /workspace/flaskmvc/App/__init__.py [1ms]
2024-04-21 05:19:09.156 [info] > git cat-file -s e06a7e735bfe5eec75ebd307810e2ceb321ae47e [1ms]
2024-04-21 05:19:11.752 [info] > git check-ignore -v -z --stdin [1ms]
2024-04-21 05:19:13.254 [info] > git show --textconv :App/tests/test_app.py [14ms]
2024-04-21 05:19:13.255 [info] > git ls-files --stage -- /workspace/flaskmvc/App/tests/test_app.py [2ms]
2024-04-21 05:19:13.264 [info] > git cat-file -s 62e2dac8b6637809ce240c2a22f9f433f1022dd4 [1ms]
2024-04-21 05:19:19.192 [info] > git show --textconv :App/tests/__init__.py [9ms]
2024-04-21 05:19:19.193 [info] > git ls-files --stage -- /workspace/flaskmvc/App/tests/__init__.py [1ms]
2024-04-21 05:19:19.201 [info] > git cat-file -s f5c872fafc112739eb954b81c55a0be113e106af [1ms]
2024-04-21 05:19:20.910 [info] > git show --textconv :App/templates/users.html [13ms]
2024-04-21 05:19:20.911 [info] > git ls-files --stage -- /workspace/flaskmvc/App/templates/users.html [2ms]
2024-04-21 05:19:20.925 [info] > git cat-file -s 78c9dfbfa3e779dc8404a6c664e1161057c32919 [1ms]
2024-04-21 05:19:28.517 [info] > git show --textconv :App/templates/401.html [14ms]
2024-04-21 05:19:28.517 [info] > git ls-files --stage -- /workspace/flaskmvc/App/templates/401.html [1ms]
2024-04-21 05:19:28.531 [info] > git cat-file -s 91df1a887bf4d8bac05f45c3324cf2f08c42ab1f [1ms]
2024-04-21 05:19:43.101 [info] > git check-ignore -v -z --stdin [1ms]
2024-04-21 05:20:20.408 [info] > git show --textconv :App/models/__init__.py [13ms]
2024-04-21 05:20:20.409 [info] > git ls-files --stage -- /workspace/flaskmvc/App/models/__init__.py [2ms]
2024-04-21 05:20:20.421 [info] > git cat-file -s 8f5baee014d347094c360655ff1bab7ed9235733 [1ms]
2024-04-21 05:20:21.787 [info] > git show --textconv :App/models/exercise.py [16ms]
2024-04-21 05:20:21.788 [info] > git ls-files --stage -- /workspace/flaskmvc/App/models/exercise.py [2ms]
2024-04-21 05:20:21.805 [info] > git cat-file -s 5b2f430058cb9e936b7a17b628c3c7b80cd04a37 [2ms]
2024-04-21 05:20:27.897 [info] > git show --textconv :App/models/user.py [13ms]
2024-04-21 05:20:27.898 [info] > git ls-files --stage -- /workspace/flaskmvc/App/models/user.py [2ms]
2024-04-21 05:20:27.907 [info] > git cat-file -s 883da599364de7c55deef282dd772e3737430d25 [2ms]
2024-04-21 05:20:32.629 [info] > git config --local branch.main.github-pr-owner-number [1ms]
2024-04-21 05:20:32.629 [warning] git config failed: Failed to execute git
2024-04-21 05:20:36.071 [info] > git show --textconv :App/models/workout.py [11ms]
2024-04-21 05:20:36.072 [info] > git ls-files --stage -- /workspace/flaskmvc/App/models/workout.py [2ms]
2024-04-21 05:20:36.085 [info] > git cat-file -s 81ac6260eade69c4ab55ef52becda696157f041e [2ms]
2024-04-21 05:20:43.320 [info] > git check-ignore -v -z --stdin [2ms]
2024-04-21 05:20:59.324 [info] > git show --textconv :App/controllers/user.py [9ms]
2024-04-21 05:20:59.325 [info] > git ls-files --stage -- /workspace/flaskmvc/App/controllers/user.py [2ms]
2024-04-21 05:20:59.335 [info] > git cat-file -s 09b2022ed84082af7272ac7b6ecb346308f4f664 [1ms]
2024-04-21 05:21:48.197 [info] > git config --get commit.template [15ms]
2024-04-21 05:21:48.197 [info] > git for-each-ref --format=%(refname)%00%(upstream:short)%00%(objectname)%00%(upstream:track)%00%(upstream:remotename)%00%(upstream:remoteref) refs/heads/main refs/remotes/main [1ms]
2024-04-21 05:21:48.211 [warning] ENOENT: no such file or directory, open '/workspace/flaskmvc/.git/refs/remotes/origin/main'
2024-04-21 05:21:48.212 [info] > git rev-parse refs/remotes/origin/main [1ms]
2024-04-21 05:21:48.227 [info] > git status -z -uall [1ms]
2024-04-21 05:21:53.253 [info] > git config --get commit.template [10ms]
2024-04-21 05:21:53.255 [info] > git for-each-ref --format=%(refname)%00%(upstream:short)%00%(objectname)%00%(upstream:track)%00%(upstream:remotename)%00%(upstream:remoteref) refs/heads/main refs/remotes/main [2ms]
2024-04-21 05:21:53.272 [warning] ENOENT: no such file or directory, open '/workspace/flaskmvc/.git/refs/remotes/origin/main'
2024-04-21 05:21:53.274 [info] > git rev-parse refs/remotes/origin/main [2ms]
2024-04-21 05:21:53.293 [info] > git status -z -uall [2ms]
2024-04-21 05:21:58.324 [info] > git config --get commit.template [15ms]
2024-04-21 05:21:58.325 [info] > git for-each-ref --format=%(refname)%00%(upstream:short)%00%(objectname)%00%(upstream:track)%00%(upstream:remotename)%00%(upstream:remoteref) refs/heads/main refs/remotes/main [2ms]
2024-04-21 05:21:58.337 [warning] ENOENT: no such file or directory, open '/workspace/flaskmvc/.git/refs/remotes/origin/main'
2024-04-21 05:21:58.338 [info] > git rev-parse refs/remotes/origin/main [1ms]
2024-04-21 05:21:58.351 [info] > git status -z -uall [2ms]
2024-04-21 05:22:03.746 [info] > git config --get commit.template [12ms]
2024-04-21 05:22:03.746 [info] > git for-each-ref --format=%(refname)%00%(upstream:short)%00%(objectname)%00%(upstream:track)%00%(upstream:remotename)%00%(upstream:remoteref) refs/heads/main refs/remotes/main [1ms]
2024-04-21 05:22:03.754 [warning] ENOENT: no such file or directory, open '/workspace/flaskmvc/.git/refs/remotes/origin/main'
2024-04-21 05:22:03.755 [info] > git rev-parse refs/remotes/origin/main [1ms]
2024-04-21 05:22:03.770 [info] > git status -z -uall [2ms]
2024-04-21 05:22:14.745 [info] > git config --get commit.template [11ms]
2024-04-21 05:22:14.746 [info] > git for-each-ref --format=%(refname)%00%(upstream:short)%00%(objectname)%00%(upstream:track)%00%(upstream:remotename)%00%(upstream:remoteref) refs/heads/main refs/remotes/main [1ms]
2024-04-21 05:22:14.754 [warning] ENOENT: no such file or directory, open '/workspace/flaskmvc/.git/refs/remotes/origin/main'
2024-04-21 05:22:14.755 [info] > git rev-parse refs/remotes/origin/main [2ms]
2024-04-21 05:22:14.768 [info] > git status -z -uall [2ms]
2024-04-21 05:22:15.080 [info] > git ls-files --stage -- /workspace/flaskmvc/App/models/workout.py [14ms]
2024-04-21 05:22:15.095 [info] > git ls-files --stage -- /workspace/flaskmvc/App/models/user.py [43ms]
2024-04-21 05:22:15.109 [info] > git ls-files --stage -- /workspace/flaskmvc/App/models/exercise.py [72ms]
2024-04-21 05:22:15.122 [info] > git ls-files --stage -- /workspace/flaskmvc/App/models/__init__.py [97ms]
2024-04-21 05:22:15.136 [info] > git ls-files --stage -- /workspace/flaskmvc/App/templates/401.html [126ms]
2024-04-21 05:22:15.150 [info] > git ls-files --stage -- /workspace/flaskmvc/App/templates/users.html [182ms]
2024-04-21 05:22:15.162 [info] > git ls-files --stage -- /workspace/flaskmvc/App/tests/__init__.py [208ms]
2024-04-21 05:22:15.176 [info] > git cat-file -s 78c9dfbfa3e779dc8404a6c664e1161057c32919 [14ms]
2024-04-21 05:22:15.176 [info] > git cat-file -s 91df1a887bf4d8bac05f45c3324cf2f08c42ab1f [27ms]
2024-04-21 05:22:15.177 [info] > git cat-file -s 8f5baee014d347094c360655ff1bab7ed9235733 [42ms]
2024-04-21 05:22:15.177 [info] > git cat-file -s 5b2f430058cb9e936b7a17b628c3c7b80cd04a37 [55ms]
2024-04-21 05:22:15.177 [info] > git cat-file -s 883da599364de7c55deef282dd772e3737430d25 [69ms]
2024-04-21 05:22:15.177 [info] > git cat-file -s 81ac6260eade69c4ab55ef52becda696157f041e [83ms]
2024-04-21 05:22:15.178 [info] > git ls-files --stage -- /workspace/flaskmvc/App/controllers/user.py [99ms]
2024-04-21 05:22:15.191 [info] > git cat-file -s f5c872fafc112739eb954b81c55a0be113e106af [16ms]
2024-04-21 05:22:15.192 [info] > git cat-file -s 09b2022ed84082af7272ac7b6ecb346308f4f664 [2ms]
2024-04-21 05:22:15.374 [info] > git show --textconv :App/templates/users.html [50ms]
2024-04-21 05:22:15.374 [info] > git show --textconv :App/templates/401.html [36ms]
2024-04-21 05:22:15.374 [info] > git show --textconv :App/models/__init__.py [25ms]
2024-04-21 05:22:15.374 [info] > git show --textconv :App/models/exercise.py [17ms]
2024-04-21 05:22:15.374 [info] > git show --textconv :App/models/user.py [9ms]
2024-04-21 05:22:15.375 [info] > git show --textconv :App/models/workout.py [2ms]
2024-04-21 05:22:15.397 [info] > git show --textconv :App/tests/__init__.py [12ms]
2024-04-21 05:22:15.399 [info] > git show --textconv :App/controllers/user.py [2ms]
2024-04-21 05:22:19.796 [info] > git config --get commit.template [13ms]
2024-04-21 05:22:19.797 [info] > git for-each-ref --format=%(refname)%00%(upstream:short)%00%(objectname)%00%(upstream:track)%00%(upstream:remotename)%00%(upstream:remoteref) refs/heads/main refs/remotes/main [2ms]
2024-04-21 05:22:19.806 [warning] ENOENT: no such file or directory, open '/workspace/flaskmvc/.git/refs/remotes/origin/main'
2024-04-21 05:22:19.807 [info] > git rev-parse refs/remotes/origin/main [2ms]
2024-04-21 05:22:19.824 [info] > git status -z -uall [3ms]
2024-04-21 05:22:19.980 [info] > git ls-files --stage -- /workspace/flaskmvc/App/controllers/user.py [3ms]
2024-04-21 05:22:19.995 [info] > git ls-files --stage -- /workspace/flaskmvc/App/models/workout.py [32ms]
2024-04-21 05:22:20.007 [info] > git ls-files --stage -- /workspace/flaskmvc/App/models/user.py [56ms]
2024-04-21 05:22:20.018 [info] > git ls-files --stage -- /workspace/flaskmvc/App/models/exercise.py [75ms]
2024-04-21 05:22:20.029 [info] > git ls-files --stage -- /workspace/flaskmvc/App/models/__init__.py [96ms]
2024-04-21 05:22:20.039 [info] > git ls-files --stage -- /workspace/flaskmvc/App/templates/401.html [114ms]
2024-04-21 05:22:20.051 [info] > git ls-files --stage -- /workspace/flaskmvc/App/templates/users.html [137ms]
2024-04-21 05:22:20.066 [info] > git cat-file -s 91df1a887bf4d8bac05f45c3324cf2f08c42ab1f [15ms]
2024-04-21 05:22:20.066 [info] > git cat-file -s 8f5baee014d347094c360655ff1bab7ed9235733 [27ms]
2024-04-21 05:22:20.066 [info] > git cat-file -s 5b2f430058cb9e936b7a17b628c3c7b80cd04a37 [37ms]
2024-04-21 05:22:20.067 [info] > git cat-file -s 883da599364de7c55deef282dd772e3737430d25 [49ms]
2024-04-21 05:22:20.067 [info] > git cat-file -s 81ac6260eade69c4ab55ef52becda696157f041e [60ms]
2024-04-21 05:22:20.067 [info] > git cat-file -s 09b2022ed84082af7272ac7b6ecb346308f4f664 [72ms]
2024-04-21 05:22:20.067 [info] > git cat-file -s 78c9dfbfa3e779dc8404a6c664e1161057c32919 [3ms]
2024-04-21 05:22:20.263 [info] > git show --textconv :App/templates/401.html [66ms]
2024-04-21 05:22:20.263 [info] > git show --textconv :App/models/__init__.py [52ms]
2024-04-21 05:22:20.263 [info] > git show --textconv :App/models/exercise.py [38ms]
2024-04-21 05:22:20.263 [info] > git show --textconv :App/models/user.py [24ms]
2024-04-21 05:22:20.263 [info] > git show --textconv :App/models/workout.py [11ms]
2024-04-21 05:22:20.265 [info] > git show --textconv :App/controllers/user.py [3ms]
2024-04-21 05:22:20.278 [info] > git show --textconv :App/templates/users.html [1ms]
2024-04-21 05:25:32.644 [info] > git config --local branch.main.github-pr-owner-number [1ms]
2024-04-21 05:25:32.644 [warning] git config failed: Failed to execute git
2024-04-21 05:28:21.335 [info] > git config --get commit.template [14ms]
2024-04-21 05:28:21.335 [info] > git for-each-ref --format=%(refname)%00%(upstream:short)%00%(objectname)%00%(upstream:track)%00%(upstream:remotename)%00%(upstream:remoteref) refs/heads/main refs/remotes/main [1ms]
2024-04-21 05:28:21.350 [warning] ENOENT: no such file or directory, open '/workspace/flaskmvc/.git/refs/remotes/origin/main'
2024-04-21 05:28:21.351 [info] > git rev-parse refs/remotes/origin/main [1ms]
2024-04-21 05:28:21.366 [info] > git status -z -uall [3ms]
2024-04-21 05:28:21.539 [info] > git ls-files --stage -- /workspace/flaskmvc/App/controllers/user.py [2ms]
2024-04-21 05:28:21.552 [info] > git cat-file -s 09b2022ed84082af7272ac7b6ecb346308f4f664 [2ms]
2024-04-21 05:28:21.686 [info] > git show --textconv :App/controllers/user.py [2ms]
2024-04-21 05:28:58.495 [info] > git config --get commit.template [13ms]
2024-04-21 05:28:58.496 [info] > git for-each-ref --format=%(refname)%00%(upstream:short)%00%(objectname)%00%(upstream:track)%00%(upstream:remotename)%00%(upstream:remoteref) refs/heads/main refs/remotes/main [1ms]
2024-04-21 05:28:58.507 [warning] ENOENT: no such file or directory, open '/workspace/flaskmvc/.git/refs/remotes/origin/main'
2024-04-21 05:28:58.508 [info] > git rev-parse refs/remotes/origin/main [1ms]
2024-04-21 05:28:58.521 [info] > git status -z -uall [2ms]
2024-04-21 05:28:58.702 [info] > git ls-files --stage -- /workspace/flaskmvc/App/controllers/user.py [1ms]
2024-04-21 05:28:58.712 [info] > git cat-file -s 09b2022ed84082af7272ac7b6ecb346308f4f664 [2ms]
2024-04-21 05:28:58.841 [info] > git show --textconv :App/controllers/user.py [2ms]
2024-04-21 05:29:06.586 [info] > git config --get commit.template [12ms]
2024-04-21 05:29:06.587 [info] > git for-each-ref --format=%(refname)%00%(upstream:short)%00%(objectname)%00%(upstream:track)%00%(upstream:remotename)%00%(upstream:remoteref) refs/heads/main refs/remotes/main [2ms]
2024-04-21 05:29:06.600 [warning] ENOENT: no such file or directory, open '/workspace/flaskmvc/.git/refs/remotes/origin/main'
2024-04-21 05:29:06.601 [info] > git rev-parse refs/remotes/origin/main [1ms]
2024-04-21 05:29:06.618 [info] > git status -z -uall [3ms]
2024-04-21 05:29:06.752 [info] > git merge-base refs/heads/main refs/remotes/origin/main [120ms]
2024-04-21 05:29:06.768 [info] > git rev-list --count --left-right refs/heads/main...refs/remotes/origin/main [3ms]
2024-04-21 05:29:06.790 [info] > git diff --name-status -z --diff-filter=ADMR 67c8bcb543bbafc4462bb8fedf7dc22085389c55...refs/remotes/origin/main [10ms]
2024-04-21 05:29:06.944 [info] > git config --local branch.main.github-pr-owner-number [4ms]
2024-04-21 05:29:06.944 [warning] git config failed: Failed to execute git
2024-04-21 05:29:07.006 [info] > git ls-files --stage -- /workspace/flaskmvc/App/controllers/user.py [4ms]
2024-04-21 05:29:07.018 [info] > git cat-file -s 09b2022ed84082af7272ac7b6ecb346308f4f664 [2ms]
2024-04-21 05:29:07.150 [info] > git show --textconv :App/controllers/user.py [2ms]
2024-04-21 05:30:32.662 [info] > git config --local branch.main.github-pr-owner-number [2ms]
2024-04-21 05:30:32.662 [warning] git config failed: Failed to execute git
2024-04-21 05:32:00.653 [info] > git show --textconv :App/controllers/user.py [8ms]
2024-04-21 05:32:00.654 [info] > git ls-files --stage -- /workspace/flaskmvc/App/controllers/user.py [2ms]
2024-04-21 05:32:00.663 [info] > git cat-file -s 09b2022ed84082af7272ac7b6ecb346308f4f664 [2ms]
