2024-04-20 03:43:04.210 [info] Log level: Info
2024-04-20 03:43:04.210 [info] Validating found git in: "git"
2024-04-20 03:43:04.210 [info] Using git "2.43.2" from "git"
2024-04-20 03:43:04.210 [info] > git rev-parse --show-toplevel [2ms]
2024-04-20 03:43:04.210 [info] > git rev-parse --git-dir --git-common-dir [1ms]
2024-04-20 03:43:04.210 [info] Open repository: /workspace/flaskmvc
2024-04-20 03:43:04.210 [info] > git config --get commit.template [9ms]
2024-04-20 03:43:04.210 [info] > git rev-parse --show-toplevel [2ms]
2024-04-20 03:43:04.210 [info] > git rev-parse --show-toplevel [2ms]
2024-04-20 03:43:04.210 [info] > git for-each-ref --format=%(refname)%00%(upstream:short)%00%(objectname)%00%(upstream:track)%00%(upstream:remotename)%00%(upstream:remoteref) refs/heads/main refs/remotes/main [10ms]
2024-04-20 03:43:04.210 [warning] ENOENT: no such file or directory, open '/workspace/flaskmvc/.git/refs/remotes/origin/main'
2024-04-20 03:43:04.210 [info] > git rev-parse --show-toplevel [10ms]
2024-04-20 03:43:04.210 [info] > git rev-parse refs/remotes/origin/main [12ms]
2024-04-20 03:43:04.210 [info] > git rev-parse --show-toplevel [11ms]
2024-04-20 03:43:04.210 [info] > git status -z -uall [13ms]
2024-04-20 03:43:04.210 [info] > git merge-base refs/heads/main refs/remotes/origin/main [35ms]
2024-04-20 03:43:04.210 [info] > git rev-parse --show-toplevel [62ms]
2024-04-20 03:43:04.210 [info] > git config --get commit.template [30ms]
2024-04-20 03:43:04.210 [info] > git rev-parse --show-toplevel [3ms]
2024-04-20 03:43:04.210 [info] > git rev-list --count --left-right refs/heads/main...refs/remotes/origin/main [13ms]
2024-04-20 03:43:04.210 [info] > git for-each-ref --format=%(refname)%00%(upstream:short)%00%(objectname)%00%(upstream:track)%00%(upstream:remotename)%00%(upstream:remoteref) refs/heads/main refs/remotes/main [13ms]
2024-04-20 03:43:04.211 [info] > git diff --name-status -z --diff-filter=ADMR 67c8bcb543bbafc4462bb8fedf7dc22085389c55...refs/remotes/origin/main [23ms]
2024-04-20 03:43:04.211 [warning] ENOENT: no such file or directory, open '/workspace/flaskmvc/.git/refs/remotes/origin/main'
2024-04-20 03:43:04.211 [info] > git rev-parse --show-toplevel [17ms]
2024-04-20 03:43:04.211 [info] > git rev-parse refs/remotes/origin/main [2ms]
2024-04-20 03:43:04.211 [info] > git status -z -uall [67ms]
2024-04-20 03:43:04.211 [info] > git rev-parse --show-toplevel [31ms]
2024-04-20 03:43:04.528 [info] > git show --textconv :App/templates/temp.html [16ms]
2024-04-20 03:43:04.538 [info] > git ls-files --stage -- /workspace/flaskmvc/App/templates/temp.html [11ms]
2024-04-20 03:43:04.763 [info] > git check-ignore -v -z --stdin [10ms]
2024-04-20 03:43:06.518 [info] > git config --local branch.main.github-pr-owner-number [1ms]
2024-04-20 03:43:06.518 [warning] git config failed: Failed to execute git
2024-04-20 03:48:06.338 [info] > git config --local branch.main.github-pr-owner-number [1ms]
2024-04-20 03:48:06.338 [warning] git config failed: Failed to execute git
2024-04-20 03:53:06.353 [info] > git config --local branch.main.github-pr-owner-number [1ms]
2024-04-20 03:53:06.354 [warning] git config failed: Failed to execute git
2024-04-20 03:58:06.367 [info] > git config --local branch.main.github-pr-owner-number [1ms]
2024-04-20 03:58:06.367 [warning] git config failed: Failed to execute git
2024-04-20 03:58:43.263 [info] > git config --get commit.template [13ms]
2024-04-20 03:58:43.264 [info] > git for-each-ref --format=%(refname)%00%(upstream:short)%00%(objectname)%00%(upstream:track)%00%(upstream:remotename)%00%(upstream:remoteref) refs/heads/main refs/remotes/main [2ms]
2024-04-20 03:58:43.272 [warning] ENOENT: no such file or directory, open '/workspace/flaskmvc/.git/refs/remotes/origin/main'
2024-04-20 03:58:43.273 [info] > git rev-parse refs/remotes/origin/main [1ms]
2024-04-20 03:58:43.284 [info] > git status -z -uall [2ms]
2024-04-20 04:03:06.381 [info] > git config --local branch.main.github-pr-owner-number [1ms]
2024-04-20 04:03:06.381 [warning] git config failed: Failed to execute git
2024-04-20 04:08:06.393 [info] > git config --local branch.main.github-pr-owner-number [1ms]
2024-04-20 04:08:06.394 [warning] git config failed: Failed to execute git
2024-04-20 04:13:06.404 [info] > git config --local branch.main.github-pr-owner-number [1ms]
2024-04-20 04:13:06.404 [warning] git config failed: Failed to execute git
